[ 50%] [32mBuilding CXX object CMakeFiles/offboard_ctrl_ros2.dir/src/offboard_ctrl_ros2.cpp.o[0m
[100%] [32m[1mLinking CXX executable offboard_ctrl_ros2[0m
[100%] Built target offboard_ctrl_ros2
-- Install configuration: ""
-- Installing: /home/orinnano/SDK_ros2_ws/install/offboard_ros2/lib/offboard_ros2/offboard_ctrl_ros2
-- Set runtime path of "/home/orinnano/SDK_ros2_ws/install/offboard_ros2/lib/offboard_ros2/offboard_ctrl_ros2" to ""
-- Up-to-date: /home/orinnano/SDK_ros2_ws/install/offboard_ros2/include/offboard_ros2
-- Up-to-date: /home/orinnano/SDK_ros2_ws/install/offboard_ros2/include/offboard_ros2/offboard_ctrl_ros2.h
-- Up-to-date: /home/orinnano/SDK_ros2_ws/install/offboard_ros2/share/ament_index/resource_index/package_run_dependencies/offboard_ros2
-- Up-to-date: /home/orinnano/SDK_ros2_ws/install/offboard_ros2/share/ament_index/resource_index/parent_prefix_path/offboard_ros2
-- Up-to-date: /home/orinnano/SDK_ros2_ws/install/offboard_ros2/share/offboard_ros2/environment/ament_prefix_path.dsv
-- Up-to-date: /home/orinnano/SDK_ros2_ws/install/offboard_ros2/share/offboard_ros2/environment/path.dsv
-- Up-to-date: /home/orinnano/SDK_ros2_ws/install/offboard_ros2/share/offboard_ros2/local_setup.bash
-- Up-to-date: /home/orinnano/SDK_ros2_ws/install/offboard_ros2/share/offboard_ros2/local_setup.sh
-- Up-to-date: /home/orinnano/SDK_ros2_ws/install/offboard_ros2/share/offboard_ros2/local_setup.zsh
-- Up-to-date: /home/orinnano/SDK_ros2_ws/install/offboard_ros2/share/offboard_ros2/local_setup.dsv
-- Installing: /home/orinnano/SDK_ros2_ws/install/offboard_ros2/share/offboard_ros2/package.dsv
-- Up-to-date: /home/orinnano/SDK_ros2_ws/install/offboard_ros2/share/ament_index/resource_index/packages/offboard_ros2
-- Up-to-date: /home/orinnano/SDK_ros2_ws/install/offboard_ros2/share/offboard_ros2/cmake/offboard_ros2Config.cmake
-- Up-to-date: /home/orinnano/SDK_ros2_ws/install/offboard_ros2/share/offboard_ros2/cmake/offboard_ros2Config-version.cmake
-- Up-to-date: /home/orinnano/SDK_ros2_ws/install/offboard_ros2/share/offboard_ros2/package.xml
