-- The C compiler identification is GNU 11.4.0
-- The CXX compiler identification is GNU 11.4.0
-- Detecting C compiler ABI info
-- Detecting C compiler ABI info - done
-- Check for working C compiler: /usr/bin/cc - skipped
-- Detecting C compile features
-- Detecting C compile features - done
-- Detecting CXX compiler ABI info
-- Detecting CXX compiler ABI info - done
-- Check for working CXX compiler: /usr/bin/c++ - skipped
-- Detecting CXX compile features
-- Detecting CXX compile features - done
-- Git's description of the current revision indicates this is a prerelease of 07.36: version_07.35-105-ge60f13f0

-- Configuring the VRPN suite version 07.36.0~prerelease-git-07.35-105-ge60f13f0 using the CMake-based build system

-- Looking for pthread.h
-- Looking for pthread.h - found
-- Performing Test CMAKE_HAVE_LIBC_PTHREAD
-- Performing Test CMAKE_HAVE_LIBC_PTHREAD - Success
-- Found Threads: TRUE  
-- Now searching for auto-configurable optional packages...

-- Checking for module 'libusb-1.0'
--   Found libusb-1.0, version 1.0.25
-- Found Libusb1: /usr/lib/aarch64-linux-gnu/libusb-1.0.so  
-- Local HIDAPI submodule not found. To download with Git, run git submodule update --init
-- Local JSONCPP submodule not found. To download with Git, run git submodule update --init
-- Could NOT find SWIG (missing: SWIG_EXECUTABLE SWIG_DIR) 
-- Found Python: /usr/include/python3.10 (found version "3.10.12") found components: Development Development.Module Development.Embed 
-- Could NOT find Java (missing: Java_JAVA_EXECUTABLE Java_JAVAC_EXECUTABLE Java_JAR_EXECUTABLE Java_JAVADOC_EXECUTABLE Java_JAVAH_EXECUTABLE Development) 
-- Could NOT find JNI (missing: JAVA_AWT_LIBRARY JAVA_JVM_LIBRARY JAVA_INCLUDE_PATH JAVA_INCLUDE_PATH2 JAVA_AWT_INCLUDE_PATH) 
-- Found MPI_C: /usr/lib/aarch64-linux-gnu/openmpi/lib/libmpi.so (found version "3.1") 
-- Found MPI_CXX: /usr/lib/aarch64-linux-gnu/openmpi/lib/libmpi_cxx.so (found version "3.1") 
-- Found MPI: TRUE (found version "3.1")  
-- Could NOT find Modbus (missing: MODBUS_LIBRARY MODBUS_INCLUDE_DIR) 
-- Could NOT find HIDAPI (missing: HIDAPI_LIBRARY HIDAPI_INCLUDE_DIR) 
-- Could NOT find OpenHaptics (missing: HDAPI_LIBRARY HDAPI_INCLUDE_DIR HDAPI_HDU_INCLUDE_DIR HDAPI_HDU_LIBRARY HLAPI_INCLUDE_DIR HLAPI_LIBRARY HLAPI_HLU_INCLUDE_DIR HLAPI_HLU_LIBRARY HDAPI_PHANToMIO_LIBRARY HDAPI_HDU_SOURCE_DIR HLAPI_HLU_SOURCE_DIR) 
-- Could NOT find GHOST (missing: GHOST_LIBRARY GHOST_INCLUDE_DIR) 
-- Found I2CDEV: /usr/include  
-- Could NOT find WiiUse (missing: WIIUSE_LIBRARY WIIUSE_INCLUDE_DIR) 
-- Could NOT find JsonCpp (missing: JsonCpp_INCLUDE_DIR JsonCpp_LIBRARY) 
-- Could NOT find LibNifalcon (missing: LIBNIFALCON_LIBRARY LIBNIFALCON_INCLUDE_DIR) 
-- Could NOT find GPM (missing: GPM_LIBRARY GPM_INCLUDE_DIR) 
-- Could NOT find InterSense (missing: INTERSENSE_LIBRARY INTERSENSE_INCLUDE_DIR) 
-- Could NOT find NIDAQmx (missing: NIDAQMX_LIBRARY NIDAQMX_INCLUDE_DIR) 
-- Could NOT find ViewPoint (missing: VIEWPOINT_LIBRARY VIEWPOINT_INCLUDE_DIR) 
-- Looking for C++ include linux/joystick.h
-- Looking for C++ include linux/joystick.h - found
-- Looking for C++ include linux/input.h
-- Looking for C++ include linux/input.h - found
-- Found Perl: /usr/bin/perl (found version "5.34.0") 
-- Checking for perl module Parse::RecDescent
-- Checking for perl module Parse::RecDescent - failed
-- Could NOT find PerlModules (missing: PERLMODULES_PARSE_RECDESCENT_MODULE) 
-- Could NOT find LibFreespace (missing: LIBFREESPACE_LIBRARY LIBFREESPACE_INCLUDE_DIR) 
-- Found quatlib: quat  
-- Could NOT find ColibriApi (missing: COLIBRIAPI_LIBRARY COLIBRIAPI_INCLUDE_DIR) 
-- Found PkgConfig: /usr/bin/pkg-config (found version "0.29.2") 
-- Checking for module 'glut'
--   No package 'glut' found
-- Could NOT find GLUT (missing: GLUT_glut_LIBRARY GLUT_INCLUDE_DIR) 
[33mCMake Warning (dev) at /usr/share/cmake-3.22/Modules/FindOpenGL.cmake:315 (message):
  Policy CMP0072 is not set: FindOpenGL prefers GLVND by default when
  available.  Run "cmake --help-policy CMP0072" for policy details.  Use the
  cmake_policy command to set the policy and suppress this warning.

  FindOpenGL found both a legacy GL library:

    OPENGL_gl_LIBRARY: /usr/lib/aarch64-linux-gnu/libGL.so

  and GLVND libraries for OpenGL and GLX:

    OPENGL_opengl_LIBRARY: /usr/lib/aarch64-linux-gnu/libOpenGL.so
    OPENGL_glx_LIBRARY: /usr/lib/aarch64-linux-gnu/libGLX.so

  OpenGL_GL_PREFERENCE has not been set to "GLVND" or "LEGACY", so for
  compatibility with CMake 3.10 and below the legacy GL library will be used.
Call Stack (most recent call first):
  client_src/CMakeLists.txt:25 (find_package)
This warning is for project developers.  Use -Wno-dev to suppress it.
[0m
-- Found OpenGL: /usr/lib/aarch64-linux-gnu/libOpenGL.so   
[33mCMake Warning (dev) at /usr/share/cmake-3.22/Modules/FindOpenGL.cmake:315 (message):
  Policy CMP0072 is not set: FindOpenGL prefers GLVND by default when
  available.  Run "cmake --help-policy CMP0072" for policy details.  Use the
  cmake_policy command to set the policy and suppress this warning.

  FindOpenGL found both a legacy GL library:

    OPENGL_gl_LIBRARY: /usr/lib/aarch64-linux-gnu/libGL.so

  and GLVND libraries for OpenGL and GLX:

    OPENGL_opengl_LIBRARY: /usr/lib/aarch64-linux-gnu/libOpenGL.so
    OPENGL_glx_LIBRARY: /usr/lib/aarch64-linux-gnu/libGLX.so

  OpenGL_GL_PREFERENCE has not been set to "GLVND" or "LEGACY", so for
  compatibility with CMake 3.10 and below the legacy GL library will be used.
Call Stack (most recent call first):
  server_src/CMakeLists.txt:27 (find_package)
This warning is for project developers.  Use -Wno-dev to suppress it.
[0m
-- Dashboard scripts have been generated for automatic nightly and continuous builds.
-- You can add these sample lines to your crontab:
-- 

15 0 * * * "/usr/bin/ctest" -S "/home/orinnano/SDK_ros2_ws/build/VRPN/Dashboards-ubuntu-orinnano/runNightly.cmake" 
15 * * * * "/usr/bin/ctest" -S "/home/orinnano/SDK_ros2_ws/build/VRPN/Dashboards-ubuntu-orinnano/runContinuous.cmake" 

or run this command for an one-off experimental test build:
"/usr/bin/ctest" -S "/home/orinnano/SDK_ros2_ws/build/VRPN/Dashboards-ubuntu-orinnano/runExperimental.cmake" -VV

-- 
-- Configuring done
-- Generating done
-- Build files have been written to: /home/orinnano/SDK_ros2_ws/build/VRPN
[  0%] [32mBuilding CXX object server_src/timecode_generator_server/CMakeFiles/vrpn_timecode_generator.dir/vrpn_timecode_generator.cpp.o[0m
[  0%] [32mBuilding C object quat/CMakeFiles/quat.dir/matrix.c.o[0m
[  1%] [32mBuilding CXX object gpsnmealib/CMakeFiles/gpsnmea.dir/nmeaParser.C.o[0m
[  1%] [32mBuilding C object quat/CMakeFiles/quat.dir/quat.c.o[0m
[  1%] [32mBuilding CXX object gpsnmealib/CMakeFiles/gpsnmea.dir/latLonCoord.C.o[0m
[  1%] [32mBuilding CXX object atmellib/CMakeFiles/vrpn_atmel.dir/vrpn_atmellib_helper.C.o[0m
[  1%] [32m[1mLinking CXX static library libvrpn_timecode_generator.a[0m
[  2%] [32mBuilding CXX object atmellib/CMakeFiles/vrpn_atmel.dir/vrpn_atmellib_iobasic.C.o[0m
[  3%] [32mBuilding C object quat/CMakeFiles/quat.dir/vector.c.o[0m
[  3%] Built target vrpn_timecode_generator
[  3%] [32mBuilding C object quat/CMakeFiles/quat.dir/xyzquat.c.o[0m
[  3%] [32mBuilding CXX object atmellib/CMakeFiles/vrpn_atmel.dir/vrpn_atmellib_openclose.C.o[0m
[  3%] [32mBuilding CXX object gpsnmealib/CMakeFiles/gpsnmea.dir/typedCoord.C.o[0m
[  3%] [32mBuilding CXX object atmellib/CMakeFiles/vrpn_atmel.dir/vrpn_atmellib_register.C.o[0m
[  3%] [32m[1mLinking C static library libquat.a[0m
[  3%] [32mBuilding CXX object gpsnmealib/CMakeFiles/gpsnmea.dir/utmCoord.C.o[0m
[  4%] [32mBuilding CXX object atmellib/CMakeFiles/vrpn_atmel.dir/vrpn_atmellib_tester.C.o[0m
[  4%] [32m[1mLinking CXX static library libvrpn_atmel.a[0m
[  4%] Built target quat
[  4%] [32mBuilding CXX object CMakeFiles/vrpn.dir/vrpn_Analog.C.o[0m
[  4%] [32mBuilding CXX object CMakeFiles/vrpn.dir/vrpn_Assert.C.o[0m
[  5%] [32mBuilding CXX object CMakeFiles/vrpn.dir/vrpn_Analog_Output.C.o[0m
[  5%] Built target vrpn_atmel
[  5%] [32mBuilding CXX object CMakeFiles/vrpn.dir/vrpn_Auxiliary_Logger.C.o[0m
[  6%] [32mBuilding CXX object CMakeFiles/vrpn.dir/vrpn_BaseClass.C.o[0m
[  6%] [32mBuilding CXX object CMakeFiles/vrpn.dir/vrpn_Button.C.o[0m
[  7%] [32m[1mLinking CXX static library libgpsnmea.a[0m
[  7%] [32mBuilding CXX object CMakeFiles/vrpn.dir/vrpn_Connection.C.o[0m
[  8%] [32mBuilding CXX object CMakeFiles/vrpn.dir/vrpn_Dial.C.o[0m
[  8%] [32mBuilding CXX object CMakeFiles/vrpn.dir/vrpn_EndpointContainer.C.o[0m
[  8%] [32mBuilding CXX object CMakeFiles/vrpn.dir/vrpn_FileConnection.C.o[0m
[  8%] Built target gpsnmea
[  9%] [32mBuilding CXX object CMakeFiles/vrpn.dir/vrpn_FileController.C.o[0m
[ 10%] [32mBuilding CXX object CMakeFiles/vrpnserver.dir/vrpn_Analog.C.o[0m
[ 10%] [32mBuilding CXX object CMakeFiles/vrpnserver.dir/vrpn_Analog_Output.C.o[0m
[ 10%] [32mBuilding CXX object CMakeFiles/vrpn.dir/vrpn_ForceDevice.C.o[0m
[ 10%] [32mBuilding CXX object CMakeFiles/vrpnserver.dir/vrpn_Assert.C.o[0m
[ 10%] [32mBuilding CXX object CMakeFiles/vrpn.dir/vrpn_Forwarder.C.o[0m
[ 11%] [32mBuilding CXX object CMakeFiles/vrpn.dir/vrpn_ForwarderController.C.o[0m
[ 12%] [32mBuilding CXX object CMakeFiles/vrpnserver.dir/vrpn_Auxiliary_Logger.C.o[0m
[ 12%] [32mBuilding CXX object CMakeFiles/vrpn.dir/vrpn_FunctionGenerator.C.o[0m
[ 12%] [32mBuilding CXX object CMakeFiles/vrpnserver.dir/vrpn_BaseClass.C.o[0m
[ 12%] [32mBuilding CXX object CMakeFiles/vrpn.dir/vrpn_Imager.C.o[0m
[ 13%] [32mBuilding CXX object CMakeFiles/vrpnserver.dir/vrpn_Connection.C.o[0m
[ 13%] [32mBuilding CXX object CMakeFiles/vrpnserver.dir/vrpn_Button.C.o[0m
[ 14%] [32mBuilding CXX object CMakeFiles/vrpn.dir/vrpn_LamportClock.C.o[0m
[ 14%] [32mBuilding CXX object CMakeFiles/vrpn.dir/vrpn_Mutex.C.o[0m
[ 14%] [32mBuilding CXX object CMakeFiles/vrpn.dir/vrpn_Poser.C.o[0m
[ 15%] [32mBuilding CXX object CMakeFiles/vrpn.dir/vrpn_RedundantTransmission.C.o[0m
[ 15%] [32mBuilding CXX object CMakeFiles/vrpnserver.dir/vrpn_Dial.C.o[0m
[ 15%] [32mBuilding CXX object CMakeFiles/vrpn.dir/vrpn_Serial.C.o[0m
[ 15%] [32mBuilding CXX object CMakeFiles/vrpnserver.dir/vrpn_EndpointContainer.C.o[0m
[ 16%] [32mBuilding CXX object CMakeFiles/vrpnserver.dir/vrpn_FileConnection.C.o[0m
[ 16%] [32mBuilding CXX object CMakeFiles/vrpn.dir/vrpn_SerialPort.C.o[0m
[ 17%] [32mBuilding CXX object CMakeFiles/vrpn.dir/vrpn_Shared.C.o[0m
[ 17%] [32mBuilding CXX object CMakeFiles/vrpn.dir/vrpn_SharedObject.C.o[0m
[ 17%] [32mBuilding CXX object CMakeFiles/vrpnserver.dir/vrpn_FileController.C.o[0m
[ 17%] [32mBuilding CXX object CMakeFiles/vrpnserver.dir/vrpn_ForceDevice.C.o[0m
[ 18%] [32mBuilding CXX object CMakeFiles/vrpnserver.dir/vrpn_Forwarder.C.o[0m
[ 18%] [32mBuilding CXX object CMakeFiles/vrpnserver.dir/vrpn_ForwarderController.C.o[0m
[ 18%] [32mBuilding CXX object CMakeFiles/vrpn.dir/vrpn_Sound.C.o[0m
[ 18%] [32mBuilding CXX object CMakeFiles/vrpnserver.dir/vrpn_FunctionGenerator.C.o[0m
[ 19%] [32mBuilding CXX object CMakeFiles/vrpnserver.dir/vrpn_Imager.C.o[0m
[ 20%] [32mBuilding CXX object CMakeFiles/vrpn.dir/vrpn_Text.C.o[0m
[ 20%] [32mBuilding CXX object CMakeFiles/vrpn.dir/vrpn_Thread.C.o[0m
[ 20%] [32mBuilding CXX object CMakeFiles/vrpn.dir/vrpn_Tracker.C.o[0m
[ 20%] [32mBuilding CXX object CMakeFiles/vrpnserver.dir/vrpn_LamportClock.C.o[0m
[ 20%] [32mBuilding CXX object CMakeFiles/vrpnserver.dir/vrpn_Mutex.C.o[0m
[ 21%] [32mBuilding CXX object CMakeFiles/vrpnserver.dir/vrpn_Poser.C.o[0m
[ 21%] [32mBuilding CXX object CMakeFiles/vrpnserver.dir/vrpn_RedundantTransmission.C.o[0m
[ 21%] [32mBuilding CXX object CMakeFiles/vrpnserver.dir/vrpn_Serial.C.o[0m
[ 22%] [32mBuilding CXX object CMakeFiles/vrpnserver.dir/vrpn_SerialPort.C.o[0m
[ 22%] [32mBuilding CXX object CMakeFiles/vrpnserver.dir/vrpn_Shared.C.o[0m
[ 22%] [32mBuilding CXX object CMakeFiles/vrpnserver.dir/vrpn_SharedObject.C.o[0m
[ 23%] [32m[1mLinking CXX static library libvrpn.a[0m
[ 24%] [32mBuilding CXX object CMakeFiles/vrpnserver.dir/vrpn_Sound.C.o[0m
[ 24%] [32mBuilding CXX object CMakeFiles/vrpnserver.dir/vrpn_Text.C.o[0m
[ 24%] [32mBuilding CXX object CMakeFiles/vrpnserver.dir/vrpn_Thread.C.o[0m
[ 24%] Built target vrpn
[ 24%] [32mBuilding CXX object client_src/CMakeFiles/add_vrpn_cookie.dir/add_vrpn_cookie.C.o[0m
[ 24%] [32m[1mLinking CXX executable add_vrpn_cookie[0m
[ 25%] [32mBuilding CXX object CMakeFiles/vrpnserver.dir/vrpn_Tracker.C.o[0m
[ 26%] [32mBuilding CXX object client_src/CMakeFiles/bdbox_client.dir/bdbox_client.C.o[0m
[ 26%] Built target add_vrpn_cookie
[ 26%] [32m[1mLinking CXX executable bdbox_client[0m
[ 26%] [32mBuilding CXX object CMakeFiles/vrpnserver.dir/vrpn_3DConnexion.C.o[0m
[ 26%] [32mBuilding CXX object CMakeFiles/vrpnserver.dir/vrpn_3DMicroscribe.C.o[0m
[ 27%] [32mBuilding CXX object client_src/CMakeFiles/clock_drift_estimator.dir/clock_drift_estimator.C.o[0m
[ 27%] Built target bdbox_client
[ 28%] [32mBuilding CXX object client_src/CMakeFiles/ff_client.dir/ff_client.C.o[0m
[ 29%] [32mBuilding CXX object CMakeFiles/vrpnserver.dir/vrpn_3Space.C.o[0m
[ 29%] [32m[1mLinking CXX executable clock_drift_estimator[0m
[ 29%] [32mBuilding CXX object CMakeFiles/vrpnserver.dir/vrpn_5DT16.C.o[0m
[ 29%] [32m[1mLinking CXX executable ff_client[0m
[ 29%] Built target clock_drift_estimator
[ 29%] [32mBuilding CXX object client_src/CMakeFiles/forcedevice_test_client.dir/forcedevice_test_client.cpp.o[0m
[ 29%] Built target ff_client
[ 29%] [32mBuilding CXX object CMakeFiles/vrpnserver.dir/vrpn_Adafruit.C.o[0m
[ 30%] [32mBuilding CXX object CMakeFiles/vrpnserver.dir/vrpn_ADBox.C.o[0m
[ 31%] [32mBuilding CXX object client_src/CMakeFiles/forwarderClient.dir/forwarderClient.C.o[0m
[ 31%] [32mBuilding CXX object CMakeFiles/vrpnserver.dir/vrpn_Analog_5dt.C.o[0m
[ 31%] [32m[1mLinking CXX executable forwarderClient[0m
[ 31%] [32mBuilding CXX object CMakeFiles/vrpnserver.dir/vrpn_Analog_5dtUSB.C.o[0m
[ 32%] [32mBuilding CXX object CMakeFiles/vrpnserver.dir/vrpn_Analog_Radamec_SPI.C.o[0m
[ 33%] [32m[1mLinking CXX executable forcedevice_test_client[0m
[ 33%] Built target forwarderClient
[ 33%] [32mBuilding CXX object CMakeFiles/vrpnserver.dir/vrpn_Analog_USDigital_A2.C.o[0m
[ 33%] [32mBuilding CXX object CMakeFiles/vrpnserver.dir/vrpn_Atmel.C.o[0m
[ 33%] [32mBuilding CXX object client_src/CMakeFiles/phan_client.dir/phan_client.C.o[0m
[ 33%] Built target forcedevice_test_client
[ 34%] [32mBuilding CXX object CMakeFiles/vrpnserver.dir/vrpn_BiosciencesTools.C.o[0m
[ 34%] [32mBuilding CXX object CMakeFiles/vrpnserver.dir/vrpn_Button_NI_DIO24.C.o[0m
[ 34%] [32mBuilding CXX object CMakeFiles/vrpnserver.dir/vrpn_Button_USB.cpp.o[0m
[ 34%] [32m[1mLinking CXX executable phan_client[0m
[ 35%] [32mBuilding CXX object CMakeFiles/vrpnserver.dir/vrpn_CerealBox.C.o[0m
[ 35%] [32mBuilding CXX object CMakeFiles/vrpnserver.dir/vrpn_CHProducts_Controller_Raw.C.o[0m
[ 35%] [32mBuilding CXX object CMakeFiles/vrpnserver.dir/vrpn_Contour.C.o[0m
[ 36%] [32mBuilding CXX object CMakeFiles/vrpnserver.dir/vrpn_DevInput.C.o[0m
[ 36%] Built target phan_client
[ 37%] [32mBuilding CXX object client_src/CMakeFiles/printcereal.dir/printcereal.C.o[0m
[ 37%] [32mBuilding CXX object CMakeFiles/vrpnserver.dir/vrpn_DirectXFFJoystick.C.o[0m
[ 37%] [32mBuilding CXX object CMakeFiles/vrpnserver.dir/vrpn_DirectXRumblePad.C.o[0m
[ 38%] [32mBuilding CXX object CMakeFiles/vrpnserver.dir/vrpn_DreamCheeky.C.o[0m
[ 38%] [32mBuilding CXX object CMakeFiles/vrpnserver.dir/vrpn_Dyna.C.o[0m
[ 38%] [32m[1mLinking CXX executable printcereal[0m
[ 38%] [32mBuilding CXX object CMakeFiles/vrpnserver.dir/vrpn_Event_Analog.C.o[0m
[ 39%] [32mBuilding CXX object CMakeFiles/vrpnserver.dir/vrpn_Event.C.o[0m
[ 39%] Built target printcereal
[ 39%] [32mBuilding CXX object CMakeFiles/vrpnserver.dir/vrpn_Event_Mouse.C.o[0m
[ 39%] [32mBuilding CXX object CMakeFiles/vrpnserver.dir/vrpn_Flock.C.o[0m
[ 39%] [32mBuilding CXX object CMakeFiles/vrpnserver.dir/vrpn_GlobalHapticsOrb.C.o[0m
[ 40%] [32mBuilding CXX object CMakeFiles/vrpnserver.dir/vrpn_Futaba.C.o[0m
[ 40%] [32mBuilding CXX object CMakeFiles/vrpnserver.dir/vrpn_Freespace.C.o[0m
[ 40%] [32mBuilding CXX object CMakeFiles/vrpnserver.dir/vrpn_ForceDeviceServer.C.o[0m
[ 41%] [32mBuilding CXX object CMakeFiles/vrpnserver.dir/vrpn_Flock_Parallel.C.o[0m
[ 41%] [32mBuilding CXX object CMakeFiles/vrpnserver.dir/vrpn_Griffin.C.o[0m
[ 42%] [32mBuilding CXX object CMakeFiles/vrpnserver.dir/vrpn_HumanInterface.C.o[0m
[ 42%] [32mBuilding CXX object CMakeFiles/vrpnserver.dir/vrpn_IDEA.C.o[0m
[ 42%] [32mBuilding CXX object CMakeFiles/vrpnserver.dir/vrpn_Imager_Stream_Buffer.C.o[0m
[ 43%] [32mBuilding CXX object CMakeFiles/vrpnserver.dir/vrpn_ImmersionBox.C.o[0m
[ 43%] [32mBuilding CXX object CMakeFiles/vrpnserver.dir/vrpn_inertiamouse.C.o[0m
[ 43%] [32mBuilding CXX object CMakeFiles/vrpnserver.dir/vrpn_JoyFly.C.o[0m
[ 44%] [32mBuilding CXX object CMakeFiles/vrpnserver.dir/vrpn_Joylin.C.o[0m
[ 44%] [32mBuilding CXX object CMakeFiles/vrpnserver.dir/vrpn_Joywin32.C.o[0m
[ 44%] [32mBuilding CXX object CMakeFiles/vrpnserver.dir/vrpn_Keyboard.C.o[0m
[ 45%] [32mBuilding CXX object CMakeFiles/vrpnserver.dir/vrpn_Laputa.C.o[0m
[ 45%] [32mBuilding CXX object CMakeFiles/vrpnserver.dir/vrpn_LUDL.C.o[0m
[ 45%] [32mBuilding CXX object CMakeFiles/vrpnserver.dir/vrpn_Logitech_Controller_Raw.C.o[0m
[ 46%] [32mBuilding CXX object CMakeFiles/vrpnserver.dir/vrpn_Magellan.C.o[0m
[ 46%] [32mBuilding CXX object CMakeFiles/vrpnserver.dir/vrpn_Microsoft_Controller_Raw.C.o[0m
[ 46%] [32mBuilding CXX object CMakeFiles/vrpnserver.dir/vrpn_Mouse.C.o[0m
[ 47%] [32mBuilding CXX object CMakeFiles/vrpnserver.dir/vrpn_NationalInstruments.C.o[0m
[ 47%] [32mBuilding CXX object CMakeFiles/vrpnserver.dir/vrpn_Nidaq.C.o[0m
[ 47%] [32mBuilding CXX object CMakeFiles/vrpnserver.dir/vrpn_nikon_controls.C.o[0m
[ 48%] [32mBuilding CXX object CMakeFiles/vrpnserver.dir/vrpn_nVidia_shield_controller.C.o[0m
[ 48%] [32mBuilding CXX object CMakeFiles/vrpnserver.dir/vrpn_Oculus.C.o[0m
[ 48%] [32mBuilding CXX object client_src/CMakeFiles/test_Zaber.dir/test_Zaber.C.o[0m
[ 49%] [32m[1mLinking CXX executable test_Zaber[0m
[ 49%] Built target test_Zaber
[ 49%] [32mBuilding CXX object client_src/CMakeFiles/testSharedObject.dir/testSharedObject.C.o[0m
[ 50%] [32mBuilding CXX object CMakeFiles/vrpnserver.dir/vrpn_OmegaTemperature.C.o[0m
[ 50%] [32mBuilding CXX object CMakeFiles/vrpnserver.dir/vrpn_OzzMaker.C.o[0m
[ 50%] [32mBuilding CXX object client_src/CMakeFiles/sphere_client.dir/sphere_client.C.o[0m
[ 50%] [32m[1mLinking CXX executable testSharedObject[0m
[ 50%] Built target testSharedObject
[ 50%] [32mBuilding CXX object CMakeFiles/vrpnserver.dir/vrpn_Poser_Analog.C.o[0m
[ 50%] [32mBuilding CXX object client_src/CMakeFiles/test_imager.dir/test_imager.C.o[0m
[ 51%] [32mBuilding CXX object client_src/CMakeFiles/sound_client.dir/sound_client.C.o[0m
[ 52%] [32m[1mLinking CXX executable sphere_client[0m
[ 52%] [32mBuilding CXX object CMakeFiles/vrpnserver.dir/vrpn_Poser_Tek4662.C.o[0m
[01m[K/home/orinnano/SDK_ros2_ws/src/vrpn/client_src/sound_client.C:[m[K In function ‘[01m[Kint main(int, char**)[m[K’:
[01m[K/home/orinnano/SDK_ros2_ws/src/vrpn/client_src/sound_client.C:196:30:[m[K [01;35m[Kwarning: [m[Kignoring return value of ‘[01m[Kint scanf(const char*, ...)[m[K’ declared with attribute ‘[01m[Kwarn_unused_result[m[K’ [[01;35m[K]8;;https://gcc.gnu.org/onlinedocs/gcc/Warning-Options.html#index-Wunused-result-Wunused-result]8;;[m[K]
  196 |                         [01;35m[Kscanf("%lf %lf %lf", &position[0], &position[1], &position[2])[m[K;
      |                         [01;35m[K~~~~~^~~~~~~~~~~~~~~~~~~~~~~~~~~~~~~~~~~~~~~~~~~~~~~~~~~~~~~~~[m[K
[01m[K/home/orinnano/SDK_ros2_ws/src/vrpn/client_src/sound_client.C:207:30:[m[K [01;35m[Kwarning: [m[Kignoring return value of ‘[01m[Kint scanf(const char*, ...)[m[K’ declared with attribute ‘[01m[Kwarn_unused_result[m[K’ [[01;35m[K]8;;https://gcc.gnu.org/onlinedocs/gcc/Warning-Options.html#index-Wunused-result-Wunused-result]8;;[m[K]
  207 |                         [01;35m[Kscanf("%lf %lf %lf %lf", &orientation[0], &orientation[1], &orientation[2], &orientation[3])[m[K;
      |                         [01;35m[K~~~~~^~~~~~~~~~~~~~~~~~~~~~~~~~~~~~~~~~~~~~~~~~~~~~~~~~~~~~~~~~~~~~~~~~~~~~~~~~~~~~~~~~~~~~~[m[K
[ 52%] Built target sphere_client
[ 53%] [32mBuilding CXX object CMakeFiles/vrpnserver.dir/vrpn_raw_sgibox.C.o[0m
[ 53%] [32mBuilding CXX object client_src/CMakeFiles/printvals.dir/printvals.C.o[0m
[ 53%] [32m[1mLinking CXX executable sound_client[0m
[ 53%] [32m[1mLinking CXX executable test_imager[0m
[ 53%] [32mBuilding CXX object CMakeFiles/vrpnserver.dir/vrpn_Retrolink.C.o[0m
[ 53%] Built target sound_client
[ 54%] [32m[1mLinking CXX executable printvals[0m
[ 54%] Built target test_imager
[ 54%] [32mBuilding CXX object CMakeFiles/vrpnserver.dir/vrpn_Saitek_Controller_Raw.C.o[0m
[ 55%] [32mBuilding CXX object CMakeFiles/vrpnserver.dir/vrpn_sgibox.C.o[0m
[ 55%] [32mBuilding CXX object client_src/CMakeFiles/test_mutex.dir/test_mutex.C.o[0m
[ 55%] [32mBuilding CXX object CMakeFiles/vrpnserver.dir/vrpn_Spaceball.C.o[0m
[ 56%] [32mBuilding CXX object client_src/CMakeFiles/text.dir/text.C.o[0m
[ 56%] Built target printvals
[ 56%] [32m[1mLinking CXX executable test_mutex[0m
[ 57%] [32mBuilding CXX object client_src/CMakeFiles/tracker_to_poser.dir/tracker_to_poser.cpp.o[0m
[ 57%] [32mBuilding CXX object CMakeFiles/vrpnserver.dir/vrpn_Streaming_Arduino.C.o[0m
[ 57%] Built target test_mutex
[ 57%] [32m[1mLinking CXX executable text[0m
[ 58%] [32mBuilding CXX object client_src/CMakeFiles/vrpn_LamportClock.dir/vrpn_LamportClock.t.C.o[0m
[ 58%] [32m[1mLinking CXX executable tracker_to_poser[0m
[ 59%] [32mBuilding CXX object CMakeFiles/vrpnserver.dir/vrpn_Tng3.C.o[0m
[ 59%] Built target text
[ 59%] [32mBuilding CXX object CMakeFiles/vrpnserver.dir/vrpn_Tracker_3DMouse.C.o[0m
[ 59%] Built target tracker_to_poser
[ 59%] [32mBuilding CXX object client_src/CMakeFiles/vrpn_ping.dir/vrpn_ping.C.o[0m
[ 60%] [32mBuilding CXX object client_src/CMakeFiles/logfilesenders.dir/logfilesenders.C.o[0m
[ 60%] [32m[1mLinking CXX executable vrpn_ping[0m
[ 60%] [32m[1mLinking CXX executable vrpn_LamportClock[0m
[ 60%] [32m[1mLinking CXX executable logfilesenders[0m
[ 60%] Built target vrpn_LamportClock
[ 60%] Built target logfilesenders
[ 60%] Built target vrpn_ping
[ 61%] [32mBuilding CXX object CMakeFiles/vrpnserver.dir/vrpn_Tracker_ButtonFly.C.o[0m
[ 61%] [32mBuilding CXX object CMakeFiles/vrpnserver.dir/vrpn_Tracker_AnalogFly.C.o[0m
[ 61%] [32mBuilding CXX object CMakeFiles/vrpnserver.dir/vrpn_Tracker_Crossbow.C.o[0m
[ 61%] [32mBuilding CXX object CMakeFiles/vrpnserver.dir/vrpn_Tracker_DTrack.C.o[0m
[ 62%] [32mBuilding CXX object CMakeFiles/vrpnserver.dir/vrpn_Tracker_Fastrak.C.o[0m
[ 62%] [32mBuilding CXX object CMakeFiles/vrpnserver.dir/vrpn_Tracker_Filter.C.o[0m
[ 62%] [32mBuilding CXX object client_src/CMakeFiles/vrpn_log_devices.dir/vrpn_log_devices.C.o[0m
[ 63%] [32m[1mLinking CXX executable vrpn_log_devices[0m
[ 63%] Built target vrpn_log_devices
[ 63%] [32mBuilding CXX object CMakeFiles/vrpnserver.dir/vrpn_Tracker_GameTrak.C.o[0m
[ 64%] [32mBuilding CXX object CMakeFiles/vrpnserver.dir/vrpn_Tracker_GPS.C.o[0m
[ 64%] [32mBuilding CXX object CMakeFiles/vrpnserver.dir/vrpn_Tracker_IMU.C.o[0m
[ 65%] [32mBuilding CXX object client_src/CMakeFiles/vrpn_print_devices.dir/vrpn_print_devices.C.o[0m
[ 65%] [32mBuilding CXX object CMakeFiles/vrpnserver.dir/vrpn_Tracker_isense.C.o[0m
[ 66%] [32mBuilding CXX object CMakeFiles/vrpnserver.dir/vrpn_Tracker_Isotrak.C.o[0m
[ 66%] [32m[1mLinking CXX executable vrpn_print_devices[0m
[ 66%] Built target vrpn_print_devices
[ 66%] [32mBuilding CXX object CMakeFiles/vrpnserver.dir/vrpn_Tracker_JsonNet.C.o[0m
[ 66%] [32mBuilding CXX object CMakeFiles/vrpnserver.dir/vrpn_Tracker_Liberty.C.o[0m
[ 67%] [32mBuilding CXX object CMakeFiles/vrpnserver.dir/vrpn_Tracker_MotionNode.C.o[0m
[ 67%] [32mBuilding CXX object CMakeFiles/vrpnserver.dir/vrpn_Tracker_NDI_Polaris.C.o[0m
[ 67%] [32mBuilding CXX object client_src/CMakeFiles/vrpn_print_messages.dir/vrpn_print_messages.C.o[0m
[ 67%] [32mBuilding CXX object CMakeFiles/vrpnserver.dir/vrpn_Tracker_NovintFalcon.C.o[0m
[ 68%] [32mBuilding CXX object CMakeFiles/vrpnserver.dir/vrpn_Tracker_OSVRHackerDevKit.C.o[0m
[ 69%] [32m[1mLinking CXX executable vrpn_print_messages[0m
[ 69%] Built target vrpn_print_messages
[ 69%] [32mBuilding CXX object CMakeFiles/vrpnserver.dir/vrpn_Tracker_PDI.C.o[0m
[ 69%] [32mBuilding CXX object CMakeFiles/vrpnserver.dir/vrpn_Tracker_PhaseSpace.C.o[0m
[ 69%] [32mBuilding C object client_src/CMakeFiles/c_interface_example.dir/c_interface_example.c.o[0m
[ 70%] [32mBuilding CXX object client_src/CMakeFiles/c_interface_example.dir/c_interface.cpp.o[0m
[ 70%] [32m[1mLinking CXX executable c_interface_example[0m
[ 70%] Built target c_interface_example
[ 71%] [32mBuilding CXX object CMakeFiles/vrpnserver.dir/vrpn_Tracker_RazerHydra.C.o[0m
[ 71%] [32mBuilding CXX object CMakeFiles/vrpnserver.dir/vrpn_Tracker_ThalmicLabsMyo.C.o[0m
[ 71%] [32mBuilding CXX object CMakeFiles/vrpnserver.dir/vrpn_Tracker_SpacePoint.C.o[0m
[ 72%] [32mBuilding CXX object client_src/CMakeFiles/run_auxiliary_logger.dir/run_auxiliary_logger.C.o[0m
[ 73%] [32mBuilding CXX object CMakeFiles/vrpnserver.dir/vrpn_Tracker_Wintracker.C.o[0m
[ 73%] [32m[1mLinking CXX executable run_auxiliary_logger[0m
[ 73%] Built target run_auxiliary_logger
[ 73%] [32mBuilding CXX object CMakeFiles/vrpnserver.dir/vrpn_Tracker_Colibri.C.o[0m
[ 73%] [32mBuilding CXX object client_src/CMakeFiles/vrpn_print_performance.dir/vrpn_print_performance.C.o[0m
[ 73%] [32mBuilding CXX object CMakeFiles/vrpnserver.dir/vrpn_Tracker_TrivisioColibri.C.o[0m
[ 74%] [32mBuilding CXX object CMakeFiles/vrpnserver.dir/vrpn_Tracker_WiimoteHead.C.o[0m
[ 74%] [32m[1mLinking CXX executable vrpn_print_performance[0m
[ 74%] Built target vrpn_print_performance
[ 74%] [32mBuilding CXX object CMakeFiles/vrpnserver.dir/vrpn_Tracker_zSight.C.o[0m
[ 74%] [32mBuilding CXX object util/printStream/CMakeFiles/vrpn_streamPrint.dir/vrpn_streamPrint.cpp.o[0m
[ 74%] [32mBuilding CXX object CMakeFiles/vrpnserver.dir/vrpn_Tracker_ViewPoint.C.o[0m
[ 75%] [32mBuilding CXX object CMakeFiles/vrpnserver.dir/vrpn_UNC_Joystick.C.o[0m
[ 76%] [32m[1mLinking CXX executable vrpn_streamPrint[0m
[ 76%] [32mBuilding CXX object CMakeFiles/vrpnserver.dir/vrpn_VPJoystick.C.o[0m
[ 76%] Built target vrpn_streamPrint
[ 77%] [32mBuilding CXX object client_src/CMakeFiles/vrpn_average_analogs.dir/vrpn_average_analogs.C.o[0m
[ 78%] [32mBuilding CXX object CMakeFiles/vrpnserver.dir/vrpn_WiiMote.C.o[0m
[ 78%] [32mBuilding CXX object CMakeFiles/vrpnserver.dir/vrpn_Wanda.C.o[0m
[ 78%] [32mBuilding CXX object CMakeFiles/vrpnserver.dir/vrpn_XInputGamepad.C.o[0m
[ 78%] [32mBuilding CXX object CMakeFiles/vrpnserver.dir/vrpn_Xkeys.C.o[0m
[ 79%] [32mBuilding CXX object CMakeFiles/vrpnserver.dir/vrpn_Tracker_LibertyHS.C.o[0m
[ 79%] [32mBuilding CXX object CMakeFiles/vrpnserver.dir/vrpn_Vality.C.o[0m
[ 79%] [32m[1mLinking CXX executable vrpn_average_analogs[0m
[ 79%] Built target vrpn_average_analogs
[ 79%] [32mBuilding CXX object client_src/CMakeFiles/checklogfile.dir/checklogfile.C.o[0m
[ 79%] [32mBuilding CXX object CMakeFiles/vrpnserver.dir/vrpn_YEI_3Space.C.o[0m
[ 80%] [32mBuilding CXX object CMakeFiles/vrpnserver.dir/vrpn_Zaber.C.o[0m
[ 81%] [32m[1mLinking CXX executable checklogfile[0m
[ 81%] [32mBuilding CXX object CMakeFiles/vrpnserver.dir/server_src/vrpn_Generic_server_object.C.o[0m
[ 81%] Built target checklogfile
[ 81%] [32mBuilding CXX object client_src/CMakeFiles/logfiletypes.dir/logfiletypes.C.o[0m
[ 82%] [32m[1mLinking CXX executable logfiletypes[0m
[ 82%] Built target logfiletypes
[ 83%] [32m[1mLinking CXX static library libvrpnserver.a[0m
[ 83%] Built target vrpnserver
[ 84%] [32mBuilding CXX object server_src/CMakeFiles/vrpn_server.dir/vrpn.C.o[0m
[ 84%] [32mBuilding CXX object CMakeFiles/time_test.dir/time_test.cpp.o[0m
[ 84%] [32mBuilding CXX object server_src/CMakeFiles/client_and_server.dir/client_and_server.C.o[0m
[ 84%] [32m[1mLinking CXX executable time_test[0m
[ 84%] [32m[1mLinking CXX executable client_and_server[0m
[ 84%] Built target time_test
[ 84%] Built target client_and_server
[ 84%] [32mBuilding CXX object server_src/CMakeFiles/sample_analog.dir/sample_analog.C.o[0m
[ 84%] [32mBuilding CXX object server_src/CMakeFiles/last_of_sequence.dir/last_of_sequence.C.o[0m
[ 84%] [32mBuilding CXX object server_src/CMakeFiles/sample_server.dir/sample_server.C.o[0m
[ 84%] [32m[1mLinking CXX executable vrpn_server[0m
[ 84%] [32m[1mLinking CXX executable last_of_sequence[0m
[ 84%] [32m[1mLinking CXX executable sample_server[0m
[ 85%] [32m[1mLinking CXX executable sample_analog[0m
[ 85%] Built target last_of_sequence
[ 85%] Built target sample_server
[ 85%] Built target vrpn_server
[ 85%] Built target sample_analog
[ 85%] [32mBuilding CXX object server_src/CMakeFiles/test_freespace.dir/test_freespace.C.o[0m
[ 86%] [32m[1mLinking CXX executable test_freespace[0m
[ 86%] Built target test_freespace
[ 87%] [32mBuilding CXX object server_src/CMakeFiles/test_logging.dir/test_logging.C.o[0m
[ 87%] [32m[1mLinking CXX executable test_logging[0m
[ 87%] Built target test_logging
[ 87%] [32mBuilding CXX object server_src/CMakeFiles/test_loopback.dir/test_loopback.C.o[0m
[ 88%] [32mBuilding CXX object server_src/CMakeFiles/test_auxiliary_logger.dir/test_auxiliary_logger.C.o[0m
[ 88%] [32m[1mLinking CXX executable test_auxiliary_logger[0m
[ 88%] Built target test_auxiliary_logger
[ 89%] [32m[1mLinking CXX executable test_loopback[0m
[ 90%] [32mBuilding CXX object server_src/CMakeFiles/test_mutexServer.dir/test_mutexServer.C.o[0m
[ 90%] [32mBuilding CXX object server_src/CMakeFiles/test_analogfly.dir/test_analogfly.C.o[0m
[ 90%] [32m[1mLinking CXX executable test_mutexServer[0m
[ 90%] Built target test_loopback
[ 90%] [32m[1mLinking CXX executable test_analogfly[0m
[ 90%] [32mBuilding CXX object server_src/CMakeFiles/test_peerMutex.dir/test_peerMutex.C.o[0m
[ 90%] Built target test_mutexServer
[ 90%] [32mBuilding CXX object server_src/CMakeFiles/test_radamec_spi.dir/test_radamec_spi.C.o[0m
[ 91%] [32mBuilding CXX object server_src/CMakeFiles/testSharedObjectServer.dir/testSharedObjectServer.C.o[0m
[ 92%] [32m[1mLinking CXX executable test_peerMutex[0m
[ 92%] Built target test_analogfly
[ 93%] [32mBuilding CXX object server_src/CMakeFiles/test_rumble.dir/test_rumble.C.o[0m
[ 93%] [32m[1mLinking CXX executable testSharedObjectServer[0m
[ 93%] [32m[1mLinking CXX executable test_radamec_spi[0m
[ 93%] Built target test_peerMutex
[ 93%] [32mBuilding CXX object server_src/CMakeFiles/test_vrpn.dir/test_vrpn.C.o[0m
[ 93%] [32m[1mLinking CXX executable test_rumble[0m
[ 93%] Built target testSharedObjectServer
[ 93%] Built target test_radamec_spi
[ 93%] [32mBuilding CXX object server_src/CMakeFiles/testimager_server.dir/testimager_server.cpp.o[0m
[ 93%] [32mBuilding CXX object server_src/CMakeFiles/textServer.dir/textServer.C.o[0m
[ 93%] Built target test_rumble
[ 93%] [32mBuilding CXX object python/CMakeFiles/vrpn-python.dir/Base.cpp.o[0m
[ 93%] [32mBuilding CXX object python/CMakeFiles/vrpn-python.dir/Connection.cpp.o[0m
[ 93%] [32m[1mLinking CXX executable testimager_server[0m
[ 94%] [32m[1mLinking CXX executable textServer[0m
[ 94%] Built target testimager_server
[ 94%] Built target textServer
[ 95%] [32m[1mLinking CXX executable test_vrpn[0m
[ 95%] [32mBuilding CXX object python/CMakeFiles/vrpn-python.dir/interface.cpp.o[0m
[ 95%] Built target test_vrpn
[ 95%] [32mBuilding CXX object python/CMakeFiles/vrpn-python.dir/receiver/Analog.cpp.o[0m
[ 95%] [32mBuilding CXX object python/CMakeFiles/vrpn-python.dir/receiver/Button.cpp.o[0m
[ 96%] [32mBuilding CXX object python/CMakeFiles/vrpn-python.dir/receiver/Dial.cpp.o[0m
[ 96%] [32mBuilding CXX object python/CMakeFiles/vrpn-python.dir/receiver/Text_Receiver.cpp.o[0m
[ 97%] [32mBuilding CXX object python/CMakeFiles/vrpn-python.dir/quaternion/quaternion.cpp.o[0m
[ 97%] [32mBuilding CXX object python/CMakeFiles/vrpn-python.dir/receiver/Tracker.cpp.o[0m
[ 98%] [32mBuilding CXX object python/CMakeFiles/vrpn-python.dir/receiver/receiver.cpp.o[0m
[ 98%] [32mBuilding CXX object python/CMakeFiles/vrpn-python.dir/sender/Poser.cpp.o[0m
[ 98%] [32mBuilding CXX object python/CMakeFiles/vrpn-python.dir/callback.cpp.o[0m
[ 99%] [32mBuilding CXX object python/CMakeFiles/vrpn-python.dir/Device.cpp.o[0m
[ 99%] [32mBuilding CXX object python/CMakeFiles/vrpn-python.dir/sender/Text_Sender.cpp.o[0m
[100%] [32mBuilding CXX object python/CMakeFiles/vrpn-python.dir/sender/sender.cpp.o[0m
[100%] [32mBuilding CXX object python/CMakeFiles/vrpn-python.dir/tools.cpp.o[0m
[100%] [32m[1mLinking CXX shared module vrpn.so[0m
[100%] Built target vrpn-python
[100%] [32mBuilding CXX object server_src/CMakeFiles/forward.dir/forward.C.o[0m
[100%] [32m[1mLinking CXX executable forward[0m
[100%] Built target forward
-- Install configuration: "RelWithDebInfo"
-- Installing: /home/orinnano/SDK_ros2_ws/install/VRPN/lib/libvrpnserver.a
-- Installing: /home/orinnano/SDK_ros2_ws/install/VRPN/include/vrpn_Configure.h
-- Installing: /home/orinnano/SDK_ros2_ws/install/VRPN/include/vrpn_Analog.h
-- Installing: /home/orinnano/SDK_ros2_ws/install/VRPN/include/vrpn_Analog_Output.h
-- Installing: /home/orinnano/SDK_ros2_ws/install/VRPN/include/vrpn_Assert.h
-- Installing: /home/orinnano/SDK_ros2_ws/install/VRPN/include/vrpn_Auxiliary_Logger.h
-- Installing: /home/orinnano/SDK_ros2_ws/install/VRPN/include/vrpn_BaseClass.h
-- Installing: /home/orinnano/SDK_ros2_ws/install/VRPN/include/vrpn_Button.h
-- Installing: /home/orinnano/SDK_ros2_ws/install/VRPN/include/vrpn_Connection.h
-- Installing: /home/orinnano/SDK_ros2_ws/install/VRPN/include/vrpn_ConnectionPtr.h
-- Installing: /home/orinnano/SDK_ros2_ws/install/VRPN/include/vrpn_Dial.h
-- Installing: /home/orinnano/SDK_ros2_ws/install/VRPN/include/vrpn_EndpointContainer.h
-- Installing: /home/orinnano/SDK_ros2_ws/install/VRPN/include/vrpn_FileConnection.h
-- Installing: /home/orinnano/SDK_ros2_ws/install/VRPN/include/vrpn_FileController.h
-- Installing: /home/orinnano/SDK_ros2_ws/install/VRPN/include/vrpn_ForceDevice.h
-- Installing: /home/orinnano/SDK_ros2_ws/install/VRPN/include/vrpn_ForwarderController.h
-- Installing: /home/orinnano/SDK_ros2_ws/install/VRPN/include/vrpn_Forwarder.h
-- Installing: /home/orinnano/SDK_ros2_ws/install/VRPN/include/vrpn_FunctionGenerator.h
-- Installing: /home/orinnano/SDK_ros2_ws/install/VRPN/include/vrpn_Imager.h
-- Installing: /home/orinnano/SDK_ros2_ws/install/VRPN/include/vrpn_LamportClock.h
-- Installing: /home/orinnano/SDK_ros2_ws/install/VRPN/include/vrpn_Log.h
-- Installing: /home/orinnano/SDK_ros2_ws/install/VRPN/include/vrpn_MainloopContainer.h
-- Installing: /home/orinnano/SDK_ros2_ws/install/VRPN/include/vrpn_MainloopObject.h
-- Installing: /home/orinnano/SDK_ros2_ws/install/VRPN/include/vrpn_Mutex.h
-- Installing: /home/orinnano/SDK_ros2_ws/install/VRPN/include/vrpn_OwningPtr.h
-- Installing: /home/orinnano/SDK_ros2_ws/install/VRPN/include/vrpn_RedundantTransmission.h
-- Installing: /home/orinnano/SDK_ros2_ws/install/VRPN/include/vrpn_SendTextMessageStreamProxy.h
-- Installing: /home/orinnano/SDK_ros2_ws/install/VRPN/include/vrpn_Serial.h
-- Installing: /home/orinnano/SDK_ros2_ws/install/VRPN/include/vrpn_SerialPort.h
-- Installing: /home/orinnano/SDK_ros2_ws/install/VRPN/include/vrpn_Shared.h
-- Installing: /home/orinnano/SDK_ros2_ws/install/VRPN/include/vrpn_SharedObject.h
-- Installing: /home/orinnano/SDK_ros2_ws/install/VRPN/include/vrpn_Sound.h
-- Installing: /home/orinnano/SDK_ros2_ws/install/VRPN/include/vrpn_Text.h
-- Installing: /home/orinnano/SDK_ros2_ws/install/VRPN/include/vrpn_Thread.h
-- Installing: /home/orinnano/SDK_ros2_ws/install/VRPN/include/vrpn_Tracker.h
-- Installing: /home/orinnano/SDK_ros2_ws/install/VRPN/include/vrpn_Types.h
-- Installing: /home/orinnano/SDK_ros2_ws/install/VRPN/include/vrpn_WindowsH.h
-- Installing: /home/orinnano/SDK_ros2_ws/install/VRPN/include/vrpn_3DConnexion.h
-- Installing: /home/orinnano/SDK_ros2_ws/install/VRPN/include/vrpn_3DMicroscribe.h
-- Installing: /home/orinnano/SDK_ros2_ws/install/VRPN/include/vrpn_3Space.h
-- Installing: /home/orinnano/SDK_ros2_ws/install/VRPN/include/vrpn_5DT16.h
-- Installing: /home/orinnano/SDK_ros2_ws/install/VRPN/include/vrpn_Adafruit.h
-- Installing: /home/orinnano/SDK_ros2_ws/install/VRPN/include/vrpn_ADBox.h
-- Installing: /home/orinnano/SDK_ros2_ws/install/VRPN/include/vrpn_Analog_5dt.h
-- Installing: /home/orinnano/SDK_ros2_ws/install/VRPN/include/vrpn_Analog_5dtUSB.h
-- Installing: /home/orinnano/SDK_ros2_ws/install/VRPN/include/vrpn_Analog_Radamec_SPI.h
-- Installing: /home/orinnano/SDK_ros2_ws/install/VRPN/include/vrpn_Analog_USDigital_A2.h
-- Installing: /home/orinnano/SDK_ros2_ws/install/VRPN/include/vrpn_Atmel.h
-- Installing: /home/orinnano/SDK_ros2_ws/install/VRPN/include/vrpn_BiosciencesTools.h
-- Installing: /home/orinnano/SDK_ros2_ws/install/VRPN/include/vrpn_Button_NI_DIO24.h
-- Installing: /home/orinnano/SDK_ros2_ws/install/VRPN/include/vrpn_Button_USB.h
-- Installing: /home/orinnano/SDK_ros2_ws/install/VRPN/include/vrpn_CerealBox.h
-- Installing: /home/orinnano/SDK_ros2_ws/install/VRPN/include/vrpn_CHProducts_Controller_Raw.h
-- Installing: /home/orinnano/SDK_ros2_ws/install/VRPN/include/vrpn_Contour.h
-- Installing: /home/orinnano/SDK_ros2_ws/install/VRPN/include/vrpn_DevInput.h
-- Installing: /home/orinnano/SDK_ros2_ws/install/VRPN/include/vrpn_DirectXFFJoystick.h
-- Installing: /home/orinnano/SDK_ros2_ws/install/VRPN/include/vrpn_DirectXRumblePad.h
-- Installing: /home/orinnano/SDK_ros2_ws/install/VRPN/include/vrpn_DreamCheeky.h
-- Installing: /home/orinnano/SDK_ros2_ws/install/VRPN/include/vrpn_Dyna.h
-- Installing: /home/orinnano/SDK_ros2_ws/install/VRPN/include/vrpn_Event_Analog.h
-- Installing: /home/orinnano/SDK_ros2_ws/install/VRPN/include/vrpn_Event.h
-- Installing: /home/orinnano/SDK_ros2_ws/install/VRPN/include/vrpn_Event_Mouse.h
-- Installing: /home/orinnano/SDK_ros2_ws/install/VRPN/include/vrpn_Flock.h
-- Installing: /home/orinnano/SDK_ros2_ws/install/VRPN/include/vrpn_Flock_Parallel.h
-- Installing: /home/orinnano/SDK_ros2_ws/install/VRPN/include/vrpn_ForceDeviceServer.h
-- Installing: /home/orinnano/SDK_ros2_ws/install/VRPN/include/vrpn_Freespace.h
-- Up-to-date: /home/orinnano/SDK_ros2_ws/install/VRPN/include/vrpn_FunctionGenerator.h
-- Installing: /home/orinnano/SDK_ros2_ws/install/VRPN/include/vrpn_Futaba.h
-- Installing: /home/orinnano/SDK_ros2_ws/install/VRPN/include/vrpn_GlobalHapticsOrb.h
-- Installing: /home/orinnano/SDK_ros2_ws/install/VRPN/include/vrpn_Griffin.h
-- Installing: /home/orinnano/SDK_ros2_ws/install/VRPN/include/vrpn_HashST.h
-- Installing: /home/orinnano/SDK_ros2_ws/install/VRPN/include/vrpn_HumanInterface.h
-- Installing: /home/orinnano/SDK_ros2_ws/install/VRPN/include/vrpn_IDEA.h
-- Installing: /home/orinnano/SDK_ros2_ws/install/VRPN/include/vrpn_Imager_Stream_Buffer.h
-- Installing: /home/orinnano/SDK_ros2_ws/install/VRPN/include/vrpn_ImmersionBox.h
-- Installing: /home/orinnano/SDK_ros2_ws/install/VRPN/include/vrpn_inertiamouse.h
-- Installing: /home/orinnano/SDK_ros2_ws/install/VRPN/include/vrpn_JoyFly.h
-- Installing: /home/orinnano/SDK_ros2_ws/install/VRPN/include/vrpn_Joylin.h
-- Installing: /home/orinnano/SDK_ros2_ws/install/VRPN/include/vrpn_Joywin32.h
-- Installing: /home/orinnano/SDK_ros2_ws/install/VRPN/include/vrpn_Keyboard.h
-- Installing: /home/orinnano/SDK_ros2_ws/install/VRPN/include/vrpn_Logitech_Controller_Raw.h
-- Installing: /home/orinnano/SDK_ros2_ws/install/VRPN/include/vrpn_Laputa.h
-- Installing: /home/orinnano/SDK_ros2_ws/install/VRPN/include/vrpn_LUDL.h
-- Installing: /home/orinnano/SDK_ros2_ws/install/VRPN/include/vrpn_Magellan.h
-- Installing: /home/orinnano/SDK_ros2_ws/install/VRPN/include/vrpn_MessageMacros.h
-- Installing: /home/orinnano/SDK_ros2_ws/install/VRPN/include/vrpn_Microsoft_Controller_Raw.h
-- Installing: /home/orinnano/SDK_ros2_ws/install/VRPN/include/vrpn_Mouse.h
-- Installing: /home/orinnano/SDK_ros2_ws/install/VRPN/include/vrpn_NationalInstruments.h
-- Installing: /home/orinnano/SDK_ros2_ws/install/VRPN/include/vrpn_Nidaq.h
-- Installing: /home/orinnano/SDK_ros2_ws/install/VRPN/include/vrpn_nikon_controls.h
-- Installing: /home/orinnano/SDK_ros2_ws/install/VRPN/include/vrpn_nVidia_shield_controller.h
-- Installing: /home/orinnano/SDK_ros2_ws/install/VRPN/include/vrpn_Oculus.h
-- Installing: /home/orinnano/SDK_ros2_ws/install/VRPN/include/vrpn_OmegaTemperature.h
-- Installing: /home/orinnano/SDK_ros2_ws/install/VRPN/include/vrpn_OneEuroFilter.h
-- Installing: /home/orinnano/SDK_ros2_ws/install/VRPN/include/vrpn_OzzMaker.h
-- Installing: /home/orinnano/SDK_ros2_ws/install/VRPN/include/vrpn_Poser_Analog.h
-- Installing: /home/orinnano/SDK_ros2_ws/install/VRPN/include/vrpn_Poser.h
-- Installing: /home/orinnano/SDK_ros2_ws/install/VRPN/include/vrpn_Poser_Tek4662.h
-- Installing: /home/orinnano/SDK_ros2_ws/install/VRPN/include/vrpn_raw_sgibox.h
-- Installing: /home/orinnano/SDK_ros2_ws/install/VRPN/include/vrpn_Retrolink.h
-- Installing: /home/orinnano/SDK_ros2_ws/install/VRPN/include/vrpn_Saitek_Controller_Raw.h
-- Installing: /home/orinnano/SDK_ros2_ws/install/VRPN/include/vrpn_sgibox.h
-- Installing: /home/orinnano/SDK_ros2_ws/install/VRPN/include/vrpn_Spaceball.h
-- Installing: /home/orinnano/SDK_ros2_ws/install/VRPN/include/vrpn_Streaming_Arduino.h
-- Installing: /home/orinnano/SDK_ros2_ws/install/VRPN/include/vrpn_Tng3.h
-- Installing: /home/orinnano/SDK_ros2_ws/install/VRPN/include/vrpn_Tracker_3DMouse.h
-- Installing: /home/orinnano/SDK_ros2_ws/install/VRPN/include/vrpn_Tracker_AnalogFly.h
-- Installing: /home/orinnano/SDK_ros2_ws/install/VRPN/include/vrpn_Tracker_ButtonFly.h
-- Installing: /home/orinnano/SDK_ros2_ws/install/VRPN/include/vrpn_Tracker_Crossbow.h
-- Installing: /home/orinnano/SDK_ros2_ws/install/VRPN/include/vrpn_Tracker_DTrack.h
-- Installing: /home/orinnano/SDK_ros2_ws/install/VRPN/include/vrpn_Tracker_Fastrak.h
-- Installing: /home/orinnano/SDK_ros2_ws/install/VRPN/include/vrpn_Tracker_Filter.h
-- Installing: /home/orinnano/SDK_ros2_ws/install/VRPN/include/vrpn_Tracker_GameTrak.h
-- Installing: /home/orinnano/SDK_ros2_ws/install/VRPN/include/vrpn_Tracker_GPS.h
-- Installing: /home/orinnano/SDK_ros2_ws/install/VRPN/include/vrpn_Tracker_IMU.h
-- Installing: /home/orinnano/SDK_ros2_ws/install/VRPN/include/vrpn_Tracker_isense.h
-- Installing: /home/orinnano/SDK_ros2_ws/install/VRPN/include/vrpn_Tracker_Isotrak.h
-- Installing: /home/orinnano/SDK_ros2_ws/install/VRPN/include/vrpn_Tracker_JsonNet.h
-- Installing: /home/orinnano/SDK_ros2_ws/install/VRPN/include/vrpn_Tracker_Liberty.h
-- Installing: /home/orinnano/SDK_ros2_ws/install/VRPN/include/vrpn_Tracker_MotionNode.h
-- Installing: /home/orinnano/SDK_ros2_ws/install/VRPN/include/vrpn_Tracker_NDI_Polaris.h
-- Installing: /home/orinnano/SDK_ros2_ws/install/VRPN/include/vrpn_Tracker_NovintFalcon.h
-- Installing: /home/orinnano/SDK_ros2_ws/install/VRPN/include/vrpn_Tracker_OSVRHackerDevKit.h
-- Installing: /home/orinnano/SDK_ros2_ws/install/VRPN/include/vrpn_Tracker_PDI.h
-- Installing: /home/orinnano/SDK_ros2_ws/install/VRPN/include/vrpn_Tracker_PhaseSpace.h
-- Installing: /home/orinnano/SDK_ros2_ws/install/VRPN/include/vrpn_Tracker_RazerHydra.h
-- Installing: /home/orinnano/SDK_ros2_ws/install/VRPN/include/vrpn_Tracker_ThalmicLabsMyo.h
-- Installing: /home/orinnano/SDK_ros2_ws/install/VRPN/include/vrpn_Tracker_SpacePoint.h
-- Installing: /home/orinnano/SDK_ros2_ws/install/VRPN/include/vrpn_Tracker_Wintracker.h
-- Installing: /home/orinnano/SDK_ros2_ws/install/VRPN/include/vrpn_Tracker_Colibri.h
-- Installing: /home/orinnano/SDK_ros2_ws/install/VRPN/include/vrpn_Tracker_TrivisioColibri.h
-- Installing: /home/orinnano/SDK_ros2_ws/install/VRPN/include/vrpn_Tracker_WiimoteHead.h
-- Installing: /home/orinnano/SDK_ros2_ws/install/VRPN/include/vrpn_Tracker_zSight.h
-- Installing: /home/orinnano/SDK_ros2_ws/install/VRPN/include/vrpn_Tracker_ViewPoint.h
-- Installing: /home/orinnano/SDK_ros2_ws/install/VRPN/include/vrpn_UNC_Joystick.h
-- Installing: /home/orinnano/SDK_ros2_ws/install/VRPN/include/vrpn_VPJoystick.h
-- Installing: /home/orinnano/SDK_ros2_ws/install/VRPN/include/vrpn_Wanda.h
-- Installing: /home/orinnano/SDK_ros2_ws/install/VRPN/include/vrpn_WiiMote.h
-- Installing: /home/orinnano/SDK_ros2_ws/install/VRPN/include/vrpn_XInputGamepad.h
-- Installing: /home/orinnano/SDK_ros2_ws/install/VRPN/include/vrpn_Xkeys.h
-- Installing: /home/orinnano/SDK_ros2_ws/install/VRPN/include/vrpn_Tracker_LibertyHS.h
-- Installing: /home/orinnano/SDK_ros2_ws/install/VRPN/include/vrpn_Vality.h
-- Installing: /home/orinnano/SDK_ros2_ws/install/VRPN/include/vrpn_YEI_3Space.h
-- Installing: /home/orinnano/SDK_ros2_ws/install/VRPN/include/vrpn_Zaber.h
-- Installing: /home/orinnano/SDK_ros2_ws/install/VRPN/include/vrpn_Generic_server_object.h
-- Installing: /home/orinnano/SDK_ros2_ws/install/VRPN/lib/libvrpn.a
-- Up-to-date: /home/orinnano/SDK_ros2_ws/install/VRPN/include/vrpn_Configure.h
-- Up-to-date: /home/orinnano/SDK_ros2_ws/install/VRPN/include/vrpn_Analog.h
-- Up-to-date: /home/orinnano/SDK_ros2_ws/install/VRPN/include/vrpn_Analog_Output.h
-- Up-to-date: /home/orinnano/SDK_ros2_ws/install/VRPN/include/vrpn_Assert.h
-- Up-to-date: /home/orinnano/SDK_ros2_ws/install/VRPN/include/vrpn_Auxiliary_Logger.h
-- Up-to-date: /home/orinnano/SDK_ros2_ws/install/VRPN/include/vrpn_BaseClass.h
-- Up-to-date: /home/orinnano/SDK_ros2_ws/install/VRPN/include/vrpn_Button.h
-- Up-to-date: /home/orinnano/SDK_ros2_ws/install/VRPN/include/vrpn_Connection.h
-- Up-to-date: /home/orinnano/SDK_ros2_ws/install/VRPN/include/vrpn_ConnectionPtr.h
-- Up-to-date: /home/orinnano/SDK_ros2_ws/install/VRPN/include/vrpn_Dial.h
-- Up-to-date: /home/orinnano/SDK_ros2_ws/install/VRPN/include/vrpn_EndpointContainer.h
-- Up-to-date: /home/orinnano/SDK_ros2_ws/install/VRPN/include/vrpn_FileConnection.h
-- Up-to-date: /home/orinnano/SDK_ros2_ws/install/VRPN/include/vrpn_FileController.h
-- Up-to-date: /home/orinnano/SDK_ros2_ws/install/VRPN/include/vrpn_ForceDevice.h
-- Up-to-date: /home/orinnano/SDK_ros2_ws/install/VRPN/include/vrpn_ForwarderController.h
-- Up-to-date: /home/orinnano/SDK_ros2_ws/install/VRPN/include/vrpn_Forwarder.h
-- Up-to-date: /home/orinnano/SDK_ros2_ws/install/VRPN/include/vrpn_FunctionGenerator.h
-- Up-to-date: /home/orinnano/SDK_ros2_ws/install/VRPN/include/vrpn_Imager.h
-- Up-to-date: /home/orinnano/SDK_ros2_ws/install/VRPN/include/vrpn_LamportClock.h
-- Up-to-date: /home/orinnano/SDK_ros2_ws/install/VRPN/include/vrpn_Log.h
-- Up-to-date: /home/orinnano/SDK_ros2_ws/install/VRPN/include/vrpn_MainloopContainer.h
-- Up-to-date: /home/orinnano/SDK_ros2_ws/install/VRPN/include/vrpn_MainloopObject.h
-- Up-to-date: /home/orinnano/SDK_ros2_ws/install/VRPN/include/vrpn_Mutex.h
-- Up-to-date: /home/orinnano/SDK_ros2_ws/install/VRPN/include/vrpn_OwningPtr.h
-- Up-to-date: /home/orinnano/SDK_ros2_ws/install/VRPN/include/vrpn_RedundantTransmission.h
-- Up-to-date: /home/orinnano/SDK_ros2_ws/install/VRPN/include/vrpn_SendTextMessageStreamProxy.h
-- Up-to-date: /home/orinnano/SDK_ros2_ws/install/VRPN/include/vrpn_Serial.h
-- Up-to-date: /home/orinnano/SDK_ros2_ws/install/VRPN/include/vrpn_SerialPort.h
-- Up-to-date: /home/orinnano/SDK_ros2_ws/install/VRPN/include/vrpn_Shared.h
-- Up-to-date: /home/orinnano/SDK_ros2_ws/install/VRPN/include/vrpn_SharedObject.h
-- Up-to-date: /home/orinnano/SDK_ros2_ws/install/VRPN/include/vrpn_Sound.h
-- Up-to-date: /home/orinnano/SDK_ros2_ws/install/VRPN/include/vrpn_Text.h
-- Up-to-date: /home/orinnano/SDK_ros2_ws/install/VRPN/include/vrpn_Thread.h
-- Up-to-date: /home/orinnano/SDK_ros2_ws/install/VRPN/include/vrpn_Tracker.h
-- Up-to-date: /home/orinnano/SDK_ros2_ws/install/VRPN/include/vrpn_Types.h
-- Up-to-date: /home/orinnano/SDK_ros2_ws/install/VRPN/include/vrpn_WindowsH.h
-- Installing: /home/orinnano/SDK_ros2_ws/install/VRPN/bin/time_test
-- Installing: /home/orinnano/SDK_ros2_ws/install/VRPN/lib/libquat.a
-- Installing: /home/orinnano/SDK_ros2_ws/install/VRPN/include/quat.h
-- Up-to-date: /home/orinnano/SDK_ros2_ws/install/VRPN/lib/libquat.a
-- Up-to-date: /home/orinnano/SDK_ros2_ws/install/VRPN/include/quat.h
-- Installing: /home/orinnano/SDK_ros2_ws/install/VRPN/lib/libvrpn_atmel.a
-- Installing: /home/orinnano/SDK_ros2_ws/install/VRPN/include/vrpn_atmellib_errno.h
-- Installing: /home/orinnano/SDK_ros2_ws/install/VRPN/include/vrpn_atmellib.h
-- Installing: /home/orinnano/SDK_ros2_ws/install/VRPN/lib/libgpsnmea.a
-- Installing: /home/orinnano/SDK_ros2_ws/install/VRPN/include/nmeaParser.h
-- Installing: /home/orinnano/SDK_ros2_ws/install/VRPN/include/utmCoord.h
-- Installing: /home/orinnano/SDK_ros2_ws/install/VRPN/include/latLonCoord.h
-- Installing: /home/orinnano/SDK_ros2_ws/install/VRPN/bin/add_vrpn_cookie
-- Installing: /home/orinnano/SDK_ros2_ws/install/VRPN/bin/bdbox_client
-- Installing: /home/orinnano/SDK_ros2_ws/install/VRPN/bin/clock_drift_estimator
-- Installing: /home/orinnano/SDK_ros2_ws/install/VRPN/bin/ff_client
-- Installing: /home/orinnano/SDK_ros2_ws/install/VRPN/bin/forcedevice_test_client
-- Installing: /home/orinnano/SDK_ros2_ws/install/VRPN/bin/forwarderClient
-- Installing: /home/orinnano/SDK_ros2_ws/install/VRPN/bin/phan_client
-- Installing: /home/orinnano/SDK_ros2_ws/install/VRPN/bin/printcereal
-- Installing: /home/orinnano/SDK_ros2_ws/install/VRPN/bin/printvals
-- Installing: /home/orinnano/SDK_ros2_ws/install/VRPN/bin/sound_client
-- Installing: /home/orinnano/SDK_ros2_ws/install/VRPN/bin/sphere_client
-- Installing: /home/orinnano/SDK_ros2_ws/install/VRPN/bin/testSharedObject
-- Installing: /home/orinnano/SDK_ros2_ws/install/VRPN/bin/test_Zaber
-- Installing: /home/orinnano/SDK_ros2_ws/install/VRPN/bin/test_imager
-- Installing: /home/orinnano/SDK_ros2_ws/install/VRPN/bin/test_mutex
-- Installing: /home/orinnano/SDK_ros2_ws/install/VRPN/bin/text
-- Installing: /home/orinnano/SDK_ros2_ws/install/VRPN/bin/tracker_to_poser
-- Installing: /home/orinnano/SDK_ros2_ws/install/VRPN/bin/vrpn_LamportClock
-- Installing: /home/orinnano/SDK_ros2_ws/install/VRPN/bin/vrpn_ping
-- Installing: /home/orinnano/SDK_ros2_ws/install/VRPN/bin/logfilesenders
-- Installing: /home/orinnano/SDK_ros2_ws/install/VRPN/bin/logfiletypes
-- Installing: /home/orinnano/SDK_ros2_ws/install/VRPN/bin/checklogfile
-- Installing: /home/orinnano/SDK_ros2_ws/install/VRPN/bin/vrpn_average_analogs
-- Installing: /home/orinnano/SDK_ros2_ws/install/VRPN/bin/vrpn_print_devices
-- Installing: /home/orinnano/SDK_ros2_ws/install/VRPN/bin/vrpn_log_devices
-- Installing: /home/orinnano/SDK_ros2_ws/install/VRPN/bin/vrpn_print_performance
-- Installing: /home/orinnano/SDK_ros2_ws/install/VRPN/bin/vrpn_print_messages
-- Installing: /home/orinnano/SDK_ros2_ws/install/VRPN/bin/run_auxiliary_logger
-- Installing: /home/orinnano/SDK_ros2_ws/install/VRPN/bin/vrpn_server
-- Installing: /home/orinnano/SDK_ros2_ws/install/VRPN/etc/vrpn.cfg
-- Installing: /home/orinnano/SDK_ros2_ws/install/VRPN/share/vrpn-07.36/vrpn.cfg.sample
-- Installing: /home/orinnano/SDK_ros2_ws/install/VRPN/bin/client_and_server
-- Installing: /home/orinnano/SDK_ros2_ws/install/VRPN/bin/forward
-- Installing: /home/orinnano/SDK_ros2_ws/install/VRPN/bin/last_of_sequence
-- Installing: /home/orinnano/SDK_ros2_ws/install/VRPN/bin/sample_analog
-- Installing: /home/orinnano/SDK_ros2_ws/install/VRPN/bin/sample_server
-- Installing: /home/orinnano/SDK_ros2_ws/install/VRPN/bin/testSharedObjectServer
-- Installing: /home/orinnano/SDK_ros2_ws/install/VRPN/bin/test_analogfly
-- Installing: /home/orinnano/SDK_ros2_ws/install/VRPN/bin/test_auxiliary_logger
-- Installing: /home/orinnano/SDK_ros2_ws/install/VRPN/bin/test_freespace
-- Installing: /home/orinnano/SDK_ros2_ws/install/VRPN/bin/test_logging
-- Installing: /home/orinnano/SDK_ros2_ws/install/VRPN/bin/test_loopback
-- Installing: /home/orinnano/SDK_ros2_ws/install/VRPN/bin/test_mutexServer
-- Installing: /home/orinnano/SDK_ros2_ws/install/VRPN/bin/test_peerMutex
-- Installing: /home/orinnano/SDK_ros2_ws/install/VRPN/bin/test_radamec_spi
-- Installing: /home/orinnano/SDK_ros2_ws/install/VRPN/bin/test_rumble
-- Installing: /home/orinnano/SDK_ros2_ws/install/VRPN/bin/test_vrpn
-- Installing: /home/orinnano/SDK_ros2_ws/install/VRPN/bin/testimager_server
-- Installing: /home/orinnano/SDK_ros2_ws/install/VRPN/bin/textServer
-- Installing: /home/orinnano/SDK_ros2_ws/install/VRPN/lib/libvrpn_timecode_generator.a
-- Installing: /home/orinnano/SDK_ros2_ws/install/VRPN/include/vrpn_timecode_generator.h
-- Installing: /home/orinnano/SDK_ros2_ws/install/VRPN/bin/vrpn_streamPrint
-- Skipping (build 'doc' to create): /home/orinnano/SDK_ros2_ws/build/VRPN/doxygen/docs-generated/html
-- Installing: /home/orinnano/SDK_ros2_ws/install/VRPN/lib/pythondist-packages/vrpn.so
