[  1%] Built target quat
[  1%] Built target vrpn_timecode_generator
[ 11%] Built target vrpn
[ 13%] Built target gpsnmea
[ 15%] Built target vrpn_atmel
[ 16%] Built target ff_client
[ 16%] Built target add_vrpn_cookie
[ 17%] Built target forcedevice_test_client
[ 18%] Built target clock_drift_estimator
[ 40%] Built target bdbox_client
[ 64%] Built target vrpnserver
[ 65%] Built target forwarderClient
[ 66%] Built target printcereal
[ 67%] Built target printvals
[ 67%] Built target phan_client
[ 68%] Built target sound_client
[ 69%] Built target sphere_client
[ 69%] Built target testSharedObject
[ 70%] Built target test_Zaber
[ 70%] Built target test_mutex
[ 70%] Built target test_imager
[ 71%] Built target text
[ 72%] Built target vrpn_LamportClock
[ 73%] Built target tracker_to_poser
[ 73%] Built target vrpn_ping
[ 74%] Built target logfiletypes
[ 75%] Built target logfilesenders
[ 76%] Built target checklogfile
[ 77%] Built target vrpn_log_devices
[ 78%] Built target vrpn_average_analogs
[ 79%] Built target vrpn_print_devices
[ 79%] Built target vrpn_print_performance
[ 80%] Built target run_auxiliary_logger
[ 81%] Built target vrpn_print_messages
[ 82%] Built target c_interface_example
[ 83%] Built target vrpn_server
[ 83%] Built target client_and_server
[ 83%] Built target forward
[ 83%] Built target last_of_sequence
[ 84%] Built target sample_analog
[ 84%] Built target sample_server
[ 84%] Built target test_analogfly
[ 85%] Built target testSharedObjectServer
[ 86%] Built target test_auxiliary_logger
[ 87%] Built target test_freespace
[ 88%] Built target test_logging
[ 89%] Built target test_loopback
[ 90%] Built target test_peerMutex
[ 91%] Built target test_mutexServer
[ 92%] Built target textServer
[ 93%] Built target test_vrpn
[ 94%] Built target test_rumble
[ 94%] Built target testimager_server
[ 95%] Built target vrpn_streamPrint
[ 95%] Built target test_radamec_spi
[ 96%] Built target time_test
[100%] Built target vrpn-python
