[0.257s] Invoking command in '/home/orinnano/SDK_ros2_ws/build/VRPN': NX_CONNECTION=192.168.0.100 65359 192.168.0.104 4000 /usr/bin/cmake --build /home/orinnano/SDK_ros2_ws/build/VRPN -- -j6 -l6
[0.642s] [  1%] Built target quat
[0.771s] [  1%] Built target vrpn_timecode_generator
[0.894s] [ 11%] Built target vrpn
[0.899s] [ 13%] Built target gpsnmea
[0.908s] [ 15%] Built target vrpn_atmel
[1.246s] [ 16%] Built target ff_client
[1.292s] [ 16%] Built target add_vrpn_cookie
[1.345s] [ 17%] Built target forcedevice_test_client
[1.437s] [ 18%] Built target clock_drift_estimator
[1.461s] [ 40%] Built target bdbox_client
[1.472s] [ 64%] Built target vrpnserver
[1.621s] [ 65%] Built target forwarderClient
[1.781s] [ 66%] Built target printcereal
[1.807s] [ 67%] Built target printvals
[1.830s] [ 67%] Built target phan_client
[1.898s] [ 68%] Built target sound_client
[1.937s] [ 69%] Built target sphere_client
[1.948s] [ 69%] Built target testSharedObject
[2.162s] [ 70%] Built target test_Zaber
[2.163s] [ 70%] Built target test_mutex
[2.176s] [ 70%] Built target test_imager
[2.219s] [ 71%] Built target text
[2.225s] [ 72%] Built target vrpn_LamportClock
[2.283s] [ 73%] Built target tracker_to_poser
[2.344s] [ 73%] Built target vrpn_ping
[2.353s] [ 74%] Built target logfiletypes
[2.422s] [ 75%] Built target logfilesenders
[2.458s] [ 76%] Built target checklogfile
[2.539s] [ 77%] Built target vrpn_log_devices
[2.562s] [ 78%] Built target vrpn_average_analogs
[2.575s] [ 79%] Built target vrpn_print_devices
[2.650s] [ 79%] Built target vrpn_print_performance
[2.757s] [ 80%] Built target run_auxiliary_logger
[2.759s] [ 81%] Built target vrpn_print_messages
[2.773s] [ 82%] Built target c_interface_example
[2.823s] [ 83%] Built target vrpn_server
[2.859s] [ 83%] Built target client_and_server
[2.926s] [ 83%] Built target forward
[2.941s] [ 83%] Built target last_of_sequence
[3.022s] [ 84%] Built target sample_analog
[3.128s] [ 84%] Built target sample_server
[3.128s] [ 84%] Built target test_analogfly
[3.129s] [ 85%] Built target testSharedObjectServer
[3.233s] [ 86%] Built target test_auxiliary_logger
[3.271s] [ 87%] Built target test_freespace
[3.301s] [ 88%] Built target test_logging
[3.329s] [ 89%] Built target test_loopback
[3.343s] [ 90%] Built target test_peerMutex
[3.362s] [ 91%] Built target test_mutexServer
[3.694s] [ 92%] Built target textServer
[3.695s] [ 93%] Built target test_vrpn
[3.695s] [ 94%] Built target test_rumble
[3.695s] [ 94%] Built target testimager_server
[3.695s] [ 95%] Built target vrpn_streamPrint
[3.695s] [ 95%] Built target test_radamec_spi
[3.703s] [ 96%] Built target time_test
[3.705s] [100%] Built target vrpn-python
[3.774s] Invoked command in '/home/orinnano/SDK_ros2_ws/build/VRPN' returned '0': NX_CONNECTION=192.168.0.100 65359 192.168.0.104 4000 /usr/bin/cmake --build /home/orinnano/SDK_ros2_ws/build/VRPN -- -j6 -l6
