[  0%] Built target mavros_msgs__cpp
[ 12%] Built target mavros_msgs__rosidl_generator_c
[ 12%] Built target ament_cmake_python_copy_mavros_msgs
[ 24%] Built target mavros_msgs__rosidl_typesupport_cpp
[ 37%] Built target mavros_msgs__rosidl_typesupport_introspection_c
[ 50%] Built target mavros_msgs__rosidl_typesupport_fastrtps_c
[ 63%] Built target mavros_msgs__rosidl_typesupport_c
[ 76%] Built target mavros_msgs__rosidl_typesupport_introspection_cpp
[ 88%] Built target mavros_msgs__rosidl_typesupport_fastrtps_cpp
[ 88%] Built target mavros_msgs
[ 88%] Built target mavros_msgs__py
[100%] Built target mavros_msgs__rosidl_generator_py
running egg_info
writing mavros_msgs.egg-info/PKG-INFO
writing dependency_links to mavros_msgs.egg-info/dependency_links.txt
writing top-level names to mavros_msgs.egg-info/top_level.txt
reading manifest file 'mavros_msgs.egg-info/SOURCES.txt'
writing manifest file 'mavros_msgs.egg-info/SOURCES.txt'
[100%] Built target mavros_msgs__rosidl_typesupport_c__pyext
[100%] Built target mavros_msgs__rosidl_typesupport_introspection_c__pyext
[100%] Built target mavros_msgs__rosidl_typesupport_fastrtps_c__pyext
[100%] Built target ament_cmake_python_build_mavros_msgs_egg
