[0.257s] Invoking command in '/home/orinnano/SDK_ros2_ws/build/VRPN': NX_CONNECTION=192.168.0.100 65359 192.168.0.104 4000 /usr/bin/cmake --build /home/orinnano/SDK_ros2_ws/build/VRPN -- -j6 -l6
[0.816s] [35m[1mConsolidate compiler generated dependencies of target vrpn_atmel[0m
[0.883s] [35m[1mConsolidate compiler generated dependencies of target vrpn_timecode_generator[0m
[0.916s] [35m[1mConsolidate compiler generated dependencies of target gpsnmea[0m
[0.933s] [35m[1mConsolidate compiler generated dependencies of target quat[0m
[0.960s] [  2%] Built target vrpn_atmel
[0.994s] [  4%] Built target gpsnmea
[1.005s] [  5%] Built target quat
[1.078s] [  5%] Built target vrpn_timecode_generator
[1.157s] [35m[1mConsolidate compiler generated dependencies of target vrpn[0m
[1.235s] [35m[1mConsolidate compiler generated dependencies of target vrpnserver[0m
[1.522s] [ 15%] Built target vrpn
[1.713s] [ 60%] Built target vrpnserver
[1.714s] [35m[1mConsolidate compiler generated dependencies of target bdbox_client[0m
[1.805s] [35m[1mConsolidate compiler generated dependencies of target ff_client[0m
[1.805s] [35m[1mConsolidate compiler generated dependencies of target add_vrpn_cookie[0m
[1.808s] [35m[1mConsolidate compiler generated dependencies of target clock_drift_estimator[0m
[1.891s] [ 60%] Built target add_vrpn_cookie
[1.928s] [ 61%] Built target clock_drift_estimator
[1.962s] [35m[1mConsolidate compiler generated dependencies of target forwarderClient[0m
[1.985s] [ 62%] Built target ff_client
[2.003s] [ 63%] Built target bdbox_client
[2.019s] [35m[1mConsolidate compiler generated dependencies of target forcedevice_test_client[0m
[2.138s] [35m[1mConsolidate compiler generated dependencies of target printvals[0m
[2.156s] [35m[1mConsolidate compiler generated dependencies of target phan_client[0m
[2.188s] [35m[1mConsolidate compiler generated dependencies of target printcereal[0m
[2.246s] [ 64%] Built target forcedevice_test_client
[2.265s] [ 65%] Built target forwarderClient
[2.290s] [ 66%] Built target printvals
[2.330s] [ 66%] Built target phan_client
[2.356s] [35m[1mConsolidate compiler generated dependencies of target sound_client[0m
[2.438s] [ 67%] Built target printcereal
[2.445s] [ 68%] Built target sound_client
[2.447s] [35m[1mConsolidate compiler generated dependencies of target test_imager[0m
[2.503s] [35m[1mConsolidate compiler generated dependencies of target test_Zaber[0m
[2.554s] [35m[1mConsolidate compiler generated dependencies of target sphere_client[0m
[2.564s] [35m[1mConsolidate compiler generated dependencies of target testSharedObject[0m
[2.578s] [ 68%] Built target test_imager
[2.601s] [35m[1mConsolidate compiler generated dependencies of target text[0m
[2.609s] [ 69%] Built target test_Zaber
[2.639s] [35m[1mConsolidate compiler generated dependencies of target test_mutex[0m
[2.739s] [ 70%] Built target text
[2.828s] [ 70%] Built target testSharedObject
[2.844s] [ 71%] Built target sphere_client
[2.847s] [ 71%] Built target test_mutex
[2.858s] [35m[1mConsolidate compiler generated dependencies of target vrpn_LamportClock[0m
[2.892s] [35m[1mConsolidate compiler generated dependencies of target vrpn_ping[0m
[2.935s] [35m[1mConsolidate compiler generated dependencies of target tracker_to_poser[0m
[2.977s] [ 71%] Built target vrpn_ping
[2.985s] [ 72%] Built target vrpn_LamportClock
[2.988s] [35m[1mConsolidate compiler generated dependencies of target logfilesenders[0m
[3.008s] [35m[1mConsolidate compiler generated dependencies of target logfiletypes[0m
[3.044s] [35m[1mConsolidate compiler generated dependencies of target checklogfile[0m
[3.059s] [35m[1mConsolidate compiler generated dependencies of target vrpn_average_analogs[0m
[3.063s] [ 73%] Built target tracker_to_poser
[3.116s] [ 74%] Built target logfiletypes
[3.122s] [ 75%] Built target logfilesenders
[3.144s] [35m[1mConsolidate compiler generated dependencies of target vrpn_print_devices[0m
[3.169s] [ 76%] Built target vrpn_average_analogs
[3.192s] [ 77%] Built target checklogfile
[3.195s] [35m[1mConsolidate compiler generated dependencies of target vrpn_log_devices[0m
[3.238s] [35m[1mConsolidate compiler generated dependencies of target vrpn_print_messages[0m
[3.243s] [35m[1mConsolidate compiler generated dependencies of target vrpn_print_performance[0m
[3.263s] [ 78%] Built target vrpn_print_devices
[3.305s] [ 79%] Built target vrpn_log_devices
[3.311s] [35m[1mConsolidate compiler generated dependencies of target run_auxiliary_logger[0m
[3.319s] [35m[1mConsolidate compiler generated dependencies of target c_interface_example[0m
[3.350s] [ 79%] Built target vrpn_print_performance
[3.362s] [ 80%] Built target vrpn_print_messages
[3.400s] [35m[1mConsolidate compiler generated dependencies of target client_and_server[0m
[3.403s] [35m[1mConsolidate compiler generated dependencies of target vrpn_server[0m
[3.438s] [ 81%] Built target c_interface_example
[3.453s] [ 82%] Built target run_auxiliary_logger
[3.483s] [35m[1mConsolidate compiler generated dependencies of target forward[0m
[3.499s] [35m[1mConsolidate compiler generated dependencies of target last_of_sequence[0m
[3.513s] [ 83%] Built target vrpn_server
[3.521s] [ 83%] Built target client_and_server
[3.543s] [35m[1mConsolidate compiler generated dependencies of target sample_analog[0m
[3.580s] [35m[1mConsolidate compiler generated dependencies of target sample_server[0m
[3.596s] [ 83%] Built target last_of_sequence
[3.620s] [35m[1mConsolidate compiler generated dependencies of target testSharedObjectServer[0m
[3.631s] [ 83%] Built target forward
[3.678s] [ 84%] Built target sample_analog
[3.683s] [35m[1mConsolidate compiler generated dependencies of target test_analogfly[0m
[3.723s] [ 84%] Built target sample_server
[3.741s] [35m[1mConsolidate compiler generated dependencies of target test_auxiliary_logger[0m
[3.763s] [35m[1mConsolidate compiler generated dependencies of target test_freespace[0m
[3.776s] [ 85%] Built target testSharedObjectServer
[3.844s] [ 85%] Built target test_analogfly
[3.851s] [35m[1mConsolidate compiler generated dependencies of target test_logging[0m
[3.883s] [ 86%] Built target test_auxiliary_logger
[3.887s] [35m[1mConsolidate compiler generated dependencies of target test_loopback[0m
[3.908s] [ 87%] Built target test_freespace
[3.973s] [35m[1mConsolidate compiler generated dependencies of target test_mutexServer[0m
[4.000s] [35m[1mConsolidate compiler generated dependencies of target test_radamec_spi[0m
[4.036s] [ 88%] Built target test_loopback
[4.036s] [35m[1mConsolidate compiler generated dependencies of target test_peerMutex[0m
[4.037s] [ 89%] Built target test_logging
[4.037s] [35m[1mConsolidate compiler generated dependencies of target test_rumble[0m
[4.080s] [ 90%] Built target test_mutexServer
[4.139s] [ 90%] Built target test_radamec_spi
[4.189s] [35m[1mConsolidate compiler generated dependencies of target test_vrpn[0m
[4.192s] [ 91%] Built target test_peerMutex
[4.192s] [35m[1mConsolidate compiler generated dependencies of target testimager_server[0m
[4.210s] [35m[1mConsolidate compiler generated dependencies of target textServer[0m
[4.225s] [ 92%] Built target test_rumble
[4.295s] [35m[1mConsolidate compiler generated dependencies of target vrpn_streamPrint[0m
[4.346s] [ 93%] Built target textServer
[4.350s] [ 94%] Built target test_vrpn
[4.369s] [ 94%] Built target testimager_server
[4.390s] [35m[1mConsolidate compiler generated dependencies of target time_test[0m
[4.398s] [35m[1mConsolidate compiler generated dependencies of target vrpn-python[0m
[4.425s] [ 95%] Built target vrpn_streamPrint
[4.425s] [ 95%] Built target time_test
[4.436s] [100%] Built target vrpn-python
[4.502s] Invoked command in '/home/orinnano/SDK_ros2_ws/build/VRPN' returned '0': NX_CONNECTION=192.168.0.100 65359 192.168.0.104 4000 /usr/bin/cmake --build /home/orinnano/SDK_ros2_ws/build/VRPN -- -j6 -l6
[8.760s] Invoking command in '/home/orinnano/SDK_ros2_ws/build/VRPN': NX_CONNECTION=192.168.0.100 65359 192.168.0.104 4000 /usr/bin/cmake --install /home/orinnano/SDK_ros2_ws/build/VRPN
[8.811s] -- Install configuration: "RelWithDebInfo"
[8.811s] -- Up-to-date: /home/orinnano/SDK_ros2_ws/install/VRPN/lib/libvrpnserver.a
[8.812s] -- Up-to-date: /home/orinnano/SDK_ros2_ws/install/VRPN/include/vrpn_Configure.h
[8.813s] -- Up-to-date: /home/orinnano/SDK_ros2_ws/install/VRPN/include/vrpn_Analog.h
[8.813s] -- Up-to-date: /home/orinnano/SDK_ros2_ws/install/VRPN/include/vrpn_Analog_Output.h
[8.813s] -- Up-to-date: /home/orinnano/SDK_ros2_ws/install/VRPN/include/vrpn_Assert.h
[8.814s] -- Up-to-date: /home/orinnano/SDK_ros2_ws/install/VRPN/include/vrpn_Auxiliary_Logger.h
[8.815s] -- Up-to-date: /home/orinnano/SDK_ros2_ws/install/VRPN/include/vrpn_BaseClass.h
[8.815s] -- Up-to-date: /home/orinnano/SDK_ros2_ws/install/VRPN/include/vrpn_Button.h
[8.816s] -- Up-to-date: /home/orinnano/SDK_ros2_ws/install/VRPN/include/vrpn_Connection.h
[8.816s] -- Up-to-date: /home/orinnano/SDK_ros2_ws/install/VRPN/include/vrpn_ConnectionPtr.h
[8.817s] -- Up-to-date: /home/orinnano/SDK_ros2_ws/install/VRPN/include/vrpn_Dial.h
[8.818s] -- Up-to-date: /home/orinnano/SDK_ros2_ws/install/VRPN/include/vrpn_EndpointContainer.h
[8.818s] -- Up-to-date: /home/orinnano/SDK_ros2_ws/install/VRPN/include/vrpn_FileConnection.h
[8.819s] -- Up-to-date: /home/orinnano/SDK_ros2_ws/install/VRPN/include/vrpn_FileController.h
[8.819s] -- Up-to-date: /home/orinnano/SDK_ros2_ws/install/VRPN/include/vrpn_ForceDevice.h
[8.819s] -- Up-to-date: /home/orinnano/SDK_ros2_ws/install/VRPN/include/vrpn_ForwarderController.h
[8.819s] -- Up-to-date: /home/orinnano/SDK_ros2_ws/install/VRPN/include/vrpn_Forwarder.h
[8.819s] -- Up-to-date: /home/orinnano/SDK_ros2_ws/install/VRPN/include/vrpn_FunctionGenerator.h
[8.820s] -- Up-to-date: /home/orinnano/SDK_ros2_ws/install/VRPN/include/vrpn_Imager.h
[8.820s] -- Up-to-date: /home/orinnano/SDK_ros2_ws/install/VRPN/include/vrpn_LamportClock.h
[8.820s] -- Up-to-date: /home/orinnano/SDK_ros2_ws/install/VRPN/include/vrpn_Log.h
[8.821s] -- Up-to-date: /home/orinnano/SDK_ros2_ws/install/VRPN/include/vrpn_MainloopContainer.h
[8.821s] -- Up-to-date: /home/orinnano/SDK_ros2_ws/install/VRPN/include/vrpn_MainloopObject.h
[8.823s] -- Up-to-date: /home/orinnano/SDK_ros2_ws/install/VRPN/include/vrpn_Mutex.h
[8.823s] -- Up-to-date: /home/orinnano/SDK_ros2_ws/install/VRPN/include/vrpn_OwningPtr.h
[8.824s] -- Up-to-date: /home/orinnano/SDK_ros2_ws/install/VRPN/include/vrpn_RedundantTransmission.h
[8.824s] -- Up-to-date: /home/orinnano/SDK_ros2_ws/install/VRPN/include/vrpn_SendTextMessageStreamProxy.h
[8.824s] -- Up-to-date: /home/orinnano/SDK_ros2_ws/install/VRPN/include/vrpn_Serial.h
[8.824s] -- Up-to-date: /home/orinnano/SDK_ros2_ws/install/VRPN/include/vrpn_SerialPort.h
[8.825s] -- Up-to-date: /home/orinnano/SDK_ros2_ws/install/VRPN/include/vrpn_Shared.h
[8.825s] -- Up-to-date: /home/orinnano/SDK_ros2_ws/install/VRPN/include/vrpn_SharedObject.h
[8.825s] -- Up-to-date: /home/orinnano/SDK_ros2_ws/install/VRPN/include/vrpn_Sound.h
[8.825s] -- Up-to-date: /home/orinnano/SDK_ros2_ws/install/VRPN/include/vrpn_Text.h
[8.825s] -- Up-to-date: /home/orinnano/SDK_ros2_ws/install/VRPN/include/vrpn_Thread.h
[8.826s] -- Up-to-date: /home/orinnano/SDK_ros2_ws/install/VRPN/include/vrpn_Tracker.h
[8.826s] -- Up-to-date: /home/orinnano/SDK_ros2_ws/install/VRPN/include/vrpn_Types.h
[8.826s] -- Up-to-date: /home/orinnano/SDK_ros2_ws/install/VRPN/include/vrpn_WindowsH.h
[8.826s] -- Up-to-date: /home/orinnano/SDK_ros2_ws/install/VRPN/include/vrpn_3DConnexion.h
[8.826s] -- Up-to-date: /home/orinnano/SDK_ros2_ws/install/VRPN/include/vrpn_3DMicroscribe.h
[8.827s] -- Up-to-date: /home/orinnano/SDK_ros2_ws/install/VRPN/include/vrpn_3Space.h
[8.828s] -- Up-to-date: /home/orinnano/SDK_ros2_ws/install/VRPN/include/vrpn_5DT16.h
[8.828s] -- Up-to-date: /home/orinnano/SDK_ros2_ws/install/VRPN/include/vrpn_Adafruit.h
[8.829s] -- Up-to-date: /home/orinnano/SDK_ros2_ws/install/VRPN/include/vrpn_ADBox.h
[8.829s] -- Up-to-date: /home/orinnano/SDK_ros2_ws/install/VRPN/include/vrpn_Analog_5dt.h
[8.829s] -- Up-to-date: /home/orinnano/SDK_ros2_ws/install/VRPN/include/vrpn_Analog_5dtUSB.h
[8.830s] -- Up-to-date: /home/orinnano/SDK_ros2_ws/install/VRPN/include/vrpn_Analog_Radamec_SPI.h
[8.831s] -- Up-to-date: /home/orinnano/SDK_ros2_ws/install/VRPN/include/vrpn_Analog_USDigital_A2.h
[8.831s] -- Up-to-date: /home/orinnano/SDK_ros2_ws/install/VRPN/include/vrpn_Atmel.h
[8.832s] -- Up-to-date: /home/orinnano/SDK_ros2_ws/install/VRPN/include/vrpn_BiosciencesTools.h
[8.832s] -- Up-to-date: /home/orinnano/SDK_ros2_ws/install/VRPN/include/vrpn_Button_NI_DIO24.h
[8.832s] -- Up-to-date: /home/orinnano/SDK_ros2_ws/install/VRPN/include/vrpn_Button_USB.h
[8.832s] -- Up-to-date: /home/orinnano/SDK_ros2_ws/install/VRPN/include/vrpn_CerealBox.h
[8.833s] -- Up-to-date: /home/orinnano/SDK_ros2_ws/install/VRPN/include/vrpn_CHProducts_Controller_Raw.h
[8.833s] -- Up-to-date: /home/orinnano/SDK_ros2_ws/install/VRPN/include/vrpn_Contour.h
[8.833s] -- Up-to-date: /home/orinnano/SDK_ros2_ws/install/VRPN/include/vrpn_DevInput.h
[8.833s] -- Up-to-date: /home/orinnano/SDK_ros2_ws/install/VRPN/include/vrpn_DirectXFFJoystick.h
[8.834s] -- Up-to-date: /home/orinnano/SDK_ros2_ws/install/VRPN/include/vrpn_DirectXRumblePad.h
[8.834s] -- Up-to-date: /home/orinnano/SDK_ros2_ws/install/VRPN/include/vrpn_DreamCheeky.h
[8.834s] -- Up-to-date: /home/orinnano/SDK_ros2_ws/install/VRPN/include/vrpn_Dyna.h
[8.834s] -- Up-to-date: /home/orinnano/SDK_ros2_ws/install/VRPN/include/vrpn_Event_Analog.h
[8.834s] -- Up-to-date: /home/orinnano/SDK_ros2_ws/install/VRPN/include/vrpn_Event.h
[8.835s] -- Up-to-date: /home/orinnano/SDK_ros2_ws/install/VRPN/include/vrpn_Event_Mouse.h
[8.835s] -- Up-to-date: /home/orinnano/SDK_ros2_ws/install/VRPN/include/vrpn_Flock.h
[8.835s] -- Up-to-date: /home/orinnano/SDK_ros2_ws/install/VRPN/include/vrpn_Flock_Parallel.h
[8.835s] -- Up-to-date: /home/orinnano/SDK_ros2_ws/install/VRPN/include/vrpn_ForceDeviceServer.h
[8.835s] -- Up-to-date: /home/orinnano/SDK_ros2_ws/install/VRPN/include/vrpn_Freespace.h
[8.835s] -- Up-to-date: /home/orinnano/SDK_ros2_ws/install/VRPN/include/vrpn_FunctionGenerator.h
[8.836s] -- Up-to-date: /home/orinnano/SDK_ros2_ws/install/VRPN/include/vrpn_Futaba.h
[8.836s] -- Up-to-date: /home/orinnano/SDK_ros2_ws/install/VRPN/include/vrpn_GlobalHapticsOrb.h
[8.836s] -- Up-to-date: /home/orinnano/SDK_ros2_ws/install/VRPN/include/vrpn_Griffin.h
[8.836s] -- Up-to-date: /home/orinnano/SDK_ros2_ws/install/VRPN/include/vrpn_HashST.h
[8.836s] -- Up-to-date: /home/orinnano/SDK_ros2_ws/install/VRPN/include/vrpn_HumanInterface.h
[8.836s] -- Up-to-date: /home/orinnano/SDK_ros2_ws/install/VRPN/include/vrpn_IDEA.h
[8.837s] -- Up-to-date: /home/orinnano/SDK_ros2_ws/install/VRPN/include/vrpn_Imager_Stream_Buffer.h
[8.837s] -- Up-to-date: /home/orinnano/SDK_ros2_ws/install/VRPN/include/vrpn_ImmersionBox.h
[8.837s] -- Up-to-date: /home/orinnano/SDK_ros2_ws/install/VRPN/include/vrpn_inertiamouse.h
[8.837s] -- Up-to-date: /home/orinnano/SDK_ros2_ws/install/VRPN/include/vrpn_JoyFly.h
[8.837s] -- Up-to-date: /home/orinnano/SDK_ros2_ws/install/VRPN/include/vrpn_Joylin.h
[8.837s] -- Up-to-date: /home/orinnano/SDK_ros2_ws/install/VRPN/include/vrpn_Joywin32.h
[8.838s] -- Up-to-date: /home/orinnano/SDK_ros2_ws/install/VRPN/include/vrpn_Keyboard.h
[8.838s] -- Up-to-date: /home/orinnano/SDK_ros2_ws/install/VRPN/include/vrpn_Logitech_Controller_Raw.h
[8.838s] -- Up-to-date: /home/orinnano/SDK_ros2_ws/install/VRPN/include/vrpn_Laputa.h
[8.838s] -- Up-to-date: /home/orinnano/SDK_ros2_ws/install/VRPN/include/vrpn_LUDL.h
[8.838s] -- Up-to-date: /home/orinnano/SDK_ros2_ws/install/VRPN/include/vrpn_Magellan.h
[8.838s] -- Up-to-date: /home/orinnano/SDK_ros2_ws/install/VRPN/include/vrpn_MessageMacros.h
[8.838s] -- Up-to-date: /home/orinnano/SDK_ros2_ws/install/VRPN/include/vrpn_Microsoft_Controller_Raw.h
[8.839s] -- Up-to-date: /home/orinnano/SDK_ros2_ws/install/VRPN/include/vrpn_Mouse.h
[8.839s] -- Up-to-date: /home/orinnano/SDK_ros2_ws/install/VRPN/include/vrpn_NationalInstruments.h
[8.839s] -- Up-to-date: /home/orinnano/SDK_ros2_ws/install/VRPN/include/vrpn_Nidaq.h
[8.839s] -- Up-to-date: /home/orinnano/SDK_ros2_ws/install/VRPN/include/vrpn_nikon_controls.h
[8.839s] -- Up-to-date: /home/orinnano/SDK_ros2_ws/install/VRPN/include/vrpn_nVidia_shield_controller.h
[8.839s] -- Up-to-date: /home/orinnano/SDK_ros2_ws/install/VRPN/include/vrpn_Oculus.h
[8.839s] -- Up-to-date: /home/orinnano/SDK_ros2_ws/install/VRPN/include/vrpn_OmegaTemperature.h
[8.839s] -- Up-to-date: /home/orinnano/SDK_ros2_ws/install/VRPN/include/vrpn_OneEuroFilter.h
[8.840s] -- Up-to-date: /home/orinnano/SDK_ros2_ws/install/VRPN/include/vrpn_OzzMaker.h
[8.840s] -- Up-to-date: /home/orinnano/SDK_ros2_ws/install/VRPN/include/vrpn_Poser_Analog.h
[8.840s] -- Up-to-date: /home/orinnano/SDK_ros2_ws/install/VRPN/include/vrpn_Poser.h
[8.840s] -- Up-to-date: /home/orinnano/SDK_ros2_ws/install/VRPN/include/vrpn_Poser_Tek4662.h
[8.840s] -- Up-to-date: /home/orinnano/SDK_ros2_ws/install/VRPN/include/vrpn_raw_sgibox.h
[8.840s] -- Up-to-date: /home/orinnano/SDK_ros2_ws/install/VRPN/include/vrpn_Retrolink.h
[8.840s] -- Up-to-date: /home/orinnano/SDK_ros2_ws/install/VRPN/include/vrpn_Saitek_Controller_Raw.h
[8.840s] -- Up-to-date: /home/orinnano/SDK_ros2_ws/install/VRPN/include/vrpn_sgibox.h
[8.841s] -- Up-to-date: /home/orinnano/SDK_ros2_ws/install/VRPN/include/vrpn_Spaceball.h
[8.841s] -- Up-to-date: /home/orinnano/SDK_ros2_ws/install/VRPN/include/vrpn_Streaming_Arduino.h
[8.841s] -- Up-to-date: /home/orinnano/SDK_ros2_ws/install/VRPN/include/vrpn_Tng3.h
[8.841s] -- Up-to-date: /home/orinnano/SDK_ros2_ws/install/VRPN/include/vrpn_Tracker_3DMouse.h
[8.842s] -- Up-to-date: /home/orinnano/SDK_ros2_ws/install/VRPN/include/vrpn_Tracker_AnalogFly.h
[8.842s] -- Up-to-date: /home/orinnano/SDK_ros2_ws/install/VRPN/include/vrpn_Tracker_ButtonFly.h
[8.842s] -- Up-to-date: /home/orinnano/SDK_ros2_ws/install/VRPN/include/vrpn_Tracker_Crossbow.h
[8.842s] -- Up-to-date: /home/orinnano/SDK_ros2_ws/install/VRPN/include/vrpn_Tracker_DTrack.h
[8.842s] -- Up-to-date: /home/orinnano/SDK_ros2_ws/install/VRPN/include/vrpn_Tracker_Fastrak.h
[8.843s] -- Up-to-date: /home/orinnano/SDK_ros2_ws/install/VRPN/include/vrpn_Tracker_Filter.h
[8.843s] -- Up-to-date: /home/orinnano/SDK_ros2_ws/install/VRPN/include/vrpn_Tracker_GameTrak.h
[8.843s] -- Up-to-date: /home/orinnano/SDK_ros2_ws/install/VRPN/include/vrpn_Tracker_GPS.h
[8.843s] -- Up-to-date: /home/orinnano/SDK_ros2_ws/install/VRPN/include/vrpn_Tracker_IMU.h
[8.843s] -- Up-to-date: /home/orinnano/SDK_ros2_ws/install/VRPN/include/vrpn_Tracker_isense.h
[8.843s] -- Up-to-date: /home/orinnano/SDK_ros2_ws/install/VRPN/include/vrpn_Tracker_Isotrak.h
[8.843s] -- Up-to-date: /home/orinnano/SDK_ros2_ws/install/VRPN/include/vrpn_Tracker_JsonNet.h
[8.844s] -- Up-to-date: /home/orinnano/SDK_ros2_ws/install/VRPN/include/vrpn_Tracker_Liberty.h
[8.844s] -- Up-to-date: /home/orinnano/SDK_ros2_ws/install/VRPN/include/vrpn_Tracker_MotionNode.h
[8.844s] -- Up-to-date: /home/orinnano/SDK_ros2_ws/install/VRPN/include/vrpn_Tracker_NDI_Polaris.h
[8.844s] -- Up-to-date: /home/orinnano/SDK_ros2_ws/install/VRPN/include/vrpn_Tracker_NovintFalcon.h
[8.844s] -- Up-to-date: /home/orinnano/SDK_ros2_ws/install/VRPN/include/vrpn_Tracker_OSVRHackerDevKit.h
[8.844s] -- Up-to-date: /home/orinnano/SDK_ros2_ws/install/VRPN/include/vrpn_Tracker_PDI.h
[8.844s] -- Up-to-date: /home/orinnano/SDK_ros2_ws/install/VRPN/include/vrpn_Tracker_PhaseSpace.h
[8.844s] -- Up-to-date: /home/orinnano/SDK_ros2_ws/install/VRPN/include/vrpn_Tracker_RazerHydra.h
[8.845s] -- Up-to-date: /home/orinnano/SDK_ros2_ws/install/VRPN/include/vrpn_Tracker_ThalmicLabsMyo.h
[8.845s] -- Up-to-date: /home/orinnano/SDK_ros2_ws/install/VRPN/include/vrpn_Tracker_SpacePoint.h
[8.845s] -- Up-to-date: /home/orinnano/SDK_ros2_ws/install/VRPN/include/vrpn_Tracker_Wintracker.h
[8.845s] -- Up-to-date: /home/orinnano/SDK_ros2_ws/install/VRPN/include/vrpn_Tracker_Colibri.h
[8.845s] -- Up-to-date: /home/orinnano/SDK_ros2_ws/install/VRPN/include/vrpn_Tracker_TrivisioColibri.h
[8.845s] -- Up-to-date: /home/orinnano/SDK_ros2_ws/install/VRPN/include/vrpn_Tracker_WiimoteHead.h
[8.845s] -- Up-to-date: /home/orinnano/SDK_ros2_ws/install/VRPN/include/vrpn_Tracker_zSight.h
[8.845s] -- Up-to-date: /home/orinnano/SDK_ros2_ws/install/VRPN/include/vrpn_Tracker_ViewPoint.h
[8.846s] -- Up-to-date: /home/orinnano/SDK_ros2_ws/install/VRPN/include/vrpn_UNC_Joystick.h
[8.846s] -- Up-to-date: /home/orinnano/SDK_ros2_ws/install/VRPN/include/vrpn_VPJoystick.h
[8.846s] -- Up-to-date: /home/orinnano/SDK_ros2_ws/install/VRPN/include/vrpn_Wanda.h
[8.846s] -- Up-to-date: /home/orinnano/SDK_ros2_ws/install/VRPN/include/vrpn_WiiMote.h
[8.847s] -- Up-to-date: /home/orinnano/SDK_ros2_ws/install/VRPN/include/vrpn_XInputGamepad.h
[8.847s] -- Up-to-date: /home/orinnano/SDK_ros2_ws/install/VRPN/include/vrpn_Xkeys.h
[8.847s] -- Up-to-date: /home/orinnano/SDK_ros2_ws/install/VRPN/include/vrpn_Tracker_LibertyHS.h
[8.847s] -- Up-to-date: /home/orinnano/SDK_ros2_ws/install/VRPN/include/vrpn_Vality.h
[8.847s] -- Up-to-date: /home/orinnano/SDK_ros2_ws/install/VRPN/include/vrpn_YEI_3Space.h
[8.847s] -- Up-to-date: /home/orinnano/SDK_ros2_ws/install/VRPN/include/vrpn_Zaber.h
[8.847s] -- Up-to-date: /home/orinnano/SDK_ros2_ws/install/VRPN/include/vrpn_Generic_server_object.h
[8.847s] -- Up-to-date: /home/orinnano/SDK_ros2_ws/install/VRPN/lib/libvrpn.a
[8.848s] -- Up-to-date: /home/orinnano/SDK_ros2_ws/install/VRPN/include/vrpn_Configure.h
[8.848s] -- Up-to-date: /home/orinnano/SDK_ros2_ws/install/VRPN/include/vrpn_Analog.h
[8.848s] -- Up-to-date: /home/orinnano/SDK_ros2_ws/install/VRPN/include/vrpn_Analog_Output.h
[8.848s] -- Up-to-date: /home/orinnano/SDK_ros2_ws/install/VRPN/include/vrpn_Assert.h
[8.849s] -- Up-to-date: /home/orinnano/SDK_ros2_ws/install/VRPN/include/vrpn_Auxiliary_Logger.h
[8.849s] -- Up-to-date: /home/orinnano/SDK_ros2_ws/install/VRPN/include/vrpn_BaseClass.h
[8.849s] -- Up-to-date: /home/orinnano/SDK_ros2_ws/install/VRPN/include/vrpn_Button.h
[8.849s] -- Up-to-date: /home/orinnano/SDK_ros2_ws/install/VRPN/include/vrpn_Connection.h
[8.849s] -- Up-to-date: /home/orinnano/SDK_ros2_ws/install/VRPN/include/vrpn_ConnectionPtr.h
[8.850s] -- Up-to-date: /home/orinnano/SDK_ros2_ws/install/VRPN/include/vrpn_Dial.h
[8.850s] -- Up-to-date: /home/orinnano/SDK_ros2_ws/install/VRPN/include/vrpn_EndpointContainer.h
[8.850s] -- Up-to-date: /home/orinnano/SDK_ros2_ws/install/VRPN/include/vrpn_FileConnection.h
[8.850s] -- Up-to-date: /home/orinnano/SDK_ros2_ws/install/VRPN/include/vrpn_FileController.h
[8.850s] -- Up-to-date: /home/orinnano/SDK_ros2_ws/install/VRPN/include/vrpn_ForceDevice.h
[8.850s] -- Up-to-date: /home/orinnano/SDK_ros2_ws/install/VRPN/include/vrpn_ForwarderController.h
[8.850s] -- Up-to-date: /home/orinnano/SDK_ros2_ws/install/VRPN/include/vrpn_Forwarder.h
[8.851s] -- Up-to-date: /home/orinnano/SDK_ros2_ws/install/VRPN/include/vrpn_FunctionGenerator.h
[8.851s] -- Up-to-date: /home/orinnano/SDK_ros2_ws/install/VRPN/include/vrpn_Imager.h
[8.851s] -- Up-to-date: /home/orinnano/SDK_ros2_ws/install/VRPN/include/vrpn_LamportClock.h
[8.851s] -- Up-to-date: /home/orinnano/SDK_ros2_ws/install/VRPN/include/vrpn_Log.h
[8.852s] -- Up-to-date: /home/orinnano/SDK_ros2_ws/install/VRPN/include/vrpn_MainloopContainer.h
[8.852s] -- Up-to-date: /home/orinnano/SDK_ros2_ws/install/VRPN/include/vrpn_MainloopObject.h
[8.852s] -- Up-to-date: /home/orinnano/SDK_ros2_ws/install/VRPN/include/vrpn_Mutex.h
[8.852s] -- Up-to-date: /home/orinnano/SDK_ros2_ws/install/VRPN/include/vrpn_OwningPtr.h
[8.853s] -- Up-to-date: /home/orinnano/SDK_ros2_ws/install/VRPN/include/vrpn_RedundantTransmission.h
[8.853s] -- Up-to-date: /home/orinnano/SDK_ros2_ws/install/VRPN/include/vrpn_SendTextMessageStreamProxy.h
[8.853s] -- Up-to-date: /home/orinnano/SDK_ros2_ws/install/VRPN/include/vrpn_Serial.h
[8.853s] -- Up-to-date: /home/orinnano/SDK_ros2_ws/install/VRPN/include/vrpn_SerialPort.h
[8.853s] -- Up-to-date: /home/orinnano/SDK_ros2_ws/install/VRPN/include/vrpn_Shared.h
[8.853s] -- Up-to-date: /home/orinnano/SDK_ros2_ws/install/VRPN/include/vrpn_SharedObject.h
[8.853s] -- Up-to-date: /home/orinnano/SDK_ros2_ws/install/VRPN/include/vrpn_Sound.h
[8.853s] -- Up-to-date: /home/orinnano/SDK_ros2_ws/install/VRPN/include/vrpn_Text.h
[8.854s] -- Up-to-date: /home/orinnano/SDK_ros2_ws/install/VRPN/include/vrpn_Thread.h
[8.854s] -- Up-to-date: /home/orinnano/SDK_ros2_ws/install/VRPN/include/vrpn_Tracker.h
[8.854s] -- Up-to-date: /home/orinnano/SDK_ros2_ws/install/VRPN/include/vrpn_Types.h
[8.854s] -- Up-to-date: /home/orinnano/SDK_ros2_ws/install/VRPN/include/vrpn_WindowsH.h
[8.854s] -- Up-to-date: /home/orinnano/SDK_ros2_ws/install/VRPN/bin/time_test
[8.854s] -- Up-to-date: /home/orinnano/SDK_ros2_ws/install/VRPN/lib/libquat.a
[8.855s] -- Up-to-date: /home/orinnano/SDK_ros2_ws/install/VRPN/include/quat.h
[8.855s] -- Up-to-date: /home/orinnano/SDK_ros2_ws/install/VRPN/lib/libquat.a
[8.855s] -- Up-to-date: /home/orinnano/SDK_ros2_ws/install/VRPN/include/quat.h
[8.855s] -- Up-to-date: /home/orinnano/SDK_ros2_ws/install/VRPN/lib/libvrpn_atmel.a
[8.855s] -- Up-to-date: /home/orinnano/SDK_ros2_ws/install/VRPN/include/vrpn_atmellib_errno.h
[8.855s] -- Up-to-date: /home/orinnano/SDK_ros2_ws/install/VRPN/include/vrpn_atmellib.h
[8.856s] -- Up-to-date: /home/orinnano/SDK_ros2_ws/install/VRPN/lib/libgpsnmea.a
[8.856s] -- Up-to-date: /home/orinnano/SDK_ros2_ws/install/VRPN/include/nmeaParser.h
[8.856s] -- Up-to-date: /home/orinnano/SDK_ros2_ws/install/VRPN/include/utmCoord.h
[8.856s] -- Up-to-date: /home/orinnano/SDK_ros2_ws/install/VRPN/include/latLonCoord.h
[8.857s] -- Up-to-date: /home/orinnano/SDK_ros2_ws/install/VRPN/bin/add_vrpn_cookie
[8.857s] -- Up-to-date: /home/orinnano/SDK_ros2_ws/install/VRPN/bin/bdbox_client
[8.857s] -- Up-to-date: /home/orinnano/SDK_ros2_ws/install/VRPN/bin/clock_drift_estimator
[8.857s] -- Up-to-date: /home/orinnano/SDK_ros2_ws/install/VRPN/bin/ff_client
[8.857s] -- Up-to-date: /home/orinnano/SDK_ros2_ws/install/VRPN/bin/forcedevice_test_client
[8.857s] -- Up-to-date: /home/orinnano/SDK_ros2_ws/install/VRPN/bin/forwarderClient
[8.857s] -- Up-to-date: /home/orinnano/SDK_ros2_ws/install/VRPN/bin/phan_client
[8.857s] -- Up-to-date: /home/orinnano/SDK_ros2_ws/install/VRPN/bin/printcereal
[8.858s] -- Up-to-date: /home/orinnano/SDK_ros2_ws/install/VRPN/bin/printvals
[8.858s] -- Up-to-date: /home/orinnano/SDK_ros2_ws/install/VRPN/bin/sound_client
[8.858s] -- Up-to-date: /home/orinnano/SDK_ros2_ws/install/VRPN/bin/sphere_client
[8.858s] -- Up-to-date: /home/orinnano/SDK_ros2_ws/install/VRPN/bin/testSharedObject
[8.858s] -- Up-to-date: /home/orinnano/SDK_ros2_ws/install/VRPN/bin/test_Zaber
[8.858s] -- Up-to-date: /home/orinnano/SDK_ros2_ws/install/VRPN/bin/test_imager
[8.858s] -- Up-to-date: /home/orinnano/SDK_ros2_ws/install/VRPN/bin/test_mutex
[8.858s] -- Up-to-date: /home/orinnano/SDK_ros2_ws/install/VRPN/bin/text
[8.859s] -- Up-to-date: /home/orinnano/SDK_ros2_ws/install/VRPN/bin/tracker_to_poser
[8.859s] -- Up-to-date: /home/orinnano/SDK_ros2_ws/install/VRPN/bin/vrpn_LamportClock
[8.859s] -- Up-to-date: /home/orinnano/SDK_ros2_ws/install/VRPN/bin/vrpn_ping
[8.859s] -- Up-to-date: /home/orinnano/SDK_ros2_ws/install/VRPN/bin/logfilesenders
[8.859s] -- Up-to-date: /home/orinnano/SDK_ros2_ws/install/VRPN/bin/logfiletypes
[8.859s] -- Up-to-date: /home/orinnano/SDK_ros2_ws/install/VRPN/bin/checklogfile
[8.859s] -- Up-to-date: /home/orinnano/SDK_ros2_ws/install/VRPN/bin/vrpn_average_analogs
[8.860s] -- Up-to-date: /home/orinnano/SDK_ros2_ws/install/VRPN/bin/vrpn_print_devices
[8.860s] -- Up-to-date: /home/orinnano/SDK_ros2_ws/install/VRPN/bin/vrpn_log_devices
[8.861s] -- Up-to-date: /home/orinnano/SDK_ros2_ws/install/VRPN/bin/vrpn_print_performance
[8.862s] -- Up-to-date: /home/orinnano/SDK_ros2_ws/install/VRPN/bin/vrpn_print_messages
[8.863s] -- Up-to-date: /home/orinnano/SDK_ros2_ws/install/VRPN/bin/run_auxiliary_logger
[8.865s] -- Up-to-date: /home/orinnano/SDK_ros2_ws/install/VRPN/bin/vrpn_server
[8.865s] -- Up-to-date: /home/orinnano/SDK_ros2_ws/install/VRPN/etc/vrpn.cfg
[8.866s] -- Up-to-date: /home/orinnano/SDK_ros2_ws/install/VRPN/share/vrpn-07.36/vrpn.cfg.sample
[8.866s] -- Up-to-date: /home/orinnano/SDK_ros2_ws/install/VRPN/bin/client_and_server
[8.867s] -- Up-to-date: /home/orinnano/SDK_ros2_ws/install/VRPN/bin/forward
[8.868s] -- Up-to-date: /home/orinnano/SDK_ros2_ws/install/VRPN/bin/last_of_sequence
[8.868s] -- Up-to-date: /home/orinnano/SDK_ros2_ws/install/VRPN/bin/sample_analog
[8.869s] -- Up-to-date: /home/orinnano/SDK_ros2_ws/install/VRPN/bin/sample_server
[8.871s] -- Up-to-date: /home/orinnano/SDK_ros2_ws/install/VRPN/bin/testSharedObjectServer
[8.871s] -- Up-to-date: /home/orinnano/SDK_ros2_ws/install/VRPN/bin/test_analogfly
[8.872s] -- Up-to-date: /home/orinnano/SDK_ros2_ws/install/VRPN/bin/test_auxiliary_logger
[8.872s] -- Up-to-date: /home/orinnano/SDK_ros2_ws/install/VRPN/bin/test_freespace
[8.873s] -- Up-to-date: /home/orinnano/SDK_ros2_ws/install/VRPN/bin/test_logging
[8.874s] -- Up-to-date: /home/orinnano/SDK_ros2_ws/install/VRPN/bin/test_loopback
[8.875s] -- Up-to-date: /home/orinnano/SDK_ros2_ws/install/VRPN/bin/test_mutexServer
[8.876s] -- Up-to-date: /home/orinnano/SDK_ros2_ws/install/VRPN/bin/test_peerMutex
[8.876s] -- Up-to-date: /home/orinnano/SDK_ros2_ws/install/VRPN/bin/test_radamec_spi
[8.877s] -- Up-to-date: /home/orinnano/SDK_ros2_ws/install/VRPN/bin/test_rumble
[8.878s] -- Up-to-date: /home/orinnano/SDK_ros2_ws/install/VRPN/bin/test_vrpn
[8.879s] -- Up-to-date: /home/orinnano/SDK_ros2_ws/install/VRPN/bin/testimager_server
[8.879s] -- Up-to-date: /home/orinnano/SDK_ros2_ws/install/VRPN/bin/textServer
[8.880s] -- Up-to-date: /home/orinnano/SDK_ros2_ws/install/VRPN/lib/libvrpn_timecode_generator.a
[8.880s] -- Up-to-date: /home/orinnano/SDK_ros2_ws/install/VRPN/include/vrpn_timecode_generator.h
[8.881s] -- Up-to-date: /home/orinnano/SDK_ros2_ws/install/VRPN/bin/vrpn_streamPrint
[8.884s] -- Skipping (build 'doc' to create): /home/orinnano/SDK_ros2_ws/build/VRPN/doxygen/docs-generated/html
[8.885s] -- Up-to-date: /home/orinnano/SDK_ros2_ws/install/VRPN/lib/pythondist-packages/vrpn.so
[8.891s] Invoked command in '/home/orinnano/SDK_ros2_ws/build/VRPN' returned '0': NX_CONNECTION=192.168.0.100 65359 192.168.0.104 4000 /usr/bin/cmake --install /home/orinnano/SDK_ros2_ws/build/VRPN
