make[2]: *** No rule to make target '/home/cpsl/catkin_ws/src/mavlink/message_definitions/v1.0/autoquad.xml', needed by 'autoquad-v2.0-cxx-stamp'.  Stop.
make[1]: *** [CMakeFiles/Makefile2:235: CMakeFiles/autoquad.xml-v2.0.dir/all] Error 2
make[1]: *** Waiting for unfinished jobs....
[  4%] [34m[1mGenerating matrixpilot-v2.0-cxx-stamp[0m
[  9%] [34m[1mGenerating standard-v2.0-cxx-stamp[0m
[ 18%] [34m[1mGenerating ardupilotmega-v2.0-cxx-stamp[0m
[ 18%] [34m[1mGenerating ASLUAV-v2.0-cxx-stamp[0m
[ 22%] [34m[1mGenerating ualberta-v2.0-cxx-stamp[0m
[ 27%] [34m[1mGenerating include/v1.0/paparazzi/paparazzi.h[0m
[ 31%] [34m[1mGenerating icarous-v2.0-cxx-stamp[0m
[ 36%] [34m[1mGenerating all-v2.0-cxx-stamp[0m
[ 40%] [34m[1mGenerating include/v1.0/ardupilotmega/ardupilotmega.h[0m
make[2]: *** No rule to make target '/home/cpsl/catkin_ws/src/mavlink/message_definitions/v1.0/autoquad.xml', needed by 'include/v1.0/autoquad/autoquad.h'.  Stop.
make[1]: *** [CMakeFiles/Makefile2:424: CMakeFiles/autoquad.xml-v1.0.dir/all] Error 2
[ 45%] [34m[1mGenerating uAvionix-v2.0-cxx-stamp[0m
[ 50%] [34m[1mGenerating include/v1.0/icarous/icarous.h[0m
[ 54%] [34m[1mGenerating paparazzi-v2.0-cxx-stamp[0m
[ 59%] [34m[1mGenerating include/v1.0/ASLUAV/ASLUAV.h[0m
Validating /home/cpsl/catkin_ws/src/mavlink/message_definitions/v1.0/icarous.xml
Validating /home/cpsl/catkin_ws/src/mavlink/message_definitions/v1.0/standard.xml
Parsing /home/cpsl/catkin_ws/src/mavlink/message_definitions/v1.0/standard.xml
Validating /home/cpsl/catkin_ws/src/mavlink/message_definitions/v1.0/minimal.xml
Validating /home/cpsl/catkin_ws/src/mavlink/message_definitions/v1.0/matrixpilot.xml
Parsing /home/cpsl/catkin_ws/src/mavlink/message_definitions/v1.0/icarous.xml
Parsing /home/cpsl/catkin_ws/src/mavlink/message_definitions/v1.0/minimal.xml
Found 2 MAVLink message types in 1 XML files
Parsing /home/cpsl/catkin_ws/src/mavlink/message_definitions/v1.0/matrixpilot.xml
Found 2 MAVLink message types in 2 XML files
Generating C headers
Generating C headers
Generating C implementation in directory include/v2.0/icarous
Generating C implementation in directory include/v2.0/standard
Generating C implementation in directory include/v2.0/minimal
Validating /home/cpsl/catkin_ws/src/mavlink/message_definitions/v1.0/common.xml
Validating /home/cpsl/catkin_ws/src/mavlink/message_definitions/v1.0/ASLUAV.xml
Copying fixed headers for protocol 2.0 to include/v2.0
Generating C++ implementation in directory include/v2.0/icarous
Copying fixed headers for protocol 2.0 to include/v2.0
Copying fixed C++ headers for protocol 2.0 to include/v2.0
Parsing /home/cpsl/catkin_ws/src/mavlink/message_definitions/v1.0/ASLUAV.xml
Generating C++ implementation in directory include/v2.0/standard
Generating C++ implementation in directory include/v2.0/minimal
Copying fixed C++ headers for protocol 2.0 to include/v2.0
Validating /home/cpsl/catkin_ws/src/mavlink/message_definitions/v1.0/common.xml
Validating /home/cpsl/catkin_ws/src/mavlink/message_definitions/v1.0/uAvionix.xml
Validating /home/cpsl/catkin_ws/src/mavlink/message_definitions/v1.0/all.xml
Validating /home/cpsl/catkin_ws/src/mavlink/message_definitions/v1.0/paparazzi.xml
Parsing /home/cpsl/catkin_ws/src/mavlink/message_definitions/v1.0/uAvionix.xml
Validating /home/cpsl/catkin_ws/src/mavlink/message_definitions/v1.0/ualberta.xml
Parsing /home/cpsl/catkin_ws/src/mavlink/message_definitions/v1.0/paparazzi.xml
Parsing /home/cpsl/catkin_ws/src/mavlink/message_definitions/v1.0/all.xml
Validating /home/cpsl/catkin_ws/src/mavlink/message_definitions/v1.0/ardupilotmega.xml
Parsing /home/cpsl/catkin_ws/src/mavlink/message_definitions/v1.0/ualberta.xml
Validating /home/cpsl/catkin_ws/src/mavlink/message_definitions/v1.0/common.xml
Validating /home/cpsl/catkin_ws/src/mavlink/message_definitions/v1.0/common.xml
Parsing /home/cpsl/catkin_ws/src/mavlink/message_definitions/v1.0/common.xml
Validating /home/cpsl/catkin_ws/src/mavlink/message_definitions/v1.0/ardupilotmega.xml
Validating /home/cpsl/catkin_ws/src/mavlink/message_definitions/v1.0/common.xml
Validating /home/cpsl/catkin_ws/src/mavlink/message_definitions/v1.0/ardupilotmega.xml
Parsing /home/cpsl/catkin_ws/src/mavlink/message_definitions/v1.0/ardupilotmega.xml
Parsing /home/cpsl/catkin_ws/src/mavlink/message_definitions/v1.0/common.xml
Parsing /home/cpsl/catkin_ws/src/mavlink/message_definitions/v1.0/ardupilotmega.xml
Validating /home/cpsl/catkin_ws/src/mavlink/message_definitions/v1.0/icarous.xml
Validating /home/cpsl/catkin_ws/src/mavlink/message_definitions/v1.0/paparazzi.xml
Parsing /home/cpsl/catkin_ws/src/mavlink/message_definitions/v1.0/ardupilotmega.xml
[ 59%] Built target icarous.xml-v2.0
Parsing /home/cpsl/catkin_ws/src/mavlink/message_definitions/v1.0/icarous.xml
Parsing /home/cpsl/catkin_ws/src/mavlink/message_definitions/v1.0/paparazzi.xml
Found 0 MAVLink message types in 1 XML files
Generating C implementation in directory include/v1.0/icarous
Validating /home/cpsl/catkin_ws/src/mavlink/message_definitions/v1.0/common.xml
Copying fixed headers for protocol 1.0 to include/v1.0
Validating /home/cpsl/catkin_ws/src/mavlink/message_definitions/v1.0/ASLUAV.xml
Parsing /home/cpsl/catkin_ws/src/mavlink/message_definitions/v1.0/ASLUAV.xml
[ 59%] Built target standard.xml-v2.0
Validating /home/cpsl/catkin_ws/src/mavlink/message_definitions/v1.0/ASLUAV.xml
Validating /home/cpsl/catkin_ws/src/mavlink/message_definitions/v1.0/common.xml
Parsing /home/cpsl/catkin_ws/src/mavlink/message_definitions/v1.0/ASLUAV.xml
Validating /home/cpsl/catkin_ws/src/mavlink/message_definitions/v1.0/common.xml
Parsing /home/cpsl/catkin_ws/src/mavlink/message_definitions/v1.0/common.xml
Parsing /home/cpsl/catkin_ws/src/mavlink/message_definitions/v1.0/common.xml
Validating /home/cpsl/catkin_ws/src/mavlink/message_definitions/v1.0/common.xml
Validating /home/cpsl/catkin_ws/src/mavlink/message_definitions/v1.0/common.xml
Parsing /home/cpsl/catkin_ws/src/mavlink/message_definitions/v1.0/common.xml
[ 59%] Built target icarous.xml-v1.0
Parsing /home/cpsl/catkin_ws/src/mavlink/message_definitions/v1.0/common.xml
Parsing /home/cpsl/catkin_ws/src/mavlink/message_definitions/v1.0/common.xml
Parsing /home/cpsl/catkin_ws/src/mavlink/message_definitions/v1.0/common.xml
Parsing /home/cpsl/catkin_ws/src/mavlink/message_definitions/v1.0/common.xml
Validating /home/cpsl/catkin_ws/src/mavlink/message_definitions/v1.0/standard.xml
Parsing /home/cpsl/catkin_ws/src/mavlink/message_definitions/v1.0/standard.xml
Validating /home/cpsl/catkin_ws/src/mavlink/message_definitions/v1.0/minimal.xml
Parsing /home/cpsl/catkin_ws/src/mavlink/message_definitions/v1.0/minimal.xml
Parsing /home/cpsl/catkin_ws/src/mavlink/message_definitions/v1.0/common.xml
Merged enum MAV_CMD
Validating /home/cpsl/catkin_ws/src/mavlink/message_definitions/v1.0/standard.xml
Found 238 MAVLink message types in 4 XML files
Parsing /home/cpsl/catkin_ws/src/mavlink/message_definitions/v1.0/standard.xml
Validating /home/cpsl/catkin_ws/src/mavlink/message_definitions/v1.0/minimal.xml
Generating C headers
Generating C implementation in directory include/v2.0/ASLUAV
Parsing /home/cpsl/catkin_ws/src/mavlink/message_definitions/v1.0/minimal.xml
Merged enum MAV_CMD
Found 248 MAVLink message types in 4 XML files
Generating C headers
Generating C implementation in directory include/v2.0/matrixpilot
Validating /home/cpsl/catkin_ws/src/mavlink/message_definitions/v1.0/standard.xml
Parsing /home/cpsl/catkin_ws/src/mavlink/message_definitions/v1.0/standard.xml
Validating /home/cpsl/catkin_ws/src/mavlink/message_definitions/v1.0/minimal.xml
Parsing /home/cpsl/catkin_ws/src/mavlink/message_definitions/v1.0/minimal.xml
Generating C implementation in directory include/v2.0/common
Validating /home/cpsl/catkin_ws/src/mavlink/message_definitions/v1.0/standard.xml
Parsing /home/cpsl/catkin_ws/src/mavlink/message_definitions/v1.0/standard.xml
Validating /home/cpsl/catkin_ws/src/mavlink/message_definitions/v1.0/minimal.xml
Validating /home/cpsl/catkin_ws/src/mavlink/message_definitions/v1.0/development.xml
Parsing /home/cpsl/catkin_ws/src/mavlink/message_definitions/v1.0/minimal.xml
Found 147 MAVLink message types in 4 XML files
Generating C implementation in directory include/v1.0/paparazzi
Validating /home/cpsl/catkin_ws/src/mavlink/message_definitions/v1.0/standard.xml
Parsing /home/cpsl/catkin_ws/src/mavlink/message_definitions/v1.0/development.xml
Parsing /home/cpsl/catkin_ws/src/mavlink/message_definitions/v1.0/standard.xml
Validating /home/cpsl/catkin_ws/src/mavlink/message_definitions/v1.0/minimal.xml
Parsing /home/cpsl/catkin_ws/src/mavlink/message_definitions/v1.0/minimal.xml
Validating /home/cpsl/catkin_ws/src/mavlink/message_definitions/v1.0/icarous.xml
Parsing /home/cpsl/catkin_ws/src/mavlink/message_definitions/v1.0/icarous.xml
Validating /home/cpsl/catkin_ws/src/mavlink/message_definitions/v1.0/minimal.xml
Generating C implementation in directory include/v1.0/common
Parsing /home/cpsl/catkin_ws/src/mavlink/message_definitions/v1.0/minimal.xml
Validating /home/cpsl/catkin_ws/src/mavlink/message_definitions/v1.0/standard.xml
Validating /home/cpsl/catkin_ws/src/mavlink/message_definitions/v1.0/standard.xml
Found 224 MAVLink message types in 4 XML files
Parsing /home/cpsl/catkin_ws/src/mavlink/message_definitions/v1.0/standard.xml
Parsing /home/cpsl/catkin_ws/src/mavlink/message_definitions/v1.0/standard.xml
Validating /home/cpsl/catkin_ws/src/mavlink/message_definitions/v1.0/minimal.xml
Validating /home/cpsl/catkin_ws/src/mavlink/message_definitions/v1.0/minimal.xml
Validating /home/cpsl/catkin_ws/src/mavlink/message_definitions/v1.0/uAvionix.xml
Parsing /home/cpsl/catkin_ws/src/mavlink/message_definitions/v1.0/uAvionix.xml
Parsing /home/cpsl/catkin_ws/src/mavlink/message_definitions/v1.0/minimal.xml
Parsing /home/cpsl/catkin_ws/src/mavlink/message_definitions/v1.0/minimal.xml
Generating C headers
Generating C implementation in directory include/v2.0/uAvionix
Validating /home/cpsl/catkin_ws/src/mavlink/message_definitions/v1.0/icarous.xml
Generating C implementation in directory include/v2.0/common
Validating /home/cpsl/catkin_ws/src/mavlink/message_definitions/v1.0/python_array_test.xml
Parsing /home/cpsl/catkin_ws/src/mavlink/message_definitions/v1.0/icarous.xml
Parsing /home/cpsl/catkin_ws/src/mavlink/message_definitions/v1.0/python_array_test.xml
Validating /home/cpsl/catkin_ws/src/mavlink/message_definitions/v1.0/cubepilot.xml
Found 224 MAVLink message types in 4 XML files
Parsing /home/cpsl/catkin_ws/src/mavlink/message_definitions/v1.0/cubepilot.xml
Validating /home/cpsl/catkin_ws/src/mavlink/message_definitions/v1.0/standard.xml
Validating /home/cpsl/catkin_ws/src/mavlink/message_definitions/v1.0/csAirLink.xml
Parsing /home/cpsl/catkin_ws/src/mavlink/message_definitions/v1.0/standard.xml
Validating /home/cpsl/catkin_ws/src/mavlink/message_definitions/v1.0/test.xml
Parsing /home/cpsl/catkin_ws/src/mavlink/message_definitions/v1.0/csAirLink.xml
Parsing /home/cpsl/catkin_ws/src/mavlink/message_definitions/v1.0/test.xml
Validating /home/cpsl/catkin_ws/src/mavlink/message_definitions/v1.0/standard.xml
Validating /home/cpsl/catkin_ws/src/mavlink/message_definitions/v1.0/ualberta.xml
Parsing /home/cpsl/catkin_ws/src/mavlink/message_definitions/v1.0/standard.xml
Parsing /home/cpsl/catkin_ws/src/mavlink/message_definitions/v1.0/ualberta.xml
Validating /home/cpsl/catkin_ws/src/mavlink/message_definitions/v1.0/minimal.xml
Merged enum MAV_CMD
Generating C headers
Validating /home/cpsl/catkin_ws/src/mavlink/message_definitions/v1.0/uAvionix.xml
Generating C implementation in directory include/v2.0/ualberta
Parsing /home/cpsl/catkin_ws/src/mavlink/message_definitions/v1.0/uAvionix.xml
Parsing /home/cpsl/catkin_ws/src/mavlink/message_definitions/v1.0/minimal.xml
Validating /home/cpsl/catkin_ws/src/mavlink/message_definitions/v1.0/storm32.xml
Parsing /home/cpsl/catkin_ws/src/mavlink/message_definitions/v1.0/storm32.xml
Generating C implementation in directory include/v2.0/common
Found 144 MAVLink message types in 4 XML files
Generating C implementation in directory include/v1.0/ASLUAV
Found 226 MAVLink message types in 4 XML files
Generating C implementation in directory include/v2.0/common
Validating /home/cpsl/catkin_ws/src/mavlink/message_definitions/v1.0/AVSSUAS.xml
Parsing /home/cpsl/catkin_ws/src/mavlink/message_definitions/v1.0/AVSSUAS.xml
Merged enum MAV_CMD
Validating /home/cpsl/catkin_ws/src/mavlink/message_definitions/v1.0/cubepilot.xml
Generating C headers
Generating C implementation in directory include/v2.0/paparazzi
Parsing /home/cpsl/catkin_ws/src/mavlink/message_definitions/v1.0/cubepilot.xml
Validating /home/cpsl/catkin_ws/src/mavlink/message_definitions/v1.0/csAirLink.xml
Parsing /home/cpsl/catkin_ws/src/mavlink/message_definitions/v1.0/csAirLink.xml
Merged enum MAV_CMD
Merged enum MAV_CMD
Merged enum MAV_CMD
Merged enum MAV_CMD
Merged enum MAV_CMD
Validating /home/cpsl/catkin_ws/src/mavlink/message_definitions/v1.0/uAvionix.xml
Parsing /home/cpsl/catkin_ws/src/mavlink/message_definitions/v1.0/uAvionix.xml
Validating /home/cpsl/catkin_ws/src/mavlink/message_definitions/v1.0/icarous.xml
Parsing /home/cpsl/catkin_ws/src/mavlink/message_definitions/v1.0/icarous.xml
Generating C implementation in directory include/v2.0/common
Validating /home/cpsl/catkin_ws/src/mavlink/message_definitions/v1.0/cubepilot.xml
Parsing /home/cpsl/catkin_ws/src/mavlink/message_definitions/v1.0/cubepilot.xml
Validating /home/cpsl/catkin_ws/src/mavlink/message_definitions/v1.0/csAirLink.xml
Found 360 MAVLink message types in 16 XML files
Parsing /home/cpsl/catkin_ws/src/mavlink/message_definitions/v1.0/csAirLink.xml
Found 190 MAVLink message types in 8 XML files
Validating /home/cpsl/catkin_ws/src/mavlink/message_definitions/v1.0/standard.xml
Generating C implementation in directory include/v1.0/common
Parsing /home/cpsl/catkin_ws/src/mavlink/message_definitions/v1.0/standard.xml
Validating /home/cpsl/catkin_ws/src/mavlink/message_definitions/v1.0/minimal.xml
Generating C implementation in directory include/v1.0/ardupilotmega
Generating C headers
Generating C implementation in directory include/v2.0/all
Parsing /home/cpsl/catkin_ws/src/mavlink/message_definitions/v1.0/minimal.xml
Generating C implementation in directory include/v2.0/ardupilotmega
Merged enum MAV_CMD
Found 302 MAVLink message types in 8 XML files
Generating C headers
Generating C implementation in directory include/v2.0/ardupilotmega
Generating C implementation in directory include/v1.0/common
Generating C implementation in directory include/v2.0/ASLUAV
Generating C implementation in directory include/v2.0/common
Generating C implementation in directory include/v2.0/common
Generating C implementation in directory include/v1.0/standard
Generating C implementation in directory include/v1.0/minimal
Copying fixed headers for protocol 1.0 to include/v1.0
Generating C implementation in directory include/v1.0/standard
Generating C implementation in directory include/v1.0/minimal
[ 59%] Built target paparazzi.xml-v1.0
Copying fixed headers for protocol 1.0 to include/v1.0
[ 59%] Built target ASLUAV.xml-v1.0
Generating C implementation in directory include/v2.0/standard
Generating C implementation in directory include/v2.0/minimal
Copying fixed headers for protocol 2.0 to include/v2.0
Generating C++ implementation in directory include/v2.0/matrixpilot
Generating C implementation in directory include/v1.0/uAvionix
Generating C implementation in directory include/v1.0/icarous
Generating C implementation in directory include/v1.0/cubepilot
Generating C implementation in directory include/v1.0/csAirLink
Generating C implementation in directory include/v1.0/standard
Generating C implementation in directory include/v1.0/minimal
Generating C implementation in directory include/v2.0/standard
Generating C implementation in directory include/v2.0/minimal
Generating C++ implementation in directory include/v2.0/common
Copying fixed headers for protocol 1.0 to include/v1.0
Copying fixed headers for protocol 2.0 to include/v2.0
Generating C++ implementation in directory include/v2.0/ASLUAV
Generating C++ implementation in directory include/v2.0/common
Generating C implementation in directory include/v2.0/standard
Generating C implementation in directory include/v2.0/minimal
Copying fixed headers for protocol 2.0 to include/v2.0
Generating C++ implementation in directory include/v2.0/paparazzi
Generating C++ implementation in directory include/v2.0/common
[ 59%] Built target ardupilotmega.xml-v1.0
Generating C implementation in directory include/v2.0/standard
Generating C implementation in directory include/v2.0/minimal
Generating C implementation in directory include/v2.0/standard
Generating C implementation in directory include/v2.0/minimal
Copying fixed headers for protocol 2.0 to include/v2.0
Generating C++ implementation in directory include/v2.0/uAvionix
Generating C++ implementation in directory include/v2.0/standard
Generating C++ implementation in directory include/v2.0/minimal
Copying fixed headers for protocol 2.0 to include/v2.0
Generating C++ implementation in directory include/v2.0/ualberta
Generating C++ implementation in directory include/v2.0/common
Generating C++ implementation in directory include/v2.0/common
Copying fixed C++ headers for protocol 2.0 to include/v2.0
Generating C++ implementation in directory include/v2.0/standard
Generating C++ implementation in directory include/v2.0/minimal
Copying fixed C++ headers for protocol 2.0 to include/v2.0
Generating C++ implementation in directory include/v2.0/standard
Generating C++ implementation in directory include/v2.0/minimal
Copying fixed C++ headers for protocol 2.0 to include/v2.0
Generating C implementation in directory include/v2.0/development
[ 59%] Built target matrixpilot.xml-v2.0
[ 59%] Built target ASLUAV.xml-v2.0
Generating C implementation in directory include/v2.0/icarous
Generating C implementation in directory include/v2.0/minimal
Generating C implementation in directory include/v2.0/python_array_test
[ 59%] Built target paparazzi.xml-v2.0
Generating C implementation in directory include/v2.0/standard
Generating C implementation in directory include/v2.0/test
Generating C implementation in directory include/v2.0/ualberta
Generating C implementation in directory include/v2.0/uAvionix
Generating C implementation in directory include/v2.0/storm32
Generating C implementation in directory include/v2.0/uAvionix
Generating C implementation in directory include/v2.0/icarous
Generating C implementation in directory include/v2.0/cubepilot
Generating C implementation in directory include/v2.0/AVSSUAS
Generating C implementation in directory include/v2.0/csAirLink
Generating C implementation in directory include/v2.0/cubepilot
Generating C implementation in directory include/v2.0/standard
Generating C implementation in directory include/v2.0/minimal
Generating C implementation in directory include/v2.0/csAirLink
Copying fixed headers for protocol 2.0 to include/v2.0
Generating C++ implementation in directory include/v2.0/ardupilotmega
Copying fixed headers for protocol 2.0 to include/v2.0
Generating C++ implementation in directory include/v2.0/all
Generating C++ implementation in directory include/v2.0/ardupilotmega
Generating C++ implementation in directory include/v2.0/standard
Generating C++ implementation in directory include/v2.0/minimal
Generating C++ implementation in directory include/v2.0/standard
Generating C++ implementation in directory include/v2.0/minimal
Copying fixed C++ headers for protocol 2.0 to include/v2.0
Copying fixed C++ headers for protocol 2.0 to include/v2.0
Generating C++ implementation in directory include/v2.0/common
Generating C++ implementation in directory include/v2.0/ASLUAV
[ 59%] Built target ualberta.xml-v2.0
Generating C++ implementation in directory include/v2.0/common
[ 59%] Built target uAvionix.xml-v2.0
Generating C++ implementation in directory include/v2.0/uAvionix
Generating C++ implementation in directory include/v2.0/icarous
Generating C++ implementation in directory include/v2.0/cubepilot
Generating C++ implementation in directory include/v2.0/csAirLink
Generating C++ implementation in directory include/v2.0/standard
Generating C++ implementation in directory include/v2.0/minimal
Copying fixed C++ headers for protocol 2.0 to include/v2.0
Generating C++ implementation in directory include/v2.0/development
Generating C++ implementation in directory include/v2.0/icarous
Generating C++ implementation in directory include/v2.0/minimal
Generating C++ implementation in directory include/v2.0/python_array_test
Generating C++ implementation in directory include/v2.0/standard
Generating C++ implementation in directory include/v2.0/test
Generating C++ implementation in directory include/v2.0/ualberta
Generating C++ implementation in directory include/v2.0/uAvionix
Generating C++ implementation in directory include/v2.0/storm32
[ 59%] Built target ardupilotmega.xml-v2.0
Generating C++ implementation in directory include/v2.0/AVSSUAS
Generating C++ implementation in directory include/v2.0/cubepilot
Generating C++ implementation in directory include/v2.0/csAirLink
Copying fixed C++ headers for protocol 2.0 to include/v2.0
[ 59%] Built target all.xml-v2.0
make: *** [Makefile:118: all] Error 2
