[35m[1mScanning dependencies of target uAvionix.xml-v1.0[0m
[35m[1mScanning dependencies of target icarous.xml-v1.0[0m
[35m[1mScanning dependencies of target ualberta.xml-v2.0[0m
[35m[1mScanning dependencies of target cubepilot.xml-v2.0[0m
[35m[1mScanning dependencies of target storm32.xml-v1.0[0m
[35m[1mScanning dependencies of target csAirLink.xml-v1.0[0m
[35m[1mScanning dependencies of target standard.xml-v1.0[0m
[35m[1mScanning dependencies of target ualberta.xml-v1.0[0m
[35m[1mScanning dependencies of target paparazzi.xml-v1.0[0m
[35m[1mScanning dependencies of target paparazzi.xml-v2.0[0m
[35m[1mScanning dependencies of target cubepilot.xml-v1.0[0m
[35m[1mScanning dependencies of target ardupilotmega.xml-v1.0[0m
[35m[1mScanning dependencies of target all.xml-v1.0[0m
[35m[1mScanning dependencies of target uAvionix.xml-v2.0[0m
[  3%] [34m[1mGenerating include/v1.0/icarous/icarous.h[0m
[ 10%] [34m[1mGenerating ualberta-v2.0-cxx-stamp[0m
[ 10%] [34m[1mGenerating cubepilot-v2.0-cxx-stamp[0m
[ 13%] [34m[1mGenerating include/v1.0/uAvionix/uAvionix.h[0m
[ 16%] [34m[1mGenerating include/v1.0/storm32/storm32.h[0m
[ 20%] [34m[1mGenerating include/v1.0/standard/standard.h[0m
[35m[1mScanning dependencies of target all.xml-v2.0[0m
[ 23%] [34m[1mGenerating include/v1.0/all/all.h[0m
[ 30%] [34m[1mGenerating include/v1.0/ualberta/ualberta.h[0m
[ 30%] [34m[1mGenerating paparazzi-v2.0-cxx-stamp[0m
[ 33%] [34m[1mGenerating include/v1.0/ardupilotmega/ardupilotmega.h[0m
[ 40%] [34m[1mGenerating uAvionix-v2.0-cxx-stamp[0m
[ 40%] [34m[1mGenerating include/v1.0/cubepilot/cubepilot.h[0m
[ 43%] [34m[1mGenerating include/v1.0/paparazzi/paparazzi.h[0m
[ 46%] [34m[1mGenerating include/v1.0/csAirLink/csAirLink.h[0m
[ 50%] [34m[1mGenerating all-v2.0-cxx-stamp[0m
Validating /home/cpsl/catkin_ws/src/mavlink/message_definitions/v1.0/paparazzi.xml
Validating /home/cpsl/catkin_ws/src/mavlink/message_definitions/v1.0/uAvionix.xml
Parsing /home/cpsl/catkin_ws/src/mavlink/message_definitions/v1.0/paparazzi.xml
Validating /home/cpsl/catkin_ws/src/mavlink/message_definitions/v1.0/common.xml
Parsing /home/cpsl/catkin_ws/src/mavlink/message_definitions/v1.0/uAvionix.xml
Validating /home/cpsl/catkin_ws/src/mavlink/message_definitions/v1.0/common.xml
Validating /home/cpsl/catkin_ws/src/mavlink/message_definitions/v1.0/ualberta.xml
Parsing /home/cpsl/catkin_ws/src/mavlink/message_definitions/v1.0/ualberta.xml
Validating /home/cpsl/catkin_ws/src/mavlink/message_definitions/v1.0/common.xml
Validating /home/cpsl/catkin_ws/src/mavlink/message_definitions/v1.0/ardupilotmega.xml
Validating /home/cpsl/catkin_ws/src/mavlink/message_definitions/v1.0/ualberta.xml
Parsing /home/cpsl/catkin_ws/src/mavlink/message_definitions/v1.0/ualberta.xml
Validating /home/cpsl/catkin_ws/src/mavlink/message_definitions/v1.0/common.xml
Validating /home/cpsl/catkin_ws/src/mavlink/message_definitions/v1.0/cubepilot.xml
Parsing /home/cpsl/catkin_ws/src/mavlink/message_definitions/v1.0/ardupilotmega.xml
Parsing /home/cpsl/catkin_ws/src/mavlink/message_definitions/v1.0/cubepilot.xml
Validating /home/cpsl/catkin_ws/src/mavlink/message_definitions/v1.0/all.xml
Validating /home/cpsl/catkin_ws/src/mavlink/message_definitions/v1.0/cubepilot.xml
Validating /home/cpsl/catkin_ws/src/mavlink/message_definitions/v1.0/paparazzi.xml
Validating /home/cpsl/catkin_ws/src/mavlink/message_definitions/v1.0/csAirLink.xml
Validating /home/cpsl/catkin_ws/src/mavlink/message_definitions/v1.0/icarous.xml
Validating /home/cpsl/catkin_ws/src/mavlink/message_definitions/v1.0/common.xml
Validating /home/cpsl/catkin_ws/src/mavlink/message_definitions/v1.0/all.xml
Parsing /home/cpsl/catkin_ws/src/mavlink/message_definitions/v1.0/all.xml
Validating /home/cpsl/catkin_ws/src/mavlink/message_definitions/v1.0/storm32.xml
Validating /home/cpsl/catkin_ws/src/mavlink/message_definitions/v1.0/ardupilotmega.xml
Parsing /home/cpsl/catkin_ws/src/mavlink/message_definitions/v1.0/all.xml
Parsing /home/cpsl/catkin_ws/src/mavlink/message_definitions/v1.0/cubepilot.xml
Validating /home/cpsl/catkin_ws/src/mavlink/message_definitions/v1.0/ardupilotmega.xml
Parsing /home/cpsl/catkin_ws/src/mavlink/message_definitions/v1.0/common.xml
Parsing /home/cpsl/catkin_ws/src/mavlink/message_definitions/v1.0/icarous.xml
Parsing /home/cpsl/catkin_ws/src/mavlink/message_definitions/v1.0/csAirLink.xml
Validating /home/cpsl/catkin_ws/src/mavlink/message_definitions/v1.0/common.xml
Found 0 MAVLink message types in 1 XML files
Found 0 MAVLink message types in 1 XML files
Generating C implementation in directory include/v1.0/icarous
Generating C implementation in directory include/v1.0/csAirLink
Parsing /home/cpsl/catkin_ws/src/mavlink/message_definitions/v1.0/storm32.xml
Parsing /home/cpsl/catkin_ws/src/mavlink/message_definitions/v1.0/ardupilotmega.xml
Copying fixed headers for protocol 1.0 to include/v1.0
Copying fixed headers for protocol 1.0 to include/v1.0
Parsing /home/cpsl/catkin_ws/src/mavlink/message_definitions/v1.0/common.xml
Validating /home/cpsl/catkin_ws/src/mavlink/message_definitions/v1.0/ardupilotmega.xml
Parsing /home/cpsl/catkin_ws/src/mavlink/message_definitions/v1.0/ardupilotmega.xml
Validating /home/cpsl/catkin_ws/src/mavlink/message_definitions/v1.0/standard.xml
Parsing /home/cpsl/catkin_ws/src/mavlink/message_definitions/v1.0/standard.xml
Validating /home/cpsl/catkin_ws/src/mavlink/message_definitions/v1.0/minimal.xml
Parsing /home/cpsl/catkin_ws/src/mavlink/message_definitions/v1.0/common.xml
Parsing /home/cpsl/catkin_ws/src/mavlink/message_definitions/v1.0/minimal.xml
Parsing /home/cpsl/catkin_ws/src/mavlink/message_definitions/v1.0/ardupilotmega.xml
Parsing /home/cpsl/catkin_ws/src/mavlink/message_definitions/v1.0/common.xml
Validating /home/cpsl/catkin_ws/src/mavlink/message_definitions/v1.0/ASLUAV.xml
Validating /home/cpsl/catkin_ws/src/mavlink/message_definitions/v1.0/common.xml
Parsing /home/cpsl/catkin_ws/src/mavlink/message_definitions/v1.0/ASLUAV.xml
Parsing /home/cpsl/catkin_ws/src/mavlink/message_definitions/v1.0/paparazzi.xml
Validating /home/cpsl/catkin_ws/src/mavlink/message_definitions/v1.0/common.xml
Validating /home/cpsl/catkin_ws/src/mavlink/message_definitions/v1.0/common.xml
Validating /home/cpsl/catkin_ws/src/mavlink/message_definitions/v1.0/uAvionix.xml
Found 1 MAVLink message types in 2 XML files
Parsing /home/cpsl/catkin_ws/src/mavlink/message_definitions/v1.0/uAvionix.xml
Generating C implementation in directory include/v1.0/standard
Validating /home/cpsl/catkin_ws/src/mavlink/message_definitions/v1.0/ASLUAV.xml
Generating C implementation in directory include/v1.0/minimal
Parsing /home/cpsl/catkin_ws/src/mavlink/message_definitions/v1.0/ASLUAV.xml
Validating /home/cpsl/catkin_ws/src/mavlink/message_definitions/v1.0/common.xml
Validating /home/cpsl/catkin_ws/src/mavlink/message_definitions/v1.0/common.xml
Parsing /home/cpsl/catkin_ws/src/mavlink/message_definitions/v1.0/common.xml
Parsing /home/cpsl/catkin_ws/src/mavlink/message_definitions/v1.0/common.xml
Validating /home/cpsl/catkin_ws/src/mavlink/message_definitions/v1.0/common.xml
Copying fixed headers for protocol 1.0 to include/v1.0
[ 50%] Built target csAirLink.xml-v1.0
Parsing /home/cpsl/catkin_ws/src/mavlink/message_definitions/v1.0/common.xml
Parsing /home/cpsl/catkin_ws/src/mavlink/message_definitions/v1.0/common.xml
Parsing /home/cpsl/catkin_ws/src/mavlink/message_definitions/v1.0/common.xml
[ 50%] Built target icarous.xml-v1.0
[35m[1mScanning dependencies of target icarous.xml-v2.0[0m
Parsing /home/cpsl/catkin_ws/src/mavlink/message_definitions/v1.0/common.xml
Validating /home/cpsl/catkin_ws/src/mavlink/message_definitions/v1.0/standard.xml
Parsing /home/cpsl/catkin_ws/src/mavlink/message_definitions/v1.0/standard.xml
Validating /home/cpsl/catkin_ws/src/mavlink/message_definitions/v1.0/minimal.xml
Parsing /home/cpsl/catkin_ws/src/mavlink/message_definitions/v1.0/minimal.xml
Parsing /home/cpsl/catkin_ws/src/mavlink/message_definitions/v1.0/common.xml
Parsing /home/cpsl/catkin_ws/src/mavlink/message_definitions/v1.0/common.xml
[ 50%] Built target standard.xml-v1.0
Found 142 MAVLink message types in 4 XML files
[35m[1mScanning dependencies of target storm32.xml-v2.0[0m
Generating C implementation in directory include/v1.0/uAvionix
Generating C implementation in directory include/v1.0/common
[ 53%] [34m[1mGenerating icarous-v2.0-cxx-stamp[0m
[ 56%] [34m[1mGenerating storm32-v2.0-cxx-stamp[0m
Validating /home/cpsl/catkin_ws/src/mavlink/message_definitions/v1.0/standard.xml
Parsing /home/cpsl/catkin_ws/src/mavlink/message_definitions/v1.0/standard.xml
Validating /home/cpsl/catkin_ws/src/mavlink/message_definitions/v1.0/minimal.xml
Parsing /home/cpsl/catkin_ws/src/mavlink/message_definitions/v1.0/minimal.xml
Validating /home/cpsl/catkin_ws/src/mavlink/message_definitions/v1.0/standard.xml
Parsing /home/cpsl/catkin_ws/src/mavlink/message_definitions/v1.0/standard.xml
Validating /home/cpsl/catkin_ws/src/mavlink/message_definitions/v1.0/minimal.xml
Parsing /home/cpsl/catkin_ws/src/mavlink/message_definitions/v1.0/minimal.xml
[35m[1mScanning dependencies of target development.xml-v1.0[0m
Validating /home/cpsl/catkin_ws/src/mavlink/message_definitions/v1.0/standard.xml
Parsing /home/cpsl/catkin_ws/src/mavlink/message_definitions/v1.0/standard.xml
Validating /home/cpsl/catkin_ws/src/mavlink/message_definitions/v1.0/minimal.xml
Parsing /home/cpsl/catkin_ws/src/mavlink/message_definitions/v1.0/minimal.xml
Found 145 MAVLink message types in 4 XML files
Generating C implementation in directory include/v1.0/ualberta
Found 226 MAVLink message types in 4 XML files
Generating C implementation in directory include/v1.0/common
Generating C headers
Generating C implementation in directory include/v2.0/paparazzi
Found 224 MAVLink message types in 4 XML files
[ 60%] [34m[1mGenerating include/v1.0/development/development.h[0m
Generating C headers
Generating C implementation in directory include/v2.0/ualberta
Generating C implementation in directory include/v2.0/common
Validating /home/cpsl/catkin_ws/src/mavlink/message_definitions/v1.0/standard.xml
Parsing /home/cpsl/catkin_ws/src/mavlink/message_definitions/v1.0/standard.xml
Validating /home/cpsl/catkin_ws/src/mavlink/message_definitions/v1.0/minimal.xml
Parsing /home/cpsl/catkin_ws/src/mavlink/message_definitions/v1.0/minimal.xml
Generating C implementation in directory include/v2.0/common
Validating /home/cpsl/catkin_ws/src/mavlink/message_definitions/v1.0/development.xml
Parsing /home/cpsl/catkin_ws/src/mavlink/message_definitions/v1.0/development.xml
Found 142 MAVLink message types in 4 XML files
Generating C implementation in directory include/v1.0/cubepilot
Generating C implementation in directory include/v1.0/common
Validating /home/cpsl/catkin_ws/src/mavlink/message_definitions/v1.0/uAvionix.xml
Validating /home/cpsl/catkin_ws/src/mavlink/message_definitions/v1.0/icarous.xml
Parsing /home/cpsl/catkin_ws/src/mavlink/message_definitions/v1.0/icarous.xml
Parsing /home/cpsl/catkin_ws/src/mavlink/message_definitions/v1.0/uAvionix.xml
Validating /home/cpsl/catkin_ws/src/mavlink/message_definitions/v1.0/minimal.xml
Validating /home/cpsl/catkin_ws/src/mavlink/message_definitions/v1.0/icarous.xml
Validating /home/cpsl/catkin_ws/src/mavlink/message_definitions/v1.0/standard.xml
Parsing /home/cpsl/catkin_ws/src/mavlink/message_definitions/v1.0/icarous.xml
Parsing /home/cpsl/catkin_ws/src/mavlink/message_definitions/v1.0/standard.xml
Parsing /home/cpsl/catkin_ws/src/mavlink/message_definitions/v1.0/minimal.xml
Validating /home/cpsl/catkin_ws/src/mavlink/message_definitions/v1.0/minimal.xml
Validating /home/cpsl/catkin_ws/src/mavlink/message_definitions/v1.0/cubepilot.xml
Parsing /home/cpsl/catkin_ws/src/mavlink/message_definitions/v1.0/cubepilot.xml
Validating /home/cpsl/catkin_ws/src/mavlink/message_definitions/v1.0/csAirLink.xml
Parsing /home/cpsl/catkin_ws/src/mavlink/message_definitions/v1.0/csAirLink.xml
Validating /home/cpsl/catkin_ws/src/mavlink/message_definitions/v1.0/standard.xml
Parsing /home/cpsl/catkin_ws/src/mavlink/message_definitions/v1.0/minimal.xml
Parsing /home/cpsl/catkin_ws/src/mavlink/message_definitions/v1.0/standard.xml
Validating /home/cpsl/catkin_ws/src/mavlink/message_definitions/v1.0/minimal.xml
Validating /home/cpsl/catkin_ws/src/mavlink/message_definitions/v1.0/python_array_test.xml
Validating /home/cpsl/catkin_ws/src/mavlink/message_definitions/v1.0/standard.xml
Parsing /home/cpsl/catkin_ws/src/mavlink/message_definitions/v1.0/standard.xml
Parsing /home/cpsl/catkin_ws/src/mavlink/message_definitions/v1.0/minimal.xml
Validating /home/cpsl/catkin_ws/src/mavlink/message_definitions/v1.0/minimal.xml
Parsing /home/cpsl/catkin_ws/src/mavlink/message_definitions/v1.0/python_array_test.xml
Validating /home/cpsl/catkin_ws/src/mavlink/message_definitions/v1.0/storm32.xml
Validating /home/cpsl/catkin_ws/src/mavlink/message_definitions/v1.0/standard.xml
Parsing /home/cpsl/catkin_ws/src/mavlink/message_definitions/v1.0/standard.xml
Validating /home/cpsl/catkin_ws/src/mavlink/message_definitions/v1.0/test.xml
Parsing /home/cpsl/catkin_ws/src/mavlink/message_definitions/v1.0/test.xml
Parsing /home/cpsl/catkin_ws/src/mavlink/message_definitions/v1.0/minimal.xml
Validating /home/cpsl/catkin_ws/src/mavlink/message_definitions/v1.0/ualberta.xml
Parsing /home/cpsl/catkin_ws/src/mavlink/message_definitions/v1.0/ualberta.xml
Validating /home/cpsl/catkin_ws/src/mavlink/message_definitions/v1.0/standard.xml
Parsing /home/cpsl/catkin_ws/src/mavlink/message_definitions/v1.0/storm32.xml
Parsing /home/cpsl/catkin_ws/src/mavlink/message_definitions/v1.0/standard.xml
Validating /home/cpsl/catkin_ws/src/mavlink/message_definitions/v1.0/minimal.xml
Validating /home/cpsl/catkin_ws/src/mavlink/message_definitions/v1.0/uAvionix.xml
Validating /home/cpsl/catkin_ws/src/mavlink/message_definitions/v1.0/icarous.xml
Validating /home/cpsl/catkin_ws/src/mavlink/message_definitions/v1.0/development.xml
Parsing /home/cpsl/catkin_ws/src/mavlink/message_definitions/v1.0/uAvionix.xml
Parsing /home/cpsl/catkin_ws/src/mavlink/message_definitions/v1.0/minimal.xml
Parsing /home/cpsl/catkin_ws/src/mavlink/message_definitions/v1.0/development.xml
Parsing /home/cpsl/catkin_ws/src/mavlink/message_definitions/v1.0/icarous.xml
Validating /home/cpsl/catkin_ws/src/mavlink/message_definitions/v1.0/storm32.xml
Merged enum MAV_CMD
Found 2 MAVLink message types in 1 XML files
Validating /home/cpsl/catkin_ws/src/mavlink/message_definitions/v1.0/ardupilotmega.xml
Parsing /home/cpsl/catkin_ws/src/mavlink/message_definitions/v1.0/storm32.xml
Found 147 MAVLink message types in 4 XML files
Validating /home/cpsl/catkin_ws/src/mavlink/message_definitions/v1.0/icarous.xml
Generating C implementation in directory include/v1.0/paparazzi
Generating C headers
Validating /home/cpsl/catkin_ws/src/mavlink/message_definitions/v1.0/uAvionix.xml
Generating C implementation in directory include/v2.0/icarous
Parsing /home/cpsl/catkin_ws/src/mavlink/message_definitions/v1.0/icarous.xml
Validating /home/cpsl/catkin_ws/src/mavlink/message_definitions/v1.0/minimal.xml
Parsing /home/cpsl/catkin_ws/src/mavlink/message_definitions/v1.0/uAvionix.xml
Found 224 MAVLink message types in 4 XML files
Parsing /home/cpsl/catkin_ws/src/mavlink/message_definitions/v1.0/minimal.xml
Validating /home/cpsl/catkin_ws/src/mavlink/message_definitions/v1.0/icarous.xml
Validating /home/cpsl/catkin_ws/src/mavlink/message_definitions/v1.0/AVSSUAS.xml
Parsing /home/cpsl/catkin_ws/src/mavlink/message_definitions/v1.0/icarous.xml
Parsing /home/cpsl/catkin_ws/src/mavlink/message_definitions/v1.0/ardupilotmega.xml
Validating /home/cpsl/catkin_ws/src/mavlink/message_definitions/v1.0/cubepilot.xml
Parsing /home/cpsl/catkin_ws/src/mavlink/message_definitions/v1.0/AVSSUAS.xml
Generating C headers
Parsing /home/cpsl/catkin_ws/src/mavlink/message_definitions/v1.0/cubepilot.xml
Generating C implementation in directory include/v2.0/uAvionix
Validating /home/cpsl/catkin_ws/src/mavlink/message_definitions/v1.0/csAirLink.xml
Found 190 MAVLink message types in 8 XML files
Parsing /home/cpsl/catkin_ws/src/mavlink/message_definitions/v1.0/csAirLink.xml
Generating C implementation in directory include/v1.0/ardupilotmega
Validating /home/cpsl/catkin_ws/src/mavlink/message_definitions/v1.0/standard.xml
Parsing /home/cpsl/catkin_ws/src/mavlink/message_definitions/v1.0/standard.xml
Validating /home/cpsl/catkin_ws/src/mavlink/message_definitions/v1.0/minimal.xml
Copying fixed headers for protocol 2.0 to include/v2.0
Validating /home/cpsl/catkin_ws/src/mavlink/message_definitions/v1.0/cubepilot.xml
Parsing /home/cpsl/catkin_ws/src/mavlink/message_definitions/v1.0/cubepilot.xml
Generating C implementation in directory include/v1.0/common
Parsing /home/cpsl/catkin_ws/src/mavlink/message_definitions/v1.0/minimal.xml
Generating C++ implementation in directory include/v2.0/icarous
Found 226 MAVLink message types in 4 XML files
Validating /home/cpsl/catkin_ws/src/mavlink/message_definitions/v1.0/csAirLink.xml
Parsing /home/cpsl/catkin_ws/src/mavlink/message_definitions/v1.0/csAirLink.xml
Validating /home/cpsl/catkin_ws/src/mavlink/message_definitions/v1.0/python_array_test.xml
Copying fixed C++ headers for protocol 2.0 to include/v2.0
Parsing /home/cpsl/catkin_ws/src/mavlink/message_definitions/v1.0/python_array_test.xml
Merged enum MAV_CMD
Merged enum MAV_CMD
Validating /home/cpsl/catkin_ws/src/mavlink/message_definitions/v1.0/standard.xml
Merged enum MAV_CMD
Merged enum MAV_CMD
Parsing /home/cpsl/catkin_ws/src/mavlink/message_definitions/v1.0/standard.xml
Merged enum MAV_CMD
Validating /home/cpsl/catkin_ws/src/mavlink/message_definitions/v1.0/test.xml
Generating C headers
Parsing /home/cpsl/catkin_ws/src/mavlink/message_definitions/v1.0/test.xml
Generating C implementation in directory include/v2.0/cubepilot
Validating /home/cpsl/catkin_ws/src/mavlink/message_definitions/v1.0/ualberta.xml
Parsing /home/cpsl/catkin_ws/src/mavlink/message_definitions/v1.0/ualberta.xml
Validating /home/cpsl/catkin_ws/src/mavlink/message_definitions/v1.0/uAvionix.xml
Parsing /home/cpsl/catkin_ws/src/mavlink/message_definitions/v1.0/uAvionix.xml
Generating C implementation in directory include/v2.0/common
Merged enum MAV_CMD
Merged enum MAV_CMD
Validating /home/cpsl/catkin_ws/src/mavlink/message_definitions/v1.0/storm32.xml
Parsing /home/cpsl/catkin_ws/src/mavlink/message_definitions/v1.0/storm32.xml
Validating /home/cpsl/catkin_ws/src/mavlink/message_definitions/v1.0/AVSSUAS.xml
Found 360 MAVLink message types in 16 XML files
Parsing /home/cpsl/catkin_ws/src/mavlink/message_definitions/v1.0/AVSSUAS.xml
Generating C implementation in directory include/v2.0/common
Validating /home/cpsl/catkin_ws/src/mavlink/message_definitions/v1.0/common.xml
Validating /home/cpsl/catkin_ws/src/mavlink/message_definitions/v1.0/cubepilot.xml
Parsing /home/cpsl/catkin_ws/src/mavlink/message_definitions/v1.0/cubepilot.xml
Found 190 MAVLink message types in 9 XML files
Validating /home/cpsl/catkin_ws/src/mavlink/message_definitions/v1.0/csAirLink.xml
Generating C headers
Generating C implementation in directory include/v1.0/storm32
Parsing /home/cpsl/catkin_ws/src/mavlink/message_definitions/v1.0/csAirLink.xml
Generating C implementation in directory include/v2.0/all
Merged enum MAV_CMD
Merged enum MAV_CMD
Merged enum MAV_CMD
Merged enum MAV_CMD
Merged enum MAV_CMD
Generating C implementation in directory include/v2.0/ardupilotmega
Found 196 MAVLink message types in 16 XML files
Generating C implementation in directory include/v1.0/ardupilotmega
Generating C implementation in directory include/v1.0/all
Generating C implementation in directory include/v1.0/ardupilotmega
[ 60%] Built target icarous.xml-v2.0
Parsing /home/cpsl/catkin_ws/src/mavlink/message_definitions/v1.0/common.xml
Validating /home/cpsl/catkin_ws/src/mavlink/message_definitions/v1.0/development.xml
Parsing /home/cpsl/catkin_ws/src/mavlink/message_definitions/v1.0/development.xml
Validating /home/cpsl/catkin_ws/src/mavlink/message_definitions/v1.0/common.xml
[35m[1mScanning dependencies of target ASLUAV.xml-v1.0[0m
Parsing /home/cpsl/catkin_ws/src/mavlink/message_definitions/v1.0/common.xml
[ 63%] [34m[1mGenerating include/v1.0/ASLUAV/ASLUAV.h[0m
Generating C implementation in directory include/v1.0/common
Generating C implementation in directory include/v1.0/standard
Generating C implementation in directory include/v1.0/minimal
Generating C implementation in directory include/v1.0/common
Copying fixed headers for protocol 1.0 to include/v1.0
Generating C implementation in directory include/v1.0/ASLUAV
Validating /home/cpsl/catkin_ws/src/mavlink/message_definitions/v1.0/uAvionix.xml
Parsing /home/cpsl/catkin_ws/src/mavlink/message_definitions/v1.0/uAvionix.xml
Validating /home/cpsl/catkin_ws/src/mavlink/message_definitions/v1.0/icarous.xml
Parsing /home/cpsl/catkin_ws/src/mavlink/message_definitions/v1.0/icarous.xml
Validating /home/cpsl/catkin_ws/src/mavlink/message_definitions/v1.0/cubepilot.xml
Parsing /home/cpsl/catkin_ws/src/mavlink/message_definitions/v1.0/cubepilot.xml
Validating /home/cpsl/catkin_ws/src/mavlink/message_definitions/v1.0/csAirLink.xml
Parsing /home/cpsl/catkin_ws/src/mavlink/message_definitions/v1.0/csAirLink.xml
Validating /home/cpsl/catkin_ws/src/mavlink/message_definitions/v1.0/standard.xml
Parsing /home/cpsl/catkin_ws/src/mavlink/message_definitions/v1.0/standard.xml
Validating /home/cpsl/catkin_ws/src/mavlink/message_definitions/v1.0/minimal.xml
Generating C implementation in directory include/v1.0/common
Parsing /home/cpsl/catkin_ws/src/mavlink/message_definitions/v1.0/minimal.xml
Merged enum MAV_CMD
Merged enum MAV_CMD
[ 63%] Built target uAvionix.xml-v1.0
Found 312 MAVLink message types in 9 XML files
Generating C headers
Generating C implementation in directory include/v2.0/storm32
Generating C implementation in directory include/v2.0/ASLUAV
[35m[1mScanning dependencies of target AVSSUAS.xml-v2.0[0m
Validating /home/cpsl/catkin_ws/src/mavlink/message_definitions/v1.0/ASLUAV.xml
[ 66%] [34m[1mGenerating AVSSUAS-v2.0-cxx-stamp[0m
Parsing /home/cpsl/catkin_ws/src/mavlink/message_definitions/v1.0/ASLUAV.xml
Validating /home/cpsl/catkin_ws/src/mavlink/message_definitions/v1.0/standard.xml
Parsing /home/cpsl/catkin_ws/src/mavlink/message_definitions/v1.0/standard.xml
Validating /home/cpsl/catkin_ws/src/mavlink/message_definitions/v1.0/minimal.xml
Validating /home/cpsl/catkin_ws/src/mavlink/message_definitions/v1.0/common.xml
Parsing /home/cpsl/catkin_ws/src/mavlink/message_definitions/v1.0/minimal.xml
Generating C implementation in directory include/v2.0/ardupilotmega
Merged enum MAV_CMD
Found 143 MAVLink message types in 4 XML files
Generating C implementation in directory include/v1.0/development
Generating C implementation in directory include/v1.0/common
Generating C implementation in directory include/v2.0/common
Parsing /home/cpsl/catkin_ws/src/mavlink/message_definitions/v1.0/common.xml
Validating /home/cpsl/catkin_ws/src/mavlink/message_definitions/v1.0/AVSSUAS.xml
Parsing /home/cpsl/catkin_ws/src/mavlink/message_definitions/v1.0/AVSSUAS.xml
Validating /home/cpsl/catkin_ws/src/mavlink/message_definitions/v1.0/common.xml
Parsing /home/cpsl/catkin_ws/src/mavlink/message_definitions/v1.0/common.xml
Generating C implementation in directory include/v1.0/standard
Generating C implementation in directory include/v1.0/minimal
Validating /home/cpsl/catkin_ws/src/mavlink/message_definitions/v1.0/standard.xml
Parsing /home/cpsl/catkin_ws/src/mavlink/message_definitions/v1.0/standard.xml
Validating /home/cpsl/catkin_ws/src/mavlink/message_definitions/v1.0/minimal.xml
Parsing /home/cpsl/catkin_ws/src/mavlink/message_definitions/v1.0/minimal.xml
Copying fixed headers for protocol 1.0 to include/v1.0
Merged enum MAV_CMD
Found 144 MAVLink message types in 4 XML files
Generating C implementation in directory include/v1.0/ASLUAV
Generating C implementation in directory include/v1.0/standard
Generating C implementation in directory include/v2.0/common
Generating C implementation in directory include/v1.0/minimal
Generating C implementation in directory include/v1.0/common
Copying fixed headers for protocol 1.0 to include/v1.0
[ 66%] Built target ualberta.xml-v1.0
Generating C implementation in directory include/v1.0/standard
[35m[1mScanning dependencies of target standard.xml-v2.0[0m
Generating C implementation in directory include/v1.0/minimal
Validating /home/cpsl/catkin_ws/src/mavlink/message_definitions/v1.0/standard.xml
Parsing /home/cpsl/catkin_ws/src/mavlink/message_definitions/v1.0/standard.xml
Validating /home/cpsl/catkin_ws/src/mavlink/message_definitions/v1.0/minimal.xml
Parsing /home/cpsl/catkin_ws/src/mavlink/message_definitions/v1.0/minimal.xml
Copying fixed headers for protocol 1.0 to include/v1.0
Merged enum MAV_CMD
[ 66%] Built target cubepilot.xml-v1.0
Found 225 MAVLink message types in 4 XML files
Generating C headers
Generating C implementation in directory include/v2.0/AVSSUAS
[ 70%] [34m[1mGenerating standard-v2.0-cxx-stamp[0m
Generating C implementation in directory include/v2.0/common
[ 70%] Built target paparazzi.xml-v1.0
[35m[1mScanning dependencies of target ardupilotmega.xml-v2.0[0m
[ 73%] [34m[1mGenerating ardupilotmega-v2.0-cxx-stamp[0m
[35m[1mScanning dependencies of target common.xml-v1.0[0m
Validating /home/cpsl/catkin_ws/src/mavlink/message_definitions/v1.0/standard.xml
Parsing /home/cpsl/catkin_ws/src/mavlink/message_definitions/v1.0/standard.xml
Generating C implementation in directory include/v1.0/uAvionix
Validating /home/cpsl/catkin_ws/src/mavlink/message_definitions/v1.0/minimal.xml
Parsing /home/cpsl/catkin_ws/src/mavlink/message_definitions/v1.0/minimal.xml
Generating C implementation in directory include/v1.0/icarous
Generating C implementation in directory include/v1.0/cubepilot
Generating C implementation in directory include/v1.0/csAirLink
Generating C implementation in directory include/v1.0/standard
Generating C implementation in directory include/v1.0/minimal
Found 2 MAVLink message types in 2 XML files
Generating C headers
Generating C implementation in directory include/v2.0/standard
Generating C implementation in directory include/v2.0/minimal
[ 76%] Built target common.xml-v1.0
Copying fixed headers for protocol 1.0 to include/v1.0
Copying fixed headers for protocol 2.0 to include/v2.0
Generating C++ implementation in directory include/v2.0/standard
Generating C++ implementation in directory include/v2.0/minimal
Copying fixed C++ headers for protocol 2.0 to include/v2.0
Generating C implementation in directory include/v1.0/uAvionix
Generating C implementation in directory include/v1.0/icarous
Generating C implementation in directory include/v1.0/cubepilot
Generating C implementation in directory include/v1.0/csAirLink
Generating C implementation in directory include/v1.0/standard
Generating C implementation in directory include/v1.0/minimal
Generating C implementation in directory include/v2.0/standard
Generating C implementation in directory include/v2.0/minimal
Validating /home/cpsl/catkin_ws/src/mavlink/message_definitions/v1.0/ardupilotmega.xml
Copying fixed headers for protocol 1.0 to include/v1.0
Copying fixed headers for protocol 2.0 to include/v2.0
Generating C++ implementation in directory include/v2.0/ualberta
Generating C++ implementation in directory include/v2.0/common
Parsing /home/cpsl/catkin_ws/src/mavlink/message_definitions/v1.0/ardupilotmega.xml
Generating C implementation in directory include/v2.0/standard
Generating C implementation in directory include/v2.0/minimal
[35m[1mScanning dependencies of target ASLUAV.xml-v2.0[0m
Copying fixed headers for protocol 2.0 to include/v2.0
Generating C++ implementation in directory include/v2.0/paparazzi
Generating C++ implementation in directory include/v2.0/common
Validating /home/cpsl/catkin_ws/src/mavlink/message_definitions/v1.0/common.xml
[ 76%] Built target ardupilotmega.xml-v1.0
[ 80%] [34m[1mGenerating ASLUAV-v2.0-cxx-stamp[0m
[ 80%] Built target standard.xml-v2.0
[35m[1mScanning dependencies of target csAirLink.xml-v2.0[0m
[ 80%] Built target storm32.xml-v1.0
Generating C implementation in directory include/v1.0/development
Generating C implementation in directory include/v1.0/icarous
Generating C implementation in directory include/v1.0/minimal
[ 83%] [34m[1mGenerating csAirLink-v2.0-cxx-stamp[0m
Parsing /home/cpsl/catkin_ws/src/mavlink/message_definitions/v1.0/common.xml
Generating C implementation in directory include/v1.0/python_array_test
Generating C implementation in directory include/v1.0/standard
Generating C implementation in directory include/v1.0/test
Generating C implementation in directory include/v1.0/ualberta
[35m[1mScanning dependencies of target matrixpilot.xml-v1.0[0m
[35m[1mScanning dependencies of target AVSSUAS.xml-v1.0[0m
Generating C implementation in directory include/v1.0/uAvionix
Generating C implementation in directory include/v1.0/storm32
Generating C implementation in directory include/v1.0/AVSSUAS
Generating C implementation in directory include/v1.0/cubepilot
Generating C implementation in directory include/v1.0/csAirLink
Copying fixed headers for protocol 1.0 to include/v1.0
[ 86%] [34m[1mGenerating include/v1.0/matrixpilot/matrixpilot.h[0m
Generating C implementation in directory include/v2.0/standard
Generating C implementation in directory include/v2.0/minimal
Generating C implementation in directory include/v2.0/standard
[ 90%] [34m[1mGenerating include/v1.0/AVSSUAS/AVSSUAS.h[0m
Generating C implementation in directory include/v2.0/minimal
[ 90%] Built target all.xml-v1.0
Copying fixed headers for protocol 2.0 to include/v2.0
Copying fixed headers for protocol 2.0 to include/v2.0
Generating C++ implementation in directory include/v2.0/uAvionix
Validating /home/cpsl/catkin_ws/src/mavlink/message_definitions/v1.0/ASLUAV.xml
Generating C++ implementation in directory include/v2.0/cubepilot
Generating C++ implementation in directory include/v2.0/common
Generating C++ implementation in directory include/v2.0/common
Parsing /home/cpsl/catkin_ws/src/mavlink/message_definitions/v1.0/ASLUAV.xml
Validating /home/cpsl/catkin_ws/src/mavlink/message_definitions/v1.0/common.xml
Generating C implementation in directory include/v1.0/standard
Generating C implementation in directory include/v1.0/minimal
Generating C++ implementation in directory include/v2.0/standard
Generating C++ implementation in directory include/v2.0/minimal
Copying fixed headers for protocol 1.0 to include/v1.0
Copying fixed C++ headers for protocol 2.0 to include/v2.0
[35m[1mScanning dependencies of target development.xml-v2.0[0m
Validating /home/cpsl/catkin_ws/src/mavlink/message_definitions/v1.0/csAirLink.xml
Parsing /home/cpsl/catkin_ws/src/mavlink/message_definitions/v1.0/common.xml
Parsing /home/cpsl/catkin_ws/src/mavlink/message_definitions/v1.0/csAirLink.xml
Validating /home/cpsl/catkin_ws/src/mavlink/message_definitions/v1.0/matrixpilot.xml
Found 6 MAVLink message types in 1 XML files
Generating C++ implementation in directory include/v2.0/standard
Generating C++ implementation in directory include/v2.0/minimal
Parsing /home/cpsl/catkin_ws/src/mavlink/message_definitions/v1.0/matrixpilot.xml
Generating C headers
Generating C implementation in directory include/v2.0/csAirLink
Copying fixed C++ headers for protocol 2.0 to include/v2.0
Validating /home/cpsl/catkin_ws/src/mavlink/message_definitions/v1.0/uAvionix.xml
Parsing /home/cpsl/catkin_ws/src/mavlink/message_definitions/v1.0/uAvionix.xml
Validating /home/cpsl/catkin_ws/src/mavlink/message_definitions/v1.0/common.xml
Validating /home/cpsl/catkin_ws/src/mavlink/message_definitions/v1.0/icarous.xml
Parsing /home/cpsl/catkin_ws/src/mavlink/message_definitions/v1.0/icarous.xml
Copying fixed headers for protocol 2.0 to include/v2.0
[ 93%] [34m[1mGenerating development-v2.0-cxx-stamp[0m
Validating /home/cpsl/catkin_ws/src/mavlink/message_definitions/v1.0/cubepilot.xml
Parsing /home/cpsl/catkin_ws/src/mavlink/message_definitions/v1.0/cubepilot.xml
Generating C++ implementation in directory include/v2.0/csAirLink
Validating /home/cpsl/catkin_ws/src/mavlink/message_definitions/v1.0/csAirLink.xml
Parsing /home/cpsl/catkin_ws/src/mavlink/message_definitions/v1.0/csAirLink.xml
Validating /home/cpsl/catkin_ws/src/mavlink/message_definitions/v1.0/standard.xml
Parsing /home/cpsl/catkin_ws/src/mavlink/message_definitions/v1.0/standard.xml
Validating /home/cpsl/catkin_ws/src/mavlink/message_definitions/v1.0/minimal.xml
Copying fixed C++ headers for protocol 2.0 to include/v2.0
[ 93%] Built target ualberta.xml-v2.0
Parsing /home/cpsl/catkin_ws/src/mavlink/message_definitions/v1.0/minimal.xml
Merged enum MAV_CMD
Generating C implementation in directory include/v1.0/standard
Generating C implementation in directory include/v1.0/minimal
[ 93%] Built target development.xml-v1.0
Parsing /home/cpsl/catkin_ws/src/mavlink/message_definitions/v1.0/common.xml
Copying fixed headers for protocol 1.0 to include/v1.0
Found 302 MAVLink message types in 8 XML files
Validating /home/cpsl/catkin_ws/src/mavlink/message_definitions/v1.0/AVSSUAS.xml
Generating C headers
Generating C implementation in directory include/v2.0/ardupilotmega
[ 93%] Built target paparazzi.xml-v2.0
Parsing /home/cpsl/catkin_ws/src/mavlink/message_definitions/v1.0/AVSSUAS.xml
Validating /home/cpsl/catkin_ws/src/mavlink/message_definitions/v1.0/common.xml
[ 93%] Built target csAirLink.xml-v2.0
[35m[1mScanning dependencies of target matrixpilot.xml-v2.0[0m
Generating C implementation in directory include/v2.0/development
Validating /home/cpsl/catkin_ws/src/mavlink/message_definitions/v1.0/development.xml
Parsing /home/cpsl/catkin_ws/src/mavlink/message_definitions/v1.0/development.xml
[ 96%] [34m[1mGenerating matrixpilot-v2.0-cxx-stamp[0m
Parsing /home/cpsl/catkin_ws/src/mavlink/message_definitions/v1.0/common.xml
Validating /home/cpsl/catkin_ws/src/mavlink/message_definitions/v1.0/common.xml
[ 96%] Built target ASLUAV.xml-v1.0
Generating C implementation in directory include/v2.0/icarous
Generating C++ implementation in directory include/v2.0/standard
Generating C implementation in directory include/v2.0/minimal
Generating C++ implementation in directory include/v2.0/minimal
Validating /home/cpsl/catkin_ws/src/mavlink/message_definitions/v1.0/standard.xml
Parsing /home/cpsl/catkin_ws/src/mavlink/message_definitions/v1.0/standard.xml
Validating /home/cpsl/catkin_ws/src/mavlink/message_definitions/v1.0/minimal.xml
Copying fixed C++ headers for protocol 2.0 to include/v2.0
Parsing /home/cpsl/catkin_ws/src/mavlink/message_definitions/v1.0/minimal.xml
Generating C implementation in directory include/v2.0/python_array_test
Merged enum MAV_CMD
Found 169 MAVLink message types in 4 XML files
Generating C implementation in directory include/v1.0/matrixpilot
Parsing /home/cpsl/catkin_ws/src/mavlink/message_definitions/v1.0/common.xml
Generating C implementation in directory include/v2.0/standard
Generating C implementation in directory include/v2.0/test
Validating /home/cpsl/catkin_ws/src/mavlink/message_definitions/v1.0/standard.xml
Parsing /home/cpsl/catkin_ws/src/mavlink/message_definitions/v1.0/standard.xml
Validating /home/cpsl/catkin_ws/src/mavlink/message_definitions/v1.0/minimal.xml
Generating C implementation in directory include/v2.0/ualberta
Parsing /home/cpsl/catkin_ws/src/mavlink/message_definitions/v1.0/minimal.xml
Generating C implementation in directory include/v2.0/uAvionix
[ 96%] Built target cubepilot.xml-v2.0
Merged enum MAV_CMD
Found 238 MAVLink message types in 4 XML files
Generating C implementation in directory include/v2.0/storm32
Generating C headers
Generating C implementation in directory include/v2.0/ASLUAV
Generating C implementation in directory include/v2.0/AVSSUAS
Generating C implementation in directory include/v1.0/common
Generating C++ implementation in directory include/v2.0/standard
Generating C++ implementation in directory include/v2.0/minimal
Generating C implementation in directory include/v2.0/cubepilot
Copying fixed C++ headers for protocol 2.0 to include/v2.0
Generating C implementation in directory include/v2.0/csAirLink
Validating /home/cpsl/catkin_ws/src/mavlink/message_definitions/v1.0/standard.xml
Parsing /home/cpsl/catkin_ws/src/mavlink/message_definitions/v1.0/standard.xml
Copying fixed headers for protocol 2.0 to include/v2.0
Validating /home/cpsl/catkin_ws/src/mavlink/message_definitions/v1.0/minimal.xml
Generating C++ implementation in directory include/v2.0/all
Generating C++ implementation in directory include/v2.0/ardupilotmega
Parsing /home/cpsl/catkin_ws/src/mavlink/message_definitions/v1.0/minimal.xml
Validating /home/cpsl/catkin_ws/src/mavlink/message_definitions/v1.0/matrixpilot.xml
Merged enum MAV_CMD
Parsing /home/cpsl/catkin_ws/src/mavlink/message_definitions/v1.0/matrixpilot.xml
Found 236 MAVLink message types in 4 XML files
Generating C headers
Generating C implementation in directory include/v2.0/development
Validating /home/cpsl/catkin_ws/src/mavlink/message_definitions/v1.0/common.xml
Validating /home/cpsl/catkin_ws/src/mavlink/message_definitions/v1.0/standard.xml
Parsing /home/cpsl/catkin_ws/src/mavlink/message_definitions/v1.0/standard.xml
Validating /home/cpsl/catkin_ws/src/mavlink/message_definitions/v1.0/minimal.xml
Parsing /home/cpsl/catkin_ws/src/mavlink/message_definitions/v1.0/minimal.xml
Merged enum MAV_CMD
[ 96%] Built target uAvionix.xml-v2.0
Generating C++ implementation in directory include/v2.0/ASLUAV
Found 142 MAVLink message types in 4 XML files
Generating C implementation in directory include/v2.0/common
Generating C implementation in directory include/v1.0/AVSSUAS
Generating C++ implementation in directory include/v2.0/common
Generating C implementation in directory include/v2.0/common
Generating C implementation in directory include/v2.0/common
Generating C implementation in directory include/v1.0/common
Parsing /home/cpsl/catkin_ws/src/mavlink/message_definitions/v1.0/common.xml
Generating C implementation in directory include/v2.0/standard
Generating C implementation in directory include/v2.0/minimal
Generating C implementation in directory include/v2.0/uAvionix
Copying fixed headers for protocol 2.0 to include/v2.0
Generating C++ implementation in directory include/v2.0/AVSSUAS
Generating C implementation in directory include/v2.0/icarous
Generating C++ implementation in directory include/v2.0/common
Generating C implementation in directory include/v2.0/cubepilot
Generating C++ implementation in directory include/v2.0/development
Generating C++ implementation in directory include/v2.0/icarous
Generating C++ implementation in directory include/v2.0/minimal
Generating C implementation in directory include/v2.0/csAirLink
Generating C++ implementation in directory include/v2.0/python_array_test
Generating C++ implementation in directory include/v2.0/standard
Generating C++ implementation in directory include/v2.0/test
Generating C++ implementation in directory include/v2.0/ualberta
Generating C++ implementation in directory include/v2.0/uAvionix
Generating C++ implementation in directory include/v2.0/storm32
Generating C implementation in directory include/v2.0/standard
Generating C implementation in directory include/v2.0/minimal
Generating C++ implementation in directory include/v2.0/AVSSUAS
Generating C++ implementation in directory include/v2.0/cubepilot
Generating C++ implementation in directory include/v2.0/csAirLink
Copying fixed C++ headers for protocol 2.0 to include/v2.0
Copying fixed headers for protocol 2.0 to include/v2.0
Generating C++ implementation in directory include/v2.0/storm32
Validating /home/cpsl/catkin_ws/src/mavlink/message_definitions/v1.0/standard.xml
Parsing /home/cpsl/catkin_ws/src/mavlink/message_definitions/v1.0/standard.xml
Validating /home/cpsl/catkin_ws/src/mavlink/message_definitions/v1.0/minimal.xml
Parsing /home/cpsl/catkin_ws/src/mavlink/message_definitions/v1.0/minimal.xml
Merged enum MAV_CMD
Generating C++ implementation in directory include/v2.0/ardupilotmega
Found 248 MAVLink message types in 4 XML files
[ 96%] Built target all.xml-v2.0
Generating C headers
Generating C implementation in directory include/v2.0/matrixpilot
Generating C implementation in directory include/v1.0/standard
Generating C implementation in directory include/v1.0/minimal
Copying fixed headers for protocol 1.0 to include/v1.0
Generating C++ implementation in directory include/v2.0/common
[ 96%] Built target matrixpilot.xml-v1.0
Generating C implementation in directory include/v2.0/common
Generating C++ implementation in directory include/v2.0/standard
Generating C++ implementation in directory include/v2.0/minimal
Copying fixed C++ headers for protocol 2.0 to include/v2.0
[ 96%] Built target AVSSUAS.xml-v2.0
Generating C implementation in directory include/v2.0/standard
Generating C implementation in directory include/v2.0/minimal
Generating C++ implementation in directory include/v2.0/uAvionix
Copying fixed headers for protocol 2.0 to include/v2.0
Generating C++ implementation in directory include/v2.0/icarous
Generating C++ implementation in directory include/v2.0/development
Generating C++ implementation in directory include/v2.0/cubepilot
Generating C++ implementation in directory include/v2.0/csAirLink
Generating C++ implementation in directory include/v2.0/standard
Generating C++ implementation in directory include/v2.0/minimal
Generating C++ implementation in directory include/v2.0/common
Copying fixed C++ headers for protocol 2.0 to include/v2.0
Generating C implementation in directory include/v1.0/standard
Generating C implementation in directory include/v1.0/minimal
Copying fixed headers for protocol 1.0 to include/v1.0
[ 96%] Built target storm32.xml-v2.0
[ 96%] Built target AVSSUAS.xml-v1.0
Generating C implementation in directory include/v2.0/standard
Generating C implementation in directory include/v2.0/minimal
Copying fixed headers for protocol 2.0 to include/v2.0
Generating C++ implementation in directory include/v2.0/ASLUAV
Generating C++ implementation in directory include/v2.0/standard
Generating C++ implementation in directory include/v2.0/minimal
Generating C++ implementation in directory include/v2.0/common
Copying fixed C++ headers for protocol 2.0 to include/v2.0
[ 96%] Built target development.xml-v2.0
Generating C implementation in directory include/v2.0/standard
Generating C implementation in directory include/v2.0/minimal
Copying fixed headers for protocol 2.0 to include/v2.0
Generating C++ implementation in directory include/v2.0/matrixpilot
Generating C++ implementation in directory include/v2.0/standard
Generating C++ implementation in directory include/v2.0/minimal
Generating C++ implementation in directory include/v2.0/common
Copying fixed C++ headers for protocol 2.0 to include/v2.0
Generating C implementation in directory include/v2.0/uAvionix
[ 96%] Built target ASLUAV.xml-v2.0
Generating C implementation in directory include/v2.0/icarous
Generating C implementation in directory include/v2.0/cubepilot
Generating C implementation in directory include/v2.0/csAirLink
Generating C implementation in directory include/v2.0/standard
Generating C implementation in directory include/v2.0/minimal
Copying fixed headers for protocol 2.0 to include/v2.0
Generating C++ implementation in directory include/v2.0/ardupilotmega
Generating C++ implementation in directory include/v2.0/common
Generating C++ implementation in directory include/v2.0/standard
Generating C++ implementation in directory include/v2.0/minimal
Copying fixed C++ headers for protocol 2.0 to include/v2.0
[ 96%] Built target matrixpilot.xml-v2.0
Generating C++ implementation in directory include/v2.0/uAvionix
Generating C++ implementation in directory include/v2.0/icarous
Generating C++ implementation in directory include/v2.0/cubepilot
Generating C++ implementation in directory include/v2.0/csAirLink
Generating C++ implementation in directory include/v2.0/standard
Generating C++ implementation in directory include/v2.0/minimal
Copying fixed C++ headers for protocol 2.0 to include/v2.0
[ 96%] Built target ardupilotmega.xml-v2.0
[35m[1mScanning dependencies of target common.xml-v2.0[0m
[100%] [34m[1mGenerating common-v2.0-cxx-stamp[0m
Validating /home/cpsl/catkin_ws/src/mavlink/message_definitions/v1.0/common.xml
Parsing /home/cpsl/catkin_ws/src/mavlink/message_definitions/v1.0/common.xml
Validating /home/cpsl/catkin_ws/src/mavlink/message_definitions/v1.0/standard.xml
Parsing /home/cpsl/catkin_ws/src/mavlink/message_definitions/v1.0/standard.xml
Validating /home/cpsl/catkin_ws/src/mavlink/message_definitions/v1.0/minimal.xml
Parsing /home/cpsl/catkin_ws/src/mavlink/message_definitions/v1.0/minimal.xml
Found 221 MAVLink message types in 3 XML files
Generating C headers
Generating C implementation in directory include/v2.0/common
Generating C implementation in directory include/v2.0/standard
Generating C implementation in directory include/v2.0/minimal
Copying fixed headers for protocol 2.0 to include/v2.0
Generating C++ implementation in directory include/v2.0/common
Generating C++ implementation in directory include/v2.0/standard
Generating C++ implementation in directory include/v2.0/minimal
Copying fixed C++ headers for protocol 2.0 to include/v2.0
[100%] Built target common.xml-v2.0
