-- The C compiler identification is GNU 11.4.0
-- The CXX compiler identification is GNU 11.4.0
-- Detecting C compiler ABI info
-- Detecting C compiler ABI info - done
-- Check for working C compiler: /usr/bin/cc - skipped
-- Detecting C compile features
-- Detecting C compile features - done
-- Detecting CXX compiler ABI info
-- Detecting CXX compiler ABI info - done
-- Check for working CXX compiler: /usr/bin/c++ - skipped
-- Detecting CXX compile features
-- Detecting CXX compile features - done
-- Found ament_cmake: 1.3.9 (/home/orinnano/ros2_humble/install/ament_cmake/share/ament_cmake/cmake)
-- Found Python3: /usr/bin/python3 (found version "3.10.12") found components: Interpreter 
-- Looking for pthread.h
-- Looking for pthread.h - found
-- Performing Test CMAKE_HAVE_LIBC_PTHREAD
-- Performing Test CMAKE_HAVE_LIBC_PTHREAD - Success
-- Found Threads: TRUE  
-- Found rclcpp: 16.0.9 (/home/orinnano/ros2_humble/install/rclcpp/share/rclcpp/cmake)
-- Found rosidl_generator_c: 3.1.5 (/home/orinnano/ros2_humble/install/rosidl_generator_c/share/rosidl_generator_c/cmake)
-- Found rosidl_adapter: 3.1.5 (/home/orinnano/ros2_humble/install/rosidl_adapter/share/rosidl_adapter/cmake)
-- Found rosidl_generator_cpp: 3.1.5 (/home/orinnano/ros2_humble/install/rosidl_generator_cpp/share/rosidl_generator_cpp/cmake)
-- Using all available rosidl_typesupport_c: rosidl_typesupport_fastrtps_c;rosidl_typesupport_introspection_c
-- Using all available rosidl_typesupport_cpp: rosidl_typesupport_fastrtps_cpp;rosidl_typesupport_introspection_cpp
-- Found rmw_implementation_cmake: 6.1.2 (/home/orinnano/ros2_humble/install/rmw_implementation_cmake/share/rmw_implementation_cmake/cmake)
-- Found rmw_fastrtps_cpp: 6.2.6 (/home/orinnano/ros2_humble/install/rmw_fastrtps_cpp/share/rmw_fastrtps_cpp/cmake)
-- Found OpenSSL: /usr/lib/aarch64-linux-gnu/libcrypto.so (found version "3.0.2")  
-- Found FastRTPS: /home/orinnano/ros2_humble/install/fastrtps/include  
-- Using RMW implementation 'rmw_fastrtps_cpp' as default
-- Found geometry_msgs: 4.2.4 (/home/orinnano/ros2_humble/install/geometry_msgs/share/geometry_msgs/cmake)
-- Found eigen3_cmake_module: 0.1.1 (/home/orinnano/ros2_humble/install/eigen3_cmake_module/share/eigen3_cmake_module/cmake)
-- Found Eigen3: TRUE (found version "3.4.0") 
-- Found ament_lint_auto: 0.12.11 (/home/orinnano/ros2_humble/install/ament_lint_auto/share/ament_lint_auto/cmake)
-- Added test 'copyright' to check source files copyright and LICENSE
-- Added test 'cppcheck' to perform static code analysis on C / C++ code
-- Configured cppcheck include dirs: /home/orinnano/ros2_humble/install/rclcpp/include/rclcpp;/home/orinnano/ros2_humble/install/rclcpp/include/rclcpp;$<BUILD_INTERFACE:/home/orinnano/SDK_ros2_ws/src/vrpn_mocap/include>
-- Configured cppcheck exclude dirs and/or files: 
-- Added test 'cpplint' to check C / C++ code against the Google style
-- Configured cpplint exclude dirs and/or files: 
-- Added test 'lint_cmake' to check CMake code style
-- Added test 'uncrustify' to check C / C++ code style
-- Configured uncrustify additional arguments: 
-- Added test 'xmllint' to check XML markup files
-- Configuring done
-- Generating done
-- Build files have been written to: /home/orinnano/SDK_ros2_ws/build/vrpn_mocap
[ 40%] [32mBuilding CXX object CMakeFiles/vrpn_mocap.dir/src/client.cpp.o[0m
[ 40%] [32mBuilding CXX object CMakeFiles/vrpn_mocap.dir/src/tracker.cpp.o[0m
[ 60%] [32m[1mLinking CXX static library libvrpn_mocap.a[0m
[ 60%] Built target vrpn_mocap
[ 80%] [32mBuilding CXX object CMakeFiles/client_node.dir/src/client_node.cpp.o[0m
[100%] [32m[1mLinking CXX executable client_node[0m
[100%] Built target client_node
-- Install configuration: ""
-- Installing: /home/orinnano/SDK_ros2_ws/install/vrpn_mocap/lib/vrpn_mocap/libvrpn_mocap.a
-- Installing: /home/orinnano/SDK_ros2_ws/install/vrpn_mocap/lib/vrpn_mocap/client_node
-- Set runtime path of "/home/orinnano/SDK_ros2_ws/install/vrpn_mocap/lib/vrpn_mocap/client_node" to ""
-- Installing: /home/orinnano/SDK_ros2_ws/install/vrpn_mocap/share/vrpn_mocap/launch
-- Installing: /home/orinnano/SDK_ros2_ws/install/vrpn_mocap/share/vrpn_mocap/launch/client.launch.yaml
-- Installing: /home/orinnano/SDK_ros2_ws/install/vrpn_mocap/share/vrpn_mocap/config
-- Installing: /home/orinnano/SDK_ros2_ws/install/vrpn_mocap/share/vrpn_mocap/config/client.yaml
-- Installing: /home/orinnano/SDK_ros2_ws/install/vrpn_mocap/share/ament_index/resource_index/package_run_dependencies/vrpn_mocap
-- Installing: /home/orinnano/SDK_ros2_ws/install/vrpn_mocap/share/ament_index/resource_index/parent_prefix_path/vrpn_mocap
-- Installing: /home/orinnano/SDK_ros2_ws/install/vrpn_mocap/share/vrpn_mocap/environment/ament_prefix_path.sh
-- Installing: /home/orinnano/SDK_ros2_ws/install/vrpn_mocap/share/vrpn_mocap/environment/ament_prefix_path.dsv
-- Installing: /home/orinnano/SDK_ros2_ws/install/vrpn_mocap/share/vrpn_mocap/environment/path.sh
-- Installing: /home/orinnano/SDK_ros2_ws/install/vrpn_mocap/share/vrpn_mocap/environment/path.dsv
-- Installing: /home/orinnano/SDK_ros2_ws/install/vrpn_mocap/share/vrpn_mocap/local_setup.bash
-- Installing: /home/orinnano/SDK_ros2_ws/install/vrpn_mocap/share/vrpn_mocap/local_setup.sh
-- Installing: /home/orinnano/SDK_ros2_ws/install/vrpn_mocap/share/vrpn_mocap/local_setup.zsh
-- Installing: /home/orinnano/SDK_ros2_ws/install/vrpn_mocap/share/vrpn_mocap/local_setup.dsv
-- Installing: /home/orinnano/SDK_ros2_ws/install/vrpn_mocap/share/vrpn_mocap/package.dsv
-- Installing: /home/orinnano/SDK_ros2_ws/install/vrpn_mocap/share/ament_index/resource_index/packages/vrpn_mocap
-- Installing: /home/orinnano/SDK_ros2_ws/install/vrpn_mocap/share/vrpn_mocap/cmake/vrpn_mocapConfig.cmake
-- Installing: /home/orinnano/SDK_ros2_ws/install/vrpn_mocap/share/vrpn_mocap/cmake/vrpn_mocapConfig-version.cmake
-- Installing: /home/orinnano/SDK_ros2_ws/install/vrpn_mocap/share/vrpn_mocap/package.xml
