-- Found ament_cmake: 1.3.9 (/home/orinnano/ros2_humble/install/ament_cmake/share/ament_cmake/cmake)
-- Looking for pthread.h
-- Looking for pthread.h - found
-- Performing Test CMAKE_HAVE_LIBC_PTHREAD
-- Performing Test CMAKE_HAVE_LIBC_PTHREAD - Success
-- Found Threads: TRUE  
-- Found rclcpp: 16.0.9 (/home/orinnano/ros2_humble/install/rclcpp/share/rclcpp/cmake)
-- Found rosidl_generator_c: 3.1.5 (/home/orinnano/ros2_humble/install/rosidl_generator_c/share/rosidl_generator_c/cmake)
-- Found rosidl_adapter: 3.1.5 (/home/orinnano/ros2_humble/install/rosidl_adapter/share/rosidl_adapter/cmake)
-- Found rosidl_generator_cpp: 3.1.5 (/home/orinnano/ros2_humble/install/rosidl_generator_cpp/share/rosidl_generator_cpp/cmake)
-- Using all available rosidl_typesupport_c: rosidl_typesupport_fastrtps_c;rosidl_typesupport_introspection_c
-- Using all available rosidl_typesupport_cpp: rosidl_typesupport_fastrtps_cpp;rosidl_typesupport_introspection_cpp
-- Found rmw_implementation_cmake: 6.1.2 (/home/orinnano/ros2_humble/install/rmw_implementation_cmake/share/rmw_implementation_cmake/cmake)
-- Found rmw_fastrtps_cpp: 6.2.6 (/home/orinnano/ros2_humble/install/rmw_fastrtps_cpp/share/rmw_fastrtps_cpp/cmake)
-- Found OpenSSL: /usr/lib/aarch64-linux-gnu/libcrypto.so (found version "3.0.2")  
-- Found FastRTPS: /home/orinnano/ros2_humble/install/fastrtps/include  
-- Using RMW implementation 'rmw_fastrtps_cpp' as default
-- Found geometry_msgs: 4.2.4 (/home/orinnano/ros2_humble/install/geometry_msgs/share/geometry_msgs/cmake)
-- Found tf2: 0.25.7 (/home/orinnano/ros2_humble/install/tf2/share/tf2/cmake)
-- Found tf2_ros: 0.25.7 (/home/orinnano/ros2_humble/install/tf2_ros/share/tf2_ros/cmake)
-- Found ament_lint_auto: 0.12.11 (/home/orinnano/ros2_humble/install/ament_lint_auto/share/ament_lint_auto/cmake)
-- Added test 'copyright' to check source files copyright and LICENSE
-- Added test 'cppcheck' to perform static code analysis on C / C++ code
-- Configured cppcheck include dirs: /home/orinnano/SDK_ros2_ws/src/vrpn_client_ros/include
-- Configured cppcheck exclude dirs and/or files: 
-- Added test 'cpplint' to check C / C++ code against the Google style
-- Configured cpplint exclude dirs and/or files: 
-- Added test 'flake8' to check Python code syntax and style conventions
-- Added test 'lint_cmake' to check CMake code style
-- Added test 'pep257' to check Python code against some of the docstring style conventions in PEP 257
-- Added test 'uncrustify' to check C / C++ code style
-- Configured uncrustify additional arguments: 
-- Added test 'xmllint' to check XML markup files
-- Configuring done
-- Generating done
-- Build files have been written to: /home/orinnano/SDK_ros2_ws/build/vrpn_client_ros
[ 16%] [32mBuilding CXX object CMakeFiles/vrpn_client_ros.dir/src/vrpn_client_ros.cpp.o[0m
[ 33%] [32m[1mLinking CXX static library libvrpn_client_ros.a[0m
[ 33%] Built target vrpn_client_ros
[ 66%] [32mBuilding CXX object CMakeFiles/vrpn_tracker_node.dir/src/vrpn_tracker_node.cpp.o[0m
[ 66%] [32mBuilding CXX object CMakeFiles/vrpn_client_node.dir/src/vrpn_client_node.cpp.o[0m
[ 83%] [32m[1mLinking CXX executable vrpn_client_node[0m
[100%] [32m[1mLinking CXX executable vrpn_tracker_node[0m
[100%] Built target vrpn_client_node
[100%] Built target vrpn_tracker_node
-- Install configuration: ""
-- Installing: /home/orinnano/SDK_ros2_ws/install/vrpn_client_ros/share/vrpn_client_ros//launch
-- Installing: /home/orinnano/SDK_ros2_ws/install/vrpn_client_ros/share/vrpn_client_ros//launch/sample.launch.py
-- Installing: /home/orinnano/SDK_ros2_ws/install/vrpn_client_ros/share/vrpn_client_ros//config
-- Installing: /home/orinnano/SDK_ros2_ws/install/vrpn_client_ros/share/vrpn_client_ros//config/sample.params.yaml
-- Installing: /home/orinnano/SDK_ros2_ws/install/vrpn_client_ros/lib/libvrpn_client_ros.a
-- Installing: /home/orinnano/SDK_ros2_ws/install/vrpn_client_ros/lib/vrpn_client_ros/vrpn_tracker_node
-- Set runtime path of "/home/orinnano/SDK_ros2_ws/install/vrpn_client_ros/lib/vrpn_client_ros/vrpn_tracker_node" to ""
-- Installing: /home/orinnano/SDK_ros2_ws/install/vrpn_client_ros/lib/vrpn_client_ros/vrpn_client_node
-- Set runtime path of "/home/orinnano/SDK_ros2_ws/install/vrpn_client_ros/lib/vrpn_client_ros/vrpn_client_node" to ""
-- Installing: /home/orinnano/SDK_ros2_ws/install/vrpn_client_ros/share/ament_index/resource_index/package_run_dependencies/vrpn_client_ros
-- Installing: /home/orinnano/SDK_ros2_ws/install/vrpn_client_ros/share/ament_index/resource_index/parent_prefix_path/vrpn_client_ros
-- Installing: /home/orinnano/SDK_ros2_ws/install/vrpn_client_ros/share/vrpn_client_ros/environment/ament_prefix_path.sh
-- Installing: /home/orinnano/SDK_ros2_ws/install/vrpn_client_ros/share/vrpn_client_ros/environment/ament_prefix_path.dsv
-- Installing: /home/orinnano/SDK_ros2_ws/install/vrpn_client_ros/share/vrpn_client_ros/environment/path.sh
-- Installing: /home/orinnano/SDK_ros2_ws/install/vrpn_client_ros/share/vrpn_client_ros/environment/path.dsv
-- Installing: /home/orinnano/SDK_ros2_ws/install/vrpn_client_ros/share/vrpn_client_ros/local_setup.bash
-- Installing: /home/orinnano/SDK_ros2_ws/install/vrpn_client_ros/share/vrpn_client_ros/local_setup.sh
-- Installing: /home/orinnano/SDK_ros2_ws/install/vrpn_client_ros/share/vrpn_client_ros/local_setup.zsh
-- Installing: /home/orinnano/SDK_ros2_ws/install/vrpn_client_ros/share/vrpn_client_ros/local_setup.dsv
-- Installing: /home/orinnano/SDK_ros2_ws/install/vrpn_client_ros/share/vrpn_client_ros/package.dsv
-- Installing: /home/orinnano/SDK_ros2_ws/install/vrpn_client_ros/share/ament_index/resource_index/packages/vrpn_client_ros
-- Installing: /home/orinnano/SDK_ros2_ws/install/vrpn_client_ros/share/vrpn_client_ros/cmake/vrpn_client_rosConfig.cmake
-- Installing: /home/orinnano/SDK_ros2_ws/install/vrpn_client_ros/share/vrpn_client_ros/cmake/vrpn_client_rosConfig-version.cmake
-- Installing: /home/orinnano/SDK_ros2_ws/install/vrpn_client_ros/share/vrpn_client_ros/package.xml
