[0.156s] Invoking command in '/home/orinnano/SDK_ros2_ws/build/VRPN': NX_CONNECTION=192.168.0.100 65359 192.168.0.104 4000 /usr/bin/cmake --build /home/orinnano/SDK_ros2_ws/build/VRPN -- -j6 -l6
[0.574s] [  2%] Built target gpsnmea
[0.634s] [  4%] Built target vrpn_atmel
[0.658s] [  5%] Built target quat
[0.672s] [  5%] Built target vrpn_timecode_generator
[0.915s] [ 15%] Built target vrpn
[0.920s] [ 60%] Built target vrpnserver
[1.205s] [ 61%] Built target bdbox_client
[1.277s] [ 62%] Built target clock_drift_estimator
[1.289s] [ 63%] Built target ff_client
[1.291s] [ 64%] Built target forwarderClient
[1.346s] [ 64%] Built target add_vrpn_cookie
[1.482s] [ 65%] Built target forcedevice_test_client
[1.594s] [ 66%] Built target printvals
[1.625s] [ 67%] Built target sphere_client
[1.739s] [ 67%] Built target testSharedObject
[1.755s] [ 68%] Built target sound_client
[1.757s] [ 68%] Built target phan_client
[1.786s] [ 69%] Built target test_Zaber
[1.827s] [ 69%] Built target test_imager
[1.867s] [ 70%] Built target printcereal
[1.923s] [ 70%] Built target test_mutex
[1.991s] [ 71%] Built target tracker_to_poser
[2.017s] [ 72%] Built target vrpn_LamportClock
[2.037s] [ 72%] Built target vrpn_ping
[2.040s] [ 73%] Built target text
[2.088s] [ 74%] Built target logfilesenders
[2.203s] [ 75%] Built target checklogfile
[2.259s] [ 76%] Built target vrpn_average_analogs
[2.266s] [ 77%] Built target logfiletypes
[2.271s] [ 78%] Built target vrpn_log_devices
[2.286s] [ 79%] Built target vrpn_print_devices
[2.302s] [ 79%] Built target vrpn_print_performance
[2.436s] [ 80%] Built target vrpn_print_messages
[2.476s] [ 81%] Built target run_auxiliary_logger
[2.486s] [ 82%] Built target vrpn_server
[2.515s] [ 83%] Built target c_interface_example
[2.526s] [ 83%] Built target forward
[2.539s] [ 83%] Built target client_and_server
[2.640s] [ 83%] Built target last_of_sequence
[2.680s] [ 83%] Built target sample_server
[2.712s] [ 84%] Built target test_auxiliary_logger
[2.717s] [ 85%] Built target sample_analog
[2.801s] [ 86%] Built target testSharedObjectServer
[2.807s] [ 86%] Built target test_analogfly
[2.879s] [ 87%] Built target test_logging
[2.892s] [ 88%] Built target test_loopback
[2.932s] [ 89%] Built target test_freespace
[2.986s] [ 90%] Built target test_peerMutex
[2.989s] [ 91%] Built target test_mutexServer
[3.062s] [ 91%] Built target test_radamec_spi
[3.077s] [ 92%] Built target test_rumble
[3.111s] [ 93%] Built target test_vrpn
[3.191s] [ 93%] Built target testimager_server
[3.199s] [ 94%] Built target textServer
[3.269s] [ 95%] Built target vrpn_streamPrint
[3.386s] [ 95%] Built target time_test
[3.386s] [100%] Built target vrpn-python
[3.387s] Invoked command in '/home/orinnano/SDK_ros2_ws/build/VRPN' returned '0': NX_CONNECTION=192.168.0.100 65359 192.168.0.104 4000 /usr/bin/cmake --build /home/orinnano/SDK_ros2_ws/build/VRPN -- -j6 -l6
[7.529s] Invoking command in '/home/orinnano/SDK_ros2_ws/build/VRPN': NX_CONNECTION=192.168.0.100 65359 192.168.0.104 4000 /usr/bin/cmake --install /home/orinnano/SDK_ros2_ws/build/VRPN
[7.574s] -- Install configuration: "RelWithDebInfo"
[7.575s] -- Up-to-date: /home/orinnano/SDK_ros2_ws/install/VRPN/lib/libvrpnserver.a
[7.575s] -- Up-to-date: /home/orinnano/SDK_ros2_ws/install/VRPN/include/vrpn_Configure.h
[7.576s] -- Up-to-date: /home/orinnano/SDK_ros2_ws/install/VRPN/include/vrpn_Analog.h
[7.576s] -- Up-to-date: /home/orinnano/SDK_ros2_ws/install/VRPN/include/vrpn_Analog_Output.h
[7.576s] -- Up-to-date: /home/orinnano/SDK_ros2_ws/install/VRPN/include/vrpn_Assert.h
[7.577s] -- Up-to-date: /home/orinnano/SDK_ros2_ws/install/VRPN/include/vrpn_Auxiliary_Logger.h
[7.577s] -- Up-to-date: /home/orinnano/SDK_ros2_ws/install/VRPN/include/vrpn_BaseClass.h
[7.577s] -- Up-to-date: /home/orinnano/SDK_ros2_ws/install/VRPN/include/vrpn_Button.h
[7.577s] -- Up-to-date: /home/orinnano/SDK_ros2_ws/install/VRPN/include/vrpn_Connection.h
[7.577s] -- Up-to-date: /home/orinnano/SDK_ros2_ws/install/VRPN/include/vrpn_ConnectionPtr.h
[7.577s] -- Up-to-date: /home/orinnano/SDK_ros2_ws/install/VRPN/include/vrpn_Dial.h
[7.577s] -- Up-to-date: /home/orinnano/SDK_ros2_ws/install/VRPN/include/vrpn_EndpointContainer.h
[7.577s] -- Up-to-date: /home/orinnano/SDK_ros2_ws/install/VRPN/include/vrpn_FileConnection.h
[7.577s] -- Up-to-date: /home/orinnano/SDK_ros2_ws/install/VRPN/include/vrpn_FileController.h
[7.578s] -- Up-to-date: /home/orinnano/SDK_ros2_ws/install/VRPN/include/vrpn_ForceDevice.h
[7.578s] -- Up-to-date: /home/orinnano/SDK_ros2_ws/install/VRPN/include/vrpn_ForwarderController.h
[7.578s] -- Up-to-date: /home/orinnano/SDK_ros2_ws/install/VRPN/include/vrpn_Forwarder.h
[7.579s] -- Up-to-date: /home/orinnano/SDK_ros2_ws/install/VRPN/include/vrpn_FunctionGenerator.h
[7.579s] -- Up-to-date: /home/orinnano/SDK_ros2_ws/install/VRPN/include/vrpn_Imager.h
[7.579s] -- Up-to-date: /home/orinnano/SDK_ros2_ws/install/VRPN/include/vrpn_LamportClock.h
[7.579s] -- Up-to-date: /home/orinnano/SDK_ros2_ws/install/VRPN/include/vrpn_Log.h
[7.580s] -- Up-to-date: /home/orinnano/SDK_ros2_ws/install/VRPN/include/vrpn_MainloopContainer.h
[7.581s] -- Up-to-date: /home/orinnano/SDK_ros2_ws/install/VRPN/include/vrpn_MainloopObject.h
[7.582s] -- Up-to-date: /home/orinnano/SDK_ros2_ws/install/VRPN/include/vrpn_Mutex.h
[7.582s] -- Up-to-date: /home/orinnano/SDK_ros2_ws/install/VRPN/include/vrpn_OwningPtr.h
[7.582s] -- Up-to-date: /home/orinnano/SDK_ros2_ws/install/VRPN/include/vrpn_RedundantTransmission.h
[7.582s] -- Up-to-date: /home/orinnano/SDK_ros2_ws/install/VRPN/include/vrpn_SendTextMessageStreamProxy.h
[7.582s] -- Up-to-date: /home/orinnano/SDK_ros2_ws/install/VRPN/include/vrpn_Serial.h
[7.582s] -- Up-to-date: /home/orinnano/SDK_ros2_ws/install/VRPN/include/vrpn_SerialPort.h
[7.583s] -- Up-to-date: /home/orinnano/SDK_ros2_ws/install/VRPN/include/vrpn_Shared.h
[7.583s] -- Up-to-date: /home/orinnano/SDK_ros2_ws/install/VRPN/include/vrpn_SharedObject.h
[7.583s] -- Up-to-date: /home/orinnano/SDK_ros2_ws/install/VRPN/include/vrpn_Sound.h
[7.583s] -- Up-to-date: /home/orinnano/SDK_ros2_ws/install/VRPN/include/vrpn_Text.h
[7.583s] -- Up-to-date: /home/orinnano/SDK_ros2_ws/install/VRPN/include/vrpn_Thread.h
[7.583s] -- Up-to-date: /home/orinnano/SDK_ros2_ws/install/VRPN/include/vrpn_Tracker.h
[7.583s] -- Up-to-date: /home/orinnano/SDK_ros2_ws/install/VRPN/include/vrpn_Types.h
[7.584s] -- Up-to-date: /home/orinnano/SDK_ros2_ws/install/VRPN/include/vrpn_WindowsH.h
[7.584s] -- Up-to-date: /home/orinnano/SDK_ros2_ws/install/VRPN/include/vrpn_3DConnexion.h
[7.584s] -- Up-to-date: /home/orinnano/SDK_ros2_ws/install/VRPN/include/vrpn_3DMicroscribe.h
[7.584s] -- Up-to-date: /home/orinnano/SDK_ros2_ws/install/VRPN/include/vrpn_3Space.h
[7.584s] -- Up-to-date: /home/orinnano/SDK_ros2_ws/install/VRPN/include/vrpn_5DT16.h
[7.584s] -- Up-to-date: /home/orinnano/SDK_ros2_ws/install/VRPN/include/vrpn_Adafruit.h
[7.584s] -- Up-to-date: /home/orinnano/SDK_ros2_ws/install/VRPN/include/vrpn_ADBox.h
[7.584s] -- Up-to-date: /home/orinnano/SDK_ros2_ws/install/VRPN/include/vrpn_Analog_5dt.h
[7.584s] -- Up-to-date: /home/orinnano/SDK_ros2_ws/install/VRPN/include/vrpn_Analog_5dtUSB.h
[7.585s] -- Up-to-date: /home/orinnano/SDK_ros2_ws/install/VRPN/include/vrpn_Analog_Radamec_SPI.h
[7.585s] -- Up-to-date: /home/orinnano/SDK_ros2_ws/install/VRPN/include/vrpn_Analog_USDigital_A2.h
[7.585s] -- Up-to-date: /home/orinnano/SDK_ros2_ws/install/VRPN/include/vrpn_Atmel.h
[7.585s] -- Up-to-date: /home/orinnano/SDK_ros2_ws/install/VRPN/include/vrpn_BiosciencesTools.h
[7.585s] -- Up-to-date: /home/orinnano/SDK_ros2_ws/install/VRPN/include/vrpn_Button_NI_DIO24.h
[7.585s] -- Up-to-date: /home/orinnano/SDK_ros2_ws/install/VRPN/include/vrpn_Button_USB.h
[7.585s] -- Up-to-date: /home/orinnano/SDK_ros2_ws/install/VRPN/include/vrpn_CerealBox.h
[7.585s] -- Up-to-date: /home/orinnano/SDK_ros2_ws/install/VRPN/include/vrpn_CHProducts_Controller_Raw.h
[7.586s] -- Up-to-date: /home/orinnano/SDK_ros2_ws/install/VRPN/include/vrpn_Contour.h
[7.586s] -- Up-to-date: /home/orinnano/SDK_ros2_ws/install/VRPN/include/vrpn_DevInput.h
[7.586s] -- Up-to-date: /home/orinnano/SDK_ros2_ws/install/VRPN/include/vrpn_DirectXFFJoystick.h
[7.586s] -- Up-to-date: /home/orinnano/SDK_ros2_ws/install/VRPN/include/vrpn_DirectXRumblePad.h
[7.586s] -- Up-to-date: /home/orinnano/SDK_ros2_ws/install/VRPN/include/vrpn_DreamCheeky.h
[7.586s] -- Up-to-date: /home/orinnano/SDK_ros2_ws/install/VRPN/include/vrpn_Dyna.h
[7.587s] -- Up-to-date: /home/orinnano/SDK_ros2_ws/install/VRPN/include/vrpn_Event_Analog.h
[7.587s] -- Up-to-date: /home/orinnano/SDK_ros2_ws/install/VRPN/include/vrpn_Event.h
[7.587s] -- Up-to-date: /home/orinnano/SDK_ros2_ws/install/VRPN/include/vrpn_Event_Mouse.h
[7.587s] -- Up-to-date: /home/orinnano/SDK_ros2_ws/install/VRPN/include/vrpn_Flock.h
[7.587s] -- Up-to-date: /home/orinnano/SDK_ros2_ws/install/VRPN/include/vrpn_Flock_Parallel.h
[7.588s] -- Up-to-date: /home/orinnano/SDK_ros2_ws/install/VRPN/include/vrpn_ForceDeviceServer.h
[7.588s] -- Up-to-date: /home/orinnano/SDK_ros2_ws/install/VRPN/include/vrpn_Freespace.h
[7.588s] -- Up-to-date: /home/orinnano/SDK_ros2_ws/install/VRPN/include/vrpn_FunctionGenerator.h
[7.588s] -- Up-to-date: /home/orinnano/SDK_ros2_ws/install/VRPN/include/vrpn_Futaba.h
[7.588s] -- Up-to-date: /home/orinnano/SDK_ros2_ws/install/VRPN/include/vrpn_GlobalHapticsOrb.h
[7.588s] -- Up-to-date: /home/orinnano/SDK_ros2_ws/install/VRPN/include/vrpn_Griffin.h
[7.588s] -- Up-to-date: /home/orinnano/SDK_ros2_ws/install/VRPN/include/vrpn_HashST.h
[7.588s] -- Up-to-date: /home/orinnano/SDK_ros2_ws/install/VRPN/include/vrpn_HumanInterface.h
[7.589s] -- Up-to-date: /home/orinnano/SDK_ros2_ws/install/VRPN/include/vrpn_IDEA.h
[7.589s] -- Up-to-date: /home/orinnano/SDK_ros2_ws/install/VRPN/include/vrpn_Imager_Stream_Buffer.h
[7.589s] -- Up-to-date: /home/orinnano/SDK_ros2_ws/install/VRPN/include/vrpn_ImmersionBox.h
[7.589s] -- Up-to-date: /home/orinnano/SDK_ros2_ws/install/VRPN/include/vrpn_inertiamouse.h
[7.589s] -- Up-to-date: /home/orinnano/SDK_ros2_ws/install/VRPN/include/vrpn_JoyFly.h
[7.589s] -- Up-to-date: /home/orinnano/SDK_ros2_ws/install/VRPN/include/vrpn_Joylin.h
[7.589s] -- Up-to-date: /home/orinnano/SDK_ros2_ws/install/VRPN/include/vrpn_Joywin32.h
[7.589s] -- Up-to-date: /home/orinnano/SDK_ros2_ws/install/VRPN/include/vrpn_Keyboard.h
[7.590s] -- Up-to-date: /home/orinnano/SDK_ros2_ws/install/VRPN/include/vrpn_Logitech_Controller_Raw.h
[7.590s] -- Up-to-date: /home/orinnano/SDK_ros2_ws/install/VRPN/include/vrpn_Laputa.h
[7.590s] -- Up-to-date: /home/orinnano/SDK_ros2_ws/install/VRPN/include/vrpn_LUDL.h
[7.590s] -- Up-to-date: /home/orinnano/SDK_ros2_ws/install/VRPN/include/vrpn_Magellan.h
[7.590s] -- Up-to-date: /home/orinnano/SDK_ros2_ws/install/VRPN/include/vrpn_MessageMacros.h
[7.590s] -- Up-to-date: /home/orinnano/SDK_ros2_ws/install/VRPN/include/vrpn_Microsoft_Controller_Raw.h
[7.590s] -- Up-to-date: /home/orinnano/SDK_ros2_ws/install/VRPN/include/vrpn_Mouse.h
[7.590s] -- Up-to-date: /home/orinnano/SDK_ros2_ws/install/VRPN/include/vrpn_NationalInstruments.h
[7.591s] -- Up-to-date: /home/orinnano/SDK_ros2_ws/install/VRPN/include/vrpn_Nidaq.h
[7.591s] -- Up-to-date: /home/orinnano/SDK_ros2_ws/install/VRPN/include/vrpn_nikon_controls.h
[7.591s] -- Up-to-date: /home/orinnano/SDK_ros2_ws/install/VRPN/include/vrpn_nVidia_shield_controller.h
[7.591s] -- Up-to-date: /home/orinnano/SDK_ros2_ws/install/VRPN/include/vrpn_Oculus.h
[7.591s] -- Up-to-date: /home/orinnano/SDK_ros2_ws/install/VRPN/include/vrpn_OmegaTemperature.h
[7.591s] -- Up-to-date: /home/orinnano/SDK_ros2_ws/install/VRPN/include/vrpn_OneEuroFilter.h
[7.591s] -- Up-to-date: /home/orinnano/SDK_ros2_ws/install/VRPN/include/vrpn_OzzMaker.h
[7.591s] -- Up-to-date: /home/orinnano/SDK_ros2_ws/install/VRPN/include/vrpn_Poser_Analog.h
[7.591s] -- Up-to-date: /home/orinnano/SDK_ros2_ws/install/VRPN/include/vrpn_Poser.h
[7.592s] -- Up-to-date: /home/orinnano/SDK_ros2_ws/install/VRPN/include/vrpn_Poser_Tek4662.h
[7.592s] -- Up-to-date: /home/orinnano/SDK_ros2_ws/install/VRPN/include/vrpn_raw_sgibox.h
[7.592s] -- Up-to-date: /home/orinnano/SDK_ros2_ws/install/VRPN/include/vrpn_Retrolink.h
[7.592s] -- Up-to-date: /home/orinnano/SDK_ros2_ws/install/VRPN/include/vrpn_Saitek_Controller_Raw.h
[7.592s] -- Up-to-date: /home/orinnano/SDK_ros2_ws/install/VRPN/include/vrpn_sgibox.h
[7.593s] -- Up-to-date: /home/orinnano/SDK_ros2_ws/install/VRPN/include/vrpn_Spaceball.h
[7.593s] -- Up-to-date: /home/orinnano/SDK_ros2_ws/install/VRPN/include/vrpn_Streaming_Arduino.h
[7.593s] -- Up-to-date: /home/orinnano/SDK_ros2_ws/install/VRPN/include/vrpn_Tng3.h
[7.593s] -- Up-to-date: /home/orinnano/SDK_ros2_ws/install/VRPN/include/vrpn_Tracker_3DMouse.h
[7.593s] -- Up-to-date: /home/orinnano/SDK_ros2_ws/install/VRPN/include/vrpn_Tracker_AnalogFly.h
[7.593s] -- Up-to-date: /home/orinnano/SDK_ros2_ws/install/VRPN/include/vrpn_Tracker_ButtonFly.h
[7.593s] -- Up-to-date: /home/orinnano/SDK_ros2_ws/install/VRPN/include/vrpn_Tracker_Crossbow.h
[7.593s] -- Up-to-date: /home/orinnano/SDK_ros2_ws/install/VRPN/include/vrpn_Tracker_DTrack.h
[7.594s] -- Up-to-date: /home/orinnano/SDK_ros2_ws/install/VRPN/include/vrpn_Tracker_Fastrak.h
[7.594s] -- Up-to-date: /home/orinnano/SDK_ros2_ws/install/VRPN/include/vrpn_Tracker_Filter.h
[7.594s] -- Up-to-date: /home/orinnano/SDK_ros2_ws/install/VRPN/include/vrpn_Tracker_GameTrak.h
[7.594s] -- Up-to-date: /home/orinnano/SDK_ros2_ws/install/VRPN/include/vrpn_Tracker_GPS.h
[7.594s] -- Up-to-date: /home/orinnano/SDK_ros2_ws/install/VRPN/include/vrpn_Tracker_IMU.h
[7.594s] -- Up-to-date: /home/orinnano/SDK_ros2_ws/install/VRPN/include/vrpn_Tracker_isense.h
[7.595s] -- Up-to-date: /home/orinnano/SDK_ros2_ws/install/VRPN/include/vrpn_Tracker_Isotrak.h
[7.595s] -- Up-to-date: /home/orinnano/SDK_ros2_ws/install/VRPN/include/vrpn_Tracker_JsonNet.h
[7.595s] -- Up-to-date: /home/orinnano/SDK_ros2_ws/install/VRPN/include/vrpn_Tracker_Liberty.h
[7.595s] -- Up-to-date: /home/orinnano/SDK_ros2_ws/install/VRPN/include/vrpn_Tracker_MotionNode.h
[7.595s] -- Up-to-date: /home/orinnano/SDK_ros2_ws/install/VRPN/include/vrpn_Tracker_NDI_Polaris.h
[7.595s] -- Up-to-date: /home/orinnano/SDK_ros2_ws/install/VRPN/include/vrpn_Tracker_NovintFalcon.h
[7.595s] -- Up-to-date: /home/orinnano/SDK_ros2_ws/install/VRPN/include/vrpn_Tracker_OSVRHackerDevKit.h
[7.595s] -- Up-to-date: /home/orinnano/SDK_ros2_ws/install/VRPN/include/vrpn_Tracker_PDI.h
[7.596s] -- Up-to-date: /home/orinnano/SDK_ros2_ws/install/VRPN/include/vrpn_Tracker_PhaseSpace.h
[7.596s] -- Up-to-date: /home/orinnano/SDK_ros2_ws/install/VRPN/include/vrpn_Tracker_RazerHydra.h
[7.596s] -- Up-to-date: /home/orinnano/SDK_ros2_ws/install/VRPN/include/vrpn_Tracker_ThalmicLabsMyo.h
[7.596s] -- Up-to-date: /home/orinnano/SDK_ros2_ws/install/VRPN/include/vrpn_Tracker_SpacePoint.h
[7.596s] -- Up-to-date: /home/orinnano/SDK_ros2_ws/install/VRPN/include/vrpn_Tracker_Wintracker.h
[7.596s] -- Up-to-date: /home/orinnano/SDK_ros2_ws/install/VRPN/include/vrpn_Tracker_Colibri.h
[7.597s] -- Up-to-date: /home/orinnano/SDK_ros2_ws/install/VRPN/include/vrpn_Tracker_TrivisioColibri.h
[7.597s] -- Up-to-date: /home/orinnano/SDK_ros2_ws/install/VRPN/include/vrpn_Tracker_WiimoteHead.h
[7.597s] -- Up-to-date: /home/orinnano/SDK_ros2_ws/install/VRPN/include/vrpn_Tracker_zSight.h
[7.597s] -- Up-to-date: /home/orinnano/SDK_ros2_ws/install/VRPN/include/vrpn_Tracker_ViewPoint.h
[7.597s] -- Up-to-date: /home/orinnano/SDK_ros2_ws/install/VRPN/include/vrpn_UNC_Joystick.h
[7.597s] -- Up-to-date: /home/orinnano/SDK_ros2_ws/install/VRPN/include/vrpn_VPJoystick.h
[7.597s] -- Up-to-date: /home/orinnano/SDK_ros2_ws/install/VRPN/include/vrpn_Wanda.h
[7.598s] -- Up-to-date: /home/orinnano/SDK_ros2_ws/install/VRPN/include/vrpn_WiiMote.h
[7.598s] -- Up-to-date: /home/orinnano/SDK_ros2_ws/install/VRPN/include/vrpn_XInputGamepad.h
[7.598s] -- Up-to-date: /home/orinnano/SDK_ros2_ws/install/VRPN/include/vrpn_Xkeys.h
[7.598s] -- Up-to-date: /home/orinnano/SDK_ros2_ws/install/VRPN/include/vrpn_Tracker_LibertyHS.h
[7.598s] -- Up-to-date: /home/orinnano/SDK_ros2_ws/install/VRPN/include/vrpn_Vality.h
[7.598s] -- Up-to-date: /home/orinnano/SDK_ros2_ws/install/VRPN/include/vrpn_YEI_3Space.h
[7.599s] -- Up-to-date: /home/orinnano/SDK_ros2_ws/install/VRPN/include/vrpn_Zaber.h
[7.599s] -- Up-to-date: /home/orinnano/SDK_ros2_ws/install/VRPN/include/vrpn_Generic_server_object.h
[7.599s] -- Up-to-date: /home/orinnano/SDK_ros2_ws/install/VRPN/lib/libvrpn.a
[7.599s] -- Up-to-date: /home/orinnano/SDK_ros2_ws/install/VRPN/include/vrpn_Configure.h
[7.599s] -- Up-to-date: /home/orinnano/SDK_ros2_ws/install/VRPN/include/vrpn_Analog.h
[7.599s] -- Up-to-date: /home/orinnano/SDK_ros2_ws/install/VRPN/include/vrpn_Analog_Output.h
[7.599s] -- Up-to-date: /home/orinnano/SDK_ros2_ws/install/VRPN/include/vrpn_Assert.h
[7.600s] -- Up-to-date: /home/orinnano/SDK_ros2_ws/install/VRPN/include/vrpn_Auxiliary_Logger.h
[7.600s] -- Up-to-date: /home/orinnano/SDK_ros2_ws/install/VRPN/include/vrpn_BaseClass.h
[7.600s] -- Up-to-date: /home/orinnano/SDK_ros2_ws/install/VRPN/include/vrpn_Button.h
[7.600s] -- Up-to-date: /home/orinnano/SDK_ros2_ws/install/VRPN/include/vrpn_Connection.h
[7.600s] -- Up-to-date: /home/orinnano/SDK_ros2_ws/install/VRPN/include/vrpn_ConnectionPtr.h
[7.600s] -- Up-to-date: /home/orinnano/SDK_ros2_ws/install/VRPN/include/vrpn_Dial.h
[7.600s] -- Up-to-date: /home/orinnano/SDK_ros2_ws/install/VRPN/include/vrpn_EndpointContainer.h
[7.600s] -- Up-to-date: /home/orinnano/SDK_ros2_ws/install/VRPN/include/vrpn_FileConnection.h
[7.601s] -- Up-to-date: /home/orinnano/SDK_ros2_ws/install/VRPN/include/vrpn_FileController.h
[7.601s] -- Up-to-date: /home/orinnano/SDK_ros2_ws/install/VRPN/include/vrpn_ForceDevice.h
[7.601s] -- Up-to-date: /home/orinnano/SDK_ros2_ws/install/VRPN/include/vrpn_ForwarderController.h
[7.601s] -- Up-to-date: /home/orinnano/SDK_ros2_ws/install/VRPN/include/vrpn_Forwarder.h
[7.601s] -- Up-to-date: /home/orinnano/SDK_ros2_ws/install/VRPN/include/vrpn_FunctionGenerator.h
[7.601s] -- Up-to-date: /home/orinnano/SDK_ros2_ws/install/VRPN/include/vrpn_Imager.h
[7.601s] -- Up-to-date: /home/orinnano/SDK_ros2_ws/install/VRPN/include/vrpn_LamportClock.h
[7.601s] -- Up-to-date: /home/orinnano/SDK_ros2_ws/install/VRPN/include/vrpn_Log.h
[7.601s] -- Up-to-date: /home/orinnano/SDK_ros2_ws/install/VRPN/include/vrpn_MainloopContainer.h
[7.602s] -- Up-to-date: /home/orinnano/SDK_ros2_ws/install/VRPN/include/vrpn_MainloopObject.h
[7.602s] -- Up-to-date: /home/orinnano/SDK_ros2_ws/install/VRPN/include/vrpn_Mutex.h
[7.602s] -- Up-to-date: /home/orinnano/SDK_ros2_ws/install/VRPN/include/vrpn_OwningPtr.h
[7.602s] -- Up-to-date: /home/orinnano/SDK_ros2_ws/install/VRPN/include/vrpn_RedundantTransmission.h
[7.602s] -- Up-to-date: /home/orinnano/SDK_ros2_ws/install/VRPN/include/vrpn_SendTextMessageStreamProxy.h
[7.602s] -- Up-to-date: /home/orinnano/SDK_ros2_ws/install/VRPN/include/vrpn_Serial.h
[7.602s] -- Up-to-date: /home/orinnano/SDK_ros2_ws/install/VRPN/include/vrpn_SerialPort.h
[7.602s] -- Up-to-date: /home/orinnano/SDK_ros2_ws/install/VRPN/include/vrpn_Shared.h
[7.602s] -- Up-to-date: /home/orinnano/SDK_ros2_ws/install/VRPN/include/vrpn_SharedObject.h
[7.602s] -- Up-to-date: /home/orinnano/SDK_ros2_ws/install/VRPN/include/vrpn_Sound.h
[7.603s] -- Up-to-date: /home/orinnano/SDK_ros2_ws/install/VRPN/include/vrpn_Text.h
[7.603s] -- Up-to-date: /home/orinnano/SDK_ros2_ws/install/VRPN/include/vrpn_Thread.h
[7.603s] -- Up-to-date: /home/orinnano/SDK_ros2_ws/install/VRPN/include/vrpn_Tracker.h
[7.603s] -- Up-to-date: /home/orinnano/SDK_ros2_ws/install/VRPN/include/vrpn_Types.h
[7.603s] -- Up-to-date: /home/orinnano/SDK_ros2_ws/install/VRPN/include/vrpn_WindowsH.h
[7.603s] -- Up-to-date: /home/orinnano/SDK_ros2_ws/install/VRPN/bin/time_test
[7.603s] -- Up-to-date: /home/orinnano/SDK_ros2_ws/install/VRPN/lib/libquat.a
[7.603s] -- Up-to-date: /home/orinnano/SDK_ros2_ws/install/VRPN/include/quat.h
[7.603s] -- Up-to-date: /home/orinnano/SDK_ros2_ws/install/VRPN/lib/libquat.a
[7.604s] -- Up-to-date: /home/orinnano/SDK_ros2_ws/install/VRPN/include/quat.h
[7.604s] -- Up-to-date: /home/orinnano/SDK_ros2_ws/install/VRPN/lib/libvrpn_atmel.a
[7.604s] -- Up-to-date: /home/orinnano/SDK_ros2_ws/install/VRPN/include/vrpn_atmellib_errno.h
[7.604s] -- Up-to-date: /home/orinnano/SDK_ros2_ws/install/VRPN/include/vrpn_atmellib.h
[7.605s] -- Up-to-date: /home/orinnano/SDK_ros2_ws/install/VRPN/lib/libgpsnmea.a
[7.607s] -- Up-to-date: /home/orinnano/SDK_ros2_ws/install/VRPN/include/nmeaParser.h
[7.607s] -- Up-to-date: /home/orinnano/SDK_ros2_ws/install/VRPN/include/utmCoord.h
[7.608s] -- Up-to-date: /home/orinnano/SDK_ros2_ws/install/VRPN/include/latLonCoord.h
[7.608s] -- Up-to-date: /home/orinnano/SDK_ros2_ws/install/VRPN/bin/add_vrpn_cookie
[7.608s] -- Up-to-date: /home/orinnano/SDK_ros2_ws/install/VRPN/bin/bdbox_client
[7.609s] -- Up-to-date: /home/orinnano/SDK_ros2_ws/install/VRPN/bin/clock_drift_estimator
[7.609s] -- Up-to-date: /home/orinnano/SDK_ros2_ws/install/VRPN/bin/ff_client
[7.609s] -- Up-to-date: /home/orinnano/SDK_ros2_ws/install/VRPN/bin/forcedevice_test_client
[7.610s] -- Up-to-date: /home/orinnano/SDK_ros2_ws/install/VRPN/bin/forwarderClient
[7.610s] -- Up-to-date: /home/orinnano/SDK_ros2_ws/install/VRPN/bin/phan_client
[7.610s] -- Up-to-date: /home/orinnano/SDK_ros2_ws/install/VRPN/bin/printcereal
[7.610s] -- Up-to-date: /home/orinnano/SDK_ros2_ws/install/VRPN/bin/printvals
[7.610s] -- Up-to-date: /home/orinnano/SDK_ros2_ws/install/VRPN/bin/sound_client
[7.611s] -- Up-to-date: /home/orinnano/SDK_ros2_ws/install/VRPN/bin/sphere_client
[7.611s] -- Up-to-date: /home/orinnano/SDK_ros2_ws/install/VRPN/bin/testSharedObject
[7.611s] -- Up-to-date: /home/orinnano/SDK_ros2_ws/install/VRPN/bin/test_Zaber
[7.611s] -- Up-to-date: /home/orinnano/SDK_ros2_ws/install/VRPN/bin/test_imager
[7.611s] -- Up-to-date: /home/orinnano/SDK_ros2_ws/install/VRPN/bin/test_mutex
[7.612s] -- Up-to-date: /home/orinnano/SDK_ros2_ws/install/VRPN/bin/text
[7.612s] -- Up-to-date: /home/orinnano/SDK_ros2_ws/install/VRPN/bin/tracker_to_poser
[7.612s] -- Up-to-date: /home/orinnano/SDK_ros2_ws/install/VRPN/bin/vrpn_LamportClock
[7.612s] -- Up-to-date: /home/orinnano/SDK_ros2_ws/install/VRPN/bin/vrpn_ping
[7.613s] -- Up-to-date: /home/orinnano/SDK_ros2_ws/install/VRPN/bin/logfilesenders
[7.613s] -- Up-to-date: /home/orinnano/SDK_ros2_ws/install/VRPN/bin/logfiletypes
[7.613s] -- Up-to-date: /home/orinnano/SDK_ros2_ws/install/VRPN/bin/checklogfile
[7.613s] -- Up-to-date: /home/orinnano/SDK_ros2_ws/install/VRPN/bin/vrpn_average_analogs
[7.613s] -- Up-to-date: /home/orinnano/SDK_ros2_ws/install/VRPN/bin/vrpn_print_devices
[7.614s] -- Up-to-date: /home/orinnano/SDK_ros2_ws/install/VRPN/bin/vrpn_log_devices
[7.614s] -- Up-to-date: /home/orinnano/SDK_ros2_ws/install/VRPN/bin/vrpn_print_performance
[7.614s] -- Up-to-date: /home/orinnano/SDK_ros2_ws/install/VRPN/bin/vrpn_print_messages
[7.615s] -- Up-to-date: /home/orinnano/SDK_ros2_ws/install/VRPN/bin/run_auxiliary_logger
[7.615s] -- Up-to-date: /home/orinnano/SDK_ros2_ws/install/VRPN/bin/vrpn_server
[7.615s] -- Up-to-date: /home/orinnano/SDK_ros2_ws/install/VRPN/etc/vrpn.cfg
[7.617s] -- Up-to-date: /home/orinnano/SDK_ros2_ws/install/VRPN/share/vrpn-07.36/vrpn.cfg.sample
[7.617s] -- Up-to-date: /home/orinnano/SDK_ros2_ws/install/VRPN/bin/client_and_server
[7.618s] -- Up-to-date: /home/orinnano/SDK_ros2_ws/install/VRPN/bin/forward
[7.618s] -- Up-to-date: /home/orinnano/SDK_ros2_ws/install/VRPN/bin/last_of_sequence
[7.619s] -- Up-to-date: /home/orinnano/SDK_ros2_ws/install/VRPN/bin/sample_analog
[7.619s] -- Up-to-date: /home/orinnano/SDK_ros2_ws/install/VRPN/bin/sample_server
[7.620s] -- Up-to-date: /home/orinnano/SDK_ros2_ws/install/VRPN/bin/testSharedObjectServer
[7.620s] -- Up-to-date: /home/orinnano/SDK_ros2_ws/install/VRPN/bin/test_analogfly
[7.621s] -- Up-to-date: /home/orinnano/SDK_ros2_ws/install/VRPN/bin/test_auxiliary_logger
[7.622s] -- Up-to-date: /home/orinnano/SDK_ros2_ws/install/VRPN/bin/test_freespace
[7.623s] -- Up-to-date: /home/orinnano/SDK_ros2_ws/install/VRPN/bin/test_logging
[7.624s] -- Up-to-date: /home/orinnano/SDK_ros2_ws/install/VRPN/bin/test_loopback
[7.624s] -- Up-to-date: /home/orinnano/SDK_ros2_ws/install/VRPN/bin/test_mutexServer
[7.624s] -- Up-to-date: /home/orinnano/SDK_ros2_ws/install/VRPN/bin/test_peerMutex
[7.626s] -- Up-to-date: /home/orinnano/SDK_ros2_ws/install/VRPN/bin/test_radamec_spi
[7.626s] -- Up-to-date: /home/orinnano/SDK_ros2_ws/install/VRPN/bin/test_rumble
[7.626s] -- Up-to-date: /home/orinnano/SDK_ros2_ws/install/VRPN/bin/test_vrpn
[7.627s] -- Up-to-date: /home/orinnano/SDK_ros2_ws/install/VRPN/bin/testimager_server
[7.627s] -- Up-to-date: /home/orinnano/SDK_ros2_ws/install/VRPN/bin/textServer
[7.627s] -- Up-to-date: /home/orinnano/SDK_ros2_ws/install/VRPN/lib/libvrpn_timecode_generator.a
[7.628s] -- Up-to-date: /home/orinnano/SDK_ros2_ws/install/VRPN/include/vrpn_timecode_generator.h
[7.628s] -- Up-to-date: /home/orinnano/SDK_ros2_ws/install/VRPN/bin/vrpn_streamPrint
[7.628s] -- Skipping (build 'doc' to create): /home/orinnano/SDK_ros2_ws/build/VRPN/doxygen/docs-generated/html
[7.628s] -- Up-to-date: /home/orinnano/SDK_ros2_ws/install/VRPN/lib/pythondist-packages/vrpn.so
[7.630s] Invoked command in '/home/orinnano/SDK_ros2_ws/build/VRPN' returned '0': NX_CONNECTION=192.168.0.100 65359 192.168.0.104 4000 /usr/bin/cmake --install /home/orinnano/SDK_ros2_ws/build/VRPN
