[0.151s] Invoking command in '/home/orinnano/SDK_ros2_ws/build/VRPN': /usr/bin/cmake --build /home/orinnano/SDK_ros2_ws/build/VRPN -- -j6 -l6
[0.750s] -- Git's description of the current revision indicates this is a prerelease of 07.36: version_07.35-105-ge60f13f0
[0.750s] 
[0.751s] -- Configuring the VRPN suite version 07.36.0~prerelease-git-07.35-105-ge60f13f0 using the CMake-based build system
[0.751s] 
[0.756s] -- Now searching for auto-configurable optional packages...
[0.756s] 
[0.794s] -- Local HIDAPI submodule not found. To download with Git, run git submodule update --init
[0.794s] -- Local JSONCPP submodule not found. To download with Git, run git submodule update --init
[0.844s] -- Could NOT find SWIG (missing: SWIG_EXECUTABLE SWIG_DIR) 
[1.550s] -- Found Python: /usr/include/python3.10 (found suitable version "3.10.12", minimum required is "3") found components: Development Development.Module Development.Embed 
[1.623s] -- Could NOT find Java (missing: Java_JAVA_EXECUTABLE Java_JAVAC_EXECUTABLE Java_JAR_EXECUTABLE Java_JAVADOC_EXECUTABLE Java_JAVAH_EXECUTABLE Development) 
[1.689s] -- Could NOT find JNI (missing: JAVA_AWT_LIBRARY JAVA_JVM_LIBRARY JAVA_INCLUDE_PATH JAVA_INCLUDE_PATH2 JAVA_AWT_INCLUDE_PATH) 
[5.025s] -- Could NOT find Modbus (missing: MODBUS_LIBRARY MODBUS_INCLUDE_DIR) 
[5.081s] -- Could NOT find HIDAPI (missing: HIDAPI_LIBRARY HIDAPI_INCLUDE_DIR) 
[5.283s] -- Could NOT find OpenHaptics (missing: HDAPI_LIBRARY HDAPI_INCLUDE_DIR HDAPI_HDU_INCLUDE_DIR HDAPI_HDU_LIBRARY HLAPI_INCLUDE_DIR HLAPI_LIBRARY HLAPI_HLU_INCLUDE_DIR HLAPI_HLU_LIBRARY HDAPI_PHANToMIO_LIBRARY HDAPI_HDU_SOURCE_DIR HLAPI_HLU_SOURCE_DIR) 
[5.309s] -- Could NOT find GHOST (missing: GHOST_LIBRARY GHOST_INCLUDE_DIR) 
[5.334s] -- Could NOT find WiiUse (missing: WIIUSE_LIBRARY WIIUSE_INCLUDE_DIR) 
[5.483s] -- Could NOT find JsonCpp (missing: JsonCpp_INCLUDE_DIR JsonCpp_LIBRARY) 
[5.515s] -- Could NOT find LibNifalcon (missing: LIBNIFALCON_LIBRARY LIBNIFALCON_INCLUDE_DIR) 
[5.531s] -- Could NOT find GPM (missing: GPM_LIBRARY GPM_INCLUDE_DIR) 
[5.569s] -- Could NOT find InterSense (missing: INTERSENSE_LIBRARY INTERSENSE_INCLUDE_DIR) 
[5.584s] -- Could NOT find NIDAQmx (missing: NIDAQMX_LIBRARY NIDAQMX_INCLUDE_DIR) 
[5.605s] -- Could NOT find ViewPoint (missing: VIEWPOINT_LIBRARY VIEWPOINT_INCLUDE_DIR) 
[5.628s] -- Checking for perl module Parse::RecDescent
[5.644s] -- Checking for perl module Parse::RecDescent - failed
[5.648s] -- Could NOT find PerlModules (missing: PERLMODULES_PARSE_RECDESCENT_MODULE) 
[5.680s] -- Could NOT find LibFreespace (missing: LIBFREESPACE_LIBRARY LIBFREESPACE_INCLUDE_DIR) 
[5.709s] -- Could NOT find ColibriApi (missing: COLIBRIAPI_LIBRARY COLIBRIAPI_INCLUDE_DIR) 
[5.744s] -- Checking for module 'glut'
[5.756s] --   No package 'glut' found
[5.781s] -- Could NOT find GLUT (missing: GLUT_glut_LIBRARY GLUT_INCLUDE_DIR) 
[5.788s] [33mCMake Warning (dev) at /usr/share/cmake-3.22/Modules/FindOpenGL.cmake:315 (message):
[5.788s]   Policy CMP0072 is not set: FindOpenGL prefers GLVND by default when
[5.788s]   available.  Run "cmake --help-policy CMP0072" for policy details.  Use the
[5.788s]   cmake_policy command to set the policy and suppress this warning.
[5.788s] 
[5.789s]   FindOpenGL found both a legacy GL library:
[5.789s] 
[5.789s]     OPENGL_gl_LIBRARY: /usr/lib/aarch64-linux-gnu/libGL.so
[5.789s] 
[5.789s]   and GLVND libraries for OpenGL and GLX:
[5.789s] 
[5.789s]     OPENGL_opengl_LIBRARY: /usr/lib/aarch64-linux-gnu/libOpenGL.so
[5.789s]     OPENGL_glx_LIBRARY: /usr/lib/aarch64-linux-gnu/libGLX.so
[5.790s] 
[5.790s]   OpenGL_GL_PREFERENCE has not been set to "GLVND" or "LEGACY", so for
[5.790s]   compatibility with CMake 3.10 and below the legacy GL library will be used.
[5.790s] Call Stack (most recent call first):
[5.790s]   client_src/CMakeLists.txt:25 (find_package)
[5.790s] This warning is for project developers.  Use -Wno-dev to suppress it.
[5.790s] [0m
[5.802s] [33mCMake Warning (dev) at /usr/share/cmake-3.22/Modules/FindOpenGL.cmake:315 (message):
[5.802s]   Policy CMP0072 is not set: FindOpenGL prefers GLVND by default when
[5.802s]   available.  Run "cmake --help-policy CMP0072" for policy details.  Use the
[5.802s]   cmake_policy command to set the policy and suppress this warning.
[5.802s] 
[5.803s]   FindOpenGL found both a legacy GL library:
[5.803s] 
[5.803s]     OPENGL_gl_LIBRARY: /usr/lib/aarch64-linux-gnu/libGL.so
[5.803s] 
[5.803s]   and GLVND libraries for OpenGL and GLX:
[5.803s] 
[5.803s]     OPENGL_opengl_LIBRARY: /usr/lib/aarch64-linux-gnu/libOpenGL.so
[5.803s]     OPENGL_glx_LIBRARY: /usr/lib/aarch64-linux-gnu/libGLX.so
[5.803s] 
[5.803s]   OpenGL_GL_PREFERENCE has not been set to "GLVND" or "LEGACY", so for
[5.804s]   compatibility with CMake 3.10 and below the legacy GL library will be used.
[5.804s] Call Stack (most recent call first):
[5.804s]   server_src/CMakeLists.txt:27 (find_package)
[5.804s] This warning is for project developers.  Use -Wno-dev to suppress it.
[5.804s] [0m
[6.088s] -- Dashboard scripts have been generated for automatic nightly and continuous builds.
[6.089s] -- You can add these sample lines to your crontab:
[6.091s] -- 
[6.091s] 
[6.091s] 15 0 * * * "/usr/bin/ctest" -S "/home/orinnano/SDK_ros2_ws/build/VRPN/Dashboards-ubuntu-orinnano/runNightly.cmake" 
[6.091s] 15 * * * * "/usr/bin/ctest" -S "/home/orinnano/SDK_ros2_ws/build/VRPN/Dashboards-ubuntu-orinnano/runContinuous.cmake" 
[6.091s] 
[6.091s] or run this command for an one-off experimental test build:
[6.091s] "/usr/bin/ctest" -S "/home/orinnano/SDK_ros2_ws/build/VRPN/Dashboards-ubuntu-orinnano/runExperimental.cmake" -VV
[6.092s] 
[6.092s] -- 
[6.112s] -- Configuring done
[6.383s] -- Generating done
[6.407s] -- Build files have been written to: /home/orinnano/SDK_ros2_ws/build/VRPN
[6.554s] [35m[1mConsolidate compiler generated dependencies of target vrpn_atmel[0m
[6.555s] [35m[1mConsolidate compiler generated dependencies of target quat[0m
[6.557s] [35m[1mConsolidate compiler generated dependencies of target gpsnmea[0m
[6.574s] [35m[1mConsolidate compiler generated dependencies of target vrpn_timecode_generator[0m
[6.615s] [  0%] [32mBuilding CXX object atmellib/CMakeFiles/vrpn_atmel.dir/vrpn_atmellib_helper.C.o[0m
[6.615s] [  0%] [32mBuilding C object quat/CMakeFiles/quat.dir/quat.c.o[0m
[6.623s] [  0%] [32mBuilding C object quat/CMakeFiles/quat.dir/matrix.c.o[0m
[6.631s] [  0%] [32mBuilding CXX object gpsnmealib/CMakeFiles/gpsnmea.dir/latLonCoord.C.o[0m
[6.648s] [  1%] [32mBuilding C object quat/CMakeFiles/quat.dir/vector.c.o[0m
[6.668s] [  1%] [32mBuilding CXX object server_src/timecode_generator_server/CMakeFiles/vrpn_timecode_generator.dir/vrpn_timecode_generator.cpp.o[0m
[6.879s] [  1%] [32m[1mLinking CXX static library libvrpn_timecode_generator.a[0m
[6.882s] [  2%] [32mBuilding CXX object atmellib/CMakeFiles/vrpn_atmel.dir/vrpn_atmellib_iobasic.C.o[0m
[6.926s] [  2%] [32mBuilding C object quat/CMakeFiles/quat.dir/xyzquat.c.o[0m
[6.963s] [  2%] [32mBuilding CXX object atmellib/CMakeFiles/vrpn_atmel.dir/vrpn_atmellib_openclose.C.o[0m
[7.142s] [  2%] [32mBuilding CXX object atmellib/CMakeFiles/vrpn_atmel.dir/vrpn_atmellib_register.C.o[0m
[7.177s] [  2%] [32m[1mLinking C static library libquat.a[0m
[7.215s] [  3%] [32mBuilding CXX object gpsnmealib/CMakeFiles/gpsnmea.dir/nmeaParser.C.o[0m
[7.220s] [  4%] [32mBuilding CXX object atmellib/CMakeFiles/vrpn_atmel.dir/vrpn_atmellib_tester.C.o[0m
[7.256s] [  4%] Built target vrpn_timecode_generator
[7.305s] [  4%] [32mBuilding CXX object gpsnmealib/CMakeFiles/gpsnmea.dir/utmCoord.C.o[0m
[7.340s] [  4%] [32mBuilding CXX object gpsnmealib/CMakeFiles/gpsnmea.dir/typedCoord.C.o[0m
[7.396s] [  4%] [32m[1mLinking CXX static library libvrpn_atmel.a[0m
[7.601s] [  4%] Built target quat
[7.704s] [35m[1mConsolidate compiler generated dependencies of target vrpn[0m
[7.811s] [  4%] [32mBuilding CXX object CMakeFiles/vrpn.dir/vrpn_Analog.C.o[0m
[7.818s] [  4%] Built target vrpn_atmel
[7.888s] [  4%] [32mBuilding CXX object CMakeFiles/vrpn.dir/vrpn_Assert.C.o[0m
[7.889s] [  5%] [32mBuilding CXX object CMakeFiles/vrpn.dir/vrpn_Analog_Output.C.o[0m
[8.086s] [  5%] [32mBuilding CXX object CMakeFiles/vrpn.dir/vrpn_Auxiliary_Logger.C.o[0m
[8.121s] [  6%] [32mBuilding CXX object CMakeFiles/vrpn.dir/vrpn_BaseClass.C.o[0m
[8.407s] [  6%] [32mBuilding CXX object CMakeFiles/vrpn.dir/vrpn_Button.C.o[0m
[8.445s] [  6%] [32mBuilding CXX object CMakeFiles/vrpn.dir/vrpn_Connection.C.o[0m
[8.470s] [  7%] [32m[1mLinking CXX static library libgpsnmea.a[0m
[8.786s] [  8%] [32mBuilding CXX object CMakeFiles/vrpn.dir/vrpn_Dial.C.o[0m
[8.834s] [  8%] Built target gpsnmea
[8.837s] [  8%] [32mBuilding CXX object CMakeFiles/vrpn.dir/vrpn_EndpointContainer.C.o[0m
[8.920s] [  9%] [32mBuilding CXX object CMakeFiles/vrpn.dir/vrpn_FileController.C.o[0m
[8.927s] [  9%] [32mBuilding CXX object CMakeFiles/vrpn.dir/vrpn_FileConnection.C.o[0m
[9.354s] [  9%] [32mBuilding CXX object CMakeFiles/vrpn.dir/vrpn_ForceDevice.C.o[0m
[9.381s] [  9%] [32mBuilding CXX object CMakeFiles/vrpn.dir/vrpn_Forwarder.C.o[0m
[9.545s] [ 10%] [32mBuilding CXX object CMakeFiles/vrpn.dir/vrpn_ForwarderController.C.o[0m
[9.788s] [35m[1mConsolidate compiler generated dependencies of target vrpnserver[0m
[9.804s] [ 10%] [32mBuilding CXX object CMakeFiles/vrpn.dir/vrpn_FunctionGenerator.C.o[0m
[9.824s] [ 10%] [32mBuilding CXX object CMakeFiles/vrpn.dir/vrpn_Imager.C.o[0m
[9.987s] [ 11%] [32mBuilding CXX object CMakeFiles/vrpnserver.dir/vrpn_Analog.C.o[0m
[10.080s] [ 11%] [32mBuilding CXX object CMakeFiles/vrpnserver.dir/vrpn_Analog_Output.C.o[0m
[10.854s] [ 11%] [32mBuilding CXX object CMakeFiles/vrpnserver.dir/vrpn_Assert.C.o[0m
[10.875s] [ 12%] [32mBuilding CXX object CMakeFiles/vrpnserver.dir/vrpn_Auxiliary_Logger.C.o[0m
[11.031s] [ 12%] [32mBuilding CXX object CMakeFiles/vrpnserver.dir/vrpn_BaseClass.C.o[0m
[11.695s] [ 12%] [32mBuilding CXX object CMakeFiles/vrpnserver.dir/vrpn_Button.C.o[0m
[11.774s] [ 13%] [32mBuilding CXX object CMakeFiles/vrpnserver.dir/vrpn_Connection.C.o[0m
[12.130s] [ 14%] [32mBuilding CXX object CMakeFiles/vrpn.dir/vrpn_LamportClock.C.o[0m
[12.448s] [ 14%] [32mBuilding CXX object CMakeFiles/vrpnserver.dir/vrpn_Dial.C.o[0m
[12.536s] [ 14%] [32mBuilding CXX object CMakeFiles/vrpn.dir/vrpn_Mutex.C.o[0m
[12.615s] [ 14%] [32mBuilding CXX object CMakeFiles/vrpn.dir/vrpn_Poser.C.o[0m
[13.096s] [ 14%] [32mBuilding CXX object CMakeFiles/vrpnserver.dir/vrpn_EndpointContainer.C.o[0m
[13.201s] [ 15%] [32mBuilding CXX object CMakeFiles/vrpn.dir/vrpn_RedundantTransmission.C.o[0m
[13.356s] [ 16%] [32mBuilding CXX object CMakeFiles/vrpnserver.dir/vrpn_FileConnection.C.o[0m
[13.717s] [ 16%] [32mBuilding CXX object CMakeFiles/vrpn.dir/vrpn_Serial.C.o[0m
[13.953s] [ 16%] [32mBuilding CXX object CMakeFiles/vrpnserver.dir/vrpn_FileController.C.o[0m
[14.024s] [ 16%] [32mBuilding CXX object CMakeFiles/vrpn.dir/vrpn_SerialPort.C.o[0m
[14.118s] [ 17%] [32mBuilding CXX object CMakeFiles/vrpn.dir/vrpn_Shared.C.o[0m
[14.120s] [ 17%] [32mBuilding CXX object CMakeFiles/vrpnserver.dir/vrpn_ForceDevice.C.o[0m
[14.223s] [ 18%] [32mBuilding CXX object CMakeFiles/vrpnserver.dir/vrpn_Forwarder.C.o[0m
[14.286s] [ 18%] [32mBuilding CXX object CMakeFiles/vrpnserver.dir/vrpn_ForwarderController.C.o[0m
[14.660s] [ 18%] [32mBuilding CXX object CMakeFiles/vrpnserver.dir/vrpn_FunctionGenerator.C.o[0m
[15.003s] [ 19%] [32mBuilding CXX object CMakeFiles/vrpnserver.dir/vrpn_Imager.C.o[0m
[15.145s] [ 19%] [32mBuilding CXX object CMakeFiles/vrpn.dir/vrpn_SharedObject.C.o[0m
[15.853s] [ 19%] [32mBuilding CXX object CMakeFiles/vrpn.dir/vrpn_Sound.C.o[0m
[15.984s] [ 19%] [32mBuilding CXX object CMakeFiles/vrpnserver.dir/vrpn_LamportClock.C.o[0m
[16.349s] [ 19%] [32mBuilding CXX object CMakeFiles/vrpnserver.dir/vrpn_Mutex.C.o[0m
[16.546s] [ 20%] [32mBuilding CXX object CMakeFiles/vrpn.dir/vrpn_Text.C.o[0m
[16.776s] [ 21%] [32mBuilding CXX object CMakeFiles/vrpnserver.dir/vrpn_Poser.C.o[0m
[16.892s] [ 21%] [32mBuilding CXX object CMakeFiles/vrpn.dir/vrpn_Thread.C.o[0m
[17.099s] [ 21%] [32mBuilding CXX object CMakeFiles/vrpnserver.dir/vrpn_RedundantTransmission.C.o[0m
[17.462s] [ 21%] [32mBuilding CXX object CMakeFiles/vrpn.dir/vrpn_Tracker.C.o[0m
[17.528s] [ 21%] [32mBuilding CXX object CMakeFiles/vrpnserver.dir/vrpn_Serial.C.o[0m
[17.595s] [ 22%] [32mBuilding CXX object CMakeFiles/vrpnserver.dir/vrpn_SerialPort.C.o[0m
[17.639s] [ 22%] [32mBuilding CXX object CMakeFiles/vrpnserver.dir/vrpn_Shared.C.o[0m
[17.889s] [ 22%] [32mBuilding CXX object CMakeFiles/vrpnserver.dir/vrpn_SharedObject.C.o[0m
[17.948s] [ 22%] [32mBuilding CXX object CMakeFiles/vrpnserver.dir/vrpn_Text.C.o[0m
[17.989s] [ 23%] [32mBuilding CXX object CMakeFiles/vrpnserver.dir/vrpn_Sound.C.o[0m
[18.417s] [ 23%] [32mBuilding CXX object CMakeFiles/vrpnserver.dir/vrpn_Thread.C.o[0m
[18.816s] [ 24%] [32mBuilding CXX object CMakeFiles/vrpnserver.dir/vrpn_Tracker.C.o[0m
[18.926s] [ 24%] [32mBuilding CXX object CMakeFiles/vrpnserver.dir/vrpn_3DConnexion.C.o[0m
[19.105s] [ 24%] [32mBuilding CXX object CMakeFiles/vrpnserver.dir/vrpn_3DMicroscribe.C.o[0m
[19.427s] [ 25%] [32mBuilding CXX object CMakeFiles/vrpnserver.dir/vrpn_3Space.C.o[0m
[19.874s] [ 26%] [32m[1mLinking CXX static library libvrpn.a[0m
[20.056s] [ 26%] [32mBuilding CXX object CMakeFiles/vrpnserver.dir/vrpn_5DT16.C.o[0m
[20.172s] [ 26%] [32mBuilding CXX object CMakeFiles/vrpnserver.dir/vrpn_Adafruit.C.o[0m
[20.291s] [ 27%] [32mBuilding CXX object CMakeFiles/vrpnserver.dir/vrpn_ADBox.C.o[0m
[20.367s] [ 27%] Built target vrpn
[20.429s] [ 27%] [32mBuilding CXX object CMakeFiles/vrpnserver.dir/vrpn_Analog_5dt.C.o[0m
[20.791s] [35m[1mConsolidate compiler generated dependencies of target add_vrpn_cookie[0m
[20.818s] [35m[1mConsolidate compiler generated dependencies of target bdbox_client[0m
[20.895s] [ 28%] [32mBuilding CXX object client_src/CMakeFiles/bdbox_client.dir/bdbox_client.C.o[0m
[20.930s] [ 28%] [32mBuilding CXX object client_src/CMakeFiles/add_vrpn_cookie.dir/add_vrpn_cookie.C.o[0m
[21.068s] [ 29%] [32mBuilding CXX object CMakeFiles/vrpnserver.dir/vrpn_Analog_Radamec_SPI.C.o[0m
[21.068s] [ 29%] [32mBuilding CXX object CMakeFiles/vrpnserver.dir/vrpn_Analog_5dtUSB.C.o[0m
[21.146s] [ 29%] [32mBuilding CXX object CMakeFiles/vrpnserver.dir/vrpn_Analog_USDigital_A2.C.o[0m
[21.275s] [ 29%] [32m[1mLinking CXX executable bdbox_client[0m
[21.289s] [ 29%] [32m[1mLinking CXX executable add_vrpn_cookie[0m
[21.340s] [35m[1mConsolidate compiler generated dependencies of target clock_drift_estimator[0m
[21.420s] [ 30%] [32mBuilding CXX object client_src/CMakeFiles/clock_drift_estimator.dir/clock_drift_estimator.C.o[0m
[21.525s] [ 30%] [32mBuilding CXX object CMakeFiles/vrpnserver.dir/vrpn_Atmel.C.o[0m
[21.623s] [ 31%] Built target add_vrpn_cookie
[21.624s] [ 31%] [32mBuilding CXX object CMakeFiles/vrpnserver.dir/vrpn_BiosciencesTools.C.o[0m
[21.677s] [ 31%] Built target bdbox_client
[21.746s] [35m[1mConsolidate compiler generated dependencies of target forcedevice_test_client[0m
[21.803s] [35m[1mConsolidate compiler generated dependencies of target ff_client[0m
[21.868s] [ 31%] [32mBuilding CXX object client_src/CMakeFiles/forcedevice_test_client.dir/forcedevice_test_client.cpp.o[0m
[21.909s] [ 32%] [32mBuilding CXX object client_src/CMakeFiles/ff_client.dir/ff_client.C.o[0m
[22.006s] [ 32%] [32mBuilding CXX object CMakeFiles/vrpnserver.dir/vrpn_Button_NI_DIO24.C.o[0m
[22.119s] [ 32%] [32mBuilding CXX object CMakeFiles/vrpnserver.dir/vrpn_Button_USB.cpp.o[0m
[22.262s] [ 32%] [32m[1mLinking CXX executable clock_drift_estimator[0m
[22.286s] [ 33%] [32mBuilding CXX object CMakeFiles/vrpnserver.dir/vrpn_CerealBox.C.o[0m
[22.355s] [35m[1mConsolidate compiler generated dependencies of target forwarderClient[0m
[22.381s] [ 33%] [32mBuilding CXX object CMakeFiles/vrpnserver.dir/vrpn_CHProducts_Controller_Raw.C.o[0m
[22.460s] [ 34%] [32mBuilding CXX object client_src/CMakeFiles/forwarderClient.dir/forwarderClient.C.o[0m
[22.606s] [ 34%] Built target clock_drift_estimator
[22.674s] [35m[1mConsolidate compiler generated dependencies of target phan_client[0m
[22.766s] [ 35%] [32m[1mLinking CXX executable forcedevice_test_client[0m
[22.772s] [ 35%] [32m[1mLinking CXX executable ff_client[0m
[22.791s] [ 35%] [32mBuilding CXX object client_src/CMakeFiles/phan_client.dir/phan_client.C.o[0m
[22.836s] [ 35%] [32m[1mLinking CXX executable forwarderClient[0m
[22.957s] [ 35%] [32mBuilding CXX object CMakeFiles/vrpnserver.dir/vrpn_Contour.C.o[0m
[23.126s] [ 35%] Built target forcedevice_test_client
[23.151s] [ 35%] Built target ff_client
[23.180s] [ 35%] [32m[1mLinking CXX executable phan_client[0m
[23.226s] [35m[1mConsolidate compiler generated dependencies of target printcereal[0m
[23.247s] [35m[1mConsolidate compiler generated dependencies of target printvals[0m
[23.299s] [ 35%] Built target forwarderClient
[23.323s] [ 36%] [32mBuilding CXX object client_src/CMakeFiles/printcereal.dir/printcereal.C.o[0m
[23.363s] [ 36%] [32mBuilding CXX object client_src/CMakeFiles/printvals.dir/printvals.C.o[0m
[23.385s] [35m[1mConsolidate compiler generated dependencies of target sound_client[0m
[23.473s] [ 37%] [32mBuilding CXX object client_src/CMakeFiles/sound_client.dir/sound_client.C.o[0m
[23.571s] [35m[1mConsolidate compiler generated dependencies of target sphere_client[0m
[23.613s] [ 37%] Built target phan_client
[23.647s] [ 37%] [32mBuilding CXX object client_src/CMakeFiles/sphere_client.dir/sphere_client.C.o[0m
[23.696s] [ 38%] [32mBuilding CXX object CMakeFiles/vrpnserver.dir/vrpn_DevInput.C.o[0m
[23.871s] [ 38%] [32m[1mLinking CXX executable printcereal[0m
[24.003s] [01m[K/home/orinnano/SDK_ros2_ws/src/vrpn/client_src/sound_client.C:[m[K In function ‘[01m[Kint main(int, char**)[m[K’:
[24.003s] [01m[K/home/orinnano/SDK_ros2_ws/src/vrpn/client_src/sound_client.C:196:30:[m[K [01;35m[Kwarning: [m[Kignoring return value of ‘[01m[Kint scanf(const char*, ...)[m[K’ declared with attribute ‘[01m[Kwarn_unused_result[m[K’ [[01;35m[K]8;;https://gcc.gnu.org/onlinedocs/gcc/Warning-Options.html#index-Wunused-result-Wunused-result]8;;[m[K]
[24.003s]   196 |                         [01;35m[Kscanf("%lf %lf %lf", &position[0], &position[1], &position[2])[m[K;
[24.004s]       |                         [01;35m[K~~~~~^~~~~~~~~~~~~~~~~~~~~~~~~~~~~~~~~~~~~~~~~~~~~~~~~~~~~~~~~[m[K
[24.004s] [01m[K/home/orinnano/SDK_ros2_ws/src/vrpn/client_src/sound_client.C:207:30:[m[K [01;35m[Kwarning: [m[Kignoring return value of ‘[01m[Kint scanf(const char*, ...)[m[K’ declared with attribute ‘[01m[Kwarn_unused_result[m[K’ [[01;35m[K]8;;https://gcc.gnu.org/onlinedocs/gcc/Warning-Options.html#index-Wunused-result-Wunused-result]8;;[m[K]
[24.004s]   207 |                         [01;35m[Kscanf("%lf %lf %lf %lf", &orientation[0], &orientation[1], &orientation[2], &orientation[3])[m[K;
[24.004s]       |                         [01;35m[K~~~~~^~~~~~~~~~~~~~~~~~~~~~~~~~~~~~~~~~~~~~~~~~~~~~~~~~~~~~~~~~~~~~~~~~~~~~~~~~~~~~~~~~~~~~~[m[K
[24.079s] [ 39%] [32m[1mLinking CXX executable printvals[0m
[24.136s] [ 39%] [32mBuilding CXX object CMakeFiles/vrpnserver.dir/vrpn_DirectXFFJoystick.C.o[0m
[24.315s] [35m[1mConsolidate compiler generated dependencies of target testSharedObject[0m
[24.347s] [ 39%] [32m[1mLinking CXX executable sound_client[0m
[24.348s] [ 39%] Built target printcereal
[24.399s] [ 39%] [32mBuilding CXX object client_src/CMakeFiles/testSharedObject.dir/testSharedObject.C.o[0m
[24.414s] [ 40%] [32m[1mLinking CXX executable sphere_client[0m
[24.445s] [35m[1mConsolidate compiler generated dependencies of target test_Zaber[0m
[24.484s] [ 40%] Built target printvals
[24.534s] [ 40%] [32mBuilding CXX object client_src/CMakeFiles/test_Zaber.dir/test_Zaber.C.o[0m
[24.562s] [35m[1mConsolidate compiler generated dependencies of target test_imager[0m
[24.678s] [ 40%] [32mBuilding CXX object client_src/CMakeFiles/test_imager.dir/test_imager.C.o[0m
[24.743s] [ 40%] [32m[1mLinking CXX executable testSharedObject[0m
[24.754s] [ 40%] Built target sound_client
[24.807s] [ 40%] Built target sphere_client
[24.824s] [35m[1mConsolidate compiler generated dependencies of target test_mutex[0m
[24.897s] [35m[1mConsolidate compiler generated dependencies of target text[0m
[24.943s] [ 40%] [32mBuilding CXX object client_src/CMakeFiles/test_mutex.dir/test_mutex.C.o[0m
[25.006s] [ 41%] [32mBuilding CXX object client_src/CMakeFiles/text.dir/text.C.o[0m
[25.032s] [ 42%] [32m[1mLinking CXX executable test_Zaber[0m
[25.082s] [ 42%] Built target testSharedObject
[25.152s] [35m[1mConsolidate compiler generated dependencies of target tracker_to_poser[0m
[25.219s] [ 42%] [32m[1mLinking CXX executable test_mutex[0m
[25.307s] [ 43%] [32mBuilding CXX object client_src/CMakeFiles/tracker_to_poser.dir/tracker_to_poser.cpp.o[0m
[25.411s] [ 43%] [32m[1mLinking CXX executable text[0m
[25.412s] [ 43%] Built target test_Zaber
[25.507s] [35m[1mConsolidate compiler generated dependencies of target vrpn_LamportClock[0m
[25.517s] [ 43%] [32m[1mLinking CXX executable test_imager[0m
[25.583s] [ 43%] Built target test_mutex
[25.603s] [ 44%] [32mBuilding CXX object client_src/CMakeFiles/vrpn_LamportClock.dir/vrpn_LamportClock.t.C.o[0m
[25.683s] [35m[1mConsolidate compiler generated dependencies of target vrpn_ping[0m
[25.756s] [ 44%] [32mBuilding CXX object client_src/CMakeFiles/vrpn_ping.dir/vrpn_ping.C.o[0m
[25.774s] [ 44%] Built target text
[25.786s] [ 44%] [32m[1mLinking CXX executable tracker_to_poser[0m
[25.867s] [ 44%] [32mBuilding CXX object CMakeFiles/vrpnserver.dir/vrpn_DirectXRumblePad.C.o[0m
[25.893s] [35m[1mConsolidate compiler generated dependencies of target logfilesenders[0m
[25.917s] [ 44%] Built target test_imager
[25.981s] [ 44%] [32mBuilding CXX object CMakeFiles/vrpnserver.dir/vrpn_Dyna.C.o[0m
[25.991s] [ 45%] [32mBuilding CXX object CMakeFiles/vrpnserver.dir/vrpn_DreamCheeky.C.o[0m
[26.019s] [ 46%] [32mBuilding CXX object client_src/CMakeFiles/logfilesenders.dir/logfilesenders.C.o[0m
[26.139s] [ 46%] Built target tracker_to_poser
[26.185s] [ 46%] [32m[1mLinking CXX executable vrpn_ping[0m
[26.307s] [35m[1mConsolidate compiler generated dependencies of target logfiletypes[0m
[26.383s] [ 46%] [32mBuilding CXX object client_src/CMakeFiles/logfiletypes.dir/logfiletypes.C.o[0m
[26.386s] [ 46%] [32m[1mLinking CXX executable logfilesenders[0m
[26.429s] [ 46%] [32mBuilding CXX object CMakeFiles/vrpnserver.dir/vrpn_Event_Analog.C.o[0m
[26.527s] [ 46%] [32m[1mLinking CXX executable vrpn_LamportClock[0m
[26.555s] [ 46%] Built target vrpn_ping
[26.619s] [ 46%] Built target logfilesenders
[26.654s] [ 47%] [32mBuilding CXX object CMakeFiles/vrpnserver.dir/vrpn_Event.C.o[0m
[26.691s] [35m[1mConsolidate compiler generated dependencies of target checklogfile[0m
[26.736s] [ 48%] [32m[1mLinking CXX executable logfiletypes[0m
[26.756s] [ 48%] [32mBuilding CXX object client_src/CMakeFiles/checklogfile.dir/checklogfile.C.o[0m
[26.842s] [35m[1mConsolidate compiler generated dependencies of target vrpn_average_analogs[0m
[26.871s] [35m[1mConsolidate compiler generated dependencies of target vrpn_print_devices[0m
[26.896s] [ 48%] Built target vrpn_LamportClock
[26.922s] [ 48%] [32mBuilding CXX object CMakeFiles/vrpnserver.dir/vrpn_Event_Mouse.C.o[0m
[26.932s] [ 49%] [32mBuilding CXX object client_src/CMakeFiles/vrpn_average_analogs.dir/vrpn_average_analogs.C.o[0m
[26.949s] [ 50%] [32mBuilding CXX object client_src/CMakeFiles/vrpn_print_devices.dir/vrpn_print_devices.C.o[0m
[26.949s] [ 50%] Built target logfiletypes
[26.994s] [35m[1mConsolidate compiler generated dependencies of target vrpn_log_devices[0m
[27.023s] [35m[1mConsolidate compiler generated dependencies of target vrpn_print_performance[0m
[27.071s] [ 50%] [32mBuilding CXX object client_src/CMakeFiles/vrpn_log_devices.dir/vrpn_log_devices.C.o[0m
[27.082s] [ 51%] [32m[1mLinking CXX executable checklogfile[0m
[27.157s] [ 51%] [32mBuilding CXX object client_src/CMakeFiles/vrpn_print_performance.dir/vrpn_print_performance.C.o[0m
[27.391s] [ 51%] Built target checklogfile
[27.471s] [ 51%] [32mBuilding CXX object CMakeFiles/vrpnserver.dir/vrpn_Flock.C.o[0m
[27.494s] [35m[1mConsolidate compiler generated dependencies of target vrpn_print_messages[0m
[27.581s] [ 51%] [32mBuilding CXX object client_src/CMakeFiles/vrpn_print_messages.dir/vrpn_print_messages.C.o[0m
[27.630s] [ 52%] [32m[1mLinking CXX executable vrpn_log_devices[0m
[27.747s] [ 52%] [32m[1mLinking CXX executable vrpn_average_analogs[0m
[27.929s] [ 52%] [32m[1mLinking CXX executable vrpn_print_devices[0m
[27.955s] [ 53%] [32m[1mLinking CXX executable vrpn_print_messages[0m
[28.055s] [ 53%] Built target vrpn_log_devices
[28.105s] [ 54%] [32mBuilding CXX object CMakeFiles/vrpnserver.dir/vrpn_Flock_Parallel.C.o[0m
[28.131s] [35m[1mConsolidate compiler generated dependencies of target c_interface_example[0m
[28.170s] [ 54%] Built target vrpn_average_analogs
[28.240s] [ 54%] [32mBuilding C object client_src/CMakeFiles/c_interface_example.dir/c_interface_example.c.o[0m
[28.247s] [ 55%] [32mBuilding CXX object client_src/CMakeFiles/c_interface_example.dir/c_interface.cpp.o[0m
[28.286s] [ 55%] [32m[1mLinking CXX executable vrpn_print_performance[0m
[28.299s] [ 55%] Built target vrpn_print_devices
[28.308s] [ 55%] Built target vrpn_print_messages
[28.390s] [35m[1mConsolidate compiler generated dependencies of target run_auxiliary_logger[0m
[28.394s] [35m[1mConsolidate compiler generated dependencies of target vrpn_streamPrint[0m
[28.470s] [ 56%] [32mBuilding CXX object client_src/CMakeFiles/run_auxiliary_logger.dir/run_auxiliary_logger.C.o[0m
[28.473s] [ 56%] [32mBuilding CXX object CMakeFiles/vrpnserver.dir/vrpn_ForceDeviceServer.C.o[0m
[28.496s] [ 56%] [32mBuilding CXX object util/printStream/CMakeFiles/vrpn_streamPrint.dir/vrpn_streamPrint.cpp.o[0m
[28.552s] [ 56%] [32m[1mLinking CXX executable c_interface_example[0m
[28.703s] [ 56%] Built target vrpn_print_performance
[28.708s] [ 56%] [32mBuilding CXX object CMakeFiles/vrpnserver.dir/vrpn_Freespace.C.o[0m
[28.783s] [ 57%] [32mBuilding CXX object CMakeFiles/vrpnserver.dir/vrpn_Futaba.C.o[0m
[28.878s] [ 57%] [32m[1mLinking CXX executable run_auxiliary_logger[0m
[28.886s] [ 57%] [32mBuilding CXX object CMakeFiles/vrpnserver.dir/vrpn_GlobalHapticsOrb.C.o[0m
[28.906s] [ 57%] Built target c_interface_example
[28.960s] [ 58%] [32m[1mLinking CXX executable vrpn_streamPrint[0m
[29.025s] [ 58%] [32mBuilding CXX object CMakeFiles/vrpnserver.dir/vrpn_Griffin.C.o[0m
[29.209s] [ 58%] Built target run_auxiliary_logger
[29.232s] [ 59%] [32mBuilding CXX object CMakeFiles/vrpnserver.dir/vrpn_HumanInterface.C.o[0m
[29.315s] [ 59%] [32mBuilding CXX object CMakeFiles/vrpnserver.dir/vrpn_IDEA.C.o[0m
[29.336s] [ 59%] Built target vrpn_streamPrint
[29.451s] [ 59%] [32mBuilding CXX object CMakeFiles/vrpnserver.dir/vrpn_Imager_Stream_Buffer.C.o[0m
[29.576s] [ 60%] [32mBuilding CXX object CMakeFiles/vrpnserver.dir/vrpn_ImmersionBox.C.o[0m
[29.883s] [ 60%] [32mBuilding CXX object CMakeFiles/vrpnserver.dir/vrpn_inertiamouse.C.o[0m
[30.224s] [ 60%] [32mBuilding CXX object CMakeFiles/vrpnserver.dir/vrpn_JoyFly.C.o[0m
[30.263s] [ 61%] [32mBuilding CXX object CMakeFiles/vrpnserver.dir/vrpn_Joylin.C.o[0m
[30.595s] [ 61%] [32mBuilding CXX object CMakeFiles/vrpnserver.dir/vrpn_Joywin32.C.o[0m
[30.606s] [ 61%] [32mBuilding CXX object CMakeFiles/vrpnserver.dir/vrpn_Keyboard.C.o[0m
[30.772s] [ 62%] [32mBuilding CXX object CMakeFiles/vrpnserver.dir/vrpn_Laputa.C.o[0m
[30.778s] [ 62%] [32mBuilding CXX object CMakeFiles/vrpnserver.dir/vrpn_LUDL.C.o[0m
[30.791s] [ 62%] [32mBuilding CXX object CMakeFiles/vrpnserver.dir/vrpn_Logitech_Controller_Raw.C.o[0m
[30.976s] [ 63%] [32mBuilding CXX object CMakeFiles/vrpnserver.dir/vrpn_Magellan.C.o[0m
[31.117s] [ 63%] [32mBuilding CXX object CMakeFiles/vrpnserver.dir/vrpn_Microsoft_Controller_Raw.C.o[0m
[31.375s] [ 63%] [32mBuilding CXX object CMakeFiles/vrpnserver.dir/vrpn_Mouse.C.o[0m
[31.605s] [ 64%] [32mBuilding CXX object CMakeFiles/vrpnserver.dir/vrpn_NationalInstruments.C.o[0m
[31.779s] [ 64%] [32mBuilding CXX object CMakeFiles/vrpnserver.dir/vrpn_Nidaq.C.o[0m
[31.782s] [ 64%] [32mBuilding CXX object CMakeFiles/vrpnserver.dir/vrpn_nikon_controls.C.o[0m
[31.952s] [ 65%] [32mBuilding CXX object CMakeFiles/vrpnserver.dir/vrpn_nVidia_shield_controller.C.o[0m
[31.956s] [ 65%] [32mBuilding CXX object CMakeFiles/vrpnserver.dir/vrpn_Oculus.C.o[0m
[32.004s] [ 65%] [32mBuilding CXX object CMakeFiles/vrpnserver.dir/vrpn_OzzMaker.C.o[0m
[32.222s] [ 66%] [32mBuilding CXX object CMakeFiles/vrpnserver.dir/vrpn_OmegaTemperature.C.o[0m
[32.286s] [ 66%] [32mBuilding CXX object CMakeFiles/vrpnserver.dir/vrpn_Poser_Analog.C.o[0m
[32.550s] [ 66%] [32mBuilding CXX object CMakeFiles/vrpnserver.dir/vrpn_Poser_Tek4662.C.o[0m
[32.590s] [ 67%] [32mBuilding CXX object CMakeFiles/vrpnserver.dir/vrpn_raw_sgibox.C.o[0m
[32.855s] [ 67%] [32mBuilding CXX object CMakeFiles/vrpnserver.dir/vrpn_Retrolink.C.o[0m
[33.130s] [ 67%] [32mBuilding CXX object CMakeFiles/vrpnserver.dir/vrpn_Saitek_Controller_Raw.C.o[0m
[33.149s] [ 68%] [32mBuilding CXX object CMakeFiles/vrpnserver.dir/vrpn_sgibox.C.o[0m
[33.237s] [ 68%] [32mBuilding CXX object CMakeFiles/vrpnserver.dir/vrpn_Spaceball.C.o[0m
[33.282s] [ 68%] [32mBuilding CXX object CMakeFiles/vrpnserver.dir/vrpn_Streaming_Arduino.C.o[0m
[33.292s] [ 69%] [32mBuilding CXX object CMakeFiles/vrpnserver.dir/vrpn_Tng3.C.o[0m
[33.516s] [ 69%] [32mBuilding CXX object CMakeFiles/vrpnserver.dir/vrpn_Tracker_3DMouse.C.o[0m
[33.954s] [ 69%] [32mBuilding CXX object CMakeFiles/vrpnserver.dir/vrpn_Tracker_AnalogFly.C.o[0m
[33.954s] [ 70%] [32mBuilding CXX object CMakeFiles/vrpnserver.dir/vrpn_Tracker_ButtonFly.C.o[0m
[34.192s] [ 70%] [32mBuilding CXX object CMakeFiles/vrpnserver.dir/vrpn_Tracker_Crossbow.C.o[0m
[34.393s] [ 70%] [32mBuilding CXX object CMakeFiles/vrpnserver.dir/vrpn_Tracker_DTrack.C.o[0m
[34.400s] [ 71%] [32mBuilding CXX object CMakeFiles/vrpnserver.dir/vrpn_Tracker_Fastrak.C.o[0m
[35.112s] [ 71%] [32mBuilding CXX object CMakeFiles/vrpnserver.dir/vrpn_Tracker_Filter.C.o[0m
[35.156s] [ 71%] [32mBuilding CXX object CMakeFiles/vrpnserver.dir/vrpn_Tracker_GameTrak.C.o[0m
[35.195s] [ 72%] [32mBuilding CXX object CMakeFiles/vrpnserver.dir/vrpn_Tracker_GPS.C.o[0m
[35.299s] [ 72%] [32mBuilding CXX object CMakeFiles/vrpnserver.dir/vrpn_Tracker_IMU.C.o[0m
[35.388s] [ 72%] [32mBuilding CXX object CMakeFiles/vrpnserver.dir/vrpn_Tracker_isense.C.o[0m
[35.563s] [ 73%] [32mBuilding CXX object CMakeFiles/vrpnserver.dir/vrpn_Tracker_Isotrak.C.o[0m
[36.041s] [ 73%] [32mBuilding CXX object CMakeFiles/vrpnserver.dir/vrpn_Tracker_JsonNet.C.o[0m
[36.170s] [ 73%] [32mBuilding CXX object CMakeFiles/vrpnserver.dir/vrpn_Tracker_Liberty.C.o[0m
[36.183s] [ 74%] [32mBuilding CXX object CMakeFiles/vrpnserver.dir/vrpn_Tracker_MotionNode.C.o[0m
[36.255s] [ 74%] [32mBuilding CXX object CMakeFiles/vrpnserver.dir/vrpn_Tracker_NDI_Polaris.C.o[0m
[36.392s] [ 74%] [32mBuilding CXX object CMakeFiles/vrpnserver.dir/vrpn_Tracker_NovintFalcon.C.o[0m
[36.460s] [ 75%] [32mBuilding CXX object CMakeFiles/vrpnserver.dir/vrpn_Tracker_OSVRHackerDevKit.C.o[0m
[36.534s] [ 75%] [32mBuilding CXX object CMakeFiles/vrpnserver.dir/vrpn_Tracker_PDI.C.o[0m
[36.860s] [ 75%] [32mBuilding CXX object CMakeFiles/vrpnserver.dir/vrpn_Tracker_PhaseSpace.C.o[0m
[36.911s] [ 76%] [32mBuilding CXX object CMakeFiles/vrpnserver.dir/vrpn_Tracker_RazerHydra.C.o[0m
[37.072s] [ 76%] [32mBuilding CXX object CMakeFiles/vrpnserver.dir/vrpn_Tracker_ThalmicLabsMyo.C.o[0m
[37.165s] [ 76%] [32mBuilding CXX object CMakeFiles/vrpnserver.dir/vrpn_Tracker_SpacePoint.C.o[0m
[37.204s] [ 77%] [32mBuilding CXX object CMakeFiles/vrpnserver.dir/vrpn_Tracker_Wintracker.C.o[0m
[37.227s] [ 77%] [32mBuilding CXX object CMakeFiles/vrpnserver.dir/vrpn_Tracker_Colibri.C.o[0m
[37.586s] [ 77%] [32mBuilding CXX object CMakeFiles/vrpnserver.dir/vrpn_Tracker_TrivisioColibri.C.o[0m
[37.647s] [ 78%] [32mBuilding CXX object CMakeFiles/vrpnserver.dir/vrpn_Tracker_WiimoteHead.C.o[0m
[37.740s] [ 78%] [32mBuilding CXX object CMakeFiles/vrpnserver.dir/vrpn_Tracker_ViewPoint.C.o[0m
[37.752s] [ 78%] [32mBuilding CXX object CMakeFiles/vrpnserver.dir/vrpn_Tracker_zSight.C.o[0m
[37.921s] [ 79%] [32mBuilding CXX object CMakeFiles/vrpnserver.dir/vrpn_UNC_Joystick.C.o[0m
[37.961s] [ 79%] [32mBuilding CXX object CMakeFiles/vrpnserver.dir/vrpn_VPJoystick.C.o[0m
[38.083s] [ 79%] [32mBuilding CXX object CMakeFiles/vrpnserver.dir/vrpn_Wanda.C.o[0m
[38.232s] [ 80%] [32mBuilding CXX object CMakeFiles/vrpnserver.dir/vrpn_WiiMote.C.o[0m
[38.365s] [ 80%] [32mBuilding CXX object CMakeFiles/vrpnserver.dir/vrpn_XInputGamepad.C.o[0m
[38.381s] [ 80%] [32mBuilding CXX object CMakeFiles/vrpnserver.dir/vrpn_Xkeys.C.o[0m
[38.440s] [ 81%] [32mBuilding CXX object CMakeFiles/vrpnserver.dir/vrpn_Tracker_LibertyHS.C.o[0m
[38.506s] [ 81%] [32mBuilding CXX object CMakeFiles/vrpnserver.dir/vrpn_Vality.C.o[0m
[38.585s] [ 81%] [32mBuilding CXX object CMakeFiles/vrpnserver.dir/vrpn_YEI_3Space.C.o[0m
[38.756s] [ 82%] [32mBuilding CXX object CMakeFiles/vrpnserver.dir/vrpn_Zaber.C.o[0m
[39.339s] [ 82%] [32mBuilding CXX object CMakeFiles/vrpnserver.dir/server_src/vrpn_Generic_server_object.C.o[0m
[53.667s] [ 83%] [32m[1mLinking CXX static library libvrpnserver.a[0m
[54.246s] [ 83%] Built target vrpnserver
[54.305s] [35m[1mConsolidate compiler generated dependencies of target time_test[0m
[54.310s] [35m[1mConsolidate compiler generated dependencies of target client_and_server[0m
[54.317s] [35m[1mConsolidate compiler generated dependencies of target forward[0m
[54.331s] [35m[1mConsolidate compiler generated dependencies of target vrpn_server[0m
[54.334s] [35m[1mConsolidate compiler generated dependencies of target sample_analog[0m
[54.334s] [35m[1mConsolidate compiler generated dependencies of target last_of_sequence[0m
[54.374s] [ 83%] [32mBuilding CXX object CMakeFiles/time_test.dir/time_test.cpp.o[0m
[54.388s] [ 83%] [32mBuilding CXX object server_src/CMakeFiles/client_and_server.dir/client_and_server.C.o[0m
[54.396s] [ 83%] [32mBuilding CXX object server_src/CMakeFiles/forward.dir/forward.C.o[0m
[54.401s] [ 84%] [32mBuilding CXX object server_src/CMakeFiles/vrpn_server.dir/vrpn.C.o[0m
[54.408s] [ 84%] [32mBuilding CXX object server_src/CMakeFiles/last_of_sequence.dir/last_of_sequence.C.o[0m
[54.421s] [ 84%] [32mBuilding CXX object server_src/CMakeFiles/sample_analog.dir/sample_analog.C.o[0m
[54.644s] [ 84%] [32m[1mLinking CXX executable time_test[0m
[54.713s] [ 84%] [32m[1mLinking CXX executable client_and_server[0m
[54.732s] [ 84%] [32m[1mLinking CXX executable last_of_sequence[0m
[54.754s] [ 84%] [32m[1mLinking CXX executable forward[0m
[55.056s] [ 84%] Built target time_test
[55.070s] [ 84%] Built target last_of_sequence
[55.083s] [ 84%] Built target client_and_server
[55.135s] [35m[1mConsolidate compiler generated dependencies of target testSharedObjectServer[0m
[55.139s] [35m[1mConsolidate compiler generated dependencies of target sample_server[0m
[55.158s] [ 84%] Built target forward
[55.159s] [ 85%] [32m[1mLinking CXX executable sample_analog[0m
[55.186s] [35m[1mConsolidate compiler generated dependencies of target test_analogfly[0m
[55.203s] [ 86%] [32mBuilding CXX object server_src/CMakeFiles/testSharedObjectServer.dir/testSharedObjectServer.C.o[0m
[55.217s] [ 86%] [32mBuilding CXX object server_src/CMakeFiles/sample_server.dir/sample_server.C.o[0m
[55.253s] [35m[1mConsolidate compiler generated dependencies of target test_auxiliary_logger[0m
[55.279s] [ 86%] [32mBuilding CXX object server_src/CMakeFiles/test_analogfly.dir/test_analogfly.C.o[0m
[55.318s] [ 87%] [32mBuilding CXX object server_src/CMakeFiles/test_auxiliary_logger.dir/test_auxiliary_logger.C.o[0m
[55.520s] [ 87%] [32m[1mLinking CXX executable sample_server[0m
[55.539s] [ 87%] Built target sample_analog
[55.579s] [ 87%] [32m[1mLinking CXX executable testSharedObjectServer[0m
[55.580s] [ 87%] [32m[1mLinking CXX executable vrpn_server[0m
[55.632s] [35m[1mConsolidate compiler generated dependencies of target test_freespace[0m
[55.708s] [ 87%] [32mBuilding CXX object server_src/CMakeFiles/test_freespace.dir/test_freespace.C.o[0m
[55.713s] [ 87%] [32m[1mLinking CXX executable test_analogfly[0m
[55.845s] [ 87%] Built target sample_server
[55.857s] [ 87%] [32m[1mLinking CXX executable test_auxiliary_logger[0m
[55.912s] [ 88%] [32m[1mLinking CXX executable test_freespace[0m
[55.922s] [35m[1mConsolidate compiler generated dependencies of target test_logging[0m
[55.960s] [ 88%] Built target testSharedObjectServer
[56.000s] [ 89%] [32mBuilding CXX object server_src/CMakeFiles/test_logging.dir/test_logging.C.o[0m
[56.028s] [35m[1mConsolidate compiler generated dependencies of target test_loopback[0m
[56.100s] [ 89%] [32mBuilding CXX object server_src/CMakeFiles/test_loopback.dir/test_loopback.C.o[0m
[56.156s] [ 89%] Built target test_analogfly
[56.156s] [ 89%] Built target test_freespace
[56.230s] [35m[1mConsolidate compiler generated dependencies of target test_mutexServer[0m
[56.252s] [35m[1mConsolidate compiler generated dependencies of target test_peerMutex[0m
[56.280s] [ 89%] Built target vrpn_server
[56.280s] [ 89%] Built target test_auxiliary_logger
[56.317s] [ 90%] [32mBuilding CXX object server_src/CMakeFiles/test_mutexServer.dir/test_mutexServer.C.o[0m
[56.349s] [35m[1mConsolidate compiler generated dependencies of target test_radamec_spi[0m
[56.349s] [ 90%] [32mBuilding CXX object server_src/CMakeFiles/test_peerMutex.dir/test_peerMutex.C.o[0m
[56.368s] [35m[1mConsolidate compiler generated dependencies of target test_rumble[0m
[56.447s] [ 90%] [32mBuilding CXX object server_src/CMakeFiles/test_radamec_spi.dir/test_radamec_spi.C.o[0m
[56.450s] [ 91%] [32mBuilding CXX object server_src/CMakeFiles/test_rumble.dir/test_rumble.C.o[0m
[56.558s] [ 91%] [32m[1mLinking CXX executable test_logging[0m
[56.629s] [ 91%] [32m[1mLinking CXX executable test_mutexServer[0m
[56.643s] [ 92%] [32m[1mLinking CXX executable test_peerMutex[0m
[56.777s] [ 92%] [32m[1mLinking CXX executable test_radamec_spi[0m
[56.841s] [ 92%] [32m[1mLinking CXX executable test_rumble[0m
[56.959s] [ 92%] Built target test_peerMutex
[56.960s] [ 92%] Built target test_logging
[57.027s] [ 92%] Built target test_mutexServer
[57.034s] [35m[1mConsolidate compiler generated dependencies of target test_vrpn[0m
[57.049s] [35m[1mConsolidate compiler generated dependencies of target testimager_server[0m
[57.109s] [35m[1mConsolidate compiler generated dependencies of target textServer[0m
[57.115s] [ 92%] [32mBuilding CXX object server_src/CMakeFiles/test_vrpn.dir/test_vrpn.C.o[0m
[57.136s] [ 92%] [32mBuilding CXX object server_src/CMakeFiles/testimager_server.dir/testimager_server.cpp.o[0m
[57.154s] [ 93%] Built target test_radamec_spi
[57.154s] [ 93%] [32m[1mLinking CXX executable test_loopback[0m
[57.181s] [ 93%] [32mBuilding CXX object server_src/CMakeFiles/textServer.dir/textServer.C.o[0m
[57.216s] [ 93%] Built target test_rumble
[57.245s] [35m[1mConsolidate compiler generated dependencies of target vrpn-python[0m
[57.361s] [ 93%] [32mBuilding CXX object python/CMakeFiles/vrpn-python.dir/Base.cpp.o[0m
[57.401s] [ 93%] [32mBuilding CXX object python/CMakeFiles/vrpn-python.dir/Connection.cpp.o[0m
[57.469s] [ 93%] [32m[1mLinking CXX executable testimager_server[0m
[57.543s] [ 93%] Built target test_loopback
[57.597s] [ 94%] [32m[1mLinking CXX executable textServer[0m
[57.623s] [ 95%] [32mBuilding CXX object python/CMakeFiles/vrpn-python.dir/Device.cpp.o[0m
[57.927s] [ 95%] Built target testimager_server
[57.928s] [ 95%] Built target textServer
[58.008s] [ 95%] [32mBuilding CXX object python/CMakeFiles/vrpn-python.dir/callback.cpp.o[0m
[58.015s] [ 95%] [32mBuilding CXX object python/CMakeFiles/vrpn-python.dir/interface.cpp.o[0m
[58.690s] [ 96%] [32m[1mLinking CXX executable test_vrpn[0m
[58.750s] [ 97%] [32mBuilding CXX object python/CMakeFiles/vrpn-python.dir/quaternion/quaternion.cpp.o[0m
[58.923s] [ 97%] [32mBuilding CXX object python/CMakeFiles/vrpn-python.dir/receiver/Analog.cpp.o[0m
[59.281s] [ 97%] Built target test_vrpn
[59.367s] [ 97%] [32mBuilding CXX object python/CMakeFiles/vrpn-python.dir/receiver/Button.cpp.o[0m
[59.447s] [ 98%] [32mBuilding CXX object python/CMakeFiles/vrpn-python.dir/receiver/Dial.cpp.o[0m
[59.751s] [ 98%] [32mBuilding CXX object python/CMakeFiles/vrpn-python.dir/receiver/Text_Receiver.cpp.o[0m
[60.049s] [ 98%] [32mBuilding CXX object python/CMakeFiles/vrpn-python.dir/receiver/Tracker.cpp.o[0m
[60.082s] [ 99%] [32mBuilding CXX object python/CMakeFiles/vrpn-python.dir/receiver/receiver.cpp.o[0m
[60.787s] [ 99%] [32mBuilding CXX object python/CMakeFiles/vrpn-python.dir/sender/Poser.cpp.o[0m
[60.989s] [ 99%] [32mBuilding CXX object python/CMakeFiles/vrpn-python.dir/sender/Text_Sender.cpp.o[0m
[61.390s] [100%] [32mBuilding CXX object python/CMakeFiles/vrpn-python.dir/sender/sender.cpp.o[0m
[61.446s] [100%] [32mBuilding CXX object python/CMakeFiles/vrpn-python.dir/tools.cpp.o[0m
[63.206s] [100%] [32m[1mLinking CXX shared module vrpn.so[0m
[63.559s] [100%] Built target vrpn-python
[63.620s] Invoked command in '/home/orinnano/SDK_ros2_ws/build/VRPN' returned '0': /usr/bin/cmake --build /home/orinnano/SDK_ros2_ws/build/VRPN -- -j6 -l6
[67.573s] Invoking command in '/home/orinnano/SDK_ros2_ws/build/VRPN': /usr/bin/cmake --install /home/orinnano/SDK_ros2_ws/build/VRPN
[67.616s] -- Install configuration: "RelWithDebInfo"
[67.616s] -- Installing: /home/orinnano/SDK_ros2_ws/install/VRPN/lib/libvrpnserver.a
[67.655s] -- Up-to-date: /home/orinnano/SDK_ros2_ws/install/VRPN/include/vrpn_Configure.h
[67.656s] -- Installing: /home/orinnano/SDK_ros2_ws/install/VRPN/include/vrpn_Analog.h
[67.656s] -- Installing: /home/orinnano/SDK_ros2_ws/install/VRPN/include/vrpn_Analog_Output.h
[67.656s] -- Installing: /home/orinnano/SDK_ros2_ws/install/VRPN/include/vrpn_Assert.h
[67.657s] -- Installing: /home/orinnano/SDK_ros2_ws/install/VRPN/include/vrpn_Auxiliary_Logger.h
[67.657s] -- Installing: /home/orinnano/SDK_ros2_ws/install/VRPN/include/vrpn_BaseClass.h
[67.657s] -- Installing: /home/orinnano/SDK_ros2_ws/install/VRPN/include/vrpn_Button.h
[67.657s] -- Installing: /home/orinnano/SDK_ros2_ws/install/VRPN/include/vrpn_Connection.h
[67.657s] -- Installing: /home/orinnano/SDK_ros2_ws/install/VRPN/include/vrpn_ConnectionPtr.h
[67.658s] -- Installing: /home/orinnano/SDK_ros2_ws/install/VRPN/include/vrpn_Dial.h
[67.658s] -- Installing: /home/orinnano/SDK_ros2_ws/install/VRPN/include/vrpn_EndpointContainer.h
[67.658s] -- Installing: /home/orinnano/SDK_ros2_ws/install/VRPN/include/vrpn_FileConnection.h
[67.658s] -- Installing: /home/orinnano/SDK_ros2_ws/install/VRPN/include/vrpn_FileController.h
[67.658s] -- Installing: /home/orinnano/SDK_ros2_ws/install/VRPN/include/vrpn_ForceDevice.h
[67.658s] -- Installing: /home/orinnano/SDK_ros2_ws/install/VRPN/include/vrpn_ForwarderController.h
[67.659s] -- Installing: /home/orinnano/SDK_ros2_ws/install/VRPN/include/vrpn_Forwarder.h
[67.659s] -- Installing: /home/orinnano/SDK_ros2_ws/install/VRPN/include/vrpn_FunctionGenerator.h
[67.659s] -- Installing: /home/orinnano/SDK_ros2_ws/install/VRPN/include/vrpn_Imager.h
[67.659s] -- Installing: /home/orinnano/SDK_ros2_ws/install/VRPN/include/vrpn_LamportClock.h
[67.659s] -- Installing: /home/orinnano/SDK_ros2_ws/install/VRPN/include/vrpn_Log.h
[67.660s] -- Installing: /home/orinnano/SDK_ros2_ws/install/VRPN/include/vrpn_MainloopContainer.h
[67.660s] -- Installing: /home/orinnano/SDK_ros2_ws/install/VRPN/include/vrpn_MainloopObject.h
[67.660s] -- Installing: /home/orinnano/SDK_ros2_ws/install/VRPN/include/vrpn_Mutex.h
[67.660s] -- Installing: /home/orinnano/SDK_ros2_ws/install/VRPN/include/vrpn_OwningPtr.h
[67.661s] -- Installing: /home/orinnano/SDK_ros2_ws/install/VRPN/include/vrpn_RedundantTransmission.h
[67.661s] -- Installing: /home/orinnano/SDK_ros2_ws/install/VRPN/include/vrpn_SendTextMessageStreamProxy.h
[67.661s] -- Installing: /home/orinnano/SDK_ros2_ws/install/VRPN/include/vrpn_Serial.h
[67.662s] -- Installing: /home/orinnano/SDK_ros2_ws/install/VRPN/include/vrpn_SerialPort.h
[67.662s] -- Installing: /home/orinnano/SDK_ros2_ws/install/VRPN/include/vrpn_Shared.h
[67.662s] -- Installing: /home/orinnano/SDK_ros2_ws/install/VRPN/include/vrpn_SharedObject.h
[67.662s] -- Installing: /home/orinnano/SDK_ros2_ws/install/VRPN/include/vrpn_Sound.h
[67.662s] -- Installing: /home/orinnano/SDK_ros2_ws/install/VRPN/include/vrpn_Text.h
[67.663s] -- Installing: /home/orinnano/SDK_ros2_ws/install/VRPN/include/vrpn_Thread.h
[67.663s] -- Installing: /home/orinnano/SDK_ros2_ws/install/VRPN/include/vrpn_Tracker.h
[67.664s] -- Installing: /home/orinnano/SDK_ros2_ws/install/VRPN/include/vrpn_Types.h
[67.664s] -- Installing: /home/orinnano/SDK_ros2_ws/install/VRPN/include/vrpn_WindowsH.h
[67.664s] -- Installing: /home/orinnano/SDK_ros2_ws/install/VRPN/include/vrpn_3DConnexion.h
[67.664s] -- Installing: /home/orinnano/SDK_ros2_ws/install/VRPN/include/vrpn_3DMicroscribe.h
[67.664s] -- Installing: /home/orinnano/SDK_ros2_ws/install/VRPN/include/vrpn_3Space.h
[67.664s] -- Installing: /home/orinnano/SDK_ros2_ws/install/VRPN/include/vrpn_5DT16.h
[67.665s] -- Installing: /home/orinnano/SDK_ros2_ws/install/VRPN/include/vrpn_Adafruit.h
[67.665s] -- Installing: /home/orinnano/SDK_ros2_ws/install/VRPN/include/vrpn_ADBox.h
[67.665s] -- Installing: /home/orinnano/SDK_ros2_ws/install/VRPN/include/vrpn_Analog_5dt.h
[67.665s] -- Installing: /home/orinnano/SDK_ros2_ws/install/VRPN/include/vrpn_Analog_5dtUSB.h
[67.665s] -- Installing: /home/orinnano/SDK_ros2_ws/install/VRPN/include/vrpn_Analog_Radamec_SPI.h
[67.665s] -- Installing: /home/orinnano/SDK_ros2_ws/install/VRPN/include/vrpn_Analog_USDigital_A2.h
[67.666s] -- Installing: /home/orinnano/SDK_ros2_ws/install/VRPN/include/vrpn_Atmel.h
[67.666s] -- Installing: /home/orinnano/SDK_ros2_ws/install/VRPN/include/vrpn_BiosciencesTools.h
[67.666s] -- Installing: /home/orinnano/SDK_ros2_ws/install/VRPN/include/vrpn_Button_NI_DIO24.h
[67.666s] -- Installing: /home/orinnano/SDK_ros2_ws/install/VRPN/include/vrpn_Button_USB.h
[67.666s] -- Installing: /home/orinnano/SDK_ros2_ws/install/VRPN/include/vrpn_CerealBox.h
[67.667s] -- Installing: /home/orinnano/SDK_ros2_ws/install/VRPN/include/vrpn_CHProducts_Controller_Raw.h
[67.667s] -- Installing: /home/orinnano/SDK_ros2_ws/install/VRPN/include/vrpn_Contour.h
[67.667s] -- Installing: /home/orinnano/SDK_ros2_ws/install/VRPN/include/vrpn_DevInput.h
[67.667s] -- Installing: /home/orinnano/SDK_ros2_ws/install/VRPN/include/vrpn_DirectXFFJoystick.h
[67.667s] -- Installing: /home/orinnano/SDK_ros2_ws/install/VRPN/include/vrpn_DirectXRumblePad.h
[67.667s] -- Installing: /home/orinnano/SDK_ros2_ws/install/VRPN/include/vrpn_DreamCheeky.h
[67.668s] -- Installing: /home/orinnano/SDK_ros2_ws/install/VRPN/include/vrpn_Dyna.h
[67.668s] -- Installing: /home/orinnano/SDK_ros2_ws/install/VRPN/include/vrpn_Event_Analog.h
[67.668s] -- Installing: /home/orinnano/SDK_ros2_ws/install/VRPN/include/vrpn_Event.h
[67.668s] -- Installing: /home/orinnano/SDK_ros2_ws/install/VRPN/include/vrpn_Event_Mouse.h
[67.669s] -- Installing: /home/orinnano/SDK_ros2_ws/install/VRPN/include/vrpn_Flock.h
[67.669s] -- Installing: /home/orinnano/SDK_ros2_ws/install/VRPN/include/vrpn_Flock_Parallel.h
[67.669s] -- Installing: /home/orinnano/SDK_ros2_ws/install/VRPN/include/vrpn_ForceDeviceServer.h
[67.671s] -- Installing: /home/orinnano/SDK_ros2_ws/install/VRPN/include/vrpn_Freespace.h
[67.671s] -- Installing: /home/orinnano/SDK_ros2_ws/install/VRPN/include/vrpn_FunctionGenerator.h
[67.671s] -- Installing: /home/orinnano/SDK_ros2_ws/install/VRPN/include/vrpn_Futaba.h
[67.672s] -- Installing: /home/orinnano/SDK_ros2_ws/install/VRPN/include/vrpn_GlobalHapticsOrb.h
[67.672s] -- Installing: /home/orinnano/SDK_ros2_ws/install/VRPN/include/vrpn_Griffin.h
[67.672s] -- Installing: /home/orinnano/SDK_ros2_ws/install/VRPN/include/vrpn_HashST.h
[67.672s] -- Installing: /home/orinnano/SDK_ros2_ws/install/VRPN/include/vrpn_HumanInterface.h
[67.672s] -- Installing: /home/orinnano/SDK_ros2_ws/install/VRPN/include/vrpn_IDEA.h
[67.673s] -- Installing: /home/orinnano/SDK_ros2_ws/install/VRPN/include/vrpn_Imager_Stream_Buffer.h
[67.673s] -- Installing: /home/orinnano/SDK_ros2_ws/install/VRPN/include/vrpn_ImmersionBox.h
[67.673s] -- Installing: /home/orinnano/SDK_ros2_ws/install/VRPN/include/vrpn_inertiamouse.h
[67.673s] -- Installing: /home/orinnano/SDK_ros2_ws/install/VRPN/include/vrpn_JoyFly.h
[67.673s] -- Installing: /home/orinnano/SDK_ros2_ws/install/VRPN/include/vrpn_Joylin.h
[67.673s] -- Installing: /home/orinnano/SDK_ros2_ws/install/VRPN/include/vrpn_Joywin32.h
[67.673s] -- Installing: /home/orinnano/SDK_ros2_ws/install/VRPN/include/vrpn_Keyboard.h
[67.674s] -- Installing: /home/orinnano/SDK_ros2_ws/install/VRPN/include/vrpn_Logitech_Controller_Raw.h
[67.674s] -- Installing: /home/orinnano/SDK_ros2_ws/install/VRPN/include/vrpn_Laputa.h
[67.674s] -- Installing: /home/orinnano/SDK_ros2_ws/install/VRPN/include/vrpn_LUDL.h
[67.674s] -- Installing: /home/orinnano/SDK_ros2_ws/install/VRPN/include/vrpn_Magellan.h
[67.674s] -- Installing: /home/orinnano/SDK_ros2_ws/install/VRPN/include/vrpn_MessageMacros.h
[67.675s] -- Installing: /home/orinnano/SDK_ros2_ws/install/VRPN/include/vrpn_Microsoft_Controller_Raw.h
[67.675s] -- Installing: /home/orinnano/SDK_ros2_ws/install/VRPN/include/vrpn_Mouse.h
[67.675s] -- Installing: /home/orinnano/SDK_ros2_ws/install/VRPN/include/vrpn_NationalInstruments.h
[67.675s] -- Installing: /home/orinnano/SDK_ros2_ws/install/VRPN/include/vrpn_Nidaq.h
[67.675s] -- Installing: /home/orinnano/SDK_ros2_ws/install/VRPN/include/vrpn_nikon_controls.h
[67.676s] -- Installing: /home/orinnano/SDK_ros2_ws/install/VRPN/include/vrpn_nVidia_shield_controller.h
[67.676s] -- Installing: /home/orinnano/SDK_ros2_ws/install/VRPN/include/vrpn_Oculus.h
[67.676s] -- Installing: /home/orinnano/SDK_ros2_ws/install/VRPN/include/vrpn_OmegaTemperature.h
[67.676s] -- Installing: /home/orinnano/SDK_ros2_ws/install/VRPN/include/vrpn_OneEuroFilter.h
[67.676s] -- Installing: /home/orinnano/SDK_ros2_ws/install/VRPN/include/vrpn_OzzMaker.h
[67.676s] -- Installing: /home/orinnano/SDK_ros2_ws/install/VRPN/include/vrpn_Poser_Analog.h
[67.677s] -- Installing: /home/orinnano/SDK_ros2_ws/install/VRPN/include/vrpn_Poser.h
[67.677s] -- Installing: /home/orinnano/SDK_ros2_ws/install/VRPN/include/vrpn_Poser_Tek4662.h
[67.677s] -- Installing: /home/orinnano/SDK_ros2_ws/install/VRPN/include/vrpn_raw_sgibox.h
[67.677s] -- Installing: /home/orinnano/SDK_ros2_ws/install/VRPN/include/vrpn_Retrolink.h
[67.677s] -- Installing: /home/orinnano/SDK_ros2_ws/install/VRPN/include/vrpn_Saitek_Controller_Raw.h
[67.677s] -- Installing: /home/orinnano/SDK_ros2_ws/install/VRPN/include/vrpn_sgibox.h
[67.678s] -- Installing: /home/orinnano/SDK_ros2_ws/install/VRPN/include/vrpn_Spaceball.h
[67.678s] -- Installing: /home/orinnano/SDK_ros2_ws/install/VRPN/include/vrpn_Streaming_Arduino.h
[67.678s] -- Installing: /home/orinnano/SDK_ros2_ws/install/VRPN/include/vrpn_Tng3.h
[67.678s] -- Installing: /home/orinnano/SDK_ros2_ws/install/VRPN/include/vrpn_Tracker_3DMouse.h
[67.678s] -- Installing: /home/orinnano/SDK_ros2_ws/install/VRPN/include/vrpn_Tracker_AnalogFly.h
[67.678s] -- Installing: /home/orinnano/SDK_ros2_ws/install/VRPN/include/vrpn_Tracker_ButtonFly.h
[67.678s] -- Installing: /home/orinnano/SDK_ros2_ws/install/VRPN/include/vrpn_Tracker_Crossbow.h
[67.679s] -- Installing: /home/orinnano/SDK_ros2_ws/install/VRPN/include/vrpn_Tracker_DTrack.h
[67.679s] -- Installing: /home/orinnano/SDK_ros2_ws/install/VRPN/include/vrpn_Tracker_Fastrak.h
[67.679s] -- Installing: /home/orinnano/SDK_ros2_ws/install/VRPN/include/vrpn_Tracker_Filter.h
[67.680s] -- Installing: /home/orinnano/SDK_ros2_ws/install/VRPN/include/vrpn_Tracker_GameTrak.h
[67.680s] -- Installing: /home/orinnano/SDK_ros2_ws/install/VRPN/include/vrpn_Tracker_GPS.h
[67.680s] -- Installing: /home/orinnano/SDK_ros2_ws/install/VRPN/include/vrpn_Tracker_IMU.h
[67.680s] -- Installing: /home/orinnano/SDK_ros2_ws/install/VRPN/include/vrpn_Tracker_isense.h
[67.680s] -- Installing: /home/orinnano/SDK_ros2_ws/install/VRPN/include/vrpn_Tracker_Isotrak.h
[67.680s] -- Installing: /home/orinnano/SDK_ros2_ws/install/VRPN/include/vrpn_Tracker_JsonNet.h
[67.681s] -- Installing: /home/orinnano/SDK_ros2_ws/install/VRPN/include/vrpn_Tracker_Liberty.h
[67.681s] -- Installing: /home/orinnano/SDK_ros2_ws/install/VRPN/include/vrpn_Tracker_MotionNode.h
[67.681s] -- Installing: /home/orinnano/SDK_ros2_ws/install/VRPN/include/vrpn_Tracker_NDI_Polaris.h
[67.681s] -- Installing: /home/orinnano/SDK_ros2_ws/install/VRPN/include/vrpn_Tracker_NovintFalcon.h
[67.682s] -- Installing: /home/orinnano/SDK_ros2_ws/install/VRPN/include/vrpn_Tracker_OSVRHackerDevKit.h
[67.682s] -- Installing: /home/orinnano/SDK_ros2_ws/install/VRPN/include/vrpn_Tracker_PDI.h
[67.682s] -- Installing: /home/orinnano/SDK_ros2_ws/install/VRPN/include/vrpn_Tracker_PhaseSpace.h
[67.682s] -- Installing: /home/orinnano/SDK_ros2_ws/install/VRPN/include/vrpn_Tracker_RazerHydra.h
[67.682s] -- Installing: /home/orinnano/SDK_ros2_ws/install/VRPN/include/vrpn_Tracker_ThalmicLabsMyo.h
[67.683s] -- Installing: /home/orinnano/SDK_ros2_ws/install/VRPN/include/vrpn_Tracker_SpacePoint.h
[67.683s] -- Installing: /home/orinnano/SDK_ros2_ws/install/VRPN/include/vrpn_Tracker_Wintracker.h
[67.683s] -- Installing: /home/orinnano/SDK_ros2_ws/install/VRPN/include/vrpn_Tracker_Colibri.h
[67.683s] -- Installing: /home/orinnano/SDK_ros2_ws/install/VRPN/include/vrpn_Tracker_TrivisioColibri.h
[67.684s] -- Installing: /home/orinnano/SDK_ros2_ws/install/VRPN/include/vrpn_Tracker_WiimoteHead.h
[67.684s] -- Installing: /home/orinnano/SDK_ros2_ws/install/VRPN/include/vrpn_Tracker_zSight.h
[67.684s] -- Installing: /home/orinnano/SDK_ros2_ws/install/VRPN/include/vrpn_Tracker_ViewPoint.h
[67.684s] -- Installing: /home/orinnano/SDK_ros2_ws/install/VRPN/include/vrpn_UNC_Joystick.h
[67.684s] -- Installing: /home/orinnano/SDK_ros2_ws/install/VRPN/include/vrpn_VPJoystick.h
[67.684s] -- Installing: /home/orinnano/SDK_ros2_ws/install/VRPN/include/vrpn_Wanda.h
[67.685s] -- Installing: /home/orinnano/SDK_ros2_ws/install/VRPN/include/vrpn_WiiMote.h
[67.685s] -- Installing: /home/orinnano/SDK_ros2_ws/install/VRPN/include/vrpn_XInputGamepad.h
[67.685s] -- Installing: /home/orinnano/SDK_ros2_ws/install/VRPN/include/vrpn_Xkeys.h
[67.685s] -- Installing: /home/orinnano/SDK_ros2_ws/install/VRPN/include/vrpn_Tracker_LibertyHS.h
[67.685s] -- Installing: /home/orinnano/SDK_ros2_ws/install/VRPN/include/vrpn_Vality.h
[67.686s] -- Installing: /home/orinnano/SDK_ros2_ws/install/VRPN/include/vrpn_YEI_3Space.h
[67.686s] -- Installing: /home/orinnano/SDK_ros2_ws/install/VRPN/include/vrpn_Zaber.h
[67.686s] -- Installing: /home/orinnano/SDK_ros2_ws/install/VRPN/include/vrpn_Generic_server_object.h
[67.687s] -- Installing: /home/orinnano/SDK_ros2_ws/install/VRPN/lib/libvrpn.a
[67.699s] -- Up-to-date: /home/orinnano/SDK_ros2_ws/install/VRPN/include/vrpn_Configure.h
[67.699s] -- Up-to-date: /home/orinnano/SDK_ros2_ws/install/VRPN/include/vrpn_Analog.h
[67.699s] -- Up-to-date: /home/orinnano/SDK_ros2_ws/install/VRPN/include/vrpn_Analog_Output.h
[67.700s] -- Up-to-date: /home/orinnano/SDK_ros2_ws/install/VRPN/include/vrpn_Assert.h
[67.700s] -- Up-to-date: /home/orinnano/SDK_ros2_ws/install/VRPN/include/vrpn_Auxiliary_Logger.h
[67.700s] -- Up-to-date: /home/orinnano/SDK_ros2_ws/install/VRPN/include/vrpn_BaseClass.h
[67.700s] -- Up-to-date: /home/orinnano/SDK_ros2_ws/install/VRPN/include/vrpn_Button.h
[67.700s] -- Up-to-date: /home/orinnano/SDK_ros2_ws/install/VRPN/include/vrpn_Connection.h
[67.701s] -- Up-to-date: /home/orinnano/SDK_ros2_ws/install/VRPN/include/vrpn_ConnectionPtr.h
[67.701s] -- Up-to-date: /home/orinnano/SDK_ros2_ws/install/VRPN/include/vrpn_Dial.h
[67.701s] -- Up-to-date: /home/orinnano/SDK_ros2_ws/install/VRPN/include/vrpn_EndpointContainer.h
[67.701s] -- Up-to-date: /home/orinnano/SDK_ros2_ws/install/VRPN/include/vrpn_FileConnection.h
[67.701s] -- Up-to-date: /home/orinnano/SDK_ros2_ws/install/VRPN/include/vrpn_FileController.h
[67.701s] -- Up-to-date: /home/orinnano/SDK_ros2_ws/install/VRPN/include/vrpn_ForceDevice.h
[67.701s] -- Up-to-date: /home/orinnano/SDK_ros2_ws/install/VRPN/include/vrpn_ForwarderController.h
[67.702s] -- Up-to-date: /home/orinnano/SDK_ros2_ws/install/VRPN/include/vrpn_Forwarder.h
[67.702s] -- Up-to-date: /home/orinnano/SDK_ros2_ws/install/VRPN/include/vrpn_FunctionGenerator.h
[67.702s] -- Up-to-date: /home/orinnano/SDK_ros2_ws/install/VRPN/include/vrpn_Imager.h
[67.702s] -- Up-to-date: /home/orinnano/SDK_ros2_ws/install/VRPN/include/vrpn_LamportClock.h
[67.702s] -- Up-to-date: /home/orinnano/SDK_ros2_ws/install/VRPN/include/vrpn_Log.h
[67.702s] -- Up-to-date: /home/orinnano/SDK_ros2_ws/install/VRPN/include/vrpn_MainloopContainer.h
[67.702s] -- Up-to-date: /home/orinnano/SDK_ros2_ws/install/VRPN/include/vrpn_MainloopObject.h
[67.703s] -- Up-to-date: /home/orinnano/SDK_ros2_ws/install/VRPN/include/vrpn_Mutex.h
[67.703s] -- Up-to-date: /home/orinnano/SDK_ros2_ws/install/VRPN/include/vrpn_OwningPtr.h
[67.703s] -- Up-to-date: /home/orinnano/SDK_ros2_ws/install/VRPN/include/vrpn_RedundantTransmission.h
[67.703s] -- Up-to-date: /home/orinnano/SDK_ros2_ws/install/VRPN/include/vrpn_SendTextMessageStreamProxy.h
[67.703s] -- Up-to-date: /home/orinnano/SDK_ros2_ws/install/VRPN/include/vrpn_Serial.h
[67.703s] -- Up-to-date: /home/orinnano/SDK_ros2_ws/install/VRPN/include/vrpn_SerialPort.h
[67.703s] -- Up-to-date: /home/orinnano/SDK_ros2_ws/install/VRPN/include/vrpn_Shared.h
[67.704s] -- Up-to-date: /home/orinnano/SDK_ros2_ws/install/VRPN/include/vrpn_SharedObject.h
[67.704s] -- Up-to-date: /home/orinnano/SDK_ros2_ws/install/VRPN/include/vrpn_Sound.h
[67.704s] -- Up-to-date: /home/orinnano/SDK_ros2_ws/install/VRPN/include/vrpn_Text.h
[67.704s] -- Up-to-date: /home/orinnano/SDK_ros2_ws/install/VRPN/include/vrpn_Thread.h
[67.704s] -- Up-to-date: /home/orinnano/SDK_ros2_ws/install/VRPN/include/vrpn_Tracker.h
[67.704s] -- Up-to-date: /home/orinnano/SDK_ros2_ws/install/VRPN/include/vrpn_Types.h
[67.704s] -- Up-to-date: /home/orinnano/SDK_ros2_ws/install/VRPN/include/vrpn_WindowsH.h
[67.704s] -- Installing: /home/orinnano/SDK_ros2_ws/install/VRPN/bin/time_test
[67.705s] -- Installing: /home/orinnano/SDK_ros2_ws/install/VRPN/lib/libquat.a
[67.705s] -- Installing: /home/orinnano/SDK_ros2_ws/install/VRPN/include/quat.h
[67.705s] -- Up-to-date: /home/orinnano/SDK_ros2_ws/install/VRPN/lib/libquat.a
[67.705s] -- Up-to-date: /home/orinnano/SDK_ros2_ws/install/VRPN/include/quat.h
[67.705s] -- Installing: /home/orinnano/SDK_ros2_ws/install/VRPN/lib/libvrpn_atmel.a
[67.705s] -- Installing: /home/orinnano/SDK_ros2_ws/install/VRPN/include/vrpn_atmellib_errno.h
[67.705s] -- Installing: /home/orinnano/SDK_ros2_ws/install/VRPN/include/vrpn_atmellib.h
[67.705s] -- Installing: /home/orinnano/SDK_ros2_ws/install/VRPN/lib/libgpsnmea.a
[67.706s] -- Installing: /home/orinnano/SDK_ros2_ws/install/VRPN/include/nmeaParser.h
[67.706s] -- Installing: /home/orinnano/SDK_ros2_ws/install/VRPN/include/utmCoord.h
[67.706s] -- Installing: /home/orinnano/SDK_ros2_ws/install/VRPN/include/latLonCoord.h
[67.707s] -- Installing: /home/orinnano/SDK_ros2_ws/install/VRPN/bin/add_vrpn_cookie
[67.709s] -- Installing: /home/orinnano/SDK_ros2_ws/install/VRPN/bin/bdbox_client
[67.712s] -- Installing: /home/orinnano/SDK_ros2_ws/install/VRPN/bin/clock_drift_estimator
[67.714s] -- Installing: /home/orinnano/SDK_ros2_ws/install/VRPN/bin/ff_client
[67.717s] -- Installing: /home/orinnano/SDK_ros2_ws/install/VRPN/bin/forcedevice_test_client
[67.721s] -- Installing: /home/orinnano/SDK_ros2_ws/install/VRPN/bin/forwarderClient
[67.723s] -- Installing: /home/orinnano/SDK_ros2_ws/install/VRPN/bin/phan_client
[67.726s] -- Installing: /home/orinnano/SDK_ros2_ws/install/VRPN/bin/printcereal
[67.728s] -- Installing: /home/orinnano/SDK_ros2_ws/install/VRPN/bin/printvals
[67.731s] -- Installing: /home/orinnano/SDK_ros2_ws/install/VRPN/bin/sound_client
[67.734s] -- Installing: /home/orinnano/SDK_ros2_ws/install/VRPN/bin/sphere_client
[67.737s] -- Installing: /home/orinnano/SDK_ros2_ws/install/VRPN/bin/testSharedObject
[67.739s] -- Installing: /home/orinnano/SDK_ros2_ws/install/VRPN/bin/test_Zaber
[67.741s] -- Installing: /home/orinnano/SDK_ros2_ws/install/VRPN/bin/test_imager
[67.744s] -- Installing: /home/orinnano/SDK_ros2_ws/install/VRPN/bin/test_mutex
[67.746s] -- Installing: /home/orinnano/SDK_ros2_ws/install/VRPN/bin/text
[67.748s] -- Installing: /home/orinnano/SDK_ros2_ws/install/VRPN/bin/tracker_to_poser
[67.751s] -- Installing: /home/orinnano/SDK_ros2_ws/install/VRPN/bin/vrpn_LamportClock
[67.751s] -- Installing: /home/orinnano/SDK_ros2_ws/install/VRPN/bin/vrpn_ping
[67.753s] -- Installing: /home/orinnano/SDK_ros2_ws/install/VRPN/bin/logfilesenders
[67.754s] -- Installing: /home/orinnano/SDK_ros2_ws/install/VRPN/bin/logfiletypes
[67.754s] -- Installing: /home/orinnano/SDK_ros2_ws/install/VRPN/bin/checklogfile
[67.755s] -- Installing: /home/orinnano/SDK_ros2_ws/install/VRPN/bin/vrpn_average_analogs
[67.758s] -- Installing: /home/orinnano/SDK_ros2_ws/install/VRPN/bin/vrpn_print_devices
[67.761s] -- Installing: /home/orinnano/SDK_ros2_ws/install/VRPN/bin/vrpn_log_devices
[67.763s] -- Installing: /home/orinnano/SDK_ros2_ws/install/VRPN/bin/vrpn_print_performance
[67.766s] -- Installing: /home/orinnano/SDK_ros2_ws/install/VRPN/bin/vrpn_print_messages
[67.768s] -- Installing: /home/orinnano/SDK_ros2_ws/install/VRPN/bin/run_auxiliary_logger
[67.771s] -- Installing: /home/orinnano/SDK_ros2_ws/install/VRPN/bin/vrpn_server
[67.784s] -- Up-to-date: /home/orinnano/SDK_ros2_ws/install/VRPN/etc/vrpn.cfg
[67.785s] -- Up-to-date: /home/orinnano/SDK_ros2_ws/install/VRPN/share/vrpn-07.36/vrpn.cfg.sample
[67.785s] -- Installing: /home/orinnano/SDK_ros2_ws/install/VRPN/bin/client_and_server
[67.787s] -- Installing: /home/orinnano/SDK_ros2_ws/install/VRPN/bin/forward
[67.789s] -- Installing: /home/orinnano/SDK_ros2_ws/install/VRPN/bin/last_of_sequence
[67.791s] -- Installing: /home/orinnano/SDK_ros2_ws/install/VRPN/bin/sample_analog
[67.794s] -- Installing: /home/orinnano/SDK_ros2_ws/install/VRPN/bin/sample_server
[67.795s] -- Installing: /home/orinnano/SDK_ros2_ws/install/VRPN/bin/testSharedObjectServer
[67.798s] -- Installing: /home/orinnano/SDK_ros2_ws/install/VRPN/bin/test_analogfly
[67.801s] -- Installing: /home/orinnano/SDK_ros2_ws/install/VRPN/bin/test_auxiliary_logger
[67.803s] -- Installing: /home/orinnano/SDK_ros2_ws/install/VRPN/bin/test_freespace
[67.803s] -- Installing: /home/orinnano/SDK_ros2_ws/install/VRPN/bin/test_logging
[67.805s] -- Installing: /home/orinnano/SDK_ros2_ws/install/VRPN/bin/test_loopback
[67.809s] -- Installing: /home/orinnano/SDK_ros2_ws/install/VRPN/bin/test_mutexServer
[67.811s] -- Installing: /home/orinnano/SDK_ros2_ws/install/VRPN/bin/test_peerMutex
[67.813s] -- Installing: /home/orinnano/SDK_ros2_ws/install/VRPN/bin/test_radamec_spi
[67.816s] -- Installing: /home/orinnano/SDK_ros2_ws/install/VRPN/bin/test_rumble
[67.818s] -- Installing: /home/orinnano/SDK_ros2_ws/install/VRPN/bin/test_vrpn
[67.822s] -- Installing: /home/orinnano/SDK_ros2_ws/install/VRPN/bin/testimager_server
[67.824s] -- Installing: /home/orinnano/SDK_ros2_ws/install/VRPN/bin/textServer
[67.826s] -- Installing: /home/orinnano/SDK_ros2_ws/install/VRPN/lib/libvrpn_timecode_generator.a
[67.827s] -- Installing: /home/orinnano/SDK_ros2_ws/install/VRPN/include/vrpn_timecode_generator.h
[67.827s] -- Installing: /home/orinnano/SDK_ros2_ws/install/VRPN/bin/vrpn_streamPrint
[67.829s] -- Skipping (build 'doc' to create): /home/orinnano/SDK_ros2_ws/build/VRPN/doxygen/docs-generated/html
[67.830s] -- Installing: /home/orinnano/SDK_ros2_ws/install/VRPN/lib/pythondist-packages/vrpn.so
[67.844s] Invoked command in '/home/orinnano/SDK_ros2_ws/build/VRPN' returned '0': /usr/bin/cmake --install /home/orinnano/SDK_ros2_ws/build/VRPN
