[0.622s] DEBUG:colcon:Command line arguments: ['/usr/bin/colcon', 'build', '--packages-select', 'vrpn_custom_client', '--cmake-args', '-Dvrpn_DIR=/usr/local/lib/cmake/vrpn']
[0.622s] DEBUG:colcon:Parsed command line arguments: Namespace(log_base=None, log_level=None, verb_name='build', build_base='build', install_base='install', merge_install=False, symlink_install=False, test_result_base=None, continue_on_error=False, executor='parallel', parallel_workers=6, event_handlers=None, ignore_user_meta=False, metas=['./colcon.meta'], base_paths=['.'], packages_ignore=None, packages_ignore_regex=None, paths=None, packages_up_to=None, packages_up_to_regex=None, packages_above=None, packages_above_and_dependencies=None, packages_above_depth=None, packages_select_by_dep=None, packages_skip_by_dep=None, packages_skip_up_to=None, packages_select_build_failed=False, packages_skip_build_finished=False, packages_select_test_failures=False, packages_skip_test_passed=False, packages_select=['vrpn_custom_client'], packages_skip=None, packages_select_regex=None, packages_skip_regex=None, packages_start=None, packages_end=None, allow_overriding=[], cmake_args=['-Dvrpn_DIR=/usr/local/lib/cmake/vrpn'], cmake_target=None, cmake_target_skip_unavailable=False, cmake_clean_cache=False, cmake_clean_first=False, cmake_force_configure=False, ament_cmake_args=None, catkin_cmake_args=None, catkin_skip_building_tests=False, mixin_files=None, mixin=None, verb_parser=<colcon_mixin.mixin.mixin_argument.MixinArgumentDecorator object at 0xffff81d0d480>, verb_extension=<colcon_core.verb.build.BuildVerb object at 0xffff81eb9ae0>, main=<bound method BuildVerb.main of <colcon_core.verb.build.BuildVerb object at 0xffff81eb9ae0>>, mixin_verb=('build',))
[1.233s] Level 1:colcon.colcon_core.package_discovery:discover_packages(colcon_meta) check parameters
[1.233s] Level 1:colcon.colcon_core.package_discovery:discover_packages(recursive) check parameters
[1.234s] Level 1:colcon.colcon_core.package_discovery:discover_packages(ignore) check parameters
[1.234s] Level 1:colcon.colcon_core.package_discovery:discover_packages(path) check parameters
[1.234s] Level 1:colcon.colcon_core.package_discovery:discover_packages(colcon_meta) discover
[1.234s] Level 1:colcon.colcon_core.package_discovery:discover_packages(recursive) discover
[1.234s] INFO:colcon.colcon_core.package_discovery:Crawling recursively for packages in '/home/orinnano/SDK_ros2_ws'
[1.234s] Level 1:colcon.colcon_core.package_identification:_identify(.) by extensions ['ignore', 'ignore_ament_install']
[1.235s] Level 1:colcon.colcon_core.package_identification:_identify(.) by extension 'ignore'
[1.235s] Level 1:colcon.colcon_core.package_identification:_identify(.) by extension 'ignore_ament_install'
[1.235s] Level 1:colcon.colcon_core.package_identification:_identify(.) by extensions ['colcon_pkg']
[1.235s] Level 1:colcon.colcon_core.package_identification:_identify(.) by extension 'colcon_pkg'
[1.235s] Level 1:colcon.colcon_core.package_identification:_identify(.) by extensions ['colcon_meta']
[1.235s] Level 1:colcon.colcon_core.package_identification:_identify(.) by extension 'colcon_meta'
[1.235s] Level 1:colcon.colcon_core.package_identification:_identify(.) by extensions ['ros']
[1.235s] Level 1:colcon.colcon_core.package_identification:_identify(.) by extension 'ros'
[1.263s] Level 1:colcon.colcon_core.package_identification:_identify(.) by extensions ['cmake', 'python']
[1.263s] Level 1:colcon.colcon_core.package_identification:_identify(.) by extension 'cmake'
[1.263s] Level 1:colcon.colcon_core.package_identification:_identify(.) by extension 'python'
[1.263s] Level 1:colcon.colcon_core.package_identification:_identify(.) by extensions ['python_setup_py']
[1.263s] Level 1:colcon.colcon_core.package_identification:_identify(.) by extension 'python_setup_py'
[1.263s] Level 1:colcon.colcon_core.package_identification:_identify(build) by extensions ['ignore', 'ignore_ament_install']
[1.264s] Level 1:colcon.colcon_core.package_identification:_identify(build) by extension 'ignore'
[1.264s] Level 1:colcon.colcon_core.package_identification:_identify(build) ignored
[1.264s] Level 1:colcon.colcon_core.package_identification:_identify(install) by extensions ['ignore', 'ignore_ament_install']
[1.264s] Level 1:colcon.colcon_core.package_identification:_identify(install) by extension 'ignore'
[1.264s] Level 1:colcon.colcon_core.package_identification:_identify(install) ignored
[1.265s] Level 1:colcon.colcon_core.package_identification:_identify(log) by extensions ['ignore', 'ignore_ament_install']
[1.265s] Level 1:colcon.colcon_core.package_identification:_identify(log) by extension 'ignore'
[1.265s] Level 1:colcon.colcon_core.package_identification:_identify(log) ignored
[1.265s] Level 1:colcon.colcon_core.package_identification:_identify(src) by extensions ['ignore', 'ignore_ament_install']
[1.265s] Level 1:colcon.colcon_core.package_identification:_identify(src) by extension 'ignore'
[1.265s] Level 1:colcon.colcon_core.package_identification:_identify(src) by extension 'ignore_ament_install'
[1.266s] Level 1:colcon.colcon_core.package_identification:_identify(src) by extensions ['colcon_pkg']
[1.266s] Level 1:colcon.colcon_core.package_identification:_identify(src) by extension 'colcon_pkg'
[1.266s] Level 1:colcon.colcon_core.package_identification:_identify(src) by extensions ['colcon_meta']
[1.266s] Level 1:colcon.colcon_core.package_identification:_identify(src) by extension 'colcon_meta'
[1.266s] Level 1:colcon.colcon_core.package_identification:_identify(src) by extensions ['ros']
[1.266s] Level 1:colcon.colcon_core.package_identification:_identify(src) by extension 'ros'
[1.266s] Level 1:colcon.colcon_core.package_identification:_identify(src) by extensions ['cmake', 'python']
[1.266s] Level 1:colcon.colcon_core.package_identification:_identify(src) by extension 'cmake'
[1.266s] Level 1:colcon.colcon_core.package_identification:_identify(src) by extension 'python'
[1.266s] Level 1:colcon.colcon_core.package_identification:_identify(src) by extensions ['python_setup_py']
[1.266s] Level 1:colcon.colcon_core.package_identification:_identify(src) by extension 'python_setup_py'
[1.267s] Level 1:colcon.colcon_core.package_identification:_identify(src/mavlink) by extensions ['ignore', 'ignore_ament_install']
[1.267s] Level 1:colcon.colcon_core.package_identification:_identify(src/mavlink) by extension 'ignore'
[1.267s] Level 1:colcon.colcon_core.package_identification:_identify(src/mavlink) by extension 'ignore_ament_install'
[1.267s] Level 1:colcon.colcon_core.package_identification:_identify(src/mavlink) by extensions ['colcon_pkg']
[1.267s] Level 1:colcon.colcon_core.package_identification:_identify(src/mavlink) by extension 'colcon_pkg'
[1.267s] Level 1:colcon.colcon_core.package_identification:_identify(src/mavlink) by extensions ['colcon_meta']
[1.267s] Level 1:colcon.colcon_core.package_identification:_identify(src/mavlink) by extension 'colcon_meta'
[1.267s] Level 1:colcon.colcon_core.package_identification:_identify(src/mavlink) by extensions ['ros']
[1.267s] Level 1:colcon.colcon_core.package_identification:_identify(src/mavlink) by extension 'ros'
[1.281s] DEBUG:colcon.colcon_core.package_identification:Package 'src/mavlink' with type 'ros.cmake' and name 'mavlink'
[1.281s] Level 1:colcon.colcon_core.package_identification:_identify(src/mavros) by extensions ['ignore', 'ignore_ament_install']
[1.282s] Level 1:colcon.colcon_core.package_identification:_identify(src/mavros) by extension 'ignore'
[1.282s] Level 1:colcon.colcon_core.package_identification:_identify(src/mavros) by extension 'ignore_ament_install'
[1.282s] Level 1:colcon.colcon_core.package_identification:_identify(src/mavros) by extensions ['colcon_pkg']
[1.282s] Level 1:colcon.colcon_core.package_identification:_identify(src/mavros) by extension 'colcon_pkg'
[1.282s] Level 1:colcon.colcon_core.package_identification:_identify(src/mavros) by extensions ['colcon_meta']
[1.282s] Level 1:colcon.colcon_core.package_identification:_identify(src/mavros) by extension 'colcon_meta'
[1.282s] Level 1:colcon.colcon_core.package_identification:_identify(src/mavros) by extensions ['ros']
[1.282s] Level 1:colcon.colcon_core.package_identification:_identify(src/mavros) by extension 'ros'
[1.283s] Level 1:colcon.colcon_core.package_identification:_identify(src/mavros) by extensions ['cmake', 'python']
[1.283s] Level 1:colcon.colcon_core.package_identification:_identify(src/mavros) by extension 'cmake'
[1.283s] Level 1:colcon.colcon_core.package_identification:_identify(src/mavros) by extension 'python'
[1.283s] Level 1:colcon.colcon_core.package_identification:_identify(src/mavros) by extensions ['python_setup_py']
[1.283s] Level 1:colcon.colcon_core.package_identification:_identify(src/mavros) by extension 'python_setup_py'
[1.283s] Level 1:colcon.colcon_core.package_identification:_identify(src/mavros/libmavconn) by extensions ['ignore', 'ignore_ament_install']
[1.283s] Level 1:colcon.colcon_core.package_identification:_identify(src/mavros/libmavconn) by extension 'ignore'
[1.283s] Level 1:colcon.colcon_core.package_identification:_identify(src/mavros/libmavconn) by extension 'ignore_ament_install'
[1.283s] Level 1:colcon.colcon_core.package_identification:_identify(src/mavros/libmavconn) by extensions ['colcon_pkg']
[1.284s] Level 1:colcon.colcon_core.package_identification:_identify(src/mavros/libmavconn) by extension 'colcon_pkg'
[1.284s] Level 1:colcon.colcon_core.package_identification:_identify(src/mavros/libmavconn) by extensions ['colcon_meta']
[1.284s] Level 1:colcon.colcon_core.package_identification:_identify(src/mavros/libmavconn) by extension 'colcon_meta'
[1.284s] Level 1:colcon.colcon_core.package_identification:_identify(src/mavros/libmavconn) by extensions ['ros']
[1.284s] Level 1:colcon.colcon_core.package_identification:_identify(src/mavros/libmavconn) by extension 'ros'
[1.286s] DEBUG:colcon.colcon_core.package_identification:Package 'src/mavros/libmavconn' with type 'ros.ament_cmake' and name 'libmavconn'
[1.286s] Level 1:colcon.colcon_core.package_identification:_identify(src/mavros/mavros) by extensions ['ignore', 'ignore_ament_install']
[1.286s] Level 1:colcon.colcon_core.package_identification:_identify(src/mavros/mavros) by extension 'ignore'
[1.286s] Level 1:colcon.colcon_core.package_identification:_identify(src/mavros/mavros) by extension 'ignore_ament_install'
[1.286s] Level 1:colcon.colcon_core.package_identification:_identify(src/mavros/mavros) by extensions ['colcon_pkg']
[1.286s] Level 1:colcon.colcon_core.package_identification:_identify(src/mavros/mavros) by extension 'colcon_pkg'
[1.287s] Level 1:colcon.colcon_core.package_identification:_identify(src/mavros/mavros) by extensions ['colcon_meta']
[1.287s] Level 1:colcon.colcon_core.package_identification:_identify(src/mavros/mavros) by extension 'colcon_meta'
[1.287s] Level 1:colcon.colcon_core.package_identification:_identify(src/mavros/mavros) by extensions ['ros']
[1.287s] Level 1:colcon.colcon_core.package_identification:_identify(src/mavros/mavros) by extension 'ros'
[1.292s] DEBUG:colcon.colcon_core.package_identification:Package 'src/mavros/mavros' with type 'ros.ament_cmake' and name 'mavros'
[1.293s] Level 1:colcon.colcon_core.package_identification:_identify(src/mavros/mavros_extras) by extensions ['ignore', 'ignore_ament_install']
[1.293s] Level 1:colcon.colcon_core.package_identification:_identify(src/mavros/mavros_extras) by extension 'ignore'
[1.293s] Level 1:colcon.colcon_core.package_identification:_identify(src/mavros/mavros_extras) by extension 'ignore_ament_install'
[1.293s] Level 1:colcon.colcon_core.package_identification:_identify(src/mavros/mavros_extras) by extensions ['colcon_pkg']
[1.293s] Level 1:colcon.colcon_core.package_identification:_identify(src/mavros/mavros_extras) by extension 'colcon_pkg'
[1.293s] Level 1:colcon.colcon_core.package_identification:_identify(src/mavros/mavros_extras) by extensions ['colcon_meta']
[1.293s] Level 1:colcon.colcon_core.package_identification:_identify(src/mavros/mavros_extras) by extension 'colcon_meta'
[1.293s] Level 1:colcon.colcon_core.package_identification:_identify(src/mavros/mavros_extras) by extensions ['ros']
[1.293s] Level 1:colcon.colcon_core.package_identification:_identify(src/mavros/mavros_extras) by extension 'ros'
[1.299s] DEBUG:colcon.colcon_core.package_identification:Package 'src/mavros/mavros_extras' with type 'ros.ament_cmake' and name 'mavros_extras'
[1.299s] Level 1:colcon.colcon_core.package_identification:_identify(src/mavros/mavros_msgs) by extensions ['ignore', 'ignore_ament_install']
[1.300s] Level 1:colcon.colcon_core.package_identification:_identify(src/mavros/mavros_msgs) by extension 'ignore'
[1.300s] Level 1:colcon.colcon_core.package_identification:_identify(src/mavros/mavros_msgs) by extension 'ignore_ament_install'
[1.300s] Level 1:colcon.colcon_core.package_identification:_identify(src/mavros/mavros_msgs) by extensions ['colcon_pkg']
[1.300s] Level 1:colcon.colcon_core.package_identification:_identify(src/mavros/mavros_msgs) by extension 'colcon_pkg'
[1.300s] Level 1:colcon.colcon_core.package_identification:_identify(src/mavros/mavros_msgs) by extensions ['colcon_meta']
[1.300s] Level 1:colcon.colcon_core.package_identification:_identify(src/mavros/mavros_msgs) by extension 'colcon_meta'
[1.300s] Level 1:colcon.colcon_core.package_identification:_identify(src/mavros/mavros_msgs) by extensions ['ros']
[1.300s] Level 1:colcon.colcon_core.package_identification:_identify(src/mavros/mavros_msgs) by extension 'ros'
[1.302s] DEBUG:colcon.colcon_core.package_identification:Package 'src/mavros/mavros_msgs' with type 'ros.ament_cmake' and name 'mavros_msgs'
[1.303s] Level 1:colcon.colcon_core.package_identification:_identify(src/mavros/test_mavros) by extensions ['ignore', 'ignore_ament_install']
[1.303s] Level 1:colcon.colcon_core.package_identification:_identify(src/mavros/test_mavros) by extension 'ignore'
[1.303s] Level 1:colcon.colcon_core.package_identification:_identify(src/mavros/test_mavros) ignored
[1.303s] Level 1:colcon.colcon_core.package_identification:_identify(src/offboard_ros2) by extensions ['ignore', 'ignore_ament_install']
[1.303s] Level 1:colcon.colcon_core.package_identification:_identify(src/offboard_ros2) by extension 'ignore'
[1.303s] Level 1:colcon.colcon_core.package_identification:_identify(src/offboard_ros2) by extension 'ignore_ament_install'
[1.303s] Level 1:colcon.colcon_core.package_identification:_identify(src/offboard_ros2) by extensions ['colcon_pkg']
[1.304s] Level 1:colcon.colcon_core.package_identification:_identify(src/offboard_ros2) by extension 'colcon_pkg'
[1.304s] Level 1:colcon.colcon_core.package_identification:_identify(src/offboard_ros2) by extensions ['colcon_meta']
[1.304s] Level 1:colcon.colcon_core.package_identification:_identify(src/offboard_ros2) by extension 'colcon_meta'
[1.304s] Level 1:colcon.colcon_core.package_identification:_identify(src/offboard_ros2) by extensions ['ros']
[1.304s] Level 1:colcon.colcon_core.package_identification:_identify(src/offboard_ros2) by extension 'ros'
[1.305s] DEBUG:colcon.colcon_core.package_identification:Package 'src/offboard_ros2' with type 'ros.ament_cmake' and name 'offboard_ros2'
[1.306s] Level 1:colcon.colcon_core.package_identification:_identify(src/vicon) by extensions ['ignore', 'ignore_ament_install']
[1.306s] Level 1:colcon.colcon_core.package_identification:_identify(src/vicon) by extension 'ignore'
[1.306s] Level 1:colcon.colcon_core.package_identification:_identify(src/vicon) by extension 'ignore_ament_install'
[1.306s] Level 1:colcon.colcon_core.package_identification:_identify(src/vicon) by extensions ['colcon_pkg']
[1.306s] Level 1:colcon.colcon_core.package_identification:_identify(src/vicon) by extension 'colcon_pkg'
[1.306s] Level 1:colcon.colcon_core.package_identification:_identify(src/vicon) by extensions ['colcon_meta']
[1.306s] Level 1:colcon.colcon_core.package_identification:_identify(src/vicon) by extension 'colcon_meta'
[1.306s] Level 1:colcon.colcon_core.package_identification:_identify(src/vicon) by extensions ['ros']
[1.306s] Level 1:colcon.colcon_core.package_identification:_identify(src/vicon) by extension 'ros'
[1.307s] DEBUG:colcon.colcon_core.package_identification:Package 'src/vicon' with type 'ros.ament_cmake' and name 'vicon'
[1.308s] Level 1:colcon.colcon_core.package_identification:_identify(src/vrpn) by extensions ['ignore', 'ignore_ament_install']
[1.308s] Level 1:colcon.colcon_core.package_identification:_identify(src/vrpn) by extension 'ignore'
[1.308s] Level 1:colcon.colcon_core.package_identification:_identify(src/vrpn) by extension 'ignore_ament_install'
[1.309s] Level 1:colcon.colcon_core.package_identification:_identify(src/vrpn) by extensions ['colcon_pkg']
[1.309s] Level 1:colcon.colcon_core.package_identification:_identify(src/vrpn) by extension 'colcon_pkg'
[1.309s] Level 1:colcon.colcon_core.package_identification:_identify(src/vrpn) by extensions ['colcon_meta']
[1.309s] Level 1:colcon.colcon_core.package_identification:_identify(src/vrpn) by extension 'colcon_meta'
[1.309s] Level 1:colcon.colcon_core.package_identification:_identify(src/vrpn) by extensions ['ros']
[1.309s] Level 1:colcon.colcon_core.package_identification:_identify(src/vrpn) by extension 'ros'
[1.309s] Level 1:colcon.colcon_core.package_identification:_identify(src/vrpn) by extensions ['cmake', 'python']
[1.309s] Level 1:colcon.colcon_core.package_identification:_identify(src/vrpn) by extension 'cmake'
[1.446s] Level 1:colcon.colcon_core.package_identification:_identify(src/vrpn) by extension 'python'
[1.447s] DEBUG:colcon.colcon_core.package_identification:Package 'src/vrpn' with type 'cmake' and name 'VRPN'
[1.447s] Level 1:colcon.colcon_core.package_identification:_identify(src/vrpn_client_ros) by extensions ['ignore', 'ignore_ament_install']
[1.447s] Level 1:colcon.colcon_core.package_identification:_identify(src/vrpn_client_ros) by extension 'ignore'
[1.447s] Level 1:colcon.colcon_core.package_identification:_identify(src/vrpn_client_ros) by extension 'ignore_ament_install'
[1.447s] Level 1:colcon.colcon_core.package_identification:_identify(src/vrpn_client_ros) by extensions ['colcon_pkg']
[1.447s] Level 1:colcon.colcon_core.package_identification:_identify(src/vrpn_client_ros) by extension 'colcon_pkg'
[1.448s] Level 1:colcon.colcon_core.package_identification:_identify(src/vrpn_client_ros) by extensions ['colcon_meta']
[1.448s] Level 1:colcon.colcon_core.package_identification:_identify(src/vrpn_client_ros) by extension 'colcon_meta'
[1.448s] Level 1:colcon.colcon_core.package_identification:_identify(src/vrpn_client_ros) by extensions ['ros']
[1.448s] Level 1:colcon.colcon_core.package_identification:_identify(src/vrpn_client_ros) by extension 'ros'
[1.450s] DEBUG:colcon.colcon_core.package_identification:Package 'src/vrpn_client_ros' with type 'ros.ament_cmake' and name 'vrpn_client_ros'
[1.450s] Level 1:colcon.colcon_core.package_identification:_identify(src/vrpn_custom_client) by extensions ['ignore', 'ignore_ament_install']
[1.450s] Level 1:colcon.colcon_core.package_identification:_identify(src/vrpn_custom_client) by extension 'ignore'
[1.450s] Level 1:colcon.colcon_core.package_identification:_identify(src/vrpn_custom_client) by extension 'ignore_ament_install'
[1.451s] Level 1:colcon.colcon_core.package_identification:_identify(src/vrpn_custom_client) by extensions ['colcon_pkg']
[1.451s] Level 1:colcon.colcon_core.package_identification:_identify(src/vrpn_custom_client) by extension 'colcon_pkg'
[1.451s] Level 1:colcon.colcon_core.package_identification:_identify(src/vrpn_custom_client) by extensions ['colcon_meta']
[1.451s] Level 1:colcon.colcon_core.package_identification:_identify(src/vrpn_custom_client) by extension 'colcon_meta'
[1.451s] Level 1:colcon.colcon_core.package_identification:_identify(src/vrpn_custom_client) by extensions ['ros']
[1.451s] Level 1:colcon.colcon_core.package_identification:_identify(src/vrpn_custom_client) by extension 'ros'
[1.452s] DEBUG:colcon.colcon_core.package_identification:Package 'src/vrpn_custom_client' with type 'ros.ament_cmake' and name 'vrpn_custom_client'
[1.452s] Level 1:colcon.colcon_core.package_discovery:discover_packages(recursive) using defaults
[1.452s] Level 1:colcon.colcon_core.package_discovery:discover_packages(ignore) discover
[1.453s] Level 1:colcon.colcon_core.package_discovery:discover_packages(ignore) using defaults
[1.453s] Level 1:colcon.colcon_core.package_discovery:discover_packages(path) discover
[1.453s] Level 1:colcon.colcon_core.package_discovery:discover_packages(path) using defaults
[1.567s] INFO:colcon.colcon_core.package_selection:Skipping not selected package 'VRPN' in 'src/vrpn'
[1.568s] INFO:colcon.colcon_core.package_selection:Skipping not selected package 'mavlink' in 'src/mavlink'
[1.568s] INFO:colcon.colcon_core.package_selection:Skipping not selected package 'mavros_msgs' in 'src/mavros/mavros_msgs'
[1.568s] INFO:colcon.colcon_core.package_selection:Skipping not selected package 'vicon' in 'src/vicon'
[1.568s] INFO:colcon.colcon_core.package_selection:Skipping not selected package 'libmavconn' in 'src/mavros/libmavconn'
[1.568s] INFO:colcon.colcon_core.package_selection:Skipping not selected package 'vrpn_client_ros' in 'src/vrpn_client_ros'
[1.568s] INFO:colcon.colcon_core.package_selection:Skipping not selected package 'mavros' in 'src/mavros/mavros'
[1.568s] INFO:colcon.colcon_core.package_selection:Skipping not selected package 'mavros_extras' in 'src/mavros/mavros_extras'
[1.568s] INFO:colcon.colcon_core.package_selection:Skipping not selected package 'offboard_ros2' in 'src/offboard_ros2'
[1.569s] Level 1:colcon.colcon_core.package_discovery:discover_packages(prefix_path) check parameters
[1.569s] Level 1:colcon.colcon_core.package_discovery:discover_packages(prefix_path) discover
[1.602s] DEBUG:colcon.colcon_installed_package_information.package_discovery:Found 10 installed packages in /home/orinnano/SDK_ros2_ws/install
[1.626s] DEBUG:colcon.colcon_installed_package_information.package_discovery:Found 345 installed packages in /home/orinnano/ros2_humble/install
[1.631s] DEBUG:colcon.colcon_installed_package_information.package_discovery:Found 123 installed packages in /opt/ros/humble
[1.641s] Level 1:colcon.colcon_core.package_discovery:discover_packages(prefix_path) using defaults
[1.740s] Level 5:colcon.colcon_core.verb:set package 'vrpn_custom_client' build argument 'cmake_args' from command line to '['-Dvrpn_DIR=/usr/local/lib/cmake/vrpn']'
[1.740s] Level 5:colcon.colcon_core.verb:set package 'vrpn_custom_client' build argument 'cmake_target' from command line to 'None'
[1.740s] Level 5:colcon.colcon_core.verb:set package 'vrpn_custom_client' build argument 'cmake_target_skip_unavailable' from command line to 'False'
[1.740s] Level 5:colcon.colcon_core.verb:set package 'vrpn_custom_client' build argument 'cmake_clean_cache' from command line to 'False'
[1.740s] Level 5:colcon.colcon_core.verb:set package 'vrpn_custom_client' build argument 'cmake_clean_first' from command line to 'False'
[1.740s] Level 5:colcon.colcon_core.verb:set package 'vrpn_custom_client' build argument 'cmake_force_configure' from command line to 'False'
[1.740s] Level 5:colcon.colcon_core.verb:set package 'vrpn_custom_client' build argument 'ament_cmake_args' from command line to 'None'
[1.740s] Level 5:colcon.colcon_core.verb:set package 'vrpn_custom_client' build argument 'catkin_cmake_args' from command line to 'None'
[1.740s] Level 5:colcon.colcon_core.verb:set package 'vrpn_custom_client' build argument 'catkin_skip_building_tests' from command line to 'False'
[1.741s] DEBUG:colcon.colcon_core.verb:Building package 'vrpn_custom_client' with the following arguments: {'ament_cmake_args': None, 'build_base': '/home/orinnano/SDK_ros2_ws/build/vrpn_custom_client', 'catkin_cmake_args': None, 'catkin_skip_building_tests': False, 'cmake_args': ['-Dvrpn_DIR=/usr/local/lib/cmake/vrpn'], 'cmake_clean_cache': False, 'cmake_clean_first': False, 'cmake_force_configure': False, 'cmake_target': None, 'cmake_target_skip_unavailable': False, 'install_base': '/home/orinnano/SDK_ros2_ws/install/vrpn_custom_client', 'merge_install': False, 'path': '/home/orinnano/SDK_ros2_ws/src/vrpn_custom_client', 'symlink_install': False, 'test_result_base': None}
[1.741s] INFO:colcon.colcon_core.executor:Executing jobs using 'parallel' executor
[1.743s] DEBUG:colcon.colcon_parallel_executor.executor.parallel:run_until_complete
[1.744s] INFO:colcon.colcon_ros.task.ament_cmake.build:Building ROS package in '/home/orinnano/SDK_ros2_ws/src/vrpn_custom_client' with build type 'ament_cmake'
[1.744s] INFO:colcon.colcon_cmake.task.cmake.build:Building CMake package in '/home/orinnano/SDK_ros2_ws/src/vrpn_custom_client'
[1.760s] INFO:colcon.colcon_core.plugin_system:Skipping extension 'colcon_core.shell.bat': Not used on non-Windows systems
[1.760s] INFO:colcon.colcon_core.shell:Skip shell extension 'powershell' for command environment: Not usable outside of PowerShell
[1.761s] DEBUG:colcon.colcon_core.shell:Skip shell extension 'dsv' for command environment
[1.852s] DEBUG:colcon.colcon_core.event_handler.log_command:Invoking command in '/home/orinnano/SDK_ros2_ws/build/vrpn_custom_client': CMAKE_PREFIX_PATH=${CMAKE_PREFIX_PATH}:/opt/ros/humble:/home/orinnano/ros2_humble/install/rqt_bag_plugins:/home/orinnano/ros2_humble/install/rqt_bag:/home/orinnano/ros2_humble/install/ros2bag:/home/orinnano/ros2_humble/install/tracetools_test:/home/orinnano/ros2_humble/install/tracetools_launch:/home/orinnano/ros2_humble/install/topic_monitor:/home/orinnano/ros2_humble/install/tf2_tools:/home/orinnano/ros2_humble/install/examples_tf2_py:/home/orinnano/ros2_humble/install/tf2_ros_py:/home/orinnano/ros2_humble/install/sros2:/home/orinnano/ros2_humble/install/rqt_topic:/home/orinnano/ros2_humble/install/rqt_srv:/home/orinnano/ros2_humble/install/rqt_shell:/home/orinnano/ros2_humble/install/rqt_service_caller:/home/orinnano/ros2_humble/install/rqt_reconfigure:/home/orinnano/ros2_humble/install/rqt_py_console:/home/orinnano/ros2_humble/install/rqt_publisher:/home/orinnano/ros2_humble/install/rqt_plot:/home/orinnano/ros2_humble/install/rqt_action:/home/orinnano/ros2_humble/install/rqt_msg:/home/orinnano/ros2_humble/install/rqt_console:/home/orinnano/ros2_humble/install/rqt:/home/orinnano/ros2_humble/install/rqt_graph:/home/orinnano/ros2_humble/install/rqt_gui_py:/home/orinnano/ros2_humble/install/rqt_gui:/home/orinnano/ros2_humble/install/ros2trace:/home/orinnano/ros2_humble/install/ros2topic:/home/orinnano/ros2_humble/install/ros2test:/home/orinnano/ros2_humble/install/ros2component:/home/orinnano/ros2_humble/install/ros2param:/home/orinnano/ros2_humble/install/ros2lifecycle:/home/orinnano/ros2_humble/install/ros2service:/home/orinnano/ros2_humble/install/ros2run:/home/orinnano/ros2_humble/install/ros2launch:/home/orinnano/ros2_humble/install/ros2pkg:/home/orinnano/ros2_humble/install/ros2node:/home/orinnano/ros2_humble/install/ros2multicast:/home/orinnano/ros2_humble/install/ros2interface:/home/orinnano/ros2_humble/install/ros2doctor:/home/orinnano/ros2_humble/install/ros2action:/home/orinnano/ros2_humble/install/ros2cli:/home/orinnano/ros2_humble/install/quality_of_service_demo_py:/home/orinnano/ros2_humble/install/lifecycle_py:/home/orinnano/ros2_humble/install/launch_testing_ros:/home/orinnano/ros2_humble/install/launch_ros:/home/orinnano/ros2_humble/install/examples_rclpy_pointcloud_publisher:/home/orinnano/ros2_humble/install/examples_rclpy_minimal_subscriber:/home/orinnano/ros2_humble/install/examples_rclpy_minimal_service:/home/orinnano/ros2_humble/install/examples_rclpy_minimal_publisher:/home/orinnano/ros2_humble/install/examples_rclpy_minimal_client:/home/orinnano/ros2_humble/install/examples_rclpy_minimal_action_server:/home/orinnano/ros2_humble/install/examples_rclpy_minimal_action_client:/home/orinnano/ros2_humble/install/examples_rclpy_guard_conditions:/home/orinnano/ros2_humble/install/examples_rclpy_executors:/home/orinnano/ros2_humble/install/demo_nodes_py:/home/orinnano/ros2_humble/install/action_tutorials_py:/home/orinnano/ros2_humble/install/ament_uncrustify:/home/orinnano/ros2_humble/install/tracetools_trace:/home/orinnano/ros2_humble/install/tracetools_read:/home/orinnano/ros2_humble/install/test_tracetools_launch:/home/orinnano/ros2_humble/install/test_launch_ros:/home/orinnano/ros2_humble/install/sensor_msgs_py:/home/orinnano/ros2_humble/install/rpyutils:/home/orinnano/ros2_humble/install/rosidl_runtime_py:/home/orinnano/ros2_humble/install/rosidl_cli:/home/orinnano/ros2_humble/install/launch_pytest:/home/orinnano/ros2_humble/install/launch_testing:/home/orinnano/ros2_humble/install/launch_yaml:/home/orinnano/ros2_humble/install/launch_xml:/home/orinnano/ros2_humble/install/launch:/home/orinnano/ros2_humble/install/osrf_pycommon:/home/orinnano/ros2_humble/install/launch_testing_examples:/home/orinnano/ros2_humble/install/domain_coordinator:/home/orinnano/ros2_humble/install/ament_xmllint:/home/orinnano/ros2_humble/install/ament_pyflakes:/home/orinnano/ros2_humble/install/ament_pycodestyle:/home/orinnano/ros2_humble/install/ament_pep257:/home/orinnano/ros2_humble/install/ament_pclint:/home/orinnano/ros2_humble/install/ament_package:/home/orinnano/ros2_humble/install/ament_mypy:/home/orinnano/ros2_humble/install/ament_lint_cmake:/home/orinnano/ros2_humble/install/ament_flake8:/home/orinnano/ros2_humble/install/ament_copyright:/home/orinnano/ros2_humble/install/ament_lint:/home/orinnano/ros2_humble/install/ament_index_python:/home/orinnano/ros2_humble/install/ament_cpplint:/home/orinnano/ros2_humble/install/ament_cppcheck:/home/orinnano/ros2_humble/install/ament_clang_tidy:/home/orinnano/ros2_humble/install/ament_clang_format NX_CONNECTION=192.168.0.100 65359 192.168.0.104 4000 /usr/bin/cmake /home/orinnano/SDK_ros2_ws/src/vrpn_custom_client -Dvrpn_DIR=/usr/local/lib/cmake/vrpn -DCMAKE_INSTALL_PREFIX=/home/orinnano/SDK_ros2_ws/install/vrpn_custom_client
[4.466s] DEBUG:colcon.colcon_core.event_handler.log_command:Invoked command in '/home/orinnano/SDK_ros2_ws/build/vrpn_custom_client' returned '1': CMAKE_PREFIX_PATH=${CMAKE_PREFIX_PATH}:/opt/ros/humble:/home/orinnano/ros2_humble/install/rqt_bag_plugins:/home/orinnano/ros2_humble/install/rqt_bag:/home/orinnano/ros2_humble/install/ros2bag:/home/orinnano/ros2_humble/install/tracetools_test:/home/orinnano/ros2_humble/install/tracetools_launch:/home/orinnano/ros2_humble/install/topic_monitor:/home/orinnano/ros2_humble/install/tf2_tools:/home/orinnano/ros2_humble/install/examples_tf2_py:/home/orinnano/ros2_humble/install/tf2_ros_py:/home/orinnano/ros2_humble/install/sros2:/home/orinnano/ros2_humble/install/rqt_topic:/home/orinnano/ros2_humble/install/rqt_srv:/home/orinnano/ros2_humble/install/rqt_shell:/home/orinnano/ros2_humble/install/rqt_service_caller:/home/orinnano/ros2_humble/install/rqt_reconfigure:/home/orinnano/ros2_humble/install/rqt_py_console:/home/orinnano/ros2_humble/install/rqt_publisher:/home/orinnano/ros2_humble/install/rqt_plot:/home/orinnano/ros2_humble/install/rqt_action:/home/orinnano/ros2_humble/install/rqt_msg:/home/orinnano/ros2_humble/install/rqt_console:/home/orinnano/ros2_humble/install/rqt:/home/orinnano/ros2_humble/install/rqt_graph:/home/orinnano/ros2_humble/install/rqt_gui_py:/home/orinnano/ros2_humble/install/rqt_gui:/home/orinnano/ros2_humble/install/ros2trace:/home/orinnano/ros2_humble/install/ros2topic:/home/orinnano/ros2_humble/install/ros2test:/home/orinnano/ros2_humble/install/ros2component:/home/orinnano/ros2_humble/install/ros2param:/home/orinnano/ros2_humble/install/ros2lifecycle:/home/orinnano/ros2_humble/install/ros2service:/home/orinnano/ros2_humble/install/ros2run:/home/orinnano/ros2_humble/install/ros2launch:/home/orinnano/ros2_humble/install/ros2pkg:/home/orinnano/ros2_humble/install/ros2node:/home/orinnano/ros2_humble/install/ros2multicast:/home/orinnano/ros2_humble/install/ros2interface:/home/orinnano/ros2_humble/install/ros2doctor:/home/orinnano/ros2_humble/install/ros2action:/home/orinnano/ros2_humble/install/ros2cli:/home/orinnano/ros2_humble/install/quality_of_service_demo_py:/home/orinnano/ros2_humble/install/lifecycle_py:/home/orinnano/ros2_humble/install/launch_testing_ros:/home/orinnano/ros2_humble/install/launch_ros:/home/orinnano/ros2_humble/install/examples_rclpy_pointcloud_publisher:/home/orinnano/ros2_humble/install/examples_rclpy_minimal_subscriber:/home/orinnano/ros2_humble/install/examples_rclpy_minimal_service:/home/orinnano/ros2_humble/install/examples_rclpy_minimal_publisher:/home/orinnano/ros2_humble/install/examples_rclpy_minimal_client:/home/orinnano/ros2_humble/install/examples_rclpy_minimal_action_server:/home/orinnano/ros2_humble/install/examples_rclpy_minimal_action_client:/home/orinnano/ros2_humble/install/examples_rclpy_guard_conditions:/home/orinnano/ros2_humble/install/examples_rclpy_executors:/home/orinnano/ros2_humble/install/demo_nodes_py:/home/orinnano/ros2_humble/install/action_tutorials_py:/home/orinnano/ros2_humble/install/ament_uncrustify:/home/orinnano/ros2_humble/install/tracetools_trace:/home/orinnano/ros2_humble/install/tracetools_read:/home/orinnano/ros2_humble/install/test_tracetools_launch:/home/orinnano/ros2_humble/install/test_launch_ros:/home/orinnano/ros2_humble/install/sensor_msgs_py:/home/orinnano/ros2_humble/install/rpyutils:/home/orinnano/ros2_humble/install/rosidl_runtime_py:/home/orinnano/ros2_humble/install/rosidl_cli:/home/orinnano/ros2_humble/install/launch_pytest:/home/orinnano/ros2_humble/install/launch_testing:/home/orinnano/ros2_humble/install/launch_yaml:/home/orinnano/ros2_humble/install/launch_xml:/home/orinnano/ros2_humble/install/launch:/home/orinnano/ros2_humble/install/osrf_pycommon:/home/orinnano/ros2_humble/install/launch_testing_examples:/home/orinnano/ros2_humble/install/domain_coordinator:/home/orinnano/ros2_humble/install/ament_xmllint:/home/orinnano/ros2_humble/install/ament_pyflakes:/home/orinnano/ros2_humble/install/ament_pycodestyle:/home/orinnano/ros2_humble/install/ament_pep257:/home/orinnano/ros2_humble/install/ament_pclint:/home/orinnano/ros2_humble/install/ament_package:/home/orinnano/ros2_humble/install/ament_mypy:/home/orinnano/ros2_humble/install/ament_lint_cmake:/home/orinnano/ros2_humble/install/ament_flake8:/home/orinnano/ros2_humble/install/ament_copyright:/home/orinnano/ros2_humble/install/ament_lint:/home/orinnano/ros2_humble/install/ament_index_python:/home/orinnano/ros2_humble/install/ament_cpplint:/home/orinnano/ros2_humble/install/ament_cppcheck:/home/orinnano/ros2_humble/install/ament_clang_tidy:/home/orinnano/ros2_humble/install/ament_clang_format NX_CONNECTION=192.168.0.100 65359 192.168.0.104 4000 /usr/bin/cmake /home/orinnano/SDK_ros2_ws/src/vrpn_custom_client -Dvrpn_DIR=/usr/local/lib/cmake/vrpn -DCMAKE_INSTALL_PREFIX=/home/orinnano/SDK_ros2_ws/install/vrpn_custom_client
[4.525s] Level 1:colcon.colcon_core.environment:create_environment_scripts_only(vrpn_custom_client)
[4.550s] Level 1:colcon.colcon_core.environment:checking '/home/orinnano/SDK_ros2_ws/install/vrpn_custom_client' for CMake module files
[4.552s] Level 1:colcon.colcon_core.environment:checking '/home/orinnano/SDK_ros2_ws/install/vrpn_custom_client' for CMake config files
[4.553s] Level 1:colcon.colcon_core.shell:create_environment_hook('vrpn_custom_client', 'cmake_prefix_path')
[4.554s] INFO:colcon.colcon_core.shell:Creating environment hook '/home/orinnano/SDK_ros2_ws/install/vrpn_custom_client/share/vrpn_custom_client/hook/cmake_prefix_path.ps1'
[4.556s] INFO:colcon.colcon_core.shell:Creating environment descriptor '/home/orinnano/SDK_ros2_ws/install/vrpn_custom_client/share/vrpn_custom_client/hook/cmake_prefix_path.dsv'
[4.558s] INFO:colcon.colcon_core.shell:Creating environment hook '/home/orinnano/SDK_ros2_ws/install/vrpn_custom_client/share/vrpn_custom_client/hook/cmake_prefix_path.sh'
[4.562s] Level 1:colcon.colcon_core.environment:checking '/home/orinnano/SDK_ros2_ws/install/vrpn_custom_client/bin'
[4.562s] Level 1:colcon.colcon_core.environment:checking '/home/orinnano/SDK_ros2_ws/install/vrpn_custom_client/lib/pkgconfig/vrpn_custom_client.pc'
[4.563s] Level 1:colcon.colcon_core.environment:checking '/home/orinnano/SDK_ros2_ws/install/vrpn_custom_client/lib/python3.10/site-packages'
[4.563s] Level 1:colcon.colcon_core.environment:checking '/home/orinnano/SDK_ros2_ws/install/vrpn_custom_client/bin'
[4.564s] INFO:colcon.colcon_core.shell:Creating package script '/home/orinnano/SDK_ros2_ws/install/vrpn_custom_client/share/vrpn_custom_client/package.ps1'
[4.567s] INFO:colcon.colcon_core.shell:Creating package descriptor '/home/orinnano/SDK_ros2_ws/install/vrpn_custom_client/share/vrpn_custom_client/package.dsv'
[4.569s] INFO:colcon.colcon_core.shell:Creating package script '/home/orinnano/SDK_ros2_ws/install/vrpn_custom_client/share/vrpn_custom_client/package.sh'
[4.572s] INFO:colcon.colcon_core.shell:Creating package script '/home/orinnano/SDK_ros2_ws/install/vrpn_custom_client/share/vrpn_custom_client/package.bash'
[4.574s] INFO:colcon.colcon_core.shell:Creating package script '/home/orinnano/SDK_ros2_ws/install/vrpn_custom_client/share/vrpn_custom_client/package.zsh'
[4.577s] Level 1:colcon.colcon_core.environment:create_file_with_runtime_dependencies(/home/orinnano/SDK_ros2_ws/install/vrpn_custom_client/share/colcon-core/packages/vrpn_custom_client)
[4.588s] DEBUG:colcon.colcon_parallel_executor.executor.parallel:closing loop
[4.588s] DEBUG:colcon.colcon_parallel_executor.executor.parallel:loop closed
[4.589s] DEBUG:colcon.colcon_parallel_executor.executor.parallel:run_until_complete finished with '1'
[4.589s] DEBUG:colcon.colcon_core.event_reactor:joining thread
[4.641s] INFO:colcon.colcon_core.plugin_system:Skipping extension 'colcon_notification.desktop_notification.terminal_notifier': Not used on non-Darwin systems
[4.641s] INFO:colcon.colcon_core.plugin_system:Skipping extension 'colcon_notification.desktop_notification.win32': Not used on non-Windows systems
[4.642s] INFO:colcon.colcon_notification.desktop_notification:Sending desktop notification using 'notify2'
[4.692s] DEBUG:colcon.colcon_core.event_reactor:joined thread
[4.694s] INFO:colcon.colcon_core.shell:Creating prefix script '/home/orinnano/SDK_ros2_ws/install/local_setup.ps1'
[4.697s] INFO:colcon.colcon_core.shell:Creating prefix util module '/home/orinnano/SDK_ros2_ws/install/_local_setup_util_ps1.py'
[4.702s] INFO:colcon.colcon_core.shell:Creating prefix chain script '/home/orinnano/SDK_ros2_ws/install/setup.ps1'
[4.758s] INFO:colcon.colcon_core.shell:Creating prefix script '/home/orinnano/SDK_ros2_ws/install/local_setup.sh'
[4.759s] INFO:colcon.colcon_core.shell:Creating prefix util module '/home/orinnano/SDK_ros2_ws/install/_local_setup_util_sh.py'
[4.763s] INFO:colcon.colcon_core.shell:Creating prefix chain script '/home/orinnano/SDK_ros2_ws/install/setup.sh'
[4.799s] INFO:colcon.colcon_core.shell:Creating prefix script '/home/orinnano/SDK_ros2_ws/install/local_setup.bash'
[4.800s] INFO:colcon.colcon_core.shell:Creating prefix chain script '/home/orinnano/SDK_ros2_ws/install/setup.bash'
[4.830s] INFO:colcon.colcon_core.shell:Creating prefix script '/home/orinnano/SDK_ros2_ws/install/local_setup.zsh'
[4.831s] INFO:colcon.colcon_core.shell:Creating prefix chain script '/home/orinnano/SDK_ros2_ws/install/setup.zsh'
