[0.596s] DEBUG:colcon:Command line arguments: ['/usr/bin/colcon', 'build', '--packages-select', 'vrpn_custom_client']
[0.596s] DEBUG:colcon:Parsed command line arguments: Namespace(log_base=None, log_level=None, verb_name='build', build_base='build', install_base='install', merge_install=False, symlink_install=False, test_result_base=None, continue_on_error=False, executor='parallel', parallel_workers=6, event_handlers=None, ignore_user_meta=False, metas=['./colcon.meta'], base_paths=['.'], packages_ignore=None, packages_ignore_regex=None, paths=None, packages_up_to=None, packages_up_to_regex=None, packages_above=None, packages_above_and_dependencies=None, packages_above_depth=None, packages_select_by_dep=None, packages_skip_by_dep=None, packages_skip_up_to=None, packages_select_build_failed=False, packages_skip_build_finished=False, packages_select_test_failures=False, packages_skip_test_passed=False, packages_select=['vrpn_custom_client'], packages_skip=None, packages_select_regex=None, packages_skip_regex=None, packages_start=None, packages_end=None, allow_overriding=[], cmake_args=None, cmake_target=None, cmake_target_skip_unavailable=False, cmake_clean_cache=False, cmake_clean_first=False, cmake_force_configure=False, ament_cmake_args=None, catkin_cmake_args=None, catkin_skip_building_tests=False, mixin_files=None, mixin=None, verb_parser=<colcon_mixin.mixin.mixin_argument.MixinArgumentDecorator object at 0xffff87b09420>, verb_extension=<colcon_core.verb.build.BuildVerb object at 0xffff87cd5a80>, main=<bound method BuildVerb.main of <colcon_core.verb.build.BuildVerb object at 0xffff87cd5a80>>, mixin_verb=('build',))
[1.356s] Level 1:colcon.colcon_core.package_discovery:discover_packages(colcon_meta) check parameters
[1.356s] Level 1:colcon.colcon_core.package_discovery:discover_packages(recursive) check parameters
[1.356s] Level 1:colcon.colcon_core.package_discovery:discover_packages(ignore) check parameters
[1.356s] Level 1:colcon.colcon_core.package_discovery:discover_packages(path) check parameters
[1.356s] Level 1:colcon.colcon_core.package_discovery:discover_packages(colcon_meta) discover
[1.356s] Level 1:colcon.colcon_core.package_discovery:discover_packages(recursive) discover
[1.356s] INFO:colcon.colcon_core.package_discovery:Crawling recursively for packages in '/home/orinnano/SDK_ros2_ws'
[1.357s] Level 1:colcon.colcon_core.package_identification:_identify(.) by extensions ['ignore', 'ignore_ament_install']
[1.358s] Level 1:colcon.colcon_core.package_identification:_identify(.) by extension 'ignore'
[1.358s] Level 1:colcon.colcon_core.package_identification:_identify(.) by extension 'ignore_ament_install'
[1.358s] Level 1:colcon.colcon_core.package_identification:_identify(.) by extensions ['colcon_pkg']
[1.358s] Level 1:colcon.colcon_core.package_identification:_identify(.) by extension 'colcon_pkg'
[1.358s] Level 1:colcon.colcon_core.package_identification:_identify(.) by extensions ['colcon_meta']
[1.358s] Level 1:colcon.colcon_core.package_identification:_identify(.) by extension 'colcon_meta'
[1.358s] Level 1:colcon.colcon_core.package_identification:_identify(.) by extensions ['ros']
[1.358s] Level 1:colcon.colcon_core.package_identification:_identify(.) by extension 'ros'
[1.387s] Level 1:colcon.colcon_core.package_identification:_identify(.) by extensions ['cmake', 'python']
[1.387s] Level 1:colcon.colcon_core.package_identification:_identify(.) by extension 'cmake'
[1.387s] Level 1:colcon.colcon_core.package_identification:_identify(.) by extension 'python'
[1.387s] Level 1:colcon.colcon_core.package_identification:_identify(.) by extensions ['python_setup_py']
[1.387s] Level 1:colcon.colcon_core.package_identification:_identify(.) by extension 'python_setup_py'
[1.387s] Level 1:colcon.colcon_core.package_identification:_identify(build) by extensions ['ignore', 'ignore_ament_install']
[1.388s] Level 1:colcon.colcon_core.package_identification:_identify(build) by extension 'ignore'
[1.388s] Level 1:colcon.colcon_core.package_identification:_identify(build) ignored
[1.388s] Level 1:colcon.colcon_core.package_identification:_identify(install) by extensions ['ignore', 'ignore_ament_install']
[1.388s] Level 1:colcon.colcon_core.package_identification:_identify(install) by extension 'ignore'
[1.388s] Level 1:colcon.colcon_core.package_identification:_identify(install) ignored
[1.389s] Level 1:colcon.colcon_core.package_identification:_identify(log) by extensions ['ignore', 'ignore_ament_install']
[1.389s] Level 1:colcon.colcon_core.package_identification:_identify(log) by extension 'ignore'
[1.389s] Level 1:colcon.colcon_core.package_identification:_identify(log) ignored
[1.389s] Level 1:colcon.colcon_core.package_identification:_identify(src) by extensions ['ignore', 'ignore_ament_install']
[1.389s] Level 1:colcon.colcon_core.package_identification:_identify(src) by extension 'ignore'
[1.389s] Level 1:colcon.colcon_core.package_identification:_identify(src) by extension 'ignore_ament_install'
[1.389s] Level 1:colcon.colcon_core.package_identification:_identify(src) by extensions ['colcon_pkg']
[1.390s] Level 1:colcon.colcon_core.package_identification:_identify(src) by extension 'colcon_pkg'
[1.390s] Level 1:colcon.colcon_core.package_identification:_identify(src) by extensions ['colcon_meta']
[1.390s] Level 1:colcon.colcon_core.package_identification:_identify(src) by extension 'colcon_meta'
[1.390s] Level 1:colcon.colcon_core.package_identification:_identify(src) by extensions ['ros']
[1.390s] Level 1:colcon.colcon_core.package_identification:_identify(src) by extension 'ros'
[1.390s] Level 1:colcon.colcon_core.package_identification:_identify(src) by extensions ['cmake', 'python']
[1.390s] Level 1:colcon.colcon_core.package_identification:_identify(src) by extension 'cmake'
[1.390s] Level 1:colcon.colcon_core.package_identification:_identify(src) by extension 'python'
[1.390s] Level 1:colcon.colcon_core.package_identification:_identify(src) by extensions ['python_setup_py']
[1.390s] Level 1:colcon.colcon_core.package_identification:_identify(src) by extension 'python_setup_py'
[1.391s] Level 1:colcon.colcon_core.package_identification:_identify(src/mavlink) by extensions ['ignore', 'ignore_ament_install']
[1.391s] Level 1:colcon.colcon_core.package_identification:_identify(src/mavlink) by extension 'ignore'
[1.391s] Level 1:colcon.colcon_core.package_identification:_identify(src/mavlink) by extension 'ignore_ament_install'
[1.391s] Level 1:colcon.colcon_core.package_identification:_identify(src/mavlink) by extensions ['colcon_pkg']
[1.391s] Level 1:colcon.colcon_core.package_identification:_identify(src/mavlink) by extension 'colcon_pkg'
[1.391s] Level 1:colcon.colcon_core.package_identification:_identify(src/mavlink) by extensions ['colcon_meta']
[1.391s] Level 1:colcon.colcon_core.package_identification:_identify(src/mavlink) by extension 'colcon_meta'
[1.391s] Level 1:colcon.colcon_core.package_identification:_identify(src/mavlink) by extensions ['ros']
[1.391s] Level 1:colcon.colcon_core.package_identification:_identify(src/mavlink) by extension 'ros'
[1.405s] DEBUG:colcon.colcon_core.package_identification:Package 'src/mavlink' with type 'ros.cmake' and name 'mavlink'
[1.405s] Level 1:colcon.colcon_core.package_identification:_identify(src/mavros) by extensions ['ignore', 'ignore_ament_install']
[1.406s] Level 1:colcon.colcon_core.package_identification:_identify(src/mavros) by extension 'ignore'
[1.406s] Level 1:colcon.colcon_core.package_identification:_identify(src/mavros) by extension 'ignore_ament_install'
[1.406s] Level 1:colcon.colcon_core.package_identification:_identify(src/mavros) by extensions ['colcon_pkg']
[1.406s] Level 1:colcon.colcon_core.package_identification:_identify(src/mavros) by extension 'colcon_pkg'
[1.406s] Level 1:colcon.colcon_core.package_identification:_identify(src/mavros) by extensions ['colcon_meta']
[1.406s] Level 1:colcon.colcon_core.package_identification:_identify(src/mavros) by extension 'colcon_meta'
[1.406s] Level 1:colcon.colcon_core.package_identification:_identify(src/mavros) by extensions ['ros']
[1.406s] Level 1:colcon.colcon_core.package_identification:_identify(src/mavros) by extension 'ros'
[1.407s] Level 1:colcon.colcon_core.package_identification:_identify(src/mavros) by extensions ['cmake', 'python']
[1.407s] Level 1:colcon.colcon_core.package_identification:_identify(src/mavros) by extension 'cmake'
[1.407s] Level 1:colcon.colcon_core.package_identification:_identify(src/mavros) by extension 'python'
[1.407s] Level 1:colcon.colcon_core.package_identification:_identify(src/mavros) by extensions ['python_setup_py']
[1.407s] Level 1:colcon.colcon_core.package_identification:_identify(src/mavros) by extension 'python_setup_py'
[1.407s] Level 1:colcon.colcon_core.package_identification:_identify(src/mavros/libmavconn) by extensions ['ignore', 'ignore_ament_install']
[1.408s] Level 1:colcon.colcon_core.package_identification:_identify(src/mavros/libmavconn) by extension 'ignore'
[1.408s] Level 1:colcon.colcon_core.package_identification:_identify(src/mavros/libmavconn) by extension 'ignore_ament_install'
[1.408s] Level 1:colcon.colcon_core.package_identification:_identify(src/mavros/libmavconn) by extensions ['colcon_pkg']
[1.408s] Level 1:colcon.colcon_core.package_identification:_identify(src/mavros/libmavconn) by extension 'colcon_pkg'
[1.408s] Level 1:colcon.colcon_core.package_identification:_identify(src/mavros/libmavconn) by extensions ['colcon_meta']
[1.408s] Level 1:colcon.colcon_core.package_identification:_identify(src/mavros/libmavconn) by extension 'colcon_meta'
[1.408s] Level 1:colcon.colcon_core.package_identification:_identify(src/mavros/libmavconn) by extensions ['ros']
[1.408s] Level 1:colcon.colcon_core.package_identification:_identify(src/mavros/libmavconn) by extension 'ros'
[1.410s] DEBUG:colcon.colcon_core.package_identification:Package 'src/mavros/libmavconn' with type 'ros.ament_cmake' and name 'libmavconn'
[1.411s] Level 1:colcon.colcon_core.package_identification:_identify(src/mavros/mavros) by extensions ['ignore', 'ignore_ament_install']
[1.411s] Level 1:colcon.colcon_core.package_identification:_identify(src/mavros/mavros) by extension 'ignore'
[1.411s] Level 1:colcon.colcon_core.package_identification:_identify(src/mavros/mavros) by extension 'ignore_ament_install'
[1.411s] Level 1:colcon.colcon_core.package_identification:_identify(src/mavros/mavros) by extensions ['colcon_pkg']
[1.411s] Level 1:colcon.colcon_core.package_identification:_identify(src/mavros/mavros) by extension 'colcon_pkg'
[1.411s] Level 1:colcon.colcon_core.package_identification:_identify(src/mavros/mavros) by extensions ['colcon_meta']
[1.411s] Level 1:colcon.colcon_core.package_identification:_identify(src/mavros/mavros) by extension 'colcon_meta'
[1.411s] Level 1:colcon.colcon_core.package_identification:_identify(src/mavros/mavros) by extensions ['ros']
[1.411s] Level 1:colcon.colcon_core.package_identification:_identify(src/mavros/mavros) by extension 'ros'
[1.417s] DEBUG:colcon.colcon_core.package_identification:Package 'src/mavros/mavros' with type 'ros.ament_cmake' and name 'mavros'
[1.417s] Level 1:colcon.colcon_core.package_identification:_identify(src/mavros/mavros_extras) by extensions ['ignore', 'ignore_ament_install']
[1.418s] Level 1:colcon.colcon_core.package_identification:_identify(src/mavros/mavros_extras) by extension 'ignore'
[1.418s] Level 1:colcon.colcon_core.package_identification:_identify(src/mavros/mavros_extras) by extension 'ignore_ament_install'
[1.418s] Level 1:colcon.colcon_core.package_identification:_identify(src/mavros/mavros_extras) by extensions ['colcon_pkg']
[1.418s] Level 1:colcon.colcon_core.package_identification:_identify(src/mavros/mavros_extras) by extension 'colcon_pkg'
[1.418s] Level 1:colcon.colcon_core.package_identification:_identify(src/mavros/mavros_extras) by extensions ['colcon_meta']
[1.418s] Level 1:colcon.colcon_core.package_identification:_identify(src/mavros/mavros_extras) by extension 'colcon_meta'
[1.418s] Level 1:colcon.colcon_core.package_identification:_identify(src/mavros/mavros_extras) by extensions ['ros']
[1.418s] Level 1:colcon.colcon_core.package_identification:_identify(src/mavros/mavros_extras) by extension 'ros'
[1.424s] DEBUG:colcon.colcon_core.package_identification:Package 'src/mavros/mavros_extras' with type 'ros.ament_cmake' and name 'mavros_extras'
[1.424s] Level 1:colcon.colcon_core.package_identification:_identify(src/mavros/mavros_msgs) by extensions ['ignore', 'ignore_ament_install']
[1.425s] Level 1:colcon.colcon_core.package_identification:_identify(src/mavros/mavros_msgs) by extension 'ignore'
[1.425s] Level 1:colcon.colcon_core.package_identification:_identify(src/mavros/mavros_msgs) by extension 'ignore_ament_install'
[1.425s] Level 1:colcon.colcon_core.package_identification:_identify(src/mavros/mavros_msgs) by extensions ['colcon_pkg']
[1.425s] Level 1:colcon.colcon_core.package_identification:_identify(src/mavros/mavros_msgs) by extension 'colcon_pkg'
[1.425s] Level 1:colcon.colcon_core.package_identification:_identify(src/mavros/mavros_msgs) by extensions ['colcon_meta']
[1.425s] Level 1:colcon.colcon_core.package_identification:_identify(src/mavros/mavros_msgs) by extension 'colcon_meta'
[1.425s] Level 1:colcon.colcon_core.package_identification:_identify(src/mavros/mavros_msgs) by extensions ['ros']
[1.425s] Level 1:colcon.colcon_core.package_identification:_identify(src/mavros/mavros_msgs) by extension 'ros'
[1.427s] DEBUG:colcon.colcon_core.package_identification:Package 'src/mavros/mavros_msgs' with type 'ros.ament_cmake' and name 'mavros_msgs'
[1.428s] Level 1:colcon.colcon_core.package_identification:_identify(src/mavros/test_mavros) by extensions ['ignore', 'ignore_ament_install']
[1.428s] Level 1:colcon.colcon_core.package_identification:_identify(src/mavros/test_mavros) by extension 'ignore'
[1.428s] Level 1:colcon.colcon_core.package_identification:_identify(src/mavros/test_mavros) ignored
[1.428s] Level 1:colcon.colcon_core.package_identification:_identify(src/offboard_ros2) by extensions ['ignore', 'ignore_ament_install']
[1.429s] Level 1:colcon.colcon_core.package_identification:_identify(src/offboard_ros2) by extension 'ignore'
[1.429s] Level 1:colcon.colcon_core.package_identification:_identify(src/offboard_ros2) by extension 'ignore_ament_install'
[1.429s] Level 1:colcon.colcon_core.package_identification:_identify(src/offboard_ros2) by extensions ['colcon_pkg']
[1.429s] Level 1:colcon.colcon_core.package_identification:_identify(src/offboard_ros2) by extension 'colcon_pkg'
[1.429s] Level 1:colcon.colcon_core.package_identification:_identify(src/offboard_ros2) by extensions ['colcon_meta']
[1.429s] Level 1:colcon.colcon_core.package_identification:_identify(src/offboard_ros2) by extension 'colcon_meta'
[1.429s] Level 1:colcon.colcon_core.package_identification:_identify(src/offboard_ros2) by extensions ['ros']
[1.429s] Level 1:colcon.colcon_core.package_identification:_identify(src/offboard_ros2) by extension 'ros'
[1.431s] DEBUG:colcon.colcon_core.package_identification:Package 'src/offboard_ros2' with type 'ros.ament_cmake' and name 'offboard_ros2'
[1.431s] Level 1:colcon.colcon_core.package_identification:_identify(src/vicon) by extensions ['ignore', 'ignore_ament_install']
[1.431s] Level 1:colcon.colcon_core.package_identification:_identify(src/vicon) by extension 'ignore'
[1.431s] Level 1:colcon.colcon_core.package_identification:_identify(src/vicon) by extension 'ignore_ament_install'
[1.432s] Level 1:colcon.colcon_core.package_identification:_identify(src/vicon) by extensions ['colcon_pkg']
[1.432s] Level 1:colcon.colcon_core.package_identification:_identify(src/vicon) by extension 'colcon_pkg'
[1.432s] Level 1:colcon.colcon_core.package_identification:_identify(src/vicon) by extensions ['colcon_meta']
[1.432s] Level 1:colcon.colcon_core.package_identification:_identify(src/vicon) by extension 'colcon_meta'
[1.432s] Level 1:colcon.colcon_core.package_identification:_identify(src/vicon) by extensions ['ros']
[1.432s] Level 1:colcon.colcon_core.package_identification:_identify(src/vicon) by extension 'ros'
[1.433s] DEBUG:colcon.colcon_core.package_identification:Package 'src/vicon' with type 'ros.ament_cmake' and name 'vicon'
[1.434s] Level 1:colcon.colcon_core.package_identification:_identify(src/vrpn) by extensions ['ignore', 'ignore_ament_install']
[1.434s] Level 1:colcon.colcon_core.package_identification:_identify(src/vrpn) by extension 'ignore'
[1.434s] Level 1:colcon.colcon_core.package_identification:_identify(src/vrpn) by extension 'ignore_ament_install'
[1.434s] Level 1:colcon.colcon_core.package_identification:_identify(src/vrpn) by extensions ['colcon_pkg']
[1.434s] Level 1:colcon.colcon_core.package_identification:_identify(src/vrpn) by extension 'colcon_pkg'
[1.434s] Level 1:colcon.colcon_core.package_identification:_identify(src/vrpn) by extensions ['colcon_meta']
[1.434s] Level 1:colcon.colcon_core.package_identification:_identify(src/vrpn) by extension 'colcon_meta'
[1.435s] Level 1:colcon.colcon_core.package_identification:_identify(src/vrpn) by extensions ['ros']
[1.435s] Level 1:colcon.colcon_core.package_identification:_identify(src/vrpn) by extension 'ros'
[1.435s] Level 1:colcon.colcon_core.package_identification:_identify(src/vrpn) by extensions ['cmake', 'python']
[1.435s] Level 1:colcon.colcon_core.package_identification:_identify(src/vrpn) by extension 'cmake'
[1.656s] Level 1:colcon.colcon_core.package_identification:_identify(src/vrpn) by extension 'python'
[1.656s] DEBUG:colcon.colcon_core.package_identification:Package 'src/vrpn' with type 'cmake' and name 'VRPN'
[1.656s] Level 1:colcon.colcon_core.package_identification:_identify(src/vrpn_client_ros) by extensions ['ignore', 'ignore_ament_install']
[1.657s] Level 1:colcon.colcon_core.package_identification:_identify(src/vrpn_client_ros) by extension 'ignore'
[1.657s] Level 1:colcon.colcon_core.package_identification:_identify(src/vrpn_client_ros) by extension 'ignore_ament_install'
[1.657s] Level 1:colcon.colcon_core.package_identification:_identify(src/vrpn_client_ros) by extensions ['colcon_pkg']
[1.657s] Level 1:colcon.colcon_core.package_identification:_identify(src/vrpn_client_ros) by extension 'colcon_pkg'
[1.657s] Level 1:colcon.colcon_core.package_identification:_identify(src/vrpn_client_ros) by extensions ['colcon_meta']
[1.657s] Level 1:colcon.colcon_core.package_identification:_identify(src/vrpn_client_ros) by extension 'colcon_meta'
[1.657s] Level 1:colcon.colcon_core.package_identification:_identify(src/vrpn_client_ros) by extensions ['ros']
[1.657s] Level 1:colcon.colcon_core.package_identification:_identify(src/vrpn_client_ros) by extension 'ros'
[1.659s] DEBUG:colcon.colcon_core.package_identification:Package 'src/vrpn_client_ros' with type 'ros.ament_cmake' and name 'vrpn_client_ros'
[1.660s] Level 1:colcon.colcon_core.package_identification:_identify(src/vrpn_custom_client) by extensions ['ignore', 'ignore_ament_install']
[1.660s] Level 1:colcon.colcon_core.package_identification:_identify(src/vrpn_custom_client) by extension 'ignore'
[1.660s] Level 1:colcon.colcon_core.package_identification:_identify(src/vrpn_custom_client) by extension 'ignore_ament_install'
[1.660s] Level 1:colcon.colcon_core.package_identification:_identify(src/vrpn_custom_client) by extensions ['colcon_pkg']
[1.660s] Level 1:colcon.colcon_core.package_identification:_identify(src/vrpn_custom_client) by extension 'colcon_pkg'
[1.660s] Level 1:colcon.colcon_core.package_identification:_identify(src/vrpn_custom_client) by extensions ['colcon_meta']
[1.660s] Level 1:colcon.colcon_core.package_identification:_identify(src/vrpn_custom_client) by extension 'colcon_meta'
[1.660s] Level 1:colcon.colcon_core.package_identification:_identify(src/vrpn_custom_client) by extensions ['ros']
[1.661s] Level 1:colcon.colcon_core.package_identification:_identify(src/vrpn_custom_client) by extension 'ros'
[1.662s] DEBUG:colcon.colcon_core.package_identification:Package 'src/vrpn_custom_client' with type 'ros.ament_cmake' and name 'vrpn_custom_client'
[1.662s] Level 1:colcon.colcon_core.package_discovery:discover_packages(recursive) using defaults
[1.662s] Level 1:colcon.colcon_core.package_discovery:discover_packages(ignore) discover
[1.662s] Level 1:colcon.colcon_core.package_discovery:discover_packages(ignore) using defaults
[1.662s] Level 1:colcon.colcon_core.package_discovery:discover_packages(path) discover
[1.662s] Level 1:colcon.colcon_core.package_discovery:discover_packages(path) using defaults
[1.763s] INFO:colcon.colcon_core.package_selection:Skipping not selected package 'VRPN' in 'src/vrpn'
[1.763s] INFO:colcon.colcon_core.package_selection:Skipping not selected package 'mavlink' in 'src/mavlink'
[1.763s] INFO:colcon.colcon_core.package_selection:Skipping not selected package 'mavros_msgs' in 'src/mavros/mavros_msgs'
[1.763s] INFO:colcon.colcon_core.package_selection:Skipping not selected package 'vicon' in 'src/vicon'
[1.763s] INFO:colcon.colcon_core.package_selection:Skipping not selected package 'libmavconn' in 'src/mavros/libmavconn'
[1.763s] INFO:colcon.colcon_core.package_selection:Skipping not selected package 'vrpn_client_ros' in 'src/vrpn_client_ros'
[1.763s] INFO:colcon.colcon_core.package_selection:Skipping not selected package 'mavros' in 'src/mavros/mavros'
[1.763s] INFO:colcon.colcon_core.package_selection:Skipping not selected package 'mavros_extras' in 'src/mavros/mavros_extras'
[1.763s] INFO:colcon.colcon_core.package_selection:Skipping not selected package 'offboard_ros2' in 'src/offboard_ros2'
[1.764s] Level 1:colcon.colcon_core.package_discovery:discover_packages(prefix_path) check parameters
[1.764s] Level 1:colcon.colcon_core.package_discovery:discover_packages(prefix_path) discover
[1.799s] DEBUG:colcon.colcon_installed_package_information.package_discovery:Found 9 installed packages in /home/orinnano/SDK_ros2_ws/install
[1.821s] DEBUG:colcon.colcon_installed_package_information.package_discovery:Found 345 installed packages in /home/orinnano/ros2_humble/install
[1.826s] DEBUG:colcon.colcon_installed_package_information.package_discovery:Found 123 installed packages in /opt/ros/humble
[1.836s] Level 1:colcon.colcon_core.package_discovery:discover_packages(prefix_path) using defaults
[2.090s] Level 5:colcon.colcon_core.verb:set package 'vrpn_custom_client' build argument 'cmake_args' from command line to 'None'
[2.090s] Level 5:colcon.colcon_core.verb:set package 'vrpn_custom_client' build argument 'cmake_target' from command line to 'None'
[2.090s] Level 5:colcon.colcon_core.verb:set package 'vrpn_custom_client' build argument 'cmake_target_skip_unavailable' from command line to 'False'
[2.091s] Level 5:colcon.colcon_core.verb:set package 'vrpn_custom_client' build argument 'cmake_clean_cache' from command line to 'False'
[2.091s] Level 5:colcon.colcon_core.verb:set package 'vrpn_custom_client' build argument 'cmake_clean_first' from command line to 'False'
[2.091s] Level 5:colcon.colcon_core.verb:set package 'vrpn_custom_client' build argument 'cmake_force_configure' from command line to 'False'
[2.091s] Level 5:colcon.colcon_core.verb:set package 'vrpn_custom_client' build argument 'ament_cmake_args' from command line to 'None'
[2.091s] Level 5:colcon.colcon_core.verb:set package 'vrpn_custom_client' build argument 'catkin_cmake_args' from command line to 'None'
[2.091s] Level 5:colcon.colcon_core.verb:set package 'vrpn_custom_client' build argument 'catkin_skip_building_tests' from command line to 'False'
[2.091s] DEBUG:colcon.colcon_core.verb:Building package 'vrpn_custom_client' with the following arguments: {'ament_cmake_args': None, 'build_base': '/home/orinnano/SDK_ros2_ws/build/vrpn_custom_client', 'catkin_cmake_args': None, 'catkin_skip_building_tests': False, 'cmake_args': None, 'cmake_clean_cache': False, 'cmake_clean_first': False, 'cmake_force_configure': False, 'cmake_target': None, 'cmake_target_skip_unavailable': False, 'install_base': '/home/orinnano/SDK_ros2_ws/install/vrpn_custom_client', 'merge_install': False, 'path': '/home/orinnano/SDK_ros2_ws/src/vrpn_custom_client', 'symlink_install': False, 'test_result_base': None}
[2.091s] INFO:colcon.colcon_core.executor:Executing jobs using 'parallel' executor
[2.093s] DEBUG:colcon.colcon_parallel_executor.executor.parallel:run_until_complete
[2.094s] INFO:colcon.colcon_ros.task.ament_cmake.build:Building ROS package in '/home/orinnano/SDK_ros2_ws/src/vrpn_custom_client' with build type 'ament_cmake'
[2.094s] INFO:colcon.colcon_cmake.task.cmake.build:Building CMake package in '/home/orinnano/SDK_ros2_ws/src/vrpn_custom_client'
[2.113s] INFO:colcon.colcon_core.plugin_system:Skipping extension 'colcon_core.shell.bat': Not used on non-Windows systems
[2.113s] INFO:colcon.colcon_core.shell:Skip shell extension 'powershell' for command environment: Not usable outside of PowerShell
[2.113s] DEBUG:colcon.colcon_core.shell:Skip shell extension 'dsv' for command environment
[2.189s] DEBUG:colcon.colcon_core.event_handler.log_command:Invoking command in '/home/orinnano/SDK_ros2_ws/build/vrpn_custom_client': CMAKE_PREFIX_PATH=${CMAKE_PREFIX_PATH}:/opt/ros/humble:/home/orinnano/ros2_humble/install/rqt_bag_plugins:/home/orinnano/ros2_humble/install/rqt_bag:/home/orinnano/ros2_humble/install/ros2bag:/home/orinnano/ros2_humble/install/tracetools_test:/home/orinnano/ros2_humble/install/tracetools_launch:/home/orinnano/ros2_humble/install/topic_monitor:/home/orinnano/ros2_humble/install/tf2_tools:/home/orinnano/ros2_humble/install/examples_tf2_py:/home/orinnano/ros2_humble/install/tf2_ros_py:/home/orinnano/ros2_humble/install/sros2:/home/orinnano/ros2_humble/install/rqt_topic:/home/orinnano/ros2_humble/install/rqt_srv:/home/orinnano/ros2_humble/install/rqt_shell:/home/orinnano/ros2_humble/install/rqt_service_caller:/home/orinnano/ros2_humble/install/rqt_reconfigure:/home/orinnano/ros2_humble/install/rqt_py_console:/home/orinnano/ros2_humble/install/rqt_publisher:/home/orinnano/ros2_humble/install/rqt_plot:/home/orinnano/ros2_humble/install/rqt_action:/home/orinnano/ros2_humble/install/rqt_msg:/home/orinnano/ros2_humble/install/rqt_console:/home/orinnano/ros2_humble/install/rqt:/home/orinnano/ros2_humble/install/rqt_graph:/home/orinnano/ros2_humble/install/rqt_gui_py:/home/orinnano/ros2_humble/install/rqt_gui:/home/orinnano/ros2_humble/install/ros2trace:/home/orinnano/ros2_humble/install/ros2topic:/home/orinnano/ros2_humble/install/ros2test:/home/orinnano/ros2_humble/install/ros2component:/home/orinnano/ros2_humble/install/ros2param:/home/orinnano/ros2_humble/install/ros2lifecycle:/home/orinnano/ros2_humble/install/ros2service:/home/orinnano/ros2_humble/install/ros2run:/home/orinnano/ros2_humble/install/ros2launch:/home/orinnano/ros2_humble/install/ros2pkg:/home/orinnano/ros2_humble/install/ros2node:/home/orinnano/ros2_humble/install/ros2multicast:/home/orinnano/ros2_humble/install/ros2interface:/home/orinnano/ros2_humble/install/ros2doctor:/home/orinnano/ros2_humble/install/ros2action:/home/orinnano/ros2_humble/install/ros2cli:/home/orinnano/ros2_humble/install/quality_of_service_demo_py:/home/orinnano/ros2_humble/install/lifecycle_py:/home/orinnano/ros2_humble/install/launch_testing_ros:/home/orinnano/ros2_humble/install/launch_ros:/home/orinnano/ros2_humble/install/examples_rclpy_pointcloud_publisher:/home/orinnano/ros2_humble/install/examples_rclpy_minimal_subscriber:/home/orinnano/ros2_humble/install/examples_rclpy_minimal_service:/home/orinnano/ros2_humble/install/examples_rclpy_minimal_publisher:/home/orinnano/ros2_humble/install/examples_rclpy_minimal_client:/home/orinnano/ros2_humble/install/examples_rclpy_minimal_action_server:/home/orinnano/ros2_humble/install/examples_rclpy_minimal_action_client:/home/orinnano/ros2_humble/install/examples_rclpy_guard_conditions:/home/orinnano/ros2_humble/install/examples_rclpy_executors:/home/orinnano/ros2_humble/install/demo_nodes_py:/home/orinnano/ros2_humble/install/action_tutorials_py:/home/orinnano/ros2_humble/install/ament_uncrustify:/home/orinnano/ros2_humble/install/tracetools_trace:/home/orinnano/ros2_humble/install/tracetools_read:/home/orinnano/ros2_humble/install/test_tracetools_launch:/home/orinnano/ros2_humble/install/test_launch_ros:/home/orinnano/ros2_humble/install/sensor_msgs_py:/home/orinnano/ros2_humble/install/rpyutils:/home/orinnano/ros2_humble/install/rosidl_runtime_py:/home/orinnano/ros2_humble/install/rosidl_cli:/home/orinnano/ros2_humble/install/launch_pytest:/home/orinnano/ros2_humble/install/launch_testing:/home/orinnano/ros2_humble/install/launch_yaml:/home/orinnano/ros2_humble/install/launch_xml:/home/orinnano/ros2_humble/install/launch:/home/orinnano/ros2_humble/install/osrf_pycommon:/home/orinnano/ros2_humble/install/launch_testing_examples:/home/orinnano/ros2_humble/install/domain_coordinator:/home/orinnano/ros2_humble/install/ament_xmllint:/home/orinnano/ros2_humble/install/ament_pyflakes:/home/orinnano/ros2_humble/install/ament_pycodestyle:/home/orinnano/ros2_humble/install/ament_pep257:/home/orinnano/ros2_humble/install/ament_pclint:/home/orinnano/ros2_humble/install/ament_package:/home/orinnano/ros2_humble/install/ament_mypy:/home/orinnano/ros2_humble/install/ament_lint_cmake:/home/orinnano/ros2_humble/install/ament_flake8:/home/orinnano/ros2_humble/install/ament_copyright:/home/orinnano/ros2_humble/install/ament_lint:/home/orinnano/ros2_humble/install/ament_index_python:/home/orinnano/ros2_humble/install/ament_cpplint:/home/orinnano/ros2_humble/install/ament_cppcheck:/home/orinnano/ros2_humble/install/ament_clang_tidy:/home/orinnano/ros2_humble/install/ament_clang_format NX_CONNECTION=192.168.0.100 65359 192.168.0.104 4000 /usr/bin/cmake /home/orinnano/SDK_ros2_ws/src/vrpn_custom_client -DCMAKE_INSTALL_PREFIX=/home/orinnano/SDK_ros2_ws/install/vrpn_custom_client
[11.245s] DEBUG:colcon.colcon_core.event_handler.log_command:Invoked command in '/home/orinnano/SDK_ros2_ws/build/vrpn_custom_client' returned '0': CMAKE_PREFIX_PATH=${CMAKE_PREFIX_PATH}:/opt/ros/humble:/home/orinnano/ros2_humble/install/rqt_bag_plugins:/home/orinnano/ros2_humble/install/rqt_bag:/home/orinnano/ros2_humble/install/ros2bag:/home/orinnano/ros2_humble/install/tracetools_test:/home/orinnano/ros2_humble/install/tracetools_launch:/home/orinnano/ros2_humble/install/topic_monitor:/home/orinnano/ros2_humble/install/tf2_tools:/home/orinnano/ros2_humble/install/examples_tf2_py:/home/orinnano/ros2_humble/install/tf2_ros_py:/home/orinnano/ros2_humble/install/sros2:/home/orinnano/ros2_humble/install/rqt_topic:/home/orinnano/ros2_humble/install/rqt_srv:/home/orinnano/ros2_humble/install/rqt_shell:/home/orinnano/ros2_humble/install/rqt_service_caller:/home/orinnano/ros2_humble/install/rqt_reconfigure:/home/orinnano/ros2_humble/install/rqt_py_console:/home/orinnano/ros2_humble/install/rqt_publisher:/home/orinnano/ros2_humble/install/rqt_plot:/home/orinnano/ros2_humble/install/rqt_action:/home/orinnano/ros2_humble/install/rqt_msg:/home/orinnano/ros2_humble/install/rqt_console:/home/orinnano/ros2_humble/install/rqt:/home/orinnano/ros2_humble/install/rqt_graph:/home/orinnano/ros2_humble/install/rqt_gui_py:/home/orinnano/ros2_humble/install/rqt_gui:/home/orinnano/ros2_humble/install/ros2trace:/home/orinnano/ros2_humble/install/ros2topic:/home/orinnano/ros2_humble/install/ros2test:/home/orinnano/ros2_humble/install/ros2component:/home/orinnano/ros2_humble/install/ros2param:/home/orinnano/ros2_humble/install/ros2lifecycle:/home/orinnano/ros2_humble/install/ros2service:/home/orinnano/ros2_humble/install/ros2run:/home/orinnano/ros2_humble/install/ros2launch:/home/orinnano/ros2_humble/install/ros2pkg:/home/orinnano/ros2_humble/install/ros2node:/home/orinnano/ros2_humble/install/ros2multicast:/home/orinnano/ros2_humble/install/ros2interface:/home/orinnano/ros2_humble/install/ros2doctor:/home/orinnano/ros2_humble/install/ros2action:/home/orinnano/ros2_humble/install/ros2cli:/home/orinnano/ros2_humble/install/quality_of_service_demo_py:/home/orinnano/ros2_humble/install/lifecycle_py:/home/orinnano/ros2_humble/install/launch_testing_ros:/home/orinnano/ros2_humble/install/launch_ros:/home/orinnano/ros2_humble/install/examples_rclpy_pointcloud_publisher:/home/orinnano/ros2_humble/install/examples_rclpy_minimal_subscriber:/home/orinnano/ros2_humble/install/examples_rclpy_minimal_service:/home/orinnano/ros2_humble/install/examples_rclpy_minimal_publisher:/home/orinnano/ros2_humble/install/examples_rclpy_minimal_client:/home/orinnano/ros2_humble/install/examples_rclpy_minimal_action_server:/home/orinnano/ros2_humble/install/examples_rclpy_minimal_action_client:/home/orinnano/ros2_humble/install/examples_rclpy_guard_conditions:/home/orinnano/ros2_humble/install/examples_rclpy_executors:/home/orinnano/ros2_humble/install/demo_nodes_py:/home/orinnano/ros2_humble/install/action_tutorials_py:/home/orinnano/ros2_humble/install/ament_uncrustify:/home/orinnano/ros2_humble/install/tracetools_trace:/home/orinnano/ros2_humble/install/tracetools_read:/home/orinnano/ros2_humble/install/test_tracetools_launch:/home/orinnano/ros2_humble/install/test_launch_ros:/home/orinnano/ros2_humble/install/sensor_msgs_py:/home/orinnano/ros2_humble/install/rpyutils:/home/orinnano/ros2_humble/install/rosidl_runtime_py:/home/orinnano/ros2_humble/install/rosidl_cli:/home/orinnano/ros2_humble/install/launch_pytest:/home/orinnano/ros2_humble/install/launch_testing:/home/orinnano/ros2_humble/install/launch_yaml:/home/orinnano/ros2_humble/install/launch_xml:/home/orinnano/ros2_humble/install/launch:/home/orinnano/ros2_humble/install/osrf_pycommon:/home/orinnano/ros2_humble/install/launch_testing_examples:/home/orinnano/ros2_humble/install/domain_coordinator:/home/orinnano/ros2_humble/install/ament_xmllint:/home/orinnano/ros2_humble/install/ament_pyflakes:/home/orinnano/ros2_humble/install/ament_pycodestyle:/home/orinnano/ros2_humble/install/ament_pep257:/home/orinnano/ros2_humble/install/ament_pclint:/home/orinnano/ros2_humble/install/ament_package:/home/orinnano/ros2_humble/install/ament_mypy:/home/orinnano/ros2_humble/install/ament_lint_cmake:/home/orinnano/ros2_humble/install/ament_flake8:/home/orinnano/ros2_humble/install/ament_copyright:/home/orinnano/ros2_humble/install/ament_lint:/home/orinnano/ros2_humble/install/ament_index_python:/home/orinnano/ros2_humble/install/ament_cpplint:/home/orinnano/ros2_humble/install/ament_cppcheck:/home/orinnano/ros2_humble/install/ament_clang_tidy:/home/orinnano/ros2_humble/install/ament_clang_format NX_CONNECTION=192.168.0.100 65359 192.168.0.104 4000 /usr/bin/cmake /home/orinnano/SDK_ros2_ws/src/vrpn_custom_client -DCMAKE_INSTALL_PREFIX=/home/orinnano/SDK_ros2_ws/install/vrpn_custom_client
[11.252s] DEBUG:colcon.colcon_core.event_handler.log_command:Invoking command in '/home/orinnano/SDK_ros2_ws/build/vrpn_custom_client': CMAKE_PREFIX_PATH=${CMAKE_PREFIX_PATH}:/opt/ros/humble:/home/orinnano/ros2_humble/install/rqt_bag_plugins:/home/orinnano/ros2_humble/install/rqt_bag:/home/orinnano/ros2_humble/install/ros2bag:/home/orinnano/ros2_humble/install/tracetools_test:/home/orinnano/ros2_humble/install/tracetools_launch:/home/orinnano/ros2_humble/install/topic_monitor:/home/orinnano/ros2_humble/install/tf2_tools:/home/orinnano/ros2_humble/install/examples_tf2_py:/home/orinnano/ros2_humble/install/tf2_ros_py:/home/orinnano/ros2_humble/install/sros2:/home/orinnano/ros2_humble/install/rqt_topic:/home/orinnano/ros2_humble/install/rqt_srv:/home/orinnano/ros2_humble/install/rqt_shell:/home/orinnano/ros2_humble/install/rqt_service_caller:/home/orinnano/ros2_humble/install/rqt_reconfigure:/home/orinnano/ros2_humble/install/rqt_py_console:/home/orinnano/ros2_humble/install/rqt_publisher:/home/orinnano/ros2_humble/install/rqt_plot:/home/orinnano/ros2_humble/install/rqt_action:/home/orinnano/ros2_humble/install/rqt_msg:/home/orinnano/ros2_humble/install/rqt_console:/home/orinnano/ros2_humble/install/rqt:/home/orinnano/ros2_humble/install/rqt_graph:/home/orinnano/ros2_humble/install/rqt_gui_py:/home/orinnano/ros2_humble/install/rqt_gui:/home/orinnano/ros2_humble/install/ros2trace:/home/orinnano/ros2_humble/install/ros2topic:/home/orinnano/ros2_humble/install/ros2test:/home/orinnano/ros2_humble/install/ros2component:/home/orinnano/ros2_humble/install/ros2param:/home/orinnano/ros2_humble/install/ros2lifecycle:/home/orinnano/ros2_humble/install/ros2service:/home/orinnano/ros2_humble/install/ros2run:/home/orinnano/ros2_humble/install/ros2launch:/home/orinnano/ros2_humble/install/ros2pkg:/home/orinnano/ros2_humble/install/ros2node:/home/orinnano/ros2_humble/install/ros2multicast:/home/orinnano/ros2_humble/install/ros2interface:/home/orinnano/ros2_humble/install/ros2doctor:/home/orinnano/ros2_humble/install/ros2action:/home/orinnano/ros2_humble/install/ros2cli:/home/orinnano/ros2_humble/install/quality_of_service_demo_py:/home/orinnano/ros2_humble/install/lifecycle_py:/home/orinnano/ros2_humble/install/launch_testing_ros:/home/orinnano/ros2_humble/install/launch_ros:/home/orinnano/ros2_humble/install/examples_rclpy_pointcloud_publisher:/home/orinnano/ros2_humble/install/examples_rclpy_minimal_subscriber:/home/orinnano/ros2_humble/install/examples_rclpy_minimal_service:/home/orinnano/ros2_humble/install/examples_rclpy_minimal_publisher:/home/orinnano/ros2_humble/install/examples_rclpy_minimal_client:/home/orinnano/ros2_humble/install/examples_rclpy_minimal_action_server:/home/orinnano/ros2_humble/install/examples_rclpy_minimal_action_client:/home/orinnano/ros2_humble/install/examples_rclpy_guard_conditions:/home/orinnano/ros2_humble/install/examples_rclpy_executors:/home/orinnano/ros2_humble/install/demo_nodes_py:/home/orinnano/ros2_humble/install/action_tutorials_py:/home/orinnano/ros2_humble/install/ament_uncrustify:/home/orinnano/ros2_humble/install/tracetools_trace:/home/orinnano/ros2_humble/install/tracetools_read:/home/orinnano/ros2_humble/install/test_tracetools_launch:/home/orinnano/ros2_humble/install/test_launch_ros:/home/orinnano/ros2_humble/install/sensor_msgs_py:/home/orinnano/ros2_humble/install/rpyutils:/home/orinnano/ros2_humble/install/rosidl_runtime_py:/home/orinnano/ros2_humble/install/rosidl_cli:/home/orinnano/ros2_humble/install/launch_pytest:/home/orinnano/ros2_humble/install/launch_testing:/home/orinnano/ros2_humble/install/launch_yaml:/home/orinnano/ros2_humble/install/launch_xml:/home/orinnano/ros2_humble/install/launch:/home/orinnano/ros2_humble/install/osrf_pycommon:/home/orinnano/ros2_humble/install/launch_testing_examples:/home/orinnano/ros2_humble/install/domain_coordinator:/home/orinnano/ros2_humble/install/ament_xmllint:/home/orinnano/ros2_humble/install/ament_pyflakes:/home/orinnano/ros2_humble/install/ament_pycodestyle:/home/orinnano/ros2_humble/install/ament_pep257:/home/orinnano/ros2_humble/install/ament_pclint:/home/orinnano/ros2_humble/install/ament_package:/home/orinnano/ros2_humble/install/ament_mypy:/home/orinnano/ros2_humble/install/ament_lint_cmake:/home/orinnano/ros2_humble/install/ament_flake8:/home/orinnano/ros2_humble/install/ament_copyright:/home/orinnano/ros2_humble/install/ament_lint:/home/orinnano/ros2_humble/install/ament_index_python:/home/orinnano/ros2_humble/install/ament_cpplint:/home/orinnano/ros2_humble/install/ament_cppcheck:/home/orinnano/ros2_humble/install/ament_clang_tidy:/home/orinnano/ros2_humble/install/ament_clang_format NX_CONNECTION=192.168.0.100 65359 192.168.0.104 4000 /usr/bin/cmake --build /home/orinnano/SDK_ros2_ws/build/vrpn_custom_client -- -j6 -l6
[11.478s] DEBUG:colcon.colcon_core.event_handler.log_command:Invoked command in '/home/orinnano/SDK_ros2_ws/build/vrpn_custom_client' returned '0': CMAKE_PREFIX_PATH=${CMAKE_PREFIX_PATH}:/opt/ros/humble:/home/orinnano/ros2_humble/install/rqt_bag_plugins:/home/orinnano/ros2_humble/install/rqt_bag:/home/orinnano/ros2_humble/install/ros2bag:/home/orinnano/ros2_humble/install/tracetools_test:/home/orinnano/ros2_humble/install/tracetools_launch:/home/orinnano/ros2_humble/install/topic_monitor:/home/orinnano/ros2_humble/install/tf2_tools:/home/orinnano/ros2_humble/install/examples_tf2_py:/home/orinnano/ros2_humble/install/tf2_ros_py:/home/orinnano/ros2_humble/install/sros2:/home/orinnano/ros2_humble/install/rqt_topic:/home/orinnano/ros2_humble/install/rqt_srv:/home/orinnano/ros2_humble/install/rqt_shell:/home/orinnano/ros2_humble/install/rqt_service_caller:/home/orinnano/ros2_humble/install/rqt_reconfigure:/home/orinnano/ros2_humble/install/rqt_py_console:/home/orinnano/ros2_humble/install/rqt_publisher:/home/orinnano/ros2_humble/install/rqt_plot:/home/orinnano/ros2_humble/install/rqt_action:/home/orinnano/ros2_humble/install/rqt_msg:/home/orinnano/ros2_humble/install/rqt_console:/home/orinnano/ros2_humble/install/rqt:/home/orinnano/ros2_humble/install/rqt_graph:/home/orinnano/ros2_humble/install/rqt_gui_py:/home/orinnano/ros2_humble/install/rqt_gui:/home/orinnano/ros2_humble/install/ros2trace:/home/orinnano/ros2_humble/install/ros2topic:/home/orinnano/ros2_humble/install/ros2test:/home/orinnano/ros2_humble/install/ros2component:/home/orinnano/ros2_humble/install/ros2param:/home/orinnano/ros2_humble/install/ros2lifecycle:/home/orinnano/ros2_humble/install/ros2service:/home/orinnano/ros2_humble/install/ros2run:/home/orinnano/ros2_humble/install/ros2launch:/home/orinnano/ros2_humble/install/ros2pkg:/home/orinnano/ros2_humble/install/ros2node:/home/orinnano/ros2_humble/install/ros2multicast:/home/orinnano/ros2_humble/install/ros2interface:/home/orinnano/ros2_humble/install/ros2doctor:/home/orinnano/ros2_humble/install/ros2action:/home/orinnano/ros2_humble/install/ros2cli:/home/orinnano/ros2_humble/install/quality_of_service_demo_py:/home/orinnano/ros2_humble/install/lifecycle_py:/home/orinnano/ros2_humble/install/launch_testing_ros:/home/orinnano/ros2_humble/install/launch_ros:/home/orinnano/ros2_humble/install/examples_rclpy_pointcloud_publisher:/home/orinnano/ros2_humble/install/examples_rclpy_minimal_subscriber:/home/orinnano/ros2_humble/install/examples_rclpy_minimal_service:/home/orinnano/ros2_humble/install/examples_rclpy_minimal_publisher:/home/orinnano/ros2_humble/install/examples_rclpy_minimal_client:/home/orinnano/ros2_humble/install/examples_rclpy_minimal_action_server:/home/orinnano/ros2_humble/install/examples_rclpy_minimal_action_client:/home/orinnano/ros2_humble/install/examples_rclpy_guard_conditions:/home/orinnano/ros2_humble/install/examples_rclpy_executors:/home/orinnano/ros2_humble/install/demo_nodes_py:/home/orinnano/ros2_humble/install/action_tutorials_py:/home/orinnano/ros2_humble/install/ament_uncrustify:/home/orinnano/ros2_humble/install/tracetools_trace:/home/orinnano/ros2_humble/install/tracetools_read:/home/orinnano/ros2_humble/install/test_tracetools_launch:/home/orinnano/ros2_humble/install/test_launch_ros:/home/orinnano/ros2_humble/install/sensor_msgs_py:/home/orinnano/ros2_humble/install/rpyutils:/home/orinnano/ros2_humble/install/rosidl_runtime_py:/home/orinnano/ros2_humble/install/rosidl_cli:/home/orinnano/ros2_humble/install/launch_pytest:/home/orinnano/ros2_humble/install/launch_testing:/home/orinnano/ros2_humble/install/launch_yaml:/home/orinnano/ros2_humble/install/launch_xml:/home/orinnano/ros2_humble/install/launch:/home/orinnano/ros2_humble/install/osrf_pycommon:/home/orinnano/ros2_humble/install/launch_testing_examples:/home/orinnano/ros2_humble/install/domain_coordinator:/home/orinnano/ros2_humble/install/ament_xmllint:/home/orinnano/ros2_humble/install/ament_pyflakes:/home/orinnano/ros2_humble/install/ament_pycodestyle:/home/orinnano/ros2_humble/install/ament_pep257:/home/orinnano/ros2_humble/install/ament_pclint:/home/orinnano/ros2_humble/install/ament_package:/home/orinnano/ros2_humble/install/ament_mypy:/home/orinnano/ros2_humble/install/ament_lint_cmake:/home/orinnano/ros2_humble/install/ament_flake8:/home/orinnano/ros2_humble/install/ament_copyright:/home/orinnano/ros2_humble/install/ament_lint:/home/orinnano/ros2_humble/install/ament_index_python:/home/orinnano/ros2_humble/install/ament_cpplint:/home/orinnano/ros2_humble/install/ament_cppcheck:/home/orinnano/ros2_humble/install/ament_clang_tidy:/home/orinnano/ros2_humble/install/ament_clang_format NX_CONNECTION=192.168.0.100 65359 192.168.0.104 4000 /usr/bin/cmake --build /home/orinnano/SDK_ros2_ws/build/vrpn_custom_client -- -j6 -l6
[11.688s] DEBUG:colcon.colcon_core.event_handler.log_command:Invoking command in '/home/orinnano/SDK_ros2_ws/build/vrpn_custom_client': CMAKE_PREFIX_PATH=${CMAKE_PREFIX_PATH}:/opt/ros/humble:/home/orinnano/ros2_humble/install/rqt_bag_plugins:/home/orinnano/ros2_humble/install/rqt_bag:/home/orinnano/ros2_humble/install/ros2bag:/home/orinnano/ros2_humble/install/tracetools_test:/home/orinnano/ros2_humble/install/tracetools_launch:/home/orinnano/ros2_humble/install/topic_monitor:/home/orinnano/ros2_humble/install/tf2_tools:/home/orinnano/ros2_humble/install/examples_tf2_py:/home/orinnano/ros2_humble/install/tf2_ros_py:/home/orinnano/ros2_humble/install/sros2:/home/orinnano/ros2_humble/install/rqt_topic:/home/orinnano/ros2_humble/install/rqt_srv:/home/orinnano/ros2_humble/install/rqt_shell:/home/orinnano/ros2_humble/install/rqt_service_caller:/home/orinnano/ros2_humble/install/rqt_reconfigure:/home/orinnano/ros2_humble/install/rqt_py_console:/home/orinnano/ros2_humble/install/rqt_publisher:/home/orinnano/ros2_humble/install/rqt_plot:/home/orinnano/ros2_humble/install/rqt_action:/home/orinnano/ros2_humble/install/rqt_msg:/home/orinnano/ros2_humble/install/rqt_console:/home/orinnano/ros2_humble/install/rqt:/home/orinnano/ros2_humble/install/rqt_graph:/home/orinnano/ros2_humble/install/rqt_gui_py:/home/orinnano/ros2_humble/install/rqt_gui:/home/orinnano/ros2_humble/install/ros2trace:/home/orinnano/ros2_humble/install/ros2topic:/home/orinnano/ros2_humble/install/ros2test:/home/orinnano/ros2_humble/install/ros2component:/home/orinnano/ros2_humble/install/ros2param:/home/orinnano/ros2_humble/install/ros2lifecycle:/home/orinnano/ros2_humble/install/ros2service:/home/orinnano/ros2_humble/install/ros2run:/home/orinnano/ros2_humble/install/ros2launch:/home/orinnano/ros2_humble/install/ros2pkg:/home/orinnano/ros2_humble/install/ros2node:/home/orinnano/ros2_humble/install/ros2multicast:/home/orinnano/ros2_humble/install/ros2interface:/home/orinnano/ros2_humble/install/ros2doctor:/home/orinnano/ros2_humble/install/ros2action:/home/orinnano/ros2_humble/install/ros2cli:/home/orinnano/ros2_humble/install/quality_of_service_demo_py:/home/orinnano/ros2_humble/install/lifecycle_py:/home/orinnano/ros2_humble/install/launch_testing_ros:/home/orinnano/ros2_humble/install/launch_ros:/home/orinnano/ros2_humble/install/examples_rclpy_pointcloud_publisher:/home/orinnano/ros2_humble/install/examples_rclpy_minimal_subscriber:/home/orinnano/ros2_humble/install/examples_rclpy_minimal_service:/home/orinnano/ros2_humble/install/examples_rclpy_minimal_publisher:/home/orinnano/ros2_humble/install/examples_rclpy_minimal_client:/home/orinnano/ros2_humble/install/examples_rclpy_minimal_action_server:/home/orinnano/ros2_humble/install/examples_rclpy_minimal_action_client:/home/orinnano/ros2_humble/install/examples_rclpy_guard_conditions:/home/orinnano/ros2_humble/install/examples_rclpy_executors:/home/orinnano/ros2_humble/install/demo_nodes_py:/home/orinnano/ros2_humble/install/action_tutorials_py:/home/orinnano/ros2_humble/install/ament_uncrustify:/home/orinnano/ros2_humble/install/tracetools_trace:/home/orinnano/ros2_humble/install/tracetools_read:/home/orinnano/ros2_humble/install/test_tracetools_launch:/home/orinnano/ros2_humble/install/test_launch_ros:/home/orinnano/ros2_humble/install/sensor_msgs_py:/home/orinnano/ros2_humble/install/rpyutils:/home/orinnano/ros2_humble/install/rosidl_runtime_py:/home/orinnano/ros2_humble/install/rosidl_cli:/home/orinnano/ros2_humble/install/launch_pytest:/home/orinnano/ros2_humble/install/launch_testing:/home/orinnano/ros2_humble/install/launch_yaml:/home/orinnano/ros2_humble/install/launch_xml:/home/orinnano/ros2_humble/install/launch:/home/orinnano/ros2_humble/install/osrf_pycommon:/home/orinnano/ros2_humble/install/launch_testing_examples:/home/orinnano/ros2_humble/install/domain_coordinator:/home/orinnano/ros2_humble/install/ament_xmllint:/home/orinnano/ros2_humble/install/ament_pyflakes:/home/orinnano/ros2_humble/install/ament_pycodestyle:/home/orinnano/ros2_humble/install/ament_pep257:/home/orinnano/ros2_humble/install/ament_pclint:/home/orinnano/ros2_humble/install/ament_package:/home/orinnano/ros2_humble/install/ament_mypy:/home/orinnano/ros2_humble/install/ament_lint_cmake:/home/orinnano/ros2_humble/install/ament_flake8:/home/orinnano/ros2_humble/install/ament_copyright:/home/orinnano/ros2_humble/install/ament_lint:/home/orinnano/ros2_humble/install/ament_index_python:/home/orinnano/ros2_humble/install/ament_cpplint:/home/orinnano/ros2_humble/install/ament_cppcheck:/home/orinnano/ros2_humble/install/ament_clang_tidy:/home/orinnano/ros2_humble/install/ament_clang_format NX_CONNECTION=192.168.0.100 65359 192.168.0.104 4000 /usr/bin/cmake --install /home/orinnano/SDK_ros2_ws/build/vrpn_custom_client
[11.747s] Level 1:colcon.colcon_core.environment:create_environment_scripts_only(vrpn_custom_client)
[11.748s] DEBUG:colcon.colcon_core.event_handler.log_command:Invoked command in '/home/orinnano/SDK_ros2_ws/build/vrpn_custom_client' returned '0': CMAKE_PREFIX_PATH=${CMAKE_PREFIX_PATH}:/opt/ros/humble:/home/orinnano/ros2_humble/install/rqt_bag_plugins:/home/orinnano/ros2_humble/install/rqt_bag:/home/orinnano/ros2_humble/install/ros2bag:/home/orinnano/ros2_humble/install/tracetools_test:/home/orinnano/ros2_humble/install/tracetools_launch:/home/orinnano/ros2_humble/install/topic_monitor:/home/orinnano/ros2_humble/install/tf2_tools:/home/orinnano/ros2_humble/install/examples_tf2_py:/home/orinnano/ros2_humble/install/tf2_ros_py:/home/orinnano/ros2_humble/install/sros2:/home/orinnano/ros2_humble/install/rqt_topic:/home/orinnano/ros2_humble/install/rqt_srv:/home/orinnano/ros2_humble/install/rqt_shell:/home/orinnano/ros2_humble/install/rqt_service_caller:/home/orinnano/ros2_humble/install/rqt_reconfigure:/home/orinnano/ros2_humble/install/rqt_py_console:/home/orinnano/ros2_humble/install/rqt_publisher:/home/orinnano/ros2_humble/install/rqt_plot:/home/orinnano/ros2_humble/install/rqt_action:/home/orinnano/ros2_humble/install/rqt_msg:/home/orinnano/ros2_humble/install/rqt_console:/home/orinnano/ros2_humble/install/rqt:/home/orinnano/ros2_humble/install/rqt_graph:/home/orinnano/ros2_humble/install/rqt_gui_py:/home/orinnano/ros2_humble/install/rqt_gui:/home/orinnano/ros2_humble/install/ros2trace:/home/orinnano/ros2_humble/install/ros2topic:/home/orinnano/ros2_humble/install/ros2test:/home/orinnano/ros2_humble/install/ros2component:/home/orinnano/ros2_humble/install/ros2param:/home/orinnano/ros2_humble/install/ros2lifecycle:/home/orinnano/ros2_humble/install/ros2service:/home/orinnano/ros2_humble/install/ros2run:/home/orinnano/ros2_humble/install/ros2launch:/home/orinnano/ros2_humble/install/ros2pkg:/home/orinnano/ros2_humble/install/ros2node:/home/orinnano/ros2_humble/install/ros2multicast:/home/orinnano/ros2_humble/install/ros2interface:/home/orinnano/ros2_humble/install/ros2doctor:/home/orinnano/ros2_humble/install/ros2action:/home/orinnano/ros2_humble/install/ros2cli:/home/orinnano/ros2_humble/install/quality_of_service_demo_py:/home/orinnano/ros2_humble/install/lifecycle_py:/home/orinnano/ros2_humble/install/launch_testing_ros:/home/orinnano/ros2_humble/install/launch_ros:/home/orinnano/ros2_humble/install/examples_rclpy_pointcloud_publisher:/home/orinnano/ros2_humble/install/examples_rclpy_minimal_subscriber:/home/orinnano/ros2_humble/install/examples_rclpy_minimal_service:/home/orinnano/ros2_humble/install/examples_rclpy_minimal_publisher:/home/orinnano/ros2_humble/install/examples_rclpy_minimal_client:/home/orinnano/ros2_humble/install/examples_rclpy_minimal_action_server:/home/orinnano/ros2_humble/install/examples_rclpy_minimal_action_client:/home/orinnano/ros2_humble/install/examples_rclpy_guard_conditions:/home/orinnano/ros2_humble/install/examples_rclpy_executors:/home/orinnano/ros2_humble/install/demo_nodes_py:/home/orinnano/ros2_humble/install/action_tutorials_py:/home/orinnano/ros2_humble/install/ament_uncrustify:/home/orinnano/ros2_humble/install/tracetools_trace:/home/orinnano/ros2_humble/install/tracetools_read:/home/orinnano/ros2_humble/install/test_tracetools_launch:/home/orinnano/ros2_humble/install/test_launch_ros:/home/orinnano/ros2_humble/install/sensor_msgs_py:/home/orinnano/ros2_humble/install/rpyutils:/home/orinnano/ros2_humble/install/rosidl_runtime_py:/home/orinnano/ros2_humble/install/rosidl_cli:/home/orinnano/ros2_humble/install/launch_pytest:/home/orinnano/ros2_humble/install/launch_testing:/home/orinnano/ros2_humble/install/launch_yaml:/home/orinnano/ros2_humble/install/launch_xml:/home/orinnano/ros2_humble/install/launch:/home/orinnano/ros2_humble/install/osrf_pycommon:/home/orinnano/ros2_humble/install/launch_testing_examples:/home/orinnano/ros2_humble/install/domain_coordinator:/home/orinnano/ros2_humble/install/ament_xmllint:/home/orinnano/ros2_humble/install/ament_pyflakes:/home/orinnano/ros2_humble/install/ament_pycodestyle:/home/orinnano/ros2_humble/install/ament_pep257:/home/orinnano/ros2_humble/install/ament_pclint:/home/orinnano/ros2_humble/install/ament_package:/home/orinnano/ros2_humble/install/ament_mypy:/home/orinnano/ros2_humble/install/ament_lint_cmake:/home/orinnano/ros2_humble/install/ament_flake8:/home/orinnano/ros2_humble/install/ament_copyright:/home/orinnano/ros2_humble/install/ament_lint:/home/orinnano/ros2_humble/install/ament_index_python:/home/orinnano/ros2_humble/install/ament_cpplint:/home/orinnano/ros2_humble/install/ament_cppcheck:/home/orinnano/ros2_humble/install/ament_clang_tidy:/home/orinnano/ros2_humble/install/ament_clang_format NX_CONNECTION=192.168.0.100 65359 192.168.0.104 4000 /usr/bin/cmake --install /home/orinnano/SDK_ros2_ws/build/vrpn_custom_client
[11.769s] Level 1:colcon.colcon_core.environment:checking '/home/orinnano/SDK_ros2_ws/install/vrpn_custom_client' for CMake module files
[11.770s] Level 1:colcon.colcon_core.environment:checking '/home/orinnano/SDK_ros2_ws/install/vrpn_custom_client' for CMake config files
[11.770s] Level 1:colcon.colcon_core.shell:create_environment_hook('vrpn_custom_client', 'cmake_prefix_path')
[11.771s] INFO:colcon.colcon_core.shell:Creating environment hook '/home/orinnano/SDK_ros2_ws/install/vrpn_custom_client/share/vrpn_custom_client/hook/cmake_prefix_path.ps1'
[11.772s] INFO:colcon.colcon_core.shell:Creating environment descriptor '/home/orinnano/SDK_ros2_ws/install/vrpn_custom_client/share/vrpn_custom_client/hook/cmake_prefix_path.dsv'
[11.773s] INFO:colcon.colcon_core.shell:Creating environment hook '/home/orinnano/SDK_ros2_ws/install/vrpn_custom_client/share/vrpn_custom_client/hook/cmake_prefix_path.sh'
[11.776s] Level 1:colcon.colcon_core.environment:checking '/home/orinnano/SDK_ros2_ws/install/vrpn_custom_client/bin'
[11.776s] Level 1:colcon.colcon_core.environment:checking '/home/orinnano/SDK_ros2_ws/install/vrpn_custom_client/lib/pkgconfig/vrpn_custom_client.pc'
[11.777s] Level 1:colcon.colcon_core.environment:checking '/home/orinnano/SDK_ros2_ws/install/vrpn_custom_client/lib/python3.10/site-packages'
[11.777s] Level 1:colcon.colcon_core.environment:checking '/home/orinnano/SDK_ros2_ws/install/vrpn_custom_client/bin'
[11.778s] INFO:colcon.colcon_core.shell:Creating package script '/home/orinnano/SDK_ros2_ws/install/vrpn_custom_client/share/vrpn_custom_client/package.ps1'
[11.779s] INFO:colcon.colcon_core.shell:Creating package descriptor '/home/orinnano/SDK_ros2_ws/install/vrpn_custom_client/share/vrpn_custom_client/package.dsv'
[11.781s] INFO:colcon.colcon_core.shell:Creating package script '/home/orinnano/SDK_ros2_ws/install/vrpn_custom_client/share/vrpn_custom_client/package.sh'
[11.783s] INFO:colcon.colcon_core.shell:Creating package script '/home/orinnano/SDK_ros2_ws/install/vrpn_custom_client/share/vrpn_custom_client/package.bash'
[11.784s] INFO:colcon.colcon_core.shell:Creating package script '/home/orinnano/SDK_ros2_ws/install/vrpn_custom_client/share/vrpn_custom_client/package.zsh'
[11.786s] Level 1:colcon.colcon_core.environment:create_file_with_runtime_dependencies(/home/orinnano/SDK_ros2_ws/install/vrpn_custom_client/share/colcon-core/packages/vrpn_custom_client)
[11.943s] Level 1:colcon.colcon_core.environment:create_environment_scripts_only(vrpn_custom_client)
[11.944s] Level 1:colcon.colcon_core.environment:checking '/home/orinnano/SDK_ros2_ws/install/vrpn_custom_client' for CMake module files
[11.946s] Level 1:colcon.colcon_core.environment:checking '/home/orinnano/SDK_ros2_ws/install/vrpn_custom_client' for CMake config files
[11.947s] Level 1:colcon.colcon_core.shell:create_environment_hook('vrpn_custom_client', 'cmake_prefix_path')
[11.948s] INFO:colcon.colcon_core.shell:Creating environment hook '/home/orinnano/SDK_ros2_ws/install/vrpn_custom_client/share/vrpn_custom_client/hook/cmake_prefix_path.ps1'
[11.949s] INFO:colcon.colcon_core.shell:Creating environment descriptor '/home/orinnano/SDK_ros2_ws/install/vrpn_custom_client/share/vrpn_custom_client/hook/cmake_prefix_path.dsv'
[11.951s] INFO:colcon.colcon_core.shell:Creating environment hook '/home/orinnano/SDK_ros2_ws/install/vrpn_custom_client/share/vrpn_custom_client/hook/cmake_prefix_path.sh'
[11.952s] Level 1:colcon.colcon_core.environment:checking '/home/orinnano/SDK_ros2_ws/install/vrpn_custom_client/bin'
[11.953s] Level 1:colcon.colcon_core.environment:checking '/home/orinnano/SDK_ros2_ws/install/vrpn_custom_client/lib/pkgconfig/vrpn_custom_client.pc'
[11.953s] Level 1:colcon.colcon_core.environment:checking '/home/orinnano/SDK_ros2_ws/install/vrpn_custom_client/lib/python3.10/site-packages'
[11.954s] Level 1:colcon.colcon_core.environment:checking '/home/orinnano/SDK_ros2_ws/install/vrpn_custom_client/bin'
[11.955s] INFO:colcon.colcon_core.shell:Creating package script '/home/orinnano/SDK_ros2_ws/install/vrpn_custom_client/share/vrpn_custom_client/package.ps1'
[11.958s] INFO:colcon.colcon_core.shell:Creating package descriptor '/home/orinnano/SDK_ros2_ws/install/vrpn_custom_client/share/vrpn_custom_client/package.dsv'
[11.959s] INFO:colcon.colcon_core.shell:Creating package script '/home/orinnano/SDK_ros2_ws/install/vrpn_custom_client/share/vrpn_custom_client/package.sh'
[11.961s] INFO:colcon.colcon_core.shell:Creating package script '/home/orinnano/SDK_ros2_ws/install/vrpn_custom_client/share/vrpn_custom_client/package.bash'
[11.962s] INFO:colcon.colcon_core.shell:Creating package script '/home/orinnano/SDK_ros2_ws/install/vrpn_custom_client/share/vrpn_custom_client/package.zsh'
[11.963s] Level 1:colcon.colcon_core.environment:create_file_with_runtime_dependencies(/home/orinnano/SDK_ros2_ws/install/vrpn_custom_client/share/colcon-core/packages/vrpn_custom_client)
[11.964s] DEBUG:colcon.colcon_parallel_executor.executor.parallel:closing loop
[11.965s] DEBUG:colcon.colcon_parallel_executor.executor.parallel:loop closed
[11.966s] DEBUG:colcon.colcon_parallel_executor.executor.parallel:run_until_complete finished with '0'
[11.966s] DEBUG:colcon.colcon_core.event_reactor:joining thread
[12.025s] INFO:colcon.colcon_core.plugin_system:Skipping extension 'colcon_notification.desktop_notification.terminal_notifier': Not used on non-Darwin systems
[12.026s] INFO:colcon.colcon_core.plugin_system:Skipping extension 'colcon_notification.desktop_notification.win32': Not used on non-Windows systems
[12.026s] INFO:colcon.colcon_notification.desktop_notification:Sending desktop notification using 'notify2'
[12.085s] DEBUG:colcon.colcon_core.event_reactor:joined thread
[12.086s] INFO:colcon.colcon_core.shell:Creating prefix script '/home/orinnano/SDK_ros2_ws/install/local_setup.ps1'
[12.089s] INFO:colcon.colcon_core.shell:Creating prefix util module '/home/orinnano/SDK_ros2_ws/install/_local_setup_util_ps1.py'
[12.092s] INFO:colcon.colcon_core.shell:Creating prefix chain script '/home/orinnano/SDK_ros2_ws/install/setup.ps1'
[12.131s] INFO:colcon.colcon_core.shell:Creating prefix script '/home/orinnano/SDK_ros2_ws/install/local_setup.sh'
[12.132s] INFO:colcon.colcon_core.shell:Creating prefix util module '/home/orinnano/SDK_ros2_ws/install/_local_setup_util_sh.py'
[12.134s] INFO:colcon.colcon_core.shell:Creating prefix chain script '/home/orinnano/SDK_ros2_ws/install/setup.sh'
[12.167s] INFO:colcon.colcon_core.shell:Creating prefix script '/home/orinnano/SDK_ros2_ws/install/local_setup.bash'
[12.168s] INFO:colcon.colcon_core.shell:Creating prefix chain script '/home/orinnano/SDK_ros2_ws/install/setup.bash'
[12.198s] INFO:colcon.colcon_core.shell:Creating prefix script '/home/orinnano/SDK_ros2_ws/install/local_setup.zsh'
[12.199s] INFO:colcon.colcon_core.shell:Creating prefix chain script '/home/orinnano/SDK_ros2_ws/install/setup.zsh'
