-- The C compiler identification is GNU 11.4.0
-- The CXX compiler identification is GNU 11.4.0
-- Detecting C compiler ABI info
-- Detecting C compiler ABI info - done
-- Check for working C compiler: /usr/bin/cc - skipped
-- Detecting C compile features
-- Detecting C compile features - done
-- Detecting CXX compiler ABI info
-- Detecting CXX compiler ABI info - done
-- Check for working CXX compiler: /usr/bin/c++ - skipped
-- Detecting CXX compile features
-- Detecting CXX compile features - done
-- Found ament_cmake: 1.3.9 (/home/orinnano/ros2_humble/install/ament_cmake/share/ament_cmake/cmake)
-- Found Python3: /usr/bin/python3 (found version "3.10.12") found components: Interpreter 
-- Found rclcpp: 16.0.9 (/home/orinnano/ros2_humble/install/rclcpp/share/rclcpp/cmake)
-- Found rosidl_generator_c: 3.1.5 (/home/orinnano/ros2_humble/install/rosidl_generator_c/share/rosidl_generator_c/cmake)
-- Found rosidl_adapter: 3.1.5 (/home/orinnano/ros2_humble/install/rosidl_adapter/share/rosidl_adapter/cmake)
-- Found rosidl_generator_cpp: 3.1.5 (/home/orinnano/ros2_humble/install/rosidl_generator_cpp/share/rosidl_generator_cpp/cmake)
-- Using all available rosidl_typesupport_c: rosidl_typesupport_fastrtps_c;rosidl_typesupport_introspection_c
-- Using all available rosidl_typesupport_cpp: rosidl_typesupport_fastrtps_cpp;rosidl_typesupport_introspection_cpp
-- Found rmw_implementation_cmake: 6.1.2 (/home/orinnano/ros2_humble/install/rmw_implementation_cmake/share/rmw_implementation_cmake/cmake)
-- Found rmw_fastrtps_cpp: 6.2.6 (/home/orinnano/ros2_humble/install/rmw_fastrtps_cpp/share/rmw_fastrtps_cpp/cmake)
-- Found OpenSSL: /usr/lib/aarch64-linux-gnu/libcrypto.so (found version "3.0.2")  
-- Found FastRTPS: /home/orinnano/ros2_humble/install/fastrtps/include  
-- Using RMW implementation 'rmw_fastrtps_cpp' as default
-- Looking for pthread.h
-- Looking for pthread.h - found
-- Performing Test CMAKE_HAVE_LIBC_PTHREAD
-- Performing Test CMAKE_HAVE_LIBC_PTHREAD - Success
-- Found Threads: TRUE  
-- Found sensor_msgs: 4.2.4 (/home/orinnano/ros2_humble/install/sensor_msgs/share/sensor_msgs/cmake)
-- Found tf2: 0.25.7 (/home/orinnano/ros2_humble/install/tf2/share/tf2/cmake)
-- Found tf2_ros: 0.25.7 (/home/orinnano/ros2_humble/install/tf2_ros/share/tf2_ros/cmake)
-- Found visualization_msgs: 4.2.4 (/home/orinnano/ros2_humble/install/visualization_msgs/share/visualization_msgs/cmake)
-- Configuring done
-- Generating done
-- Build files have been written to: /home/orinnano/SDK_ros2_ws/build/vicon
/usr/bin/cmake -S/home/orinnano/SDK_ros2_ws/src/vicon -B/home/orinnano/SDK_ros2_ws/build/vicon --check-build-system CMakeFiles/Makefile.cmake 0
/usr/bin/cmake -E cmake_progress_start /home/orinnano/SDK_ros2_ws/build/vicon/CMakeFiles /home/orinnano/SDK_ros2_ws/build/vicon//CMakeFiles/progress.marks
/usr/bin/gmake  -f CMakeFiles/Makefile2 all
gmake[1]: Entering directory '/home/orinnano/SDK_ros2_ws/build/vicon'
/usr/bin/gmake  -f CMakeFiles/vicon_lib.dir/build.make CMakeFiles/vicon_lib.dir/depend
gmake[2]: Entering directory '/home/orinnano/SDK_ros2_ws/build/vicon'
cd /home/orinnano/SDK_ros2_ws/build/vicon && /usr/bin/cmake -E cmake_depends "Unix Makefiles" /home/orinnano/SDK_ros2_ws/src/vicon /home/orinnano/SDK_ros2_ws/src/vicon /home/orinnano/SDK_ros2_ws/build/vicon /home/orinnano/SDK_ros2_ws/build/vicon /home/orinnano/SDK_ros2_ws/build/vicon/CMakeFiles/vicon_lib.dir/DependInfo.cmake --color=
gmake[2]: Leaving directory '/home/orinnano/SDK_ros2_ws/build/vicon'
/usr/bin/gmake  -f CMakeFiles/vicon_lib.dir/build.make CMakeFiles/vicon_lib.dir/build
gmake[2]: Entering directory '/home/orinnano/SDK_ros2_ws/build/vicon'
[ 40%] [32mBuilding CXX object CMakeFiles/vicon_lib.dir/libvicon/src/ViconBaseStream.cpp.o[0m
[ 40%] [32mBuilding CXX object CMakeFiles/vicon_lib.dir/libvicon/src/ViconBase.cpp.o[0m
/usr/bin/c++  -I/home/orinnano/SDK_ros2_ws/src/vicon/include -I/usr/include/libxml2 -I/home/orinnano/SDK_ros2_ws/src/vicon/libvicon/include  -MD -MT CMakeFiles/vicon_lib.dir/libvicon/src/ViconBaseStream.cpp.o -MF CMakeFiles/vicon_lib.dir/libvicon/src/ViconBaseStream.cpp.o.d -o CMakeFiles/vicon_lib.dir/libvicon/src/ViconBaseStream.cpp.o -c /home/orinnano/SDK_ros2_ws/src/vicon/libvicon/src/ViconBaseStream.cpp
/usr/bin/c++  -I/home/orinnano/SDK_ros2_ws/src/vicon/include -I/usr/include/libxml2 -I/home/orinnano/SDK_ros2_ws/src/vicon/libvicon/include  -MD -MT CMakeFiles/vicon_lib.dir/libvicon/src/ViconBase.cpp.o -MF CMakeFiles/vicon_lib.dir/libvicon/src/ViconBase.cpp.o.d -o CMakeFiles/vicon_lib.dir/libvicon/src/ViconBase.cpp.o -c /home/orinnano/SDK_ros2_ws/src/vicon/libvicon/src/ViconBase.cpp
[ 60%] [32m[1mLinking CXX static library libvicon_lib.a[0m
/usr/bin/cmake -P CMakeFiles/vicon_lib.dir/cmake_clean_target.cmake
/usr/bin/cmake -E cmake_link_script CMakeFiles/vicon_lib.dir/link.txt --verbose=1
/usr/bin/ar qc libvicon_lib.a CMakeFiles/vicon_lib.dir/libvicon/src/ViconBase.cpp.o CMakeFiles/vicon_lib.dir/libvicon/src/ViconBaseStream.cpp.o
/usr/bin/ranlib libvicon_lib.a
gmake[2]: Leaving directory '/home/orinnano/SDK_ros2_ws/build/vicon'
[ 60%] Built target vicon_lib
/usr/bin/gmake  -f CMakeFiles/tranform_publisher.dir/build.make CMakeFiles/tranform_publisher.dir/depend
gmake[2]: Entering directory '/home/orinnano/SDK_ros2_ws/build/vicon'
cd /home/orinnano/SDK_ros2_ws/build/vicon && /usr/bin/cmake -E cmake_depends "Unix Makefiles" /home/orinnano/SDK_ros2_ws/src/vicon /home/orinnano/SDK_ros2_ws/src/vicon /home/orinnano/SDK_ros2_ws/build/vicon /home/orinnano/SDK_ros2_ws/build/vicon /home/orinnano/SDK_ros2_ws/build/vicon/CMakeFiles/tranform_publisher.dir/DependInfo.cmake --color=
gmake[2]: Leaving directory '/home/orinnano/SDK_ros2_ws/build/vicon'
/usr/bin/gmake  -f CMakeFiles/tranform_publisher.dir/build.make CMakeFiles/tranform_publisher.dir/build
gmake[2]: Entering directory '/home/orinnano/SDK_ros2_ws/build/vicon'
[ 80%] [32mBuilding CXX object CMakeFiles/tranform_publisher.dir/vicon_nodes/src/tranform_publisher.cpp.o[0m
/usr/bin/c++ -DDEFAULT_RMW_IMPLEMENTATION=rmw_fastrtps_cpp -DRCUTILS_ENABLE_FAULT_INJECTION -I/home/orinnano/SDK_ros2_ws/src/vicon/include -I/usr/include/libxml2 -I/home/orinnano/SDK_ros2_ws/src/vicon/libvicon/include -isystem /home/orinnano/ros2_humble/install/visualization_msgs/include/visualization_msgs -isystem /home/orinnano/ros2_humble/install/tf2_ros/include/tf2_ros -isystem /home/orinnano/ros2_humble/install/rclcpp/include/rclcpp -isystem /home/orinnano/ros2_humble/install/tf2/include/tf2 -isystem /home/orinnano/ros2_humble/install/sensor_msgs/include/sensor_msgs -isystem /home/orinnano/ros2_humble/install/std_msgs/include/std_msgs -isystem /home/orinnano/ros2_humble/install/ament_index_cpp/include/ament_index_cpp -isystem /home/orinnano/ros2_humble/install/libstatistics_collector/include/libstatistics_collector -isystem /home/orinnano/ros2_humble/install/builtin_interfaces/include/builtin_interfaces -isystem /home/orinnano/ros2_humble/install/rosidl_runtime_c/include/rosidl_runtime_c -isystem /home/orinnano/ros2_humble/install/rcutils/include/rcutils -isystem /home/orinnano/ros2_humble/install/rosidl_typesupport_interface/include/rosidl_typesupport_interface -isystem /home/orinnano/ros2_humble/install/fastcdr/include -isystem /home/orinnano/ros2_humble/install/rosidl_runtime_cpp/include/rosidl_runtime_cpp -isystem /home/orinnano/ros2_humble/install/rosidl_typesupport_fastrtps_cpp/include/rosidl_typesupport_fastrtps_cpp -isystem /home/orinnano/ros2_humble/install/rmw/include/rmw -isystem /home/orinnano/ros2_humble/install/rosidl_typesupport_fastrtps_c/include/rosidl_typesupport_fastrtps_c -isystem /home/orinnano/ros2_humble/install/rosidl_typesupport_introspection_c/include/rosidl_typesupport_introspection_c -isystem /home/orinnano/ros2_humble/install/rosidl_typesupport_introspection_cpp/include/rosidl_typesupport_introspection_cpp -isystem /home/orinnano/ros2_humble/install/rcl/include/rcl -isystem /home/orinnano/ros2_humble/install/rcl_interfaces/include/rcl_interfaces -isystem /home/orinnano/ros2_humble/install/rcl_logging_interface/include/rcl_logging_interface -isystem /home/orinnano/ros2_humble/install/rcl_yaml_param_parser/include/rcl_yaml_param_parser -isystem /home/orinnano/ros2_humble/install/libyaml_vendor/include/libyaml_vendor -isystem /home/orinnano/ros2_humble/install/tracetools/include/tracetools -isystem /home/orinnano/ros2_humble/install/rcpputils/include/rcpputils -isystem /home/orinnano/ros2_humble/install/statistics_msgs/include/statistics_msgs -isystem /home/orinnano/ros2_humble/install/rosgraph_msgs/include/rosgraph_msgs -isystem /home/orinnano/ros2_humble/install/rosidl_typesupport_cpp/include/rosidl_typesupport_cpp -isystem /home/orinnano/ros2_humble/install/rosidl_typesupport_c/include/rosidl_typesupport_c -isystem /home/orinnano/ros2_humble/install/geometry_msgs/include/geometry_msgs -isystem /home/orinnano/ros2_humble/install/message_filters/include/message_filters -isystem /home/orinnano/ros2_humble/install/rclcpp_action/include/rclcpp_action -isystem /home/orinnano/ros2_humble/install/action_msgs/include/action_msgs -isystem /home/orinnano/ros2_humble/install/unique_identifier_msgs/include/unique_identifier_msgs -isystem /home/orinnano/ros2_humble/install/rcl_action/include/rcl_action -isystem /home/orinnano/ros2_humble/install/tf2_msgs/include/tf2_msgs  -MD -MT CMakeFiles/tranform_publisher.dir/vicon_nodes/src/tranform_publisher.cpp.o -MF CMakeFiles/tranform_publisher.dir/vicon_nodes/src/tranform_publisher.cpp.o.d -o CMakeFiles/tranform_publisher.dir/vicon_nodes/src/tranform_publisher.cpp.o -c /home/orinnano/SDK_ros2_ws/src/vicon/vicon_nodes/src/tranform_publisher.cpp
[100%] [32m[1mLinking CXX executable tranform_publisher[0m
/usr/bin/cmake -E cmake_link_script CMakeFiles/tranform_publisher.dir/link.txt --verbose=1
/usr/bin/c++ CMakeFiles/tranform_publisher.dir/vicon_nodes/src/tranform_publisher.cpp.o -o tranform_publisher  -Wl,-rpath,/home/orinnano/ros2_humble/install/tf2_ros/lib:/home/orinnano/ros2_humble/install/visualization_msgs/lib:/home/orinnano/ros2_humble/install/tf2/lib:/home/orinnano/ros2_humble/install/message_filters/lib:/home/orinnano/ros2_humble/install/rclcpp_action/lib:/home/orinnano/ros2_humble/install/rclcpp/lib:/home/orinnano/ros2_humble/install/libstatistics_collector/lib:/home/orinnano/ros2_humble/install/rosgraph_msgs/lib:/home/orinnano/ros2_humble/install/statistics_msgs/lib:/home/orinnano/ros2_humble/install/rcl_action/lib:/home/orinnano/ros2_humble/install/rcl/lib:/home/orinnano/ros2_humble/install/rcl_interfaces/lib:/home/orinnano/ros2_humble/install/rcl_yaml_param_parser/lib:/home/orinnano/ros2_humble/install/libyaml_vendor/lib:/home/orinnano/ros2_humble/install/tracetools/lib:/home/orinnano/ros2_humble/install/rmw_implementation/lib:/home/orinnano/ros2_humble/install/ament_index_cpp/lib:/home/orinnano/ros2_humble/install/rcl_logging_spdlog/lib:/home/orinnano/ros2_humble/install/rcl_logging_interface/lib:/home/orinnano/ros2_humble/install/tf2_msgs/lib:/home/orinnano/ros2_humble/install/action_msgs/lib:/home/orinnano/ros2_humble/install/unique_identifier_msgs/lib:/home/orinnano/ros2_humble/install/sensor_msgs/lib:/home/orinnano/ros2_humble/install/geometry_msgs/lib:/home/orinnano/ros2_humble/install/std_msgs/lib:/home/orinnano/ros2_humble/install/builtin_interfaces/lib:/home/orinnano/ros2_humble/install/rosidl_typesupport_fastrtps_c/lib:/home/orinnano/ros2_humble/install/rosidl_typesupport_fastrtps_cpp/lib:/home/orinnano/ros2_humble/install/fastcdr/lib:/home/orinnano/ros2_humble/install/rmw/lib:/home/orinnano/ros2_humble/install/rosidl_typesupport_introspection_cpp/lib:/home/orinnano/ros2_humble/install/rosidl_typesupport_introspection_c/lib:/home/orinnano/ros2_humble/install/rosidl_typesupport_cpp/lib:/home/orinnano/ros2_humble/install/rosidl_typesupport_c/lib:/home/orinnano/ros2_humble/install/rcpputils/lib:/home/orinnano/ros2_humble/install/rosidl_runtime_c/lib:/home/orinnano/ros2_humble/install/rcutils/lib: /home/orinnano/ros2_humble/install/tf2_ros/lib/libstatic_transform_broadcaster_node.so /home/orinnano/ros2_humble/install/visualization_msgs/lib/libvisualization_msgs__rosidl_typesupport_fastrtps_c.so /home/orinnano/ros2_humble/install/visualization_msgs/lib/libvisualization_msgs__rosidl_typesupport_fastrtps_cpp.so /home/orinnano/ros2_humble/install/visualization_msgs/lib/libvisualization_msgs__rosidl_typesupport_introspection_c.so /home/orinnano/ros2_humble/install/visualization_msgs/lib/libvisualization_msgs__rosidl_typesupport_introspection_cpp.so /home/orinnano/ros2_humble/install/visualization_msgs/lib/libvisualization_msgs__rosidl_typesupport_cpp.so /home/orinnano/ros2_humble/install/visualization_msgs/lib/libvisualization_msgs__rosidl_generator_py.so libvicon_lib.a -lxml2 /home/orinnano/ros2_humble/install/tf2_ros/lib/libtf2_ros.so /home/orinnano/ros2_humble/install/tf2/lib/libtf2.so /home/orinnano/ros2_humble/install/message_filters/lib/libmessage_filters.so /home/orinnano/ros2_humble/install/rclcpp_action/lib/librclcpp_action.so /home/orinnano/ros2_humble/install/rclcpp/lib/librclcpp.so /home/orinnano/ros2_humble/install/libstatistics_collector/lib/liblibstatistics_collector.so /home/orinnano/ros2_humble/install/rosgraph_msgs/lib/librosgraph_msgs__rosidl_typesupport_fastrtps_c.so /home/orinnano/ros2_humble/install/rosgraph_msgs/lib/librosgraph_msgs__rosidl_typesupport_fastrtps_cpp.so /home/orinnano/ros2_humble/install/rosgraph_msgs/lib/librosgraph_msgs__rosidl_typesupport_introspection_c.so /home/orinnano/ros2_humble/install/rosgraph_msgs/lib/librosgraph_msgs__rosidl_typesupport_introspection_cpp.so /home/orinnano/ros2_humble/install/rosgraph_msgs/lib/librosgraph_msgs__rosidl_typesupport_cpp.so /home/orinnano/ros2_humble/install/rosgraph_msgs/lib/librosgraph_msgs__rosidl_generator_py.so /home/orinnano/ros2_humble/install/rosgraph_msgs/lib/librosgraph_msgs__rosidl_typesupport_c.so /home/orinnano/ros2_humble/install/rosgraph_msgs/lib/librosgraph_msgs__rosidl_generator_c.so /home/orinnano/ros2_humble/install/statistics_msgs/lib/libstatistics_msgs__rosidl_typesupport_fastrtps_c.so /home/orinnano/ros2_humble/install/statistics_msgs/lib/libstatistics_msgs__rosidl_typesupport_fastrtps_cpp.so /home/orinnano/ros2_humble/install/statistics_msgs/lib/libstatistics_msgs__rosidl_typesupport_introspection_c.so /home/orinnano/ros2_humble/install/statistics_msgs/lib/libstatistics_msgs__rosidl_typesupport_introspection_cpp.so /home/orinnano/ros2_humble/install/statistics_msgs/lib/libstatistics_msgs__rosidl_typesupport_cpp.so /home/orinnano/ros2_humble/install/statistics_msgs/lib/libstatistics_msgs__rosidl_generator_py.so /home/orinnano/ros2_humble/install/statistics_msgs/lib/libstatistics_msgs__rosidl_typesupport_c.so /home/orinnano/ros2_humble/install/statistics_msgs/lib/libstatistics_msgs__rosidl_generator_c.so /home/orinnano/ros2_humble/install/rcl_action/lib/librcl_action.so /home/orinnano/ros2_humble/install/rcl/lib/librcl.so /home/orinnano/ros2_humble/install/rcl_interfaces/lib/librcl_interfaces__rosidl_typesupport_fastrtps_c.so /home/orinnano/ros2_humble/install/rcl_interfaces/lib/librcl_interfaces__rosidl_typesupport_introspection_c.so /home/orinnano/ros2_humble/install/rcl_interfaces/lib/librcl_interfaces__rosidl_typesupport_fastrtps_cpp.so /home/orinnano/ros2_humble/install/rcl_interfaces/lib/librcl_interfaces__rosidl_typesupport_introspection_cpp.so /home/orinnano/ros2_humble/install/rcl_interfaces/lib/librcl_interfaces__rosidl_typesupport_cpp.so /home/orinnano/ros2_humble/install/rcl_interfaces/lib/librcl_interfaces__rosidl_generator_py.so /home/orinnano/ros2_humble/install/rcl_interfaces/lib/librcl_interfaces__rosidl_typesupport_c.so /home/orinnano/ros2_humble/install/rcl_interfaces/lib/librcl_interfaces__rosidl_generator_c.so /home/orinnano/ros2_humble/install/rcl_yaml_param_parser/lib/librcl_yaml_param_parser.so /home/orinnano/ros2_humble/install/libyaml_vendor/lib/libyaml.so /home/orinnano/ros2_humble/install/tracetools/lib/libtracetools.so /home/orinnano/ros2_humble/install/rmw_implementation/lib/librmw_implementation.so /home/orinnano/ros2_humble/install/ament_index_cpp/lib/libament_index_cpp.so /home/orinnano/ros2_humble/install/rcl_logging_spdlog/lib/librcl_logging_spdlog.so /home/orinnano/ros2_humble/install/rcl_logging_interface/lib/librcl_logging_interface.so /home/orinnano/ros2_humble/install/tf2_msgs/lib/libtf2_msgs__rosidl_typesupport_fastrtps_c.so /home/orinnano/ros2_humble/install/action_msgs/lib/libaction_msgs__rosidl_typesupport_fastrtps_c.so /home/orinnano/ros2_humble/install/unique_identifier_msgs/lib/libunique_identifier_msgs__rosidl_typesupport_fastrtps_c.so /home/orinnano/ros2_humble/install/tf2_msgs/lib/libtf2_msgs__rosidl_typesupport_introspection_c.so /home/orinnano/ros2_humble/install/action_msgs/lib/libaction_msgs__rosidl_typesupport_introspection_c.so /home/orinnano/ros2_humble/install/unique_identifier_msgs/lib/libunique_identifier_msgs__rosidl_typesupport_introspection_c.so /home/orinnano/ros2_humble/install/tf2_msgs/lib/libtf2_msgs__rosidl_typesupport_fastrtps_cpp.so /home/orinnano/ros2_humble/install/action_msgs/lib/libaction_msgs__rosidl_typesupport_fastrtps_cpp.so /home/orinnano/ros2_humble/install/unique_identifier_msgs/lib/libunique_identifier_msgs__rosidl_typesupport_fastrtps_cpp.so /home/orinnano/ros2_humble/install/tf2_msgs/lib/libtf2_msgs__rosidl_typesupport_introspection_cpp.so /home/orinnano/ros2_humble/install/action_msgs/lib/libaction_msgs__rosidl_typesupport_introspection_cpp.so /home/orinnano/ros2_humble/install/unique_identifier_msgs/lib/libunique_identifier_msgs__rosidl_typesupport_introspection_cpp.so /home/orinnano/ros2_humble/install/tf2_msgs/lib/libtf2_msgs__rosidl_typesupport_cpp.so /home/orinnano/ros2_humble/install/action_msgs/lib/libaction_msgs__rosidl_typesupport_cpp.so /home/orinnano/ros2_humble/install/unique_identifier_msgs/lib/libunique_identifier_msgs__rosidl_typesupport_cpp.so /home/orinnano/ros2_humble/install/tf2_msgs/lib/libtf2_msgs__rosidl_generator_py.so /home/orinnano/ros2_humble/install/tf2_msgs/lib/libtf2_msgs__rosidl_typesupport_c.so /home/orinnano/ros2_humble/install/tf2_msgs/lib/libtf2_msgs__rosidl_generator_c.so /home/orinnano/ros2_humble/install/action_msgs/lib/libaction_msgs__rosidl_generator_py.so /home/orinnano/ros2_humble/install/action_msgs/lib/libaction_msgs__rosidl_typesupport_c.so /home/orinnano/ros2_humble/install/action_msgs/lib/libaction_msgs__rosidl_generator_c.so /home/orinnano/ros2_humble/install/unique_identifier_msgs/lib/libunique_identifier_msgs__rosidl_generator_py.so /home/orinnano/ros2_humble/install/unique_identifier_msgs/lib/libunique_identifier_msgs__rosidl_typesupport_c.so /home/orinnano/ros2_humble/install/unique_identifier_msgs/lib/libunique_identifier_msgs__rosidl_generator_c.so /home/orinnano/ros2_humble/install/sensor_msgs/lib/libsensor_msgs__rosidl_typesupport_fastrtps_c.so /home/orinnano/ros2_humble/install/geometry_msgs/lib/libgeometry_msgs__rosidl_typesupport_fastrtps_c.so /home/orinnano/ros2_humble/install/std_msgs/lib/libstd_msgs__rosidl_typesupport_fastrtps_c.so /home/orinnano/ros2_humble/install/builtin_interfaces/lib/libbuiltin_interfaces__rosidl_typesupport_fastrtps_c.so /home/orinnano/ros2_humble/install/rosidl_typesupport_fastrtps_c/lib/librosidl_typesupport_fastrtps_c.so /home/orinnano/ros2_humble/install/sensor_msgs/lib/libsensor_msgs__rosidl_typesupport_fastrtps_cpp.so /home/orinnano/ros2_humble/install/geometry_msgs/lib/libgeometry_msgs__rosidl_typesupport_fastrtps_cpp.so /home/orinnano/ros2_humble/install/std_msgs/lib/libstd_msgs__rosidl_typesupport_fastrtps_cpp.so /home/orinnano/ros2_humble/install/builtin_interfaces/lib/libbuiltin_interfaces__rosidl_typesupport_fastrtps_cpp.so /home/orinnano/ros2_humble/install/rosidl_typesupport_fastrtps_cpp/lib/librosidl_typesupport_fastrtps_cpp.so /home/orinnano/ros2_humble/install/fastcdr/lib/libfastcdr.so.1.0.24 /home/orinnano/ros2_humble/install/rmw/lib/librmw.so /home/orinnano/ros2_humble/install/sensor_msgs/lib/libsensor_msgs__rosidl_typesupport_introspection_c.so /home/orinnano/ros2_humble/install/geometry_msgs/lib/libgeometry_msgs__rosidl_typesupport_introspection_c.so /home/orinnano/ros2_humble/install/std_msgs/lib/libstd_msgs__rosidl_typesupport_introspection_c.so /home/orinnano/ros2_humble/install/builtin_interfaces/lib/libbuiltin_interfaces__rosidl_typesupport_introspection_c.so /home/orinnano/ros2_humble/install/sensor_msgs/lib/libsensor_msgs__rosidl_typesupport_introspection_cpp.so /home/orinnano/ros2_humble/install/geometry_msgs/lib/libgeometry_msgs__rosidl_typesupport_introspection_cpp.so /home/orinnano/ros2_humble/install/std_msgs/lib/libstd_msgs__rosidl_typesupport_introspection_cpp.so /home/orinnano/ros2_humble/install/builtin_interfaces/lib/libbuiltin_interfaces__rosidl_typesupport_introspection_cpp.so /home/orinnano/ros2_humble/install/rosidl_typesupport_introspection_cpp/lib/librosidl_typesupport_introspection_cpp.so /home/orinnano/ros2_humble/install/rosidl_typesupport_introspection_c/lib/librosidl_typesupport_introspection_c.so /home/orinnano/ros2_humble/install/sensor_msgs/lib/libsensor_msgs__rosidl_typesupport_cpp.so /home/orinnano/ros2_humble/install/geometry_msgs/lib/libgeometry_msgs__rosidl_typesupport_cpp.so /home/orinnano/ros2_humble/install/std_msgs/lib/libstd_msgs__rosidl_typesupport_cpp.so /home/orinnano/ros2_humble/install/builtin_interfaces/lib/libbuiltin_interfaces__rosidl_typesupport_cpp.so /home/orinnano/ros2_humble/install/rosidl_typesupport_cpp/lib/librosidl_typesupport_cpp.so /home/orinnano/ros2_humble/install/sensor_msgs/lib/libsensor_msgs__rosidl_generator_py.so /home/orinnano/ros2_humble/install/visualization_msgs/lib/libvisualization_msgs__rosidl_typesupport_c.so /home/orinnano/ros2_humble/install/sensor_msgs/lib/libsensor_msgs__rosidl_typesupport_c.so /home/orinnano/ros2_humble/install/visualization_msgs/lib/libvisualization_msgs__rosidl_generator_c.so /home/orinnano/ros2_humble/install/sensor_msgs/lib/libsensor_msgs__rosidl_generator_c.so /home/orinnano/ros2_humble/install/geometry_msgs/lib/libgeometry_msgs__rosidl_generator_py.so /home/orinnano/ros2_humble/install/std_msgs/lib/libstd_msgs__rosidl_generator_py.so /home/orinnano/ros2_humble/install/builtin_interfaces/lib/libbuiltin_interfaces__rosidl_generator_py.so /usr/lib/aarch64-linux-gnu/libpython3.10.so /home/orinnano/ros2_humble/install/geometry_msgs/lib/libgeometry_msgs__rosidl_typesupport_c.so /home/orinnano/ros2_humble/install/std_msgs/lib/libstd_msgs__rosidl_typesupport_c.so /home/orinnano/ros2_humble/install/builtin_interfaces/lib/libbuiltin_interfaces__rosidl_typesupport_c.so /home/orinnano/ros2_humble/install/geometry_msgs/lib/libgeometry_msgs__rosidl_generator_c.so /home/orinnano/ros2_humble/install/std_msgs/lib/libstd_msgs__rosidl_generator_c.so /home/orinnano/ros2_humble/install/builtin_interfaces/lib/libbuiltin_interfaces__rosidl_generator_c.so /home/orinnano/ros2_humble/install/rosidl_typesupport_c/lib/librosidl_typesupport_c.so /home/orinnano/ros2_humble/install/rcpputils/lib/librcpputils.so /home/orinnano/ros2_humble/install/rosidl_runtime_c/lib/librosidl_runtime_c.so /home/orinnano/ros2_humble/install/rcutils/lib/librcutils.so -ldl 
gmake[2]: Leaving directory '/home/orinnano/SDK_ros2_ws/build/vicon'
[100%] Built target tranform_publisher
gmake[1]: Leaving directory '/home/orinnano/SDK_ros2_ws/build/vicon'
/usr/bin/cmake -E cmake_progress_start /home/orinnano/SDK_ros2_ws/build/vicon/CMakeFiles 0
-- Install configuration: ""
-- Installing: /home/orinnano/SDK_ros2_ws/install/vicon/lib/vicon/tranform_publisher
-- Set runtime path of "/home/orinnano/SDK_ros2_ws/install/vicon/lib/vicon/tranform_publisher" to ""
-- Installing: /home/orinnano/SDK_ros2_ws/install/vicon/share/ament_index/resource_index/package_run_dependencies/vicon
-- Installing: /home/orinnano/SDK_ros2_ws/install/vicon/share/ament_index/resource_index/parent_prefix_path/vicon
-- Installing: /home/orinnano/SDK_ros2_ws/install/vicon/share/vicon/environment/ament_prefix_path.sh
-- Installing: /home/orinnano/SDK_ros2_ws/install/vicon/share/vicon/environment/ament_prefix_path.dsv
-- Installing: /home/orinnano/SDK_ros2_ws/install/vicon/share/vicon/environment/path.sh
-- Installing: /home/orinnano/SDK_ros2_ws/install/vicon/share/vicon/environment/path.dsv
-- Installing: /home/orinnano/SDK_ros2_ws/install/vicon/share/vicon/local_setup.bash
-- Installing: /home/orinnano/SDK_ros2_ws/install/vicon/share/vicon/local_setup.sh
-- Installing: /home/orinnano/SDK_ros2_ws/install/vicon/share/vicon/local_setup.zsh
-- Installing: /home/orinnano/SDK_ros2_ws/install/vicon/share/vicon/local_setup.dsv
-- Installing: /home/orinnano/SDK_ros2_ws/install/vicon/share/vicon/package.dsv
-- Installing: /home/orinnano/SDK_ros2_ws/install/vicon/share/ament_index/resource_index/packages/vicon
-- Installing: /home/orinnano/SDK_ros2_ws/install/vicon/share/vicon/cmake/viconConfig.cmake
-- Installing: /home/orinnano/SDK_ros2_ws/install/vicon/share/vicon/cmake/viconConfig-version.cmake
-- Installing: /home/orinnano/SDK_ros2_ws/install/vicon/share/vicon/package.xml
