[0.496s] DEBUG:colcon:Command line arguments: ['/usr/bin/colcon', 'build', '--packages-select', 'vicon', '--event-handlers', 'console_cohesion+', '--cmake-args', '-DCMAKE_VERBOSE_MAKEFILE=ON']
[0.496s] DEBUG:colcon:Parsed command line arguments: Namespace(log_base=None, log_level=None, verb_name='build', build_base='build', install_base='install', merge_install=False, symlink_install=False, test_result_base=None, continue_on_error=False, executor='parallel', parallel_workers=6, event_handlers=['console_cohesion+'], ignore_user_meta=False, metas=['./colcon.meta'], base_paths=['.'], packages_ignore=None, packages_ignore_regex=None, paths=None, packages_up_to=None, packages_up_to_regex=None, packages_above=None, packages_above_and_dependencies=None, packages_above_depth=None, packages_select_by_dep=None, packages_skip_by_dep=None, packages_skip_up_to=None, packages_select_build_failed=False, packages_skip_build_finished=False, packages_select_test_failures=False, packages_skip_test_passed=False, packages_select=['vicon'], packages_skip=None, packages_select_regex=None, packages_skip_regex=None, packages_start=None, packages_end=None, allow_overriding=[], cmake_args=['-DCMAKE_VERBOSE_MAKEFILE=ON'], cmake_target=None, cmake_target_skip_unavailable=False, cmake_clean_cache=False, cmake_clean_first=False, cmake_force_configure=False, ament_cmake_args=None, catkin_cmake_args=None, catkin_skip_building_tests=False, mixin_files=None, mixin=None, verb_parser=<colcon_mixin.mixin.mixin_argument.MixinArgumentDecorator object at 0xffff8f9252a0>, verb_extension=<colcon_core.verb.build.BuildVerb object at 0xffff8faf5900>, main=<bound method BuildVerb.main of <colcon_core.verb.build.BuildVerb object at 0xffff8faf5900>>, mixin_verb=('build',))
[1.057s] Level 1:colcon.colcon_core.package_discovery:discover_packages(colcon_meta) check parameters
[1.057s] Level 1:colcon.colcon_core.package_discovery:discover_packages(recursive) check parameters
[1.057s] Level 1:colcon.colcon_core.package_discovery:discover_packages(ignore) check parameters
[1.057s] Level 1:colcon.colcon_core.package_discovery:discover_packages(path) check parameters
[1.057s] Level 1:colcon.colcon_core.package_discovery:discover_packages(colcon_meta) discover
[1.057s] Level 1:colcon.colcon_core.package_discovery:discover_packages(recursive) discover
[1.058s] INFO:colcon.colcon_core.package_discovery:Crawling recursively for packages in '/home/orinnano/SDK_ros2_ws'
[1.058s] Level 1:colcon.colcon_core.package_identification:_identify(.) by extensions ['ignore', 'ignore_ament_install']
[1.058s] Level 1:colcon.colcon_core.package_identification:_identify(.) by extension 'ignore'
[1.058s] Level 1:colcon.colcon_core.package_identification:_identify(.) by extension 'ignore_ament_install'
[1.058s] Level 1:colcon.colcon_core.package_identification:_identify(.) by extensions ['colcon_pkg']
[1.058s] Level 1:colcon.colcon_core.package_identification:_identify(.) by extension 'colcon_pkg'
[1.059s] Level 1:colcon.colcon_core.package_identification:_identify(.) by extensions ['colcon_meta']
[1.059s] Level 1:colcon.colcon_core.package_identification:_identify(.) by extension 'colcon_meta'
[1.059s] Level 1:colcon.colcon_core.package_identification:_identify(.) by extensions ['ros']
[1.059s] Level 1:colcon.colcon_core.package_identification:_identify(.) by extension 'ros'
[1.086s] Level 1:colcon.colcon_core.package_identification:_identify(.) by extensions ['cmake', 'python']
[1.086s] Level 1:colcon.colcon_core.package_identification:_identify(.) by extension 'cmake'
[1.086s] Level 1:colcon.colcon_core.package_identification:_identify(.) by extension 'python'
[1.086s] Level 1:colcon.colcon_core.package_identification:_identify(.) by extensions ['python_setup_py']
[1.086s] Level 1:colcon.colcon_core.package_identification:_identify(.) by extension 'python_setup_py'
[1.087s] Level 1:colcon.colcon_core.package_identification:_identify(build) by extensions ['ignore', 'ignore_ament_install']
[1.087s] Level 1:colcon.colcon_core.package_identification:_identify(build) by extension 'ignore'
[1.087s] Level 1:colcon.colcon_core.package_identification:_identify(build) ignored
[1.087s] Level 1:colcon.colcon_core.package_identification:_identify(install) by extensions ['ignore', 'ignore_ament_install']
[1.087s] Level 1:colcon.colcon_core.package_identification:_identify(install) by extension 'ignore'
[1.088s] Level 1:colcon.colcon_core.package_identification:_identify(install) ignored
[1.088s] Level 1:colcon.colcon_core.package_identification:_identify(log) by extensions ['ignore', 'ignore_ament_install']
[1.088s] Level 1:colcon.colcon_core.package_identification:_identify(log) by extension 'ignore'
[1.088s] Level 1:colcon.colcon_core.package_identification:_identify(log) ignored
[1.088s] Level 1:colcon.colcon_core.package_identification:_identify(src) by extensions ['ignore', 'ignore_ament_install']
[1.088s] Level 1:colcon.colcon_core.package_identification:_identify(src) by extension 'ignore'
[1.089s] Level 1:colcon.colcon_core.package_identification:_identify(src) by extension 'ignore_ament_install'
[1.089s] Level 1:colcon.colcon_core.package_identification:_identify(src) by extensions ['colcon_pkg']
[1.089s] Level 1:colcon.colcon_core.package_identification:_identify(src) by extension 'colcon_pkg'
[1.089s] Level 1:colcon.colcon_core.package_identification:_identify(src) by extensions ['colcon_meta']
[1.089s] Level 1:colcon.colcon_core.package_identification:_identify(src) by extension 'colcon_meta'
[1.089s] Level 1:colcon.colcon_core.package_identification:_identify(src) by extensions ['ros']
[1.089s] Level 1:colcon.colcon_core.package_identification:_identify(src) by extension 'ros'
[1.089s] Level 1:colcon.colcon_core.package_identification:_identify(src) by extensions ['cmake', 'python']
[1.089s] Level 1:colcon.colcon_core.package_identification:_identify(src) by extension 'cmake'
[1.089s] Level 1:colcon.colcon_core.package_identification:_identify(src) by extension 'python'
[1.089s] Level 1:colcon.colcon_core.package_identification:_identify(src) by extensions ['python_setup_py']
[1.090s] Level 1:colcon.colcon_core.package_identification:_identify(src) by extension 'python_setup_py'
[1.090s] Level 1:colcon.colcon_core.package_identification:_identify(src/mavlink) by extensions ['ignore', 'ignore_ament_install']
[1.090s] Level 1:colcon.colcon_core.package_identification:_identify(src/mavlink) by extension 'ignore'
[1.090s] Level 1:colcon.colcon_core.package_identification:_identify(src/mavlink) by extension 'ignore_ament_install'
[1.090s] Level 1:colcon.colcon_core.package_identification:_identify(src/mavlink) by extensions ['colcon_pkg']
[1.090s] Level 1:colcon.colcon_core.package_identification:_identify(src/mavlink) by extension 'colcon_pkg'
[1.090s] Level 1:colcon.colcon_core.package_identification:_identify(src/mavlink) by extensions ['colcon_meta']
[1.090s] Level 1:colcon.colcon_core.package_identification:_identify(src/mavlink) by extension 'colcon_meta'
[1.091s] Level 1:colcon.colcon_core.package_identification:_identify(src/mavlink) by extensions ['ros']
[1.091s] Level 1:colcon.colcon_core.package_identification:_identify(src/mavlink) by extension 'ros'
[1.104s] DEBUG:colcon.colcon_core.package_identification:Package 'src/mavlink' with type 'ros.cmake' and name 'mavlink'
[1.105s] Level 1:colcon.colcon_core.package_identification:_identify(src/mavros) by extensions ['ignore', 'ignore_ament_install']
[1.105s] Level 1:colcon.colcon_core.package_identification:_identify(src/mavros) by extension 'ignore'
[1.105s] Level 1:colcon.colcon_core.package_identification:_identify(src/mavros) by extension 'ignore_ament_install'
[1.105s] Level 1:colcon.colcon_core.package_identification:_identify(src/mavros) by extensions ['colcon_pkg']
[1.105s] Level 1:colcon.colcon_core.package_identification:_identify(src/mavros) by extension 'colcon_pkg'
[1.105s] Level 1:colcon.colcon_core.package_identification:_identify(src/mavros) by extensions ['colcon_meta']
[1.105s] Level 1:colcon.colcon_core.package_identification:_identify(src/mavros) by extension 'colcon_meta'
[1.106s] Level 1:colcon.colcon_core.package_identification:_identify(src/mavros) by extensions ['ros']
[1.106s] Level 1:colcon.colcon_core.package_identification:_identify(src/mavros) by extension 'ros'
[1.106s] Level 1:colcon.colcon_core.package_identification:_identify(src/mavros) by extensions ['cmake', 'python']
[1.106s] Level 1:colcon.colcon_core.package_identification:_identify(src/mavros) by extension 'cmake'
[1.106s] Level 1:colcon.colcon_core.package_identification:_identify(src/mavros) by extension 'python'
[1.106s] Level 1:colcon.colcon_core.package_identification:_identify(src/mavros) by extensions ['python_setup_py']
[1.106s] Level 1:colcon.colcon_core.package_identification:_identify(src/mavros) by extension 'python_setup_py'
[1.106s] Level 1:colcon.colcon_core.package_identification:_identify(src/mavros/libmavconn) by extensions ['ignore', 'ignore_ament_install']
[1.107s] Level 1:colcon.colcon_core.package_identification:_identify(src/mavros/libmavconn) by extension 'ignore'
[1.107s] Level 1:colcon.colcon_core.package_identification:_identify(src/mavros/libmavconn) by extension 'ignore_ament_install'
[1.107s] Level 1:colcon.colcon_core.package_identification:_identify(src/mavros/libmavconn) by extensions ['colcon_pkg']
[1.107s] Level 1:colcon.colcon_core.package_identification:_identify(src/mavros/libmavconn) by extension 'colcon_pkg'
[1.107s] Level 1:colcon.colcon_core.package_identification:_identify(src/mavros/libmavconn) by extensions ['colcon_meta']
[1.107s] Level 1:colcon.colcon_core.package_identification:_identify(src/mavros/libmavconn) by extension 'colcon_meta'
[1.107s] Level 1:colcon.colcon_core.package_identification:_identify(src/mavros/libmavconn) by extensions ['ros']
[1.107s] Level 1:colcon.colcon_core.package_identification:_identify(src/mavros/libmavconn) by extension 'ros'
[1.109s] DEBUG:colcon.colcon_core.package_identification:Package 'src/mavros/libmavconn' with type 'ros.ament_cmake' and name 'libmavconn'
[1.109s] Level 1:colcon.colcon_core.package_identification:_identify(src/mavros/mavros) by extensions ['ignore', 'ignore_ament_install']
[1.109s] Level 1:colcon.colcon_core.package_identification:_identify(src/mavros/mavros) by extension 'ignore'
[1.110s] Level 1:colcon.colcon_core.package_identification:_identify(src/mavros/mavros) by extension 'ignore_ament_install'
[1.110s] Level 1:colcon.colcon_core.package_identification:_identify(src/mavros/mavros) by extensions ['colcon_pkg']
[1.110s] Level 1:colcon.colcon_core.package_identification:_identify(src/mavros/mavros) by extension 'colcon_pkg'
[1.110s] Level 1:colcon.colcon_core.package_identification:_identify(src/mavros/mavros) by extensions ['colcon_meta']
[1.110s] Level 1:colcon.colcon_core.package_identification:_identify(src/mavros/mavros) by extension 'colcon_meta'
[1.110s] Level 1:colcon.colcon_core.package_identification:_identify(src/mavros/mavros) by extensions ['ros']
[1.110s] Level 1:colcon.colcon_core.package_identification:_identify(src/mavros/mavros) by extension 'ros'
[1.116s] DEBUG:colcon.colcon_core.package_identification:Package 'src/mavros/mavros' with type 'ros.ament_cmake' and name 'mavros'
[1.116s] Level 1:colcon.colcon_core.package_identification:_identify(src/mavros/mavros_extras) by extensions ['ignore', 'ignore_ament_install']
[1.116s] Level 1:colcon.colcon_core.package_identification:_identify(src/mavros/mavros_extras) by extension 'ignore'
[1.116s] Level 1:colcon.colcon_core.package_identification:_identify(src/mavros/mavros_extras) by extension 'ignore_ament_install'
[1.116s] Level 1:colcon.colcon_core.package_identification:_identify(src/mavros/mavros_extras) by extensions ['colcon_pkg']
[1.116s] Level 1:colcon.colcon_core.package_identification:_identify(src/mavros/mavros_extras) by extension 'colcon_pkg'
[1.116s] Level 1:colcon.colcon_core.package_identification:_identify(src/mavros/mavros_extras) by extensions ['colcon_meta']
[1.117s] Level 1:colcon.colcon_core.package_identification:_identify(src/mavros/mavros_extras) by extension 'colcon_meta'
[1.117s] Level 1:colcon.colcon_core.package_identification:_identify(src/mavros/mavros_extras) by extensions ['ros']
[1.117s] Level 1:colcon.colcon_core.package_identification:_identify(src/mavros/mavros_extras) by extension 'ros'
[1.122s] DEBUG:colcon.colcon_core.package_identification:Package 'src/mavros/mavros_extras' with type 'ros.ament_cmake' and name 'mavros_extras'
[1.123s] Level 1:colcon.colcon_core.package_identification:_identify(src/mavros/mavros_msgs) by extensions ['ignore', 'ignore_ament_install']
[1.123s] Level 1:colcon.colcon_core.package_identification:_identify(src/mavros/mavros_msgs) by extension 'ignore'
[1.123s] Level 1:colcon.colcon_core.package_identification:_identify(src/mavros/mavros_msgs) by extension 'ignore_ament_install'
[1.123s] Level 1:colcon.colcon_core.package_identification:_identify(src/mavros/mavros_msgs) by extensions ['colcon_pkg']
[1.123s] Level 1:colcon.colcon_core.package_identification:_identify(src/mavros/mavros_msgs) by extension 'colcon_pkg'
[1.123s] Level 1:colcon.colcon_core.package_identification:_identify(src/mavros/mavros_msgs) by extensions ['colcon_meta']
[1.123s] Level 1:colcon.colcon_core.package_identification:_identify(src/mavros/mavros_msgs) by extension 'colcon_meta'
[1.123s] Level 1:colcon.colcon_core.package_identification:_identify(src/mavros/mavros_msgs) by extensions ['ros']
[1.124s] Level 1:colcon.colcon_core.package_identification:_identify(src/mavros/mavros_msgs) by extension 'ros'
[1.125s] DEBUG:colcon.colcon_core.package_identification:Package 'src/mavros/mavros_msgs' with type 'ros.ament_cmake' and name 'mavros_msgs'
[1.126s] Level 1:colcon.colcon_core.package_identification:_identify(src/mavros/test_mavros) by extensions ['ignore', 'ignore_ament_install']
[1.126s] Level 1:colcon.colcon_core.package_identification:_identify(src/mavros/test_mavros) by extension 'ignore'
[1.126s] Level 1:colcon.colcon_core.package_identification:_identify(src/mavros/test_mavros) ignored
[1.126s] Level 1:colcon.colcon_core.package_identification:_identify(src/offboard_ros2) by extensions ['ignore', 'ignore_ament_install']
[1.126s] Level 1:colcon.colcon_core.package_identification:_identify(src/offboard_ros2) by extension 'ignore'
[1.127s] Level 1:colcon.colcon_core.package_identification:_identify(src/offboard_ros2) by extension 'ignore_ament_install'
[1.127s] Level 1:colcon.colcon_core.package_identification:_identify(src/offboard_ros2) by extensions ['colcon_pkg']
[1.127s] Level 1:colcon.colcon_core.package_identification:_identify(src/offboard_ros2) by extension 'colcon_pkg'
[1.127s] Level 1:colcon.colcon_core.package_identification:_identify(src/offboard_ros2) by extensions ['colcon_meta']
[1.127s] Level 1:colcon.colcon_core.package_identification:_identify(src/offboard_ros2) by extension 'colcon_meta'
[1.127s] Level 1:colcon.colcon_core.package_identification:_identify(src/offboard_ros2) by extensions ['ros']
[1.127s] Level 1:colcon.colcon_core.package_identification:_identify(src/offboard_ros2) by extension 'ros'
[1.129s] DEBUG:colcon.colcon_core.package_identification:Package 'src/offboard_ros2' with type 'ros.ament_cmake' and name 'offboard_ros2'
[1.129s] Level 1:colcon.colcon_core.package_identification:_identify(src/vicon) by extensions ['ignore', 'ignore_ament_install']
[1.129s] Level 1:colcon.colcon_core.package_identification:_identify(src/vicon) by extension 'ignore'
[1.129s] Level 1:colcon.colcon_core.package_identification:_identify(src/vicon) by extension 'ignore_ament_install'
[1.129s] Level 1:colcon.colcon_core.package_identification:_identify(src/vicon) by extensions ['colcon_pkg']
[1.129s] Level 1:colcon.colcon_core.package_identification:_identify(src/vicon) by extension 'colcon_pkg'
[1.129s] Level 1:colcon.colcon_core.package_identification:_identify(src/vicon) by extensions ['colcon_meta']
[1.129s] Level 1:colcon.colcon_core.package_identification:_identify(src/vicon) by extension 'colcon_meta'
[1.130s] Level 1:colcon.colcon_core.package_identification:_identify(src/vicon) by extensions ['ros']
[1.130s] Level 1:colcon.colcon_core.package_identification:_identify(src/vicon) by extension 'ros'
[1.130s] DEBUG:colcon.colcon_core.package_identification:Package 'src/vicon' with type 'ros.ament_cmake' and name 'vicon'
[1.131s] Level 1:colcon.colcon_core.package_identification:_identify(src/vrpn) by extensions ['ignore', 'ignore_ament_install']
[1.131s] Level 1:colcon.colcon_core.package_identification:_identify(src/vrpn) by extension 'ignore'
[1.132s] Level 1:colcon.colcon_core.package_identification:_identify(src/vrpn) by extension 'ignore_ament_install'
[1.132s] Level 1:colcon.colcon_core.package_identification:_identify(src/vrpn) by extensions ['colcon_pkg']
[1.132s] Level 1:colcon.colcon_core.package_identification:_identify(src/vrpn) by extension 'colcon_pkg'
[1.132s] Level 1:colcon.colcon_core.package_identification:_identify(src/vrpn) by extensions ['colcon_meta']
[1.132s] Level 1:colcon.colcon_core.package_identification:_identify(src/vrpn) by extension 'colcon_meta'
[1.132s] Level 1:colcon.colcon_core.package_identification:_identify(src/vrpn) by extensions ['ros']
[1.132s] Level 1:colcon.colcon_core.package_identification:_identify(src/vrpn) by extension 'ros'
[1.132s] Level 1:colcon.colcon_core.package_identification:_identify(src/vrpn) by extensions ['cmake', 'python']
[1.132s] Level 1:colcon.colcon_core.package_identification:_identify(src/vrpn) by extension 'cmake'
[1.269s] Level 1:colcon.colcon_core.package_identification:_identify(src/vrpn) by extension 'python'
[1.269s] DEBUG:colcon.colcon_core.package_identification:Package 'src/vrpn' with type 'cmake' and name 'VRPN'
[1.269s] Level 1:colcon.colcon_core.package_discovery:discover_packages(recursive) using defaults
[1.270s] Level 1:colcon.colcon_core.package_discovery:discover_packages(ignore) discover
[1.270s] Level 1:colcon.colcon_core.package_discovery:discover_packages(ignore) using defaults
[1.270s] Level 1:colcon.colcon_core.package_discovery:discover_packages(path) discover
[1.270s] Level 1:colcon.colcon_core.package_discovery:discover_packages(path) using defaults
[1.364s] INFO:colcon.colcon_core.package_selection:Skipping not selected package 'VRPN' in 'src/vrpn'
[1.364s] INFO:colcon.colcon_core.package_selection:Skipping not selected package 'mavlink' in 'src/mavlink'
[1.364s] INFO:colcon.colcon_core.package_selection:Skipping not selected package 'mavros_msgs' in 'src/mavros/mavros_msgs'
[1.364s] INFO:colcon.colcon_core.package_selection:Skipping not selected package 'libmavconn' in 'src/mavros/libmavconn'
[1.364s] INFO:colcon.colcon_core.package_selection:Skipping not selected package 'mavros' in 'src/mavros/mavros'
[1.364s] INFO:colcon.colcon_core.package_selection:Skipping not selected package 'mavros_extras' in 'src/mavros/mavros_extras'
[1.365s] INFO:colcon.colcon_core.package_selection:Skipping not selected package 'offboard_ros2' in 'src/offboard_ros2'
[1.365s] Level 1:colcon.colcon_core.package_discovery:discover_packages(prefix_path) check parameters
[1.365s] Level 1:colcon.colcon_core.package_discovery:discover_packages(prefix_path) discover
[1.367s] WARNING:colcon.colcon_ros.prefix_path.ament:The path '/home/orinnano/SDK_ros2_ws/install/vicon' in the environment variable AMENT_PREFIX_PATH doesn't exist
[1.368s] WARNING:colcon.colcon_ros.prefix_path.ament:The path '/home/orinnano/SDK_ros2_ws/install/offboard_ros2' in the environment variable AMENT_PREFIX_PATH doesn't exist
[1.368s] WARNING:colcon.colcon_ros.prefix_path.ament:The path '/home/orinnano/SDK_ros2_ws/install/mavros_extras' in the environment variable AMENT_PREFIX_PATH doesn't exist
[1.368s] WARNING:colcon.colcon_ros.prefix_path.ament:The path '/home/orinnano/SDK_ros2_ws/install/mavros' in the environment variable AMENT_PREFIX_PATH doesn't exist
[1.368s] WARNING:colcon.colcon_ros.prefix_path.ament:The path '/home/orinnano/SDK_ros2_ws/install/mavros_msgs' in the environment variable AMENT_PREFIX_PATH doesn't exist
[1.368s] WARNING:colcon.colcon_ros.prefix_path.ament:The path '/home/orinnano/SDK_ros2_ws/install/libmavconn' in the environment variable AMENT_PREFIX_PATH doesn't exist
[1.392s] WARNING:colcon.colcon_ros.prefix_path.catkin:The path '/home/orinnano/SDK_ros2_ws/install/vicon' in the environment variable CMAKE_PREFIX_PATH doesn't exist
[1.393s] WARNING:colcon.colcon_ros.prefix_path.catkin:The path '/home/orinnano/SDK_ros2_ws/install/offboard_ros2' in the environment variable CMAKE_PREFIX_PATH doesn't exist
[1.393s] WARNING:colcon.colcon_ros.prefix_path.catkin:The path '/home/orinnano/SDK_ros2_ws/install/mavros_extras' in the environment variable CMAKE_PREFIX_PATH doesn't exist
[1.393s] WARNING:colcon.colcon_ros.prefix_path.catkin:The path '/home/orinnano/SDK_ros2_ws/install/mavros' in the environment variable CMAKE_PREFIX_PATH doesn't exist
[1.393s] WARNING:colcon.colcon_ros.prefix_path.catkin:The path '/home/orinnano/SDK_ros2_ws/install/mavros_msgs' in the environment variable CMAKE_PREFIX_PATH doesn't exist
[1.393s] WARNING:colcon.colcon_ros.prefix_path.catkin:The path '/home/orinnano/SDK_ros2_ws/install/libmavconn' in the environment variable CMAKE_PREFIX_PATH doesn't exist
[1.393s] WARNING:colcon.colcon_ros.prefix_path.catkin:The path '/home/orinnano/SDK_ros2_ws/install/mavlink' in the environment variable CMAKE_PREFIX_PATH doesn't exist
[1.398s] DEBUG:colcon.colcon_installed_package_information.package_discovery:Found 0 installed packages in /home/orinnano/SDK_ros2_ws/install
[1.418s] DEBUG:colcon.colcon_installed_package_information.package_discovery:Found 345 installed packages in /home/orinnano/ros2_humble/install
[1.424s] DEBUG:colcon.colcon_installed_package_information.package_discovery:Found 123 installed packages in /opt/ros/humble
[1.434s] Level 1:colcon.colcon_core.package_discovery:discover_packages(prefix_path) using defaults
[1.525s] Level 5:colcon.colcon_core.verb:set package 'vicon' build argument 'cmake_args' from command line to '['-DCMAKE_VERBOSE_MAKEFILE=ON']'
[1.525s] Level 5:colcon.colcon_core.verb:set package 'vicon' build argument 'cmake_target' from command line to 'None'
[1.525s] Level 5:colcon.colcon_core.verb:set package 'vicon' build argument 'cmake_target_skip_unavailable' from command line to 'False'
[1.525s] Level 5:colcon.colcon_core.verb:set package 'vicon' build argument 'cmake_clean_cache' from command line to 'False'
[1.525s] Level 5:colcon.colcon_core.verb:set package 'vicon' build argument 'cmake_clean_first' from command line to 'False'
[1.525s] Level 5:colcon.colcon_core.verb:set package 'vicon' build argument 'cmake_force_configure' from command line to 'False'
[1.526s] Level 5:colcon.colcon_core.verb:set package 'vicon' build argument 'ament_cmake_args' from command line to 'None'
[1.526s] Level 5:colcon.colcon_core.verb:set package 'vicon' build argument 'catkin_cmake_args' from command line to 'None'
[1.526s] Level 5:colcon.colcon_core.verb:set package 'vicon' build argument 'catkin_skip_building_tests' from command line to 'False'
[1.526s] DEBUG:colcon.colcon_core.verb:Building package 'vicon' with the following arguments: {'ament_cmake_args': None, 'build_base': '/home/orinnano/SDK_ros2_ws/build/vicon', 'catkin_cmake_args': None, 'catkin_skip_building_tests': False, 'cmake_args': ['-DCMAKE_VERBOSE_MAKEFILE=ON'], 'cmake_clean_cache': False, 'cmake_clean_first': False, 'cmake_force_configure': False, 'cmake_target': None, 'cmake_target_skip_unavailable': False, 'install_base': '/home/orinnano/SDK_ros2_ws/install/vicon', 'merge_install': False, 'path': '/home/orinnano/SDK_ros2_ws/src/vicon', 'symlink_install': False, 'test_result_base': None}
[1.526s] INFO:colcon.colcon_core.executor:Executing jobs using 'parallel' executor
[1.528s] DEBUG:colcon.colcon_parallel_executor.executor.parallel:run_until_complete
[1.529s] INFO:colcon.colcon_ros.task.ament_cmake.build:Building ROS package in '/home/orinnano/SDK_ros2_ws/src/vicon' with build type 'ament_cmake'
[1.529s] INFO:colcon.colcon_cmake.task.cmake.build:Building CMake package in '/home/orinnano/SDK_ros2_ws/src/vicon'
[1.542s] INFO:colcon.colcon_core.plugin_system:Skipping extension 'colcon_core.shell.bat': Not used on non-Windows systems
[1.543s] INFO:colcon.colcon_core.shell:Skip shell extension 'powershell' for command environment: Not usable outside of PowerShell
[1.543s] DEBUG:colcon.colcon_core.shell:Skip shell extension 'dsv' for command environment
[1.614s] DEBUG:colcon.colcon_core.event_handler.log_command:Invoking command in '/home/orinnano/SDK_ros2_ws/build/vicon': CMAKE_PREFIX_PATH=${CMAKE_PREFIX_PATH}:/opt/ros/humble:/home/orinnano/ros2_humble/install/rqt_bag_plugins:/home/orinnano/ros2_humble/install/rqt_bag:/home/orinnano/ros2_humble/install/ros2bag:/home/orinnano/ros2_humble/install/tracetools_test:/home/orinnano/ros2_humble/install/tracetools_launch:/home/orinnano/ros2_humble/install/topic_monitor:/home/orinnano/ros2_humble/install/tf2_tools:/home/orinnano/ros2_humble/install/examples_tf2_py:/home/orinnano/ros2_humble/install/tf2_ros_py:/home/orinnano/ros2_humble/install/sros2:/home/orinnano/ros2_humble/install/rqt_topic:/home/orinnano/ros2_humble/install/rqt_srv:/home/orinnano/ros2_humble/install/rqt_shell:/home/orinnano/ros2_humble/install/rqt_service_caller:/home/orinnano/ros2_humble/install/rqt_reconfigure:/home/orinnano/ros2_humble/install/rqt_py_console:/home/orinnano/ros2_humble/install/rqt_publisher:/home/orinnano/ros2_humble/install/rqt_plot:/home/orinnano/ros2_humble/install/rqt_action:/home/orinnano/ros2_humble/install/rqt_msg:/home/orinnano/ros2_humble/install/rqt_console:/home/orinnano/ros2_humble/install/rqt:/home/orinnano/ros2_humble/install/rqt_graph:/home/orinnano/ros2_humble/install/rqt_gui_py:/home/orinnano/ros2_humble/install/rqt_gui:/home/orinnano/ros2_humble/install/ros2trace:/home/orinnano/ros2_humble/install/ros2topic:/home/orinnano/ros2_humble/install/ros2test:/home/orinnano/ros2_humble/install/ros2component:/home/orinnano/ros2_humble/install/ros2param:/home/orinnano/ros2_humble/install/ros2lifecycle:/home/orinnano/ros2_humble/install/ros2service:/home/orinnano/ros2_humble/install/ros2run:/home/orinnano/ros2_humble/install/ros2launch:/home/orinnano/ros2_humble/install/ros2pkg:/home/orinnano/ros2_humble/install/ros2node:/home/orinnano/ros2_humble/install/ros2multicast:/home/orinnano/ros2_humble/install/ros2interface:/home/orinnano/ros2_humble/install/ros2doctor:/home/orinnano/ros2_humble/install/ros2action:/home/orinnano/ros2_humble/install/ros2cli:/home/orinnano/ros2_humble/install/quality_of_service_demo_py:/home/orinnano/ros2_humble/install/lifecycle_py:/home/orinnano/ros2_humble/install/launch_testing_ros:/home/orinnano/ros2_humble/install/launch_ros:/home/orinnano/ros2_humble/install/examples_rclpy_pointcloud_publisher:/home/orinnano/ros2_humble/install/examples_rclpy_minimal_subscriber:/home/orinnano/ros2_humble/install/examples_rclpy_minimal_service:/home/orinnano/ros2_humble/install/examples_rclpy_minimal_publisher:/home/orinnano/ros2_humble/install/examples_rclpy_minimal_client:/home/orinnano/ros2_humble/install/examples_rclpy_minimal_action_server:/home/orinnano/ros2_humble/install/examples_rclpy_minimal_action_client:/home/orinnano/ros2_humble/install/examples_rclpy_guard_conditions:/home/orinnano/ros2_humble/install/examples_rclpy_executors:/home/orinnano/ros2_humble/install/demo_nodes_py:/home/orinnano/ros2_humble/install/action_tutorials_py:/home/orinnano/ros2_humble/install/ament_uncrustify:/home/orinnano/ros2_humble/install/tracetools_trace:/home/orinnano/ros2_humble/install/tracetools_read:/home/orinnano/ros2_humble/install/test_tracetools_launch:/home/orinnano/ros2_humble/install/test_launch_ros:/home/orinnano/ros2_humble/install/sensor_msgs_py:/home/orinnano/ros2_humble/install/rpyutils:/home/orinnano/ros2_humble/install/rosidl_runtime_py:/home/orinnano/ros2_humble/install/rosidl_cli:/home/orinnano/ros2_humble/install/launch_pytest:/home/orinnano/ros2_humble/install/launch_testing:/home/orinnano/ros2_humble/install/launch_yaml:/home/orinnano/ros2_humble/install/launch_xml:/home/orinnano/ros2_humble/install/launch:/home/orinnano/ros2_humble/install/osrf_pycommon:/home/orinnano/ros2_humble/install/launch_testing_examples:/home/orinnano/ros2_humble/install/domain_coordinator:/home/orinnano/ros2_humble/install/ament_xmllint:/home/orinnano/ros2_humble/install/ament_pyflakes:/home/orinnano/ros2_humble/install/ament_pycodestyle:/home/orinnano/ros2_humble/install/ament_pep257:/home/orinnano/ros2_humble/install/ament_pclint:/home/orinnano/ros2_humble/install/ament_package:/home/orinnano/ros2_humble/install/ament_mypy:/home/orinnano/ros2_humble/install/ament_lint_cmake:/home/orinnano/ros2_humble/install/ament_flake8:/home/orinnano/ros2_humble/install/ament_copyright:/home/orinnano/ros2_humble/install/ament_lint:/home/orinnano/ros2_humble/install/ament_index_python:/home/orinnano/ros2_humble/install/ament_cpplint:/home/orinnano/ros2_humble/install/ament_cppcheck:/home/orinnano/ros2_humble/install/ament_clang_tidy:/home/orinnano/ros2_humble/install/ament_clang_format /usr/bin/cmake /home/orinnano/SDK_ros2_ws/src/vicon -DCMAKE_VERBOSE_MAKEFILE=ON -DCMAKE_INSTALL_PREFIX=/home/orinnano/SDK_ros2_ws/install/vicon
[10.630s] DEBUG:colcon.colcon_core.event_handler.log_command:Invoked command in '/home/orinnano/SDK_ros2_ws/build/vicon' returned '0': CMAKE_PREFIX_PATH=${CMAKE_PREFIX_PATH}:/opt/ros/humble:/home/orinnano/ros2_humble/install/rqt_bag_plugins:/home/orinnano/ros2_humble/install/rqt_bag:/home/orinnano/ros2_humble/install/ros2bag:/home/orinnano/ros2_humble/install/tracetools_test:/home/orinnano/ros2_humble/install/tracetools_launch:/home/orinnano/ros2_humble/install/topic_monitor:/home/orinnano/ros2_humble/install/tf2_tools:/home/orinnano/ros2_humble/install/examples_tf2_py:/home/orinnano/ros2_humble/install/tf2_ros_py:/home/orinnano/ros2_humble/install/sros2:/home/orinnano/ros2_humble/install/rqt_topic:/home/orinnano/ros2_humble/install/rqt_srv:/home/orinnano/ros2_humble/install/rqt_shell:/home/orinnano/ros2_humble/install/rqt_service_caller:/home/orinnano/ros2_humble/install/rqt_reconfigure:/home/orinnano/ros2_humble/install/rqt_py_console:/home/orinnano/ros2_humble/install/rqt_publisher:/home/orinnano/ros2_humble/install/rqt_plot:/home/orinnano/ros2_humble/install/rqt_action:/home/orinnano/ros2_humble/install/rqt_msg:/home/orinnano/ros2_humble/install/rqt_console:/home/orinnano/ros2_humble/install/rqt:/home/orinnano/ros2_humble/install/rqt_graph:/home/orinnano/ros2_humble/install/rqt_gui_py:/home/orinnano/ros2_humble/install/rqt_gui:/home/orinnano/ros2_humble/install/ros2trace:/home/orinnano/ros2_humble/install/ros2topic:/home/orinnano/ros2_humble/install/ros2test:/home/orinnano/ros2_humble/install/ros2component:/home/orinnano/ros2_humble/install/ros2param:/home/orinnano/ros2_humble/install/ros2lifecycle:/home/orinnano/ros2_humble/install/ros2service:/home/orinnano/ros2_humble/install/ros2run:/home/orinnano/ros2_humble/install/ros2launch:/home/orinnano/ros2_humble/install/ros2pkg:/home/orinnano/ros2_humble/install/ros2node:/home/orinnano/ros2_humble/install/ros2multicast:/home/orinnano/ros2_humble/install/ros2interface:/home/orinnano/ros2_humble/install/ros2doctor:/home/orinnano/ros2_humble/install/ros2action:/home/orinnano/ros2_humble/install/ros2cli:/home/orinnano/ros2_humble/install/quality_of_service_demo_py:/home/orinnano/ros2_humble/install/lifecycle_py:/home/orinnano/ros2_humble/install/launch_testing_ros:/home/orinnano/ros2_humble/install/launch_ros:/home/orinnano/ros2_humble/install/examples_rclpy_pointcloud_publisher:/home/orinnano/ros2_humble/install/examples_rclpy_minimal_subscriber:/home/orinnano/ros2_humble/install/examples_rclpy_minimal_service:/home/orinnano/ros2_humble/install/examples_rclpy_minimal_publisher:/home/orinnano/ros2_humble/install/examples_rclpy_minimal_client:/home/orinnano/ros2_humble/install/examples_rclpy_minimal_action_server:/home/orinnano/ros2_humble/install/examples_rclpy_minimal_action_client:/home/orinnano/ros2_humble/install/examples_rclpy_guard_conditions:/home/orinnano/ros2_humble/install/examples_rclpy_executors:/home/orinnano/ros2_humble/install/demo_nodes_py:/home/orinnano/ros2_humble/install/action_tutorials_py:/home/orinnano/ros2_humble/install/ament_uncrustify:/home/orinnano/ros2_humble/install/tracetools_trace:/home/orinnano/ros2_humble/install/tracetools_read:/home/orinnano/ros2_humble/install/test_tracetools_launch:/home/orinnano/ros2_humble/install/test_launch_ros:/home/orinnano/ros2_humble/install/sensor_msgs_py:/home/orinnano/ros2_humble/install/rpyutils:/home/orinnano/ros2_humble/install/rosidl_runtime_py:/home/orinnano/ros2_humble/install/rosidl_cli:/home/orinnano/ros2_humble/install/launch_pytest:/home/orinnano/ros2_humble/install/launch_testing:/home/orinnano/ros2_humble/install/launch_yaml:/home/orinnano/ros2_humble/install/launch_xml:/home/orinnano/ros2_humble/install/launch:/home/orinnano/ros2_humble/install/osrf_pycommon:/home/orinnano/ros2_humble/install/launch_testing_examples:/home/orinnano/ros2_humble/install/domain_coordinator:/home/orinnano/ros2_humble/install/ament_xmllint:/home/orinnano/ros2_humble/install/ament_pyflakes:/home/orinnano/ros2_humble/install/ament_pycodestyle:/home/orinnano/ros2_humble/install/ament_pep257:/home/orinnano/ros2_humble/install/ament_pclint:/home/orinnano/ros2_humble/install/ament_package:/home/orinnano/ros2_humble/install/ament_mypy:/home/orinnano/ros2_humble/install/ament_lint_cmake:/home/orinnano/ros2_humble/install/ament_flake8:/home/orinnano/ros2_humble/install/ament_copyright:/home/orinnano/ros2_humble/install/ament_lint:/home/orinnano/ros2_humble/install/ament_index_python:/home/orinnano/ros2_humble/install/ament_cpplint:/home/orinnano/ros2_humble/install/ament_cppcheck:/home/orinnano/ros2_humble/install/ament_clang_tidy:/home/orinnano/ros2_humble/install/ament_clang_format /usr/bin/cmake /home/orinnano/SDK_ros2_ws/src/vicon -DCMAKE_VERBOSE_MAKEFILE=ON -DCMAKE_INSTALL_PREFIX=/home/orinnano/SDK_ros2_ws/install/vicon
[10.636s] DEBUG:colcon.colcon_core.event_handler.log_command:Invoking command in '/home/orinnano/SDK_ros2_ws/build/vicon': CMAKE_PREFIX_PATH=${CMAKE_PREFIX_PATH}:/opt/ros/humble:/home/orinnano/ros2_humble/install/rqt_bag_plugins:/home/orinnano/ros2_humble/install/rqt_bag:/home/orinnano/ros2_humble/install/ros2bag:/home/orinnano/ros2_humble/install/tracetools_test:/home/orinnano/ros2_humble/install/tracetools_launch:/home/orinnano/ros2_humble/install/topic_monitor:/home/orinnano/ros2_humble/install/tf2_tools:/home/orinnano/ros2_humble/install/examples_tf2_py:/home/orinnano/ros2_humble/install/tf2_ros_py:/home/orinnano/ros2_humble/install/sros2:/home/orinnano/ros2_humble/install/rqt_topic:/home/orinnano/ros2_humble/install/rqt_srv:/home/orinnano/ros2_humble/install/rqt_shell:/home/orinnano/ros2_humble/install/rqt_service_caller:/home/orinnano/ros2_humble/install/rqt_reconfigure:/home/orinnano/ros2_humble/install/rqt_py_console:/home/orinnano/ros2_humble/install/rqt_publisher:/home/orinnano/ros2_humble/install/rqt_plot:/home/orinnano/ros2_humble/install/rqt_action:/home/orinnano/ros2_humble/install/rqt_msg:/home/orinnano/ros2_humble/install/rqt_console:/home/orinnano/ros2_humble/install/rqt:/home/orinnano/ros2_humble/install/rqt_graph:/home/orinnano/ros2_humble/install/rqt_gui_py:/home/orinnano/ros2_humble/install/rqt_gui:/home/orinnano/ros2_humble/install/ros2trace:/home/orinnano/ros2_humble/install/ros2topic:/home/orinnano/ros2_humble/install/ros2test:/home/orinnano/ros2_humble/install/ros2component:/home/orinnano/ros2_humble/install/ros2param:/home/orinnano/ros2_humble/install/ros2lifecycle:/home/orinnano/ros2_humble/install/ros2service:/home/orinnano/ros2_humble/install/ros2run:/home/orinnano/ros2_humble/install/ros2launch:/home/orinnano/ros2_humble/install/ros2pkg:/home/orinnano/ros2_humble/install/ros2node:/home/orinnano/ros2_humble/install/ros2multicast:/home/orinnano/ros2_humble/install/ros2interface:/home/orinnano/ros2_humble/install/ros2doctor:/home/orinnano/ros2_humble/install/ros2action:/home/orinnano/ros2_humble/install/ros2cli:/home/orinnano/ros2_humble/install/quality_of_service_demo_py:/home/orinnano/ros2_humble/install/lifecycle_py:/home/orinnano/ros2_humble/install/launch_testing_ros:/home/orinnano/ros2_humble/install/launch_ros:/home/orinnano/ros2_humble/install/examples_rclpy_pointcloud_publisher:/home/orinnano/ros2_humble/install/examples_rclpy_minimal_subscriber:/home/orinnano/ros2_humble/install/examples_rclpy_minimal_service:/home/orinnano/ros2_humble/install/examples_rclpy_minimal_publisher:/home/orinnano/ros2_humble/install/examples_rclpy_minimal_client:/home/orinnano/ros2_humble/install/examples_rclpy_minimal_action_server:/home/orinnano/ros2_humble/install/examples_rclpy_minimal_action_client:/home/orinnano/ros2_humble/install/examples_rclpy_guard_conditions:/home/orinnano/ros2_humble/install/examples_rclpy_executors:/home/orinnano/ros2_humble/install/demo_nodes_py:/home/orinnano/ros2_humble/install/action_tutorials_py:/home/orinnano/ros2_humble/install/ament_uncrustify:/home/orinnano/ros2_humble/install/tracetools_trace:/home/orinnano/ros2_humble/install/tracetools_read:/home/orinnano/ros2_humble/install/test_tracetools_launch:/home/orinnano/ros2_humble/install/test_launch_ros:/home/orinnano/ros2_humble/install/sensor_msgs_py:/home/orinnano/ros2_humble/install/rpyutils:/home/orinnano/ros2_humble/install/rosidl_runtime_py:/home/orinnano/ros2_humble/install/rosidl_cli:/home/orinnano/ros2_humble/install/launch_pytest:/home/orinnano/ros2_humble/install/launch_testing:/home/orinnano/ros2_humble/install/launch_yaml:/home/orinnano/ros2_humble/install/launch_xml:/home/orinnano/ros2_humble/install/launch:/home/orinnano/ros2_humble/install/osrf_pycommon:/home/orinnano/ros2_humble/install/launch_testing_examples:/home/orinnano/ros2_humble/install/domain_coordinator:/home/orinnano/ros2_humble/install/ament_xmllint:/home/orinnano/ros2_humble/install/ament_pyflakes:/home/orinnano/ros2_humble/install/ament_pycodestyle:/home/orinnano/ros2_humble/install/ament_pep257:/home/orinnano/ros2_humble/install/ament_pclint:/home/orinnano/ros2_humble/install/ament_package:/home/orinnano/ros2_humble/install/ament_mypy:/home/orinnano/ros2_humble/install/ament_lint_cmake:/home/orinnano/ros2_humble/install/ament_flake8:/home/orinnano/ros2_humble/install/ament_copyright:/home/orinnano/ros2_humble/install/ament_lint:/home/orinnano/ros2_humble/install/ament_index_python:/home/orinnano/ros2_humble/install/ament_cpplint:/home/orinnano/ros2_humble/install/ament_cppcheck:/home/orinnano/ros2_humble/install/ament_clang_tidy:/home/orinnano/ros2_humble/install/ament_clang_format /usr/bin/cmake --build /home/orinnano/SDK_ros2_ws/build/vicon -- -j6 -l6
[29.902s] DEBUG:colcon.colcon_core.event_handler.log_command:Invoked command in '/home/orinnano/SDK_ros2_ws/build/vicon' returned '0': CMAKE_PREFIX_PATH=${CMAKE_PREFIX_PATH}:/opt/ros/humble:/home/orinnano/ros2_humble/install/rqt_bag_plugins:/home/orinnano/ros2_humble/install/rqt_bag:/home/orinnano/ros2_humble/install/ros2bag:/home/orinnano/ros2_humble/install/tracetools_test:/home/orinnano/ros2_humble/install/tracetools_launch:/home/orinnano/ros2_humble/install/topic_monitor:/home/orinnano/ros2_humble/install/tf2_tools:/home/orinnano/ros2_humble/install/examples_tf2_py:/home/orinnano/ros2_humble/install/tf2_ros_py:/home/orinnano/ros2_humble/install/sros2:/home/orinnano/ros2_humble/install/rqt_topic:/home/orinnano/ros2_humble/install/rqt_srv:/home/orinnano/ros2_humble/install/rqt_shell:/home/orinnano/ros2_humble/install/rqt_service_caller:/home/orinnano/ros2_humble/install/rqt_reconfigure:/home/orinnano/ros2_humble/install/rqt_py_console:/home/orinnano/ros2_humble/install/rqt_publisher:/home/orinnano/ros2_humble/install/rqt_plot:/home/orinnano/ros2_humble/install/rqt_action:/home/orinnano/ros2_humble/install/rqt_msg:/home/orinnano/ros2_humble/install/rqt_console:/home/orinnano/ros2_humble/install/rqt:/home/orinnano/ros2_humble/install/rqt_graph:/home/orinnano/ros2_humble/install/rqt_gui_py:/home/orinnano/ros2_humble/install/rqt_gui:/home/orinnano/ros2_humble/install/ros2trace:/home/orinnano/ros2_humble/install/ros2topic:/home/orinnano/ros2_humble/install/ros2test:/home/orinnano/ros2_humble/install/ros2component:/home/orinnano/ros2_humble/install/ros2param:/home/orinnano/ros2_humble/install/ros2lifecycle:/home/orinnano/ros2_humble/install/ros2service:/home/orinnano/ros2_humble/install/ros2run:/home/orinnano/ros2_humble/install/ros2launch:/home/orinnano/ros2_humble/install/ros2pkg:/home/orinnano/ros2_humble/install/ros2node:/home/orinnano/ros2_humble/install/ros2multicast:/home/orinnano/ros2_humble/install/ros2interface:/home/orinnano/ros2_humble/install/ros2doctor:/home/orinnano/ros2_humble/install/ros2action:/home/orinnano/ros2_humble/install/ros2cli:/home/orinnano/ros2_humble/install/quality_of_service_demo_py:/home/orinnano/ros2_humble/install/lifecycle_py:/home/orinnano/ros2_humble/install/launch_testing_ros:/home/orinnano/ros2_humble/install/launch_ros:/home/orinnano/ros2_humble/install/examples_rclpy_pointcloud_publisher:/home/orinnano/ros2_humble/install/examples_rclpy_minimal_subscriber:/home/orinnano/ros2_humble/install/examples_rclpy_minimal_service:/home/orinnano/ros2_humble/install/examples_rclpy_minimal_publisher:/home/orinnano/ros2_humble/install/examples_rclpy_minimal_client:/home/orinnano/ros2_humble/install/examples_rclpy_minimal_action_server:/home/orinnano/ros2_humble/install/examples_rclpy_minimal_action_client:/home/orinnano/ros2_humble/install/examples_rclpy_guard_conditions:/home/orinnano/ros2_humble/install/examples_rclpy_executors:/home/orinnano/ros2_humble/install/demo_nodes_py:/home/orinnano/ros2_humble/install/action_tutorials_py:/home/orinnano/ros2_humble/install/ament_uncrustify:/home/orinnano/ros2_humble/install/tracetools_trace:/home/orinnano/ros2_humble/install/tracetools_read:/home/orinnano/ros2_humble/install/test_tracetools_launch:/home/orinnano/ros2_humble/install/test_launch_ros:/home/orinnano/ros2_humble/install/sensor_msgs_py:/home/orinnano/ros2_humble/install/rpyutils:/home/orinnano/ros2_humble/install/rosidl_runtime_py:/home/orinnano/ros2_humble/install/rosidl_cli:/home/orinnano/ros2_humble/install/launch_pytest:/home/orinnano/ros2_humble/install/launch_testing:/home/orinnano/ros2_humble/install/launch_yaml:/home/orinnano/ros2_humble/install/launch_xml:/home/orinnano/ros2_humble/install/launch:/home/orinnano/ros2_humble/install/osrf_pycommon:/home/orinnano/ros2_humble/install/launch_testing_examples:/home/orinnano/ros2_humble/install/domain_coordinator:/home/orinnano/ros2_humble/install/ament_xmllint:/home/orinnano/ros2_humble/install/ament_pyflakes:/home/orinnano/ros2_humble/install/ament_pycodestyle:/home/orinnano/ros2_humble/install/ament_pep257:/home/orinnano/ros2_humble/install/ament_pclint:/home/orinnano/ros2_humble/install/ament_package:/home/orinnano/ros2_humble/install/ament_mypy:/home/orinnano/ros2_humble/install/ament_lint_cmake:/home/orinnano/ros2_humble/install/ament_flake8:/home/orinnano/ros2_humble/install/ament_copyright:/home/orinnano/ros2_humble/install/ament_lint:/home/orinnano/ros2_humble/install/ament_index_python:/home/orinnano/ros2_humble/install/ament_cpplint:/home/orinnano/ros2_humble/install/ament_cppcheck:/home/orinnano/ros2_humble/install/ament_clang_tidy:/home/orinnano/ros2_humble/install/ament_clang_format /usr/bin/cmake --build /home/orinnano/SDK_ros2_ws/build/vicon -- -j6 -l6
[30.245s] DEBUG:colcon.colcon_core.event_handler.log_command:Invoking command in '/home/orinnano/SDK_ros2_ws/build/vicon': CMAKE_PREFIX_PATH=${CMAKE_PREFIX_PATH}:/opt/ros/humble:/home/orinnano/ros2_humble/install/rqt_bag_plugins:/home/orinnano/ros2_humble/install/rqt_bag:/home/orinnano/ros2_humble/install/ros2bag:/home/orinnano/ros2_humble/install/tracetools_test:/home/orinnano/ros2_humble/install/tracetools_launch:/home/orinnano/ros2_humble/install/topic_monitor:/home/orinnano/ros2_humble/install/tf2_tools:/home/orinnano/ros2_humble/install/examples_tf2_py:/home/orinnano/ros2_humble/install/tf2_ros_py:/home/orinnano/ros2_humble/install/sros2:/home/orinnano/ros2_humble/install/rqt_topic:/home/orinnano/ros2_humble/install/rqt_srv:/home/orinnano/ros2_humble/install/rqt_shell:/home/orinnano/ros2_humble/install/rqt_service_caller:/home/orinnano/ros2_humble/install/rqt_reconfigure:/home/orinnano/ros2_humble/install/rqt_py_console:/home/orinnano/ros2_humble/install/rqt_publisher:/home/orinnano/ros2_humble/install/rqt_plot:/home/orinnano/ros2_humble/install/rqt_action:/home/orinnano/ros2_humble/install/rqt_msg:/home/orinnano/ros2_humble/install/rqt_console:/home/orinnano/ros2_humble/install/rqt:/home/orinnano/ros2_humble/install/rqt_graph:/home/orinnano/ros2_humble/install/rqt_gui_py:/home/orinnano/ros2_humble/install/rqt_gui:/home/orinnano/ros2_humble/install/ros2trace:/home/orinnano/ros2_humble/install/ros2topic:/home/orinnano/ros2_humble/install/ros2test:/home/orinnano/ros2_humble/install/ros2component:/home/orinnano/ros2_humble/install/ros2param:/home/orinnano/ros2_humble/install/ros2lifecycle:/home/orinnano/ros2_humble/install/ros2service:/home/orinnano/ros2_humble/install/ros2run:/home/orinnano/ros2_humble/install/ros2launch:/home/orinnano/ros2_humble/install/ros2pkg:/home/orinnano/ros2_humble/install/ros2node:/home/orinnano/ros2_humble/install/ros2multicast:/home/orinnano/ros2_humble/install/ros2interface:/home/orinnano/ros2_humble/install/ros2doctor:/home/orinnano/ros2_humble/install/ros2action:/home/orinnano/ros2_humble/install/ros2cli:/home/orinnano/ros2_humble/install/quality_of_service_demo_py:/home/orinnano/ros2_humble/install/lifecycle_py:/home/orinnano/ros2_humble/install/launch_testing_ros:/home/orinnano/ros2_humble/install/launch_ros:/home/orinnano/ros2_humble/install/examples_rclpy_pointcloud_publisher:/home/orinnano/ros2_humble/install/examples_rclpy_minimal_subscriber:/home/orinnano/ros2_humble/install/examples_rclpy_minimal_service:/home/orinnano/ros2_humble/install/examples_rclpy_minimal_publisher:/home/orinnano/ros2_humble/install/examples_rclpy_minimal_client:/home/orinnano/ros2_humble/install/examples_rclpy_minimal_action_server:/home/orinnano/ros2_humble/install/examples_rclpy_minimal_action_client:/home/orinnano/ros2_humble/install/examples_rclpy_guard_conditions:/home/orinnano/ros2_humble/install/examples_rclpy_executors:/home/orinnano/ros2_humble/install/demo_nodes_py:/home/orinnano/ros2_humble/install/action_tutorials_py:/home/orinnano/ros2_humble/install/ament_uncrustify:/home/orinnano/ros2_humble/install/tracetools_trace:/home/orinnano/ros2_humble/install/tracetools_read:/home/orinnano/ros2_humble/install/test_tracetools_launch:/home/orinnano/ros2_humble/install/test_launch_ros:/home/orinnano/ros2_humble/install/sensor_msgs_py:/home/orinnano/ros2_humble/install/rpyutils:/home/orinnano/ros2_humble/install/rosidl_runtime_py:/home/orinnano/ros2_humble/install/rosidl_cli:/home/orinnano/ros2_humble/install/launch_pytest:/home/orinnano/ros2_humble/install/launch_testing:/home/orinnano/ros2_humble/install/launch_yaml:/home/orinnano/ros2_humble/install/launch_xml:/home/orinnano/ros2_humble/install/launch:/home/orinnano/ros2_humble/install/osrf_pycommon:/home/orinnano/ros2_humble/install/launch_testing_examples:/home/orinnano/ros2_humble/install/domain_coordinator:/home/orinnano/ros2_humble/install/ament_xmllint:/home/orinnano/ros2_humble/install/ament_pyflakes:/home/orinnano/ros2_humble/install/ament_pycodestyle:/home/orinnano/ros2_humble/install/ament_pep257:/home/orinnano/ros2_humble/install/ament_pclint:/home/orinnano/ros2_humble/install/ament_package:/home/orinnano/ros2_humble/install/ament_mypy:/home/orinnano/ros2_humble/install/ament_lint_cmake:/home/orinnano/ros2_humble/install/ament_flake8:/home/orinnano/ros2_humble/install/ament_copyright:/home/orinnano/ros2_humble/install/ament_lint:/home/orinnano/ros2_humble/install/ament_index_python:/home/orinnano/ros2_humble/install/ament_cpplint:/home/orinnano/ros2_humble/install/ament_cppcheck:/home/orinnano/ros2_humble/install/ament_clang_tidy:/home/orinnano/ros2_humble/install/ament_clang_format /usr/bin/cmake --install /home/orinnano/SDK_ros2_ws/build/vicon
[30.300s] Level 1:colcon.colcon_core.environment:create_environment_scripts_only(vicon)
[30.301s] DEBUG:colcon.colcon_core.event_handler.log_command:Invoked command in '/home/orinnano/SDK_ros2_ws/build/vicon' returned '0': CMAKE_PREFIX_PATH=${CMAKE_PREFIX_PATH}:/opt/ros/humble:/home/orinnano/ros2_humble/install/rqt_bag_plugins:/home/orinnano/ros2_humble/install/rqt_bag:/home/orinnano/ros2_humble/install/ros2bag:/home/orinnano/ros2_humble/install/tracetools_test:/home/orinnano/ros2_humble/install/tracetools_launch:/home/orinnano/ros2_humble/install/topic_monitor:/home/orinnano/ros2_humble/install/tf2_tools:/home/orinnano/ros2_humble/install/examples_tf2_py:/home/orinnano/ros2_humble/install/tf2_ros_py:/home/orinnano/ros2_humble/install/sros2:/home/orinnano/ros2_humble/install/rqt_topic:/home/orinnano/ros2_humble/install/rqt_srv:/home/orinnano/ros2_humble/install/rqt_shell:/home/orinnano/ros2_humble/install/rqt_service_caller:/home/orinnano/ros2_humble/install/rqt_reconfigure:/home/orinnano/ros2_humble/install/rqt_py_console:/home/orinnano/ros2_humble/install/rqt_publisher:/home/orinnano/ros2_humble/install/rqt_plot:/home/orinnano/ros2_humble/install/rqt_action:/home/orinnano/ros2_humble/install/rqt_msg:/home/orinnano/ros2_humble/install/rqt_console:/home/orinnano/ros2_humble/install/rqt:/home/orinnano/ros2_humble/install/rqt_graph:/home/orinnano/ros2_humble/install/rqt_gui_py:/home/orinnano/ros2_humble/install/rqt_gui:/home/orinnano/ros2_humble/install/ros2trace:/home/orinnano/ros2_humble/install/ros2topic:/home/orinnano/ros2_humble/install/ros2test:/home/orinnano/ros2_humble/install/ros2component:/home/orinnano/ros2_humble/install/ros2param:/home/orinnano/ros2_humble/install/ros2lifecycle:/home/orinnano/ros2_humble/install/ros2service:/home/orinnano/ros2_humble/install/ros2run:/home/orinnano/ros2_humble/install/ros2launch:/home/orinnano/ros2_humble/install/ros2pkg:/home/orinnano/ros2_humble/install/ros2node:/home/orinnano/ros2_humble/install/ros2multicast:/home/orinnano/ros2_humble/install/ros2interface:/home/orinnano/ros2_humble/install/ros2doctor:/home/orinnano/ros2_humble/install/ros2action:/home/orinnano/ros2_humble/install/ros2cli:/home/orinnano/ros2_humble/install/quality_of_service_demo_py:/home/orinnano/ros2_humble/install/lifecycle_py:/home/orinnano/ros2_humble/install/launch_testing_ros:/home/orinnano/ros2_humble/install/launch_ros:/home/orinnano/ros2_humble/install/examples_rclpy_pointcloud_publisher:/home/orinnano/ros2_humble/install/examples_rclpy_minimal_subscriber:/home/orinnano/ros2_humble/install/examples_rclpy_minimal_service:/home/orinnano/ros2_humble/install/examples_rclpy_minimal_publisher:/home/orinnano/ros2_humble/install/examples_rclpy_minimal_client:/home/orinnano/ros2_humble/install/examples_rclpy_minimal_action_server:/home/orinnano/ros2_humble/install/examples_rclpy_minimal_action_client:/home/orinnano/ros2_humble/install/examples_rclpy_guard_conditions:/home/orinnano/ros2_humble/install/examples_rclpy_executors:/home/orinnano/ros2_humble/install/demo_nodes_py:/home/orinnano/ros2_humble/install/action_tutorials_py:/home/orinnano/ros2_humble/install/ament_uncrustify:/home/orinnano/ros2_humble/install/tracetools_trace:/home/orinnano/ros2_humble/install/tracetools_read:/home/orinnano/ros2_humble/install/test_tracetools_launch:/home/orinnano/ros2_humble/install/test_launch_ros:/home/orinnano/ros2_humble/install/sensor_msgs_py:/home/orinnano/ros2_humble/install/rpyutils:/home/orinnano/ros2_humble/install/rosidl_runtime_py:/home/orinnano/ros2_humble/install/rosidl_cli:/home/orinnano/ros2_humble/install/launch_pytest:/home/orinnano/ros2_humble/install/launch_testing:/home/orinnano/ros2_humble/install/launch_yaml:/home/orinnano/ros2_humble/install/launch_xml:/home/orinnano/ros2_humble/install/launch:/home/orinnano/ros2_humble/install/osrf_pycommon:/home/orinnano/ros2_humble/install/launch_testing_examples:/home/orinnano/ros2_humble/install/domain_coordinator:/home/orinnano/ros2_humble/install/ament_xmllint:/home/orinnano/ros2_humble/install/ament_pyflakes:/home/orinnano/ros2_humble/install/ament_pycodestyle:/home/orinnano/ros2_humble/install/ament_pep257:/home/orinnano/ros2_humble/install/ament_pclint:/home/orinnano/ros2_humble/install/ament_package:/home/orinnano/ros2_humble/install/ament_mypy:/home/orinnano/ros2_humble/install/ament_lint_cmake:/home/orinnano/ros2_humble/install/ament_flake8:/home/orinnano/ros2_humble/install/ament_copyright:/home/orinnano/ros2_humble/install/ament_lint:/home/orinnano/ros2_humble/install/ament_index_python:/home/orinnano/ros2_humble/install/ament_cpplint:/home/orinnano/ros2_humble/install/ament_cppcheck:/home/orinnano/ros2_humble/install/ament_clang_tidy:/home/orinnano/ros2_humble/install/ament_clang_format /usr/bin/cmake --install /home/orinnano/SDK_ros2_ws/build/vicon
[30.321s] Level 1:colcon.colcon_core.environment:checking '/home/orinnano/SDK_ros2_ws/install/vicon' for CMake module files
[30.322s] Level 1:colcon.colcon_core.environment:checking '/home/orinnano/SDK_ros2_ws/install/vicon' for CMake config files
[30.323s] Level 1:colcon.colcon_core.shell:create_environment_hook('vicon', 'cmake_prefix_path')
[30.324s] INFO:colcon.colcon_core.shell:Creating environment hook '/home/orinnano/SDK_ros2_ws/install/vicon/share/vicon/hook/cmake_prefix_path.ps1'
[30.326s] INFO:colcon.colcon_core.shell:Creating environment descriptor '/home/orinnano/SDK_ros2_ws/install/vicon/share/vicon/hook/cmake_prefix_path.dsv'
[30.328s] INFO:colcon.colcon_core.shell:Creating environment hook '/home/orinnano/SDK_ros2_ws/install/vicon/share/vicon/hook/cmake_prefix_path.sh'
[30.331s] Level 1:colcon.colcon_core.environment:checking '/home/orinnano/SDK_ros2_ws/install/vicon/lib'
[30.331s] Level 1:colcon.colcon_core.environment:checking '/home/orinnano/SDK_ros2_ws/install/vicon/bin'
[30.332s] Level 1:colcon.colcon_core.environment:checking '/home/orinnano/SDK_ros2_ws/install/vicon/lib/pkgconfig/vicon.pc'
[30.332s] Level 1:colcon.colcon_core.environment:checking '/home/orinnano/SDK_ros2_ws/install/vicon/lib/python3.10/site-packages'
[30.332s] Level 1:colcon.colcon_core.environment:checking '/home/orinnano/SDK_ros2_ws/install/vicon/bin'
[30.333s] INFO:colcon.colcon_core.shell:Creating package script '/home/orinnano/SDK_ros2_ws/install/vicon/share/vicon/package.ps1'
[30.336s] INFO:colcon.colcon_core.shell:Creating package descriptor '/home/orinnano/SDK_ros2_ws/install/vicon/share/vicon/package.dsv'
[30.337s] INFO:colcon.colcon_core.shell:Creating package script '/home/orinnano/SDK_ros2_ws/install/vicon/share/vicon/package.sh'
[30.339s] INFO:colcon.colcon_core.shell:Creating package script '/home/orinnano/SDK_ros2_ws/install/vicon/share/vicon/package.bash'
[30.341s] INFO:colcon.colcon_core.shell:Creating package script '/home/orinnano/SDK_ros2_ws/install/vicon/share/vicon/package.zsh'
[30.343s] Level 1:colcon.colcon_core.environment:create_file_with_runtime_dependencies(/home/orinnano/SDK_ros2_ws/install/vicon/share/colcon-core/packages/vicon)
[30.618s] Level 1:colcon.colcon_core.environment:create_environment_scripts_only(vicon)
[30.618s] Level 1:colcon.colcon_core.environment:checking '/home/orinnano/SDK_ros2_ws/install/vicon' for CMake module files
[30.619s] Level 1:colcon.colcon_core.environment:checking '/home/orinnano/SDK_ros2_ws/install/vicon' for CMake config files
[30.620s] Level 1:colcon.colcon_core.shell:create_environment_hook('vicon', 'cmake_prefix_path')
[30.620s] INFO:colcon.colcon_core.shell:Creating environment hook '/home/orinnano/SDK_ros2_ws/install/vicon/share/vicon/hook/cmake_prefix_path.ps1'
[30.621s] INFO:colcon.colcon_core.shell:Creating environment descriptor '/home/orinnano/SDK_ros2_ws/install/vicon/share/vicon/hook/cmake_prefix_path.dsv'
[30.622s] INFO:colcon.colcon_core.shell:Creating environment hook '/home/orinnano/SDK_ros2_ws/install/vicon/share/vicon/hook/cmake_prefix_path.sh'
[30.624s] Level 1:colcon.colcon_core.environment:checking '/home/orinnano/SDK_ros2_ws/install/vicon/lib'
[30.624s] Level 1:colcon.colcon_core.environment:checking '/home/orinnano/SDK_ros2_ws/install/vicon/bin'
[30.625s] Level 1:colcon.colcon_core.environment:checking '/home/orinnano/SDK_ros2_ws/install/vicon/lib/pkgconfig/vicon.pc'
[30.626s] Level 1:colcon.colcon_core.environment:checking '/home/orinnano/SDK_ros2_ws/install/vicon/lib/python3.10/site-packages'
[30.626s] Level 1:colcon.colcon_core.environment:checking '/home/orinnano/SDK_ros2_ws/install/vicon/bin'
[30.628s] INFO:colcon.colcon_core.shell:Creating package script '/home/orinnano/SDK_ros2_ws/install/vicon/share/vicon/package.ps1'
[30.629s] INFO:colcon.colcon_core.shell:Creating package descriptor '/home/orinnano/SDK_ros2_ws/install/vicon/share/vicon/package.dsv'
[30.631s] INFO:colcon.colcon_core.shell:Creating package script '/home/orinnano/SDK_ros2_ws/install/vicon/share/vicon/package.sh'
[30.633s] INFO:colcon.colcon_core.shell:Creating package script '/home/orinnano/SDK_ros2_ws/install/vicon/share/vicon/package.bash'
[30.633s] INFO:colcon.colcon_core.shell:Creating package script '/home/orinnano/SDK_ros2_ws/install/vicon/share/vicon/package.zsh'
[30.634s] Level 1:colcon.colcon_core.environment:create_file_with_runtime_dependencies(/home/orinnano/SDK_ros2_ws/install/vicon/share/colcon-core/packages/vicon)
[30.635s] DEBUG:colcon.colcon_parallel_executor.executor.parallel:closing loop
[30.636s] DEBUG:colcon.colcon_parallel_executor.executor.parallel:loop closed
[30.636s] DEBUG:colcon.colcon_parallel_executor.executor.parallel:run_until_complete finished with '0'
[30.637s] DEBUG:colcon.colcon_core.event_reactor:joining thread
[30.678s] INFO:colcon.colcon_core.plugin_system:Skipping extension 'colcon_notification.desktop_notification.terminal_notifier': Not used on non-Darwin systems
[30.678s] INFO:colcon.colcon_core.plugin_system:Skipping extension 'colcon_notification.desktop_notification.win32': Not used on non-Windows systems
[30.678s] INFO:colcon.colcon_notification.desktop_notification:Sending desktop notification using 'notify2'
[30.715s] DEBUG:colcon.colcon_core.event_reactor:joined thread
[30.716s] INFO:colcon.colcon_core.shell:Creating prefix script '/home/orinnano/SDK_ros2_ws/install/local_setup.ps1'
[30.719s] INFO:colcon.colcon_core.shell:Creating prefix util module '/home/orinnano/SDK_ros2_ws/install/_local_setup_util_ps1.py'
[30.723s] INFO:colcon.colcon_core.shell:Creating prefix chain script '/home/orinnano/SDK_ros2_ws/install/setup.ps1'
[30.760s] INFO:colcon.colcon_core.shell:Creating prefix script '/home/orinnano/SDK_ros2_ws/install/local_setup.sh'
[30.761s] INFO:colcon.colcon_core.shell:Creating prefix util module '/home/orinnano/SDK_ros2_ws/install/_local_setup_util_sh.py'
[30.762s] INFO:colcon.colcon_core.shell:Creating prefix chain script '/home/orinnano/SDK_ros2_ws/install/setup.sh'
[30.794s] INFO:colcon.colcon_core.shell:Creating prefix script '/home/orinnano/SDK_ros2_ws/install/local_setup.bash'
[30.795s] INFO:colcon.colcon_core.shell:Creating prefix chain script '/home/orinnano/SDK_ros2_ws/install/setup.bash'
[30.824s] INFO:colcon.colcon_core.shell:Creating prefix script '/home/orinnano/SDK_ros2_ws/install/local_setup.zsh'
[30.825s] INFO:colcon.colcon_core.shell:Creating prefix chain script '/home/orinnano/SDK_ros2_ws/install/setup.zsh'
