[  2%] Built target vrpn_atmel
[  3%] Built target quat
[  5%] Built target gpsnmea
[  5%] Built target vrpn_timecode_generator
[ 15%] Built target vrpn
[ 60%] Built target vrpnserver
[ 60%] Built target add_vrpn_cookie
[ 61%] Built target forwarderClient
[ 62%] Built target forcedevice_test_client
[ 63%] Built target ff_client
[ 64%] Built target clock_drift_estimator
[ 65%] Built target bdbox_client
[ 65%] Built target phan_client
[ 66%] Built target printcereal
[ 67%] Built target sphere_client
[ 68%] Built target printvals
[ 69%] Built target sound_client
[ 69%] Built target testSharedObject
[ 69%] Built target test_imager
[ 70%] Built target test_Zaber
[ 70%] Built target test_mutex
[ 71%] Built target tracker_to_poser
[ 72%] Built target text
[ 73%] Built target vrpn_LamportClock
[ 74%] Built target checklogfile
[ 74%] Built target vrpn_ping
[ 75%] Built target logfilesenders
[ 76%] Built target vrpn_average_analogs
[ 77%] Built target logfiletypes
[ 78%] Built target vrpn_print_devices
[ 78%] Built target vrpn_print_performance
[ 79%] Built target vrpn_log_devices
[ 80%] Built target run_auxiliary_logger
[ 81%] Built target c_interface_example
[ 82%] Built target vrpn_print_messages
[ 82%] Built target client_and_server
[ 83%] Built target vrpn_server
[ 83%] Built target last_of_sequence
[ 83%] Built target sample_server
[ 83%] Built target test_analogfly
[ 84%] Built target testSharedObjectServer
[ 85%] Built target sample_analog
[ 85%] Built target forward
[ 86%] Built target test_auxiliary_logger
[ 87%] Built target test_freespace
[ 88%] Built target test_logging
[ 89%] Built target test_loopback
[ 90%] Built target test_peerMutex
[ 91%] Built target test_mutexServer
[ 91%] Built target test_radamec_spi
[ 92%] Built target test_vrpn
[ 92%] Built target testimager_server
[ 93%] Built target test_rumble
[ 94%] Built target textServer
[ 95%] Built target vrpn_streamPrint
[100%] Built target vrpn-python
[100%] Built target time_test
