[0.228s] Invoking command in '/home/orinnano/SDK_ros2_ws/build/VRPN': NX_CONNECTION=192.168.0.100 65359 192.168.0.104 4000 /usr/bin/cmake --build /home/orinnano/SDK_ros2_ws/build/VRPN -- -j6 -l6
[0.665s] [  2%] Built target vrpn_atmel
[0.699s] [  3%] Built target quat
[0.708s] [  5%] Built target gpsnmea
[0.737s] [  5%] Built target vrpn_timecode_generator
[0.984s] [ 15%] Built target vrpn
[1.158s] [ 60%] Built target vrpnserver
[1.488s] [ 60%] Built target add_vrpn_cookie
[1.525s] [ 61%] Built target forwarderClient
[1.549s] [ 62%] Built target forcedevice_test_client
[1.580s] [ 63%] Built target ff_client
[1.599s] [ 64%] Built target clock_drift_estimator
[1.677s] [ 65%] Built target bdbox_client
[1.794s] [ 65%] Built target phan_client
[1.964s] [ 66%] Built target printcereal
[1.981s] [ 67%] Built target sphere_client
[1.994s] [ 68%] Built target printvals
[2.001s] [ 69%] Built target sound_client
[2.176s] [ 69%] Built target testSharedObject
[2.272s] [ 69%] Built target test_imager
[2.295s] [ 70%] Built target test_Zaber
[2.332s] [ 70%] Built target test_mutex
[2.347s] [ 71%] Built target tracker_to_poser
[2.426s] [ 72%] Built target text
[2.589s] [ 73%] Built target vrpn_LamportClock
[2.628s] [ 74%] Built target checklogfile
[2.639s] [ 74%] Built target vrpn_ping
[2.712s] [ 75%] Built target logfilesenders
[2.758s] [ 76%] Built target vrpn_average_analogs
[2.759s] [ 77%] Built target logfiletypes
[2.816s] [ 78%] Built target vrpn_print_devices
[2.884s] [ 78%] Built target vrpn_print_performance
[2.941s] [ 79%] Built target vrpn_log_devices
[3.024s] [ 80%] Built target run_auxiliary_logger
[3.060s] [ 81%] Built target c_interface_example
[3.081s] [ 82%] Built target vrpn_print_messages
[3.086s] [ 82%] Built target client_and_server
[3.142s] [ 83%] Built target vrpn_server
[3.221s] [ 83%] Built target last_of_sequence
[3.333s] [ 83%] Built target sample_server
[3.391s] [ 83%] Built target test_analogfly
[3.452s] [ 84%] Built target testSharedObjectServer
[3.458s] [ 85%] Built target sample_analog
[3.476s] [ 85%] Built target forward
[3.627s] [ 86%] Built target test_auxiliary_logger
[3.633s] [ 87%] Built target test_freespace
[3.680s] [ 88%] Built target test_logging
[3.701s] [ 89%] Built target test_loopback
[3.764s] [ 90%] Built target test_peerMutex
[3.767s] [ 91%] Built target test_mutexServer
[3.863s] [ 91%] Built target test_radamec_spi
[3.917s] [ 92%] Built target test_vrpn
[3.935s] [ 92%] Built target testimager_server
[3.950s] [ 93%] Built target test_rumble
[3.978s] [ 94%] Built target textServer
[3.982s] [ 95%] Built target vrpn_streamPrint
[4.175s] [100%] Built target vrpn-python
[4.222s] [100%] Built target time_test
[4.223s] Invoked command in '/home/orinnano/SDK_ros2_ws/build/VRPN' returned '0': NX_CONNECTION=192.168.0.100 65359 192.168.0.104 4000 /usr/bin/cmake --build /home/orinnano/SDK_ros2_ws/build/VRPN -- -j6 -l6
