-- The C compiler identification is GNU 11.4.0
-- The CXX compiler identification is GNU 11.4.0
-- Detecting C compiler ABI info
-- Detecting C compiler ABI info - done
-- Check for working C compiler: /usr/bin/cc - skipped
-- Detecting C compile features
-- Detecting C compile features - done
-- Detecting CXX compiler ABI info
-- Detecting CXX compiler ABI info - done
-- Check for working CXX compiler: /usr/bin/c++ - skipped
-- Detecting CXX compile features
-- Detecting CXX compile features - done
-- Found ament_cmake: 1.3.9 (/home/orinnano/ros2_humble/install/ament_cmake/share/ament_cmake/cmake)
-- Found Python3: /usr/bin/python3 (found version "3.10.12") found components: Interpreter 
-- Found rclcpp: 16.0.9 (/home/orinnano/ros2_humble/install/rclcpp/share/rclcpp/cmake)
-- Found rosidl_generator_c: 3.1.5 (/home/orinnano/ros2_humble/install/rosidl_generator_c/share/rosidl_generator_c/cmake)
-- Found rosidl_adapter: 3.1.5 (/home/orinnano/ros2_humble/install/rosidl_adapter/share/rosidl_adapter/cmake)
-- Found rosidl_generator_cpp: 3.1.5 (/home/orinnano/ros2_humble/install/rosidl_generator_cpp/share/rosidl_generator_cpp/cmake)
-- Using all available rosidl_typesupport_c: rosidl_typesupport_fastrtps_c;rosidl_typesupport_introspection_c
-- Using all available rosidl_typesupport_cpp: rosidl_typesupport_fastrtps_cpp;rosidl_typesupport_introspection_cpp
-- Found rmw_implementation_cmake: 6.1.2 (/home/orinnano/ros2_humble/install/rmw_implementation_cmake/share/rmw_implementation_cmake/cmake)
-- Found rmw_fastrtps_cpp: 6.2.6 (/home/orinnano/ros2_humble/install/rmw_fastrtps_cpp/share/rmw_fastrtps_cpp/cmake)
-- Found OpenSSL: /usr/lib/aarch64-linux-gnu/libcrypto.so (found version "3.0.2")  
-- Found FastRTPS: /home/orinnano/ros2_humble/install/fastrtps/include  
-- Using RMW implementation 'rmw_fastrtps_cpp' as default
-- Looking for pthread.h
-- Looking for pthread.h - found
-- Performing Test CMAKE_HAVE_LIBC_PTHREAD
-- Performing Test CMAKE_HAVE_LIBC_PTHREAD - Success
-- Found Threads: TRUE  
-- Found rclcpp_components: 16.0.9 (/home/orinnano/ros2_humble/install/rclcpp_components/share/rclcpp_components/cmake)
-- Found pluginlib: 5.1.0 (/home/orinnano/ros2_humble/install/pluginlib/share/pluginlib/cmake)
-- Found message_filters: 4.3.4 (/home/orinnano/ros2_humble/install/message_filters/share/message_filters/cmake)
-- Found mavros: 2.8.0 (/home/orinnano/SDK_ros2_ws/install/mavros/share/mavros/cmake)
-- Found libmavconn: 2.8.0 (/home/orinnano/SDK_ros2_ws/install/libmavconn/share/libmavconn/cmake)
-- Found Eigen3: TRUE (found version "3.4.0") 
-- Found yaml_cpp_vendor: 8.0.2 (/home/orinnano/ros2_humble/install/yaml_cpp_vendor/share/yaml_cpp_vendor/cmake)
-- Found GeographicLib: /usr/lib/aarch64-linux-gnu  
-- Found angles: 1.15.0 (/opt/ros/humble/share/angles/cmake)
-- Found eigen_stl_containers: 1.0.0 (/opt/ros/humble/share/eigen_stl_containers/cmake)
-- Found tf2_eigen: 0.25.7 (/home/orinnano/ros2_humble/install/tf2_eigen/share/tf2_eigen/cmake)
-- Found urdf: 2.6.0 (/home/orinnano/ros2_humble/install/urdf/share/urdf/cmake)
-- Found diagnostic_msgs: 4.2.4 (/home/orinnano/ros2_humble/install/diagnostic_msgs/share/diagnostic_msgs/cmake)
-- Found diagnostic_updater: 3.1.2 (/opt/ros/humble/share/diagnostic_updater/cmake)
-- Found geographic_msgs: 1.0.6 (/opt/ros/humble/share/geographic_msgs/cmake)
-- Found mavros_msgs: 2.8.0 (/home/orinnano/SDK_ros2_ws/install/mavros_msgs/share/mavros_msgs/cmake)
-- Found nav_msgs: 4.2.4 (/home/orinnano/ros2_humble/install/nav_msgs/share/nav_msgs/cmake)
-- Found std_srvs: 4.2.4 (/home/orinnano/ros2_humble/install/std_srvs/share/std_srvs/cmake)
-- Found trajectory_msgs: 4.2.4 (/home/orinnano/ros2_humble/install/trajectory_msgs/share/trajectory_msgs/cmake)
-- Found visualization_msgs: 4.2.4 (/home/orinnano/ros2_humble/install/visualization_msgs/share/visualization_msgs/cmake)
-- Found ament_cmake_gtest: 1.3.9 (/home/orinnano/ros2_humble/install/ament_cmake_gtest/share/ament_cmake_gtest/cmake)
-- Found ament_cmake_gmock: 1.3.9 (/home/orinnano/ros2_humble/install/ament_cmake_gmock/share/ament_cmake_gmock/cmake)
-- Found ament_lint_auto: 0.12.11 (/home/orinnano/ros2_humble/install/ament_lint_auto/share/ament_lint_auto/cmake)
-- Added test 'cppcheck' to perform static code analysis on C / C++ code
-- Configured cppcheck include dirs: $<BUILD_INTERFACE:/home/orinnano/SDK_ros2_ws/src/mavros/mavros_extras/include>
-- Configured cppcheck exclude dirs and/or files: 
-- Added test 'cpplint' to check C / C++ code against the Google style
-- Configured cpplint exclude dirs and/or files: 
-- Added test 'lint_cmake' to check CMake code style
-- Added test 'uncrustify' to check C / C++ code style
-- Configured uncrustify additional arguments: 
-- Added test 'xmllint' to check XML markup files
-- Configuring done
-- Generating done
-- Build files have been written to: /home/orinnano/SDK_ros2_ws/build/mavros_extras
[  2%] [32mBuilding CXX object CMakeFiles/servo_state_publisher.dir/rclcpp_components/node_main_servo_state_publisher.cpp.o[0m
[  4%] [32mBuilding CXX object CMakeFiles/mavros_extras.dir/src/lib/servo_state_publisher.cpp.o[0m
[  7%] [32mBuilding CXX object CMakeFiles/mavros_extras_plugins.dir/src/plugins/3dr_radio.cpp.o[0m
[  9%] [32mBuilding CXX object CMakeFiles/mavros_extras_plugins.dir/src/plugins/cam_imu_sync.cpp.o[0m
[ 11%] [32mBuilding CXX object CMakeFiles/mavros_extras_plugins.dir/src/plugins/adsb.cpp.o[0m
[ 14%] [32mBuilding CXX object CMakeFiles/mavros_extras_plugins.dir/src/plugins/camera.cpp.o[0m
[ 16%] [32m[1mLinking CXX executable servo_state_publisher[0m
[ 16%] Built target servo_state_publisher
[ 19%] [32mBuilding CXX object CMakeFiles/mavros_extras_plugins.dir/src/plugins/cellular_status.cpp.o[0m
[ 21%] [32mBuilding CXX object CMakeFiles/mavros_extras_plugins.dir/src/plugins/companion_process_status.cpp.o[0m
[ 23%] [32mBuilding CXX object CMakeFiles/mavros_extras_plugins.dir/src/plugins/debug_value.cpp.o[0m
[ 26%] [32mBuilding CXX object CMakeFiles/mavros_extras_plugins.dir/src/plugins/distance_sensor.cpp.o[0m
[ 28%] [32m[1mLinking CXX shared library libmavros_extras.so[0m
[ 30%] [32mBuilding CXX object CMakeFiles/mavros_extras_plugins.dir/src/plugins/esc_status.cpp.o[0m
[ 30%] Built target mavros_extras
[ 33%] [32mBuilding CXX object CMakeFiles/mavros_extras_plugins.dir/src/plugins/esc_telemetry.cpp.o[0m
[ 35%] [32mBuilding CXX object CMakeFiles/mavros_extras_plugins.dir/src/plugins/fake_gps.cpp.o[0m
[ 38%] [32mBuilding CXX object CMakeFiles/mavros_extras_plugins.dir/src/plugins/gimbal_control.cpp.o[0m
[ 40%] [32mBuilding CXX object CMakeFiles/mavros_extras_plugins.dir/src/plugins/gps_input.cpp.o[0m
[ 42%] [32mBuilding CXX object CMakeFiles/mavros_extras_plugins.dir/src/plugins/gps_rtk.cpp.o[0m
[ 45%] [32mBuilding CXX object CMakeFiles/mavros_extras_plugins.dir/src/plugins/gps_status.cpp.o[0m
[ 47%] [32mBuilding CXX object CMakeFiles/mavros_extras_plugins.dir/src/plugins/guided_target.cpp.o[0m
[ 50%] [32mBuilding CXX object CMakeFiles/mavros_extras_plugins.dir/src/plugins/hil.cpp.o[0m
[ 52%] [32mBuilding CXX object CMakeFiles/mavros_extras_plugins.dir/src/plugins/landing_target.cpp.o[0m
[ 54%] [32mBuilding CXX object CMakeFiles/mavros_extras_plugins.dir/src/plugins/log_transfer.cpp.o[0m
[ 57%] [32mBuilding CXX object CMakeFiles/mavros_extras_plugins.dir/src/plugins/mag_calibration_status.cpp.o[0m
[ 59%] [32mBuilding CXX object CMakeFiles/mavros_extras_plugins.dir/src/plugins/mocap_pose_estimate.cpp.o[0m
[ 61%] [32mBuilding CXX object CMakeFiles/mavros_extras_plugins.dir/src/plugins/mount_control.cpp.o[0m
[ 64%] [32mBuilding CXX object CMakeFiles/mavros_extras_plugins.dir/src/plugins/obstacle_distance.cpp.o[0m
[ 66%] [32mBuilding CXX object CMakeFiles/mavros_extras_plugins.dir/src/plugins/odom.cpp.o[0m
[ 69%] [32mBuilding CXX object CMakeFiles/mavros_extras_plugins.dir/src/plugins/play_tune.cpp.o[0m
[ 71%] [32mBuilding CXX object CMakeFiles/mavros_extras_plugins.dir/src/plugins/px4flow.cpp.o[0m
[ 73%] [32mBuilding CXX object CMakeFiles/mavros_extras_plugins.dir/src/plugins/optical_flow.cpp.o[0m
[ 76%] [32mBuilding CXX object CMakeFiles/mavros_extras_plugins.dir/src/plugins/onboard_computer_status.cpp.o[0m
[ 78%] [32mBuilding CXX object CMakeFiles/mavros_extras_plugins.dir/src/plugins/rangefinder.cpp.o[0m
[ 80%] [32mBuilding CXX object CMakeFiles/mavros_extras_plugins.dir/src/plugins/terrain.cpp.o[0m
[ 83%] [32mBuilding CXX object CMakeFiles/mavros_extras_plugins.dir/src/plugins/trajectory.cpp.o[0m
[ 85%] [32mBuilding CXX object CMakeFiles/mavros_extras_plugins.dir/src/plugins/tunnel.cpp.o[0m
[ 88%] [32mBuilding CXX object CMakeFiles/mavros_extras_plugins.dir/src/plugins/vfr_hud.cpp.o[0m
[ 90%] [32mBuilding CXX object CMakeFiles/mavros_extras_plugins.dir/src/plugins/vibration.cpp.o[0m
[ 92%] [32mBuilding CXX object CMakeFiles/mavros_extras_plugins.dir/src/plugins/vision_pose_estimate.cpp.o[0m
[ 95%] [32mBuilding CXX object CMakeFiles/mavros_extras_plugins.dir/src/plugins/vision_speed_estimate.cpp.o[0m
[ 97%] [32mBuilding CXX object CMakeFiles/mavros_extras_plugins.dir/src/plugins/wheel_odometry.cpp.o[0m
[100%] [32m[1mLinking CXX shared library libmavros_extras_plugins.so[0m
[100%] Built target mavros_extras_plugins
-- Install configuration: ""
-- Installing: /home/orinnano/SDK_ros2_ws/install/mavros_extras/share/mavros_extras/mavros_plugins.xml
-- Installing: /home/orinnano/SDK_ros2_ws/install/mavros_extras/lib/mavros_extras/servo_state_publisher
-- Set runtime path of "/home/orinnano/SDK_ros2_ws/install/mavros_extras/lib/mavros_extras/servo_state_publisher" to ""
-- Installing: /home/orinnano/SDK_ros2_ws/install/mavros_extras/lib/libmavros_extras.so
-- Set runtime path of "/home/orinnano/SDK_ros2_ws/install/mavros_extras/lib/libmavros_extras.so" to ""
-- Installing: /home/orinnano/SDK_ros2_ws/install/mavros_extras/lib/libmavros_extras_plugins.so
-- Set runtime path of "/home/orinnano/SDK_ros2_ws/install/mavros_extras/lib/libmavros_extras_plugins.so" to ""
-- Installing: /home/orinnano/SDK_ros2_ws/install/mavros_extras/include
-- Installing: /home/orinnano/SDK_ros2_ws/install/mavros_extras/include/mavros_extras
-- Installing: /home/orinnano/SDK_ros2_ws/install/mavros_extras/include/mavros_extras/servo_state_publisher.hpp
-- Installing: /home/orinnano/SDK_ros2_ws/install/mavros_extras/share/mavros_extras/launch
-- Installing: /home/orinnano/SDK_ros2_ws/install/mavros_extras/share/mavros_extras/launch/px4flow_pluginlists.yaml
-- Installing: /home/orinnano/SDK_ros2_ws/install/mavros_extras/share/mavros_extras/launch/px4flow_config.yaml
-- Installing: /home/orinnano/SDK_ros2_ws/install/mavros_extras/share/mavros_extras/launch/px4flow.launch
-- Installing: /home/orinnano/SDK_ros2_ws/install/mavros_extras/share/mavros_extras/launch/servo_state_publisher.yaml
-- Installing: /home/orinnano/SDK_ros2_ws/install/mavros_extras/share/mavros_extras/environment/library_path.sh
-- Installing: /home/orinnano/SDK_ros2_ws/install/mavros_extras/share/mavros_extras/environment/library_path.dsv
-- Installing: /home/orinnano/SDK_ros2_ws/install/mavros_extras/share/ament_index/resource_index/package_run_dependencies/mavros_extras
-- Installing: /home/orinnano/SDK_ros2_ws/install/mavros_extras/share/ament_index/resource_index/parent_prefix_path/mavros_extras
-- Installing: /home/orinnano/SDK_ros2_ws/install/mavros_extras/share/mavros_extras/environment/ament_prefix_path.sh
-- Installing: /home/orinnano/SDK_ros2_ws/install/mavros_extras/share/mavros_extras/environment/ament_prefix_path.dsv
-- Installing: /home/orinnano/SDK_ros2_ws/install/mavros_extras/share/mavros_extras/environment/path.sh
-- Installing: /home/orinnano/SDK_ros2_ws/install/mavros_extras/share/mavros_extras/environment/path.dsv
-- Installing: /home/orinnano/SDK_ros2_ws/install/mavros_extras/share/mavros_extras/local_setup.bash
-- Installing: /home/orinnano/SDK_ros2_ws/install/mavros_extras/share/mavros_extras/local_setup.sh
-- Installing: /home/orinnano/SDK_ros2_ws/install/mavros_extras/share/mavros_extras/local_setup.zsh
-- Installing: /home/orinnano/SDK_ros2_ws/install/mavros_extras/share/mavros_extras/local_setup.dsv
-- Installing: /home/orinnano/SDK_ros2_ws/install/mavros_extras/share/mavros_extras/package.dsv
-- Installing: /home/orinnano/SDK_ros2_ws/install/mavros_extras/share/ament_index/resource_index/packages/mavros_extras
-- Installing: /home/orinnano/SDK_ros2_ws/install/mavros_extras/share/ament_index/resource_index/mavros__pluginlib__plugin/mavros_extras
-- Installing: /home/orinnano/SDK_ros2_ws/install/mavros_extras/share/ament_index/resource_index/rclcpp_components/mavros_extras
-- Installing: /home/orinnano/SDK_ros2_ws/install/mavros_extras/share/mavros_extras/cmake/ament_cmake_export_include_directories-extras.cmake
-- Installing: /home/orinnano/SDK_ros2_ws/install/mavros_extras/share/mavros_extras/cmake/ament_cmake_export_libraries-extras.cmake
-- Installing: /home/orinnano/SDK_ros2_ws/install/mavros_extras/share/mavros_extras/cmake/ament_cmake_export_dependencies-extras.cmake
-- Installing: /home/orinnano/SDK_ros2_ws/install/mavros_extras/share/mavros_extras/cmake/mavros_extrasConfig.cmake
-- Installing: /home/orinnano/SDK_ros2_ws/install/mavros_extras/share/mavros_extras/cmake/mavros_extrasConfig-version.cmake
-- Installing: /home/orinnano/SDK_ros2_ws/install/mavros_extras/share/mavros_extras/package.xml
