-- The C compiler identification is GNU 11.4.0
-- The CXX compiler identification is GNU 11.4.0
-- Detecting C compiler ABI info
-- Detecting C compiler ABI info - done
-- Check for working C compiler: /usr/bin/cc - skipped
-- Detecting C compile features
-- Detecting C compile features - done
-- Detecting CXX compiler ABI info
-- Detecting CXX compiler ABI info - done
-- Check for working CXX compiler: /usr/bin/c++ - skipped
-- Detecting CXX compile features
-- Detecting CXX compile features - done
-- Found ament_cmake: 1.3.9 (/home/orinnano/ros2_humble/install/ament_cmake/share/ament_cmake/cmake)
-- Found Python3: /usr/bin/python3 (found version "3.10.12") found components: Interpreter 
-- Found rclcpp: 16.0.9 (/home/orinnano/ros2_humble/install/rclcpp/share/rclcpp/cmake)
-- Found rosidl_generator_c: 3.1.5 (/home/orinnano/ros2_humble/install/rosidl_generator_c/share/rosidl_generator_c/cmake)
-- Found rosidl_adapter: 3.1.5 (/home/orinnano/ros2_humble/install/rosidl_adapter/share/rosidl_adapter/cmake)
-- Found rosidl_generator_cpp: 3.1.5 (/home/orinnano/ros2_humble/install/rosidl_generator_cpp/share/rosidl_generator_cpp/cmake)
-- Using all available rosidl_typesupport_c: rosidl_typesupport_fastrtps_c;rosidl_typesupport_introspection_c
-- Using all available rosidl_typesupport_cpp: rosidl_typesupport_fastrtps_cpp;rosidl_typesupport_introspection_cpp
-- Found rmw_implementation_cmake: 6.1.2 (/home/orinnano/ros2_humble/install/rmw_implementation_cmake/share/rmw_implementation_cmake/cmake)
-- Found rmw_fastrtps_cpp: 6.2.6 (/home/orinnano/ros2_humble/install/rmw_fastrtps_cpp/share/rmw_fastrtps_cpp/cmake)
-- Found OpenSSL: /usr/lib/aarch64-linux-gnu/libcrypto.so (found version "3.0.2")  
-- Found FastRTPS: /home/orinnano/ros2_humble/install/fastrtps/include  
-- Using RMW implementation 'rmw_fastrtps_cpp' as default
-- Looking for pthread.h
-- Looking for pthread.h - found
-- Performing Test CMAKE_HAVE_LIBC_PTHREAD
-- Performing Test CMAKE_HAVE_LIBC_PTHREAD - Success
-- Found Threads: TRUE  
-- Found mavros_msgs: 2.8.0 (/home/orinnano/SDK_ros2_ws/install/mavros_msgs/share/mavros_msgs/cmake)
-- Found nav_msgs: 4.2.4 (/home/orinnano/ros2_humble/install/nav_msgs/share/nav_msgs/cmake)
-- Found tf2: 0.25.7 (/home/orinnano/ros2_humble/install/tf2/share/tf2/cmake)
-- Found tf2_ros: 0.25.7 (/home/orinnano/ros2_humble/install/tf2_ros/share/tf2_ros/cmake)
-- Found ament_lint_auto: 0.12.11 (/home/orinnano/ros2_humble/install/ament_lint_auto/share/ament_lint_auto/cmake)
-- Added test 'cppcheck' to perform static code analysis on C / C++ code
-- Configured cppcheck include dirs: /home/orinnano/SDK_ros2_ws/src/offboard_ros2/include
-- Configured cppcheck exclude dirs and/or files: 
-- Added test 'lint_cmake' to check CMake code style
-- Added test 'uncrustify' to check C / C++ code style
-- Configured uncrustify additional arguments: 
-- Added test 'xmllint' to check XML markup files
-- Configuring done
-- Generating done
-- Build files have been written to: /home/orinnano/SDK_ros2_ws/build/offboard_ros2
[ 50%] [32mBuilding CXX object CMakeFiles/offboard_ctrl_ros2.dir/src/offboard_ctrl_ros2.cpp.o[0m
[100%] [32m[1mLinking CXX executable offboard_ctrl_ros2[0m
[100%] Built target offboard_ctrl_ros2
-- Install configuration: ""
-- Installing: /home/orinnano/SDK_ros2_ws/install/offboard_ros2/lib/offboard_ros2/offboard_ctrl_ros2
-- Set runtime path of "/home/orinnano/SDK_ros2_ws/install/offboard_ros2/lib/offboard_ros2/offboard_ctrl_ros2" to ""
-- Installing: /home/orinnano/SDK_ros2_ws/install/offboard_ros2/include/offboard_ros2
-- Installing: /home/orinnano/SDK_ros2_ws/install/offboard_ros2/include/offboard_ros2/offboard_ctrl_ros2.h
-- Installing: /home/orinnano/SDK_ros2_ws/install/offboard_ros2/share/ament_index/resource_index/package_run_dependencies/offboard_ros2
-- Installing: /home/orinnano/SDK_ros2_ws/install/offboard_ros2/share/ament_index/resource_index/parent_prefix_path/offboard_ros2
-- Installing: /home/orinnano/SDK_ros2_ws/install/offboard_ros2/share/offboard_ros2/environment/ament_prefix_path.sh
-- Installing: /home/orinnano/SDK_ros2_ws/install/offboard_ros2/share/offboard_ros2/environment/ament_prefix_path.dsv
-- Installing: /home/orinnano/SDK_ros2_ws/install/offboard_ros2/share/offboard_ros2/environment/path.sh
-- Installing: /home/orinnano/SDK_ros2_ws/install/offboard_ros2/share/offboard_ros2/environment/path.dsv
-- Installing: /home/orinnano/SDK_ros2_ws/install/offboard_ros2/share/offboard_ros2/local_setup.bash
-- Installing: /home/orinnano/SDK_ros2_ws/install/offboard_ros2/share/offboard_ros2/local_setup.sh
-- Installing: /home/orinnano/SDK_ros2_ws/install/offboard_ros2/share/offboard_ros2/local_setup.zsh
-- Installing: /home/orinnano/SDK_ros2_ws/install/offboard_ros2/share/offboard_ros2/local_setup.dsv
-- Installing: /home/orinnano/SDK_ros2_ws/install/offboard_ros2/share/offboard_ros2/package.dsv
-- Installing: /home/orinnano/SDK_ros2_ws/install/offboard_ros2/share/ament_index/resource_index/packages/offboard_ros2
-- Installing: /home/orinnano/SDK_ros2_ws/install/offboard_ros2/share/offboard_ros2/cmake/offboard_ros2Config.cmake
-- Installing: /home/orinnano/SDK_ros2_ws/install/offboard_ros2/share/offboard_ros2/cmake/offboard_ros2Config-version.cmake
-- Installing: /home/orinnano/SDK_ros2_ws/install/offboard_ros2/share/offboard_ros2/package.xml
