[  0%] Built target visualization_msgs_generate_messages_lisp
[  0%] Built target visualization_msgs_generate_messages_nodejs
[  0%] Built target tf_generate_messages_nodejs
[  0%] Built target tf_generate_messages_cpp
[  0%] Built target trajectory_msgs_generate_messages_lisp
[  0%] Built target tf2_msgs_generate_messages_cpp
[  0%] Built target actionlib_msgs_generate_messages_nodejs
[  0%] Built target tf_generate_messages_eus
[  0%] Built target trajectory_msgs_generate_messages_nodejs
[  0%] Built target visualization_msgs_generate_messages_py
[  0%] Built target actionlib_generate_messages_cpp
[  0%] Built target trajectory_msgs_generate_messages_cpp
[  5%] Built target servo_state_publisher
[  5%] Built target actionlib_generate_messages_nodejs
[  5%] Built target tf2_msgs_generate_messages_nodejs
[  5%] Built target tf2_msgs_generate_messages_lisp
[  5%] Built target std_msgs_generate_messages_nodejs
[  5%] Built target roscpp_generate_messages_py
[  5%] Built target nav_msgs_generate_messages_cpp
[  5%] Built target geometry_msgs_generate_messages_eus
[  5%] Built target diagnostic_msgs_generate_messages_lisp
[  5%] Built target visualization_msgs_generate_messages_eus
[  5%] Built target actionlib_msgs_generate_messages_eus
[  5%] Built target rosgraph_msgs_generate_messages_lisp
[  5%] Built target actionlib_generate_messages_py
[  5%] Built target std_msgs_generate_messages_cpp
[  5%] Built target diagnostic_msgs_generate_messages_eus
[  5%] Built target trajectory_msgs_generate_messages_eus
[  5%] Built target geometry_msgs_generate_messages_py
[  5%] Built target std_msgs_generate_messages_py
[  5%] Built target roscpp_generate_messages_cpp
[  5%] Built target nav_msgs_generate_messages_eus
[  5%] Built target mavros_msgs_generate_messages_eus
[  5%] Built target nav_msgs_generate_messages_py
[  5%] Built target roscpp_generate_messages_lisp
[  5%] Built target sensor_msgs_generate_messages_py
[  5%] Built target actionlib_generate_messages_lisp
[  5%] Built target geometry_msgs_generate_messages_cpp
[  5%] Built target tf2_msgs_generate_messages_eus
[  5%] Built target tf_generate_messages_lisp
[  5%] Built target diagnostic_msgs_generate_messages_cpp
[  5%] Built target rosgraph_msgs_generate_messages_py
[  5%] Built target trajectory_msgs_generate_messages_py
[  5%] Built target geometry_msgs_generate_messages_nodejs
[  5%] Built target actionlib_generate_messages_eus
[  5%] Built target diagnostic_msgs_generate_messages_nodejs
[  5%] Built target rosgraph_msgs_generate_messages_cpp
[  5%] Built target mavros_msgs_generate_messages_py
[  5%] Built target std_msgs_generate_messages_lisp
[  5%] Built target geographic_msgs_generate_messages_cpp
[  5%] Built target uuid_msgs_generate_messages_eus
[  5%] Built target uuid_msgs_generate_messages_cpp
[  5%] Built target rosgraph_msgs_generate_messages_nodejs
[  5%] Built target geometry_msgs_generate_messages_lisp
[  5%] Built target roscpp_generate_messages_nodejs
[  5%] Built target geographic_msgs_generate_messages_eus
[  5%] Built target uuid_msgs_generate_messages_lisp
[  5%] Built target roscpp_generate_messages_eus
[  5%] Built target geographic_msgs_generate_messages_lisp
[  5%] Built target nav_msgs_generate_messages_nodejs
[  5%] Built target diagnostic_msgs_generate_messages_py
[  5%] Built target rosgraph_msgs_generate_messages_eus
[  5%] Built target sensor_msgs_generate_messages_cpp
[  5%] Built target geographic_msgs_generate_messages_py
[  5%] Built target visualization_msgs_generate_messages_cpp
[  5%] Built target sensor_msgs_generate_messages_eus
[  5%] Built target sensor_msgs_generate_messages_lisp
[  5%] Built target geographic_msgs_generate_messages_nodejs
[  5%] Built target uuid_msgs_generate_messages_py
[  5%] Built target tf2_msgs_generate_messages_py
[  5%] Built target actionlib_msgs_generate_messages_py
[  5%] Built target nav_msgs_generate_messages_lisp
[  5%] Built target mavros_msgs_generate_messages_nodejs
[  5%] Built target sensor_msgs_generate_messages_nodejs
[  5%] Built target mavros_msgs_generate_messages_lisp
[  5%] Built target tf_generate_messages_py
[  5%] Built target actionlib_msgs_generate_messages_cpp
[  5%] Built target mavros_msgs_generate_messages_cpp
[  5%] Built target actionlib_msgs_generate_messages_lisp
[  5%] Built target uuid_msgs_generate_messages_nodejs
[  5%] Built target std_msgs_generate_messages_eus
[ 10%] Built target visualization
[ 13%] [32mBuilding CXX object CMakeFiles/mavros_extras.dir/src/plugins/gps_status.cpp.o[0m
[ 16%] [32mBuilding CXX object CMakeFiles/mavros_extras.dir/src/plugins/play_tune.cpp.o[0m
[ 18%] [32mBuilding CXX object CMakeFiles/mavros_extras.dir/src/plugins/px4flow.cpp.o[0m
[ 21%] [32mBuilding CXX object CMakeFiles/mavros_extras.dir/src/plugins/rangefinder.cpp.o[0m
[ 24%] [32mBuilding CXX object CMakeFiles/mavros_extras.dir/src/plugins/terrain.cpp.o[0m
[ 27%] [32mBuilding CXX object CMakeFiles/mavros_extras.dir/src/plugins/wheel_odometry.cpp.o[0m
[ 29%] [32mBuilding CXX object CMakeFiles/mavros_extras.dir/src/plugins/trajectory.cpp.o[0m
[ 32%] [32mBuilding CXX object CMakeFiles/mavros_extras.dir/src/plugins/guided_target.cpp.o[0m
[ 35%] [32mBuilding CXX object CMakeFiles/mavros_extras.dir/src/plugins/tunnel.cpp.o[0m
[ 37%] [32mBuilding CXX object CMakeFiles/mavros_extras.dir/src/plugins/vibration.cpp.o[0m
[ 43%] [32mBuilding CXX object CMakeFiles/mavros_extras.dir/src/plugins/vision_pose_estimate.cpp.o[0m
[ 43%] [32mBuilding CXX object CMakeFiles/mavros_extras.dir/src/plugins/vision_speed_estimate.cpp.o[0m
[01m[K/home/cpsl/catkin_ws/src/mavros/mavros_extras/src/plugins/gps_status.cpp:[m[K In member function ‘[01m[Kvoid mavros::extra_plugins::GpsStatusPlugin::handle_gps2_raw(const mavlink_message_t*, mavlink::common::msg::GPS2_RAW&)[m[K’:
[01m[K/home/cpsl/catkin_ws/src/mavros/mavros_extras/src/plugins/gps_status.cpp:107:40:[m[K [01;31m[Kerror: [m[K‘[01m[Kstruct mavlink::common::msg::GPS2_RAW[m[K’ has no member named ‘[01m[Kalt_ellipsoid[m[K’
  107 |   ros_msg->alt_ellipsoid     = mav_msg.[01;31m[Kalt_ellipsoid[m[K;
      |                                        [01;31m[K^~~~~~~~~~~~~[m[K
[01m[K/home/cpsl/catkin_ws/src/mavros/mavros_extras/src/plugins/gps_status.cpp:108:40:[m[K [01;31m[Kerror: [m[K‘[01m[Kstruct mavlink::common::msg::GPS2_RAW[m[K’ has no member named ‘[01m[Kh_acc[m[K’
  108 |   ros_msg->h_acc             = mav_msg.[01;31m[Kh_acc[m[K;
      |                                        [01;31m[K^~~~~[m[K
[01m[K/home/cpsl/catkin_ws/src/mavros/mavros_extras/src/plugins/gps_status.cpp:109:40:[m[K [01;31m[Kerror: [m[K‘[01m[Kstruct mavlink::common::msg::GPS2_RAW[m[K’ has no member named ‘[01m[Kv_acc[m[K’
  109 |   ros_msg->v_acc             = mav_msg.[01;31m[Kv_acc[m[K;
      |                                        [01;31m[K^~~~~[m[K
[01m[K/home/cpsl/catkin_ws/src/mavros/mavros_extras/src/plugins/gps_status.cpp:110:40:[m[K [01;31m[Kerror: [m[K‘[01m[Kstruct mavlink::common::msg::GPS2_RAW[m[K’ has no member named ‘[01m[Kvel_acc[m[K’
  110 |   ros_msg->vel_acc           = mav_msg.[01;31m[Kvel_acc[m[K;
      |                                        [01;31m[K^~~~~~~[m[K
[01m[K/home/cpsl/catkin_ws/src/mavros/mavros_extras/src/plugins/gps_status.cpp:111:40:[m[K [01;31m[Kerror: [m[K‘[01m[Kstruct mavlink::common::msg::GPS2_RAW[m[K’ has no member named ‘[01m[Khdg_acc[m[K’
  111 |   ros_msg->hdg_acc           = mav_msg.[01;31m[Khdg_acc[m[K;
      |                                        [01;31m[K^~~~~~~[m[K
make[2]: *** [CMakeFiles/mavros_extras.dir/build.make:232: CMakeFiles/mavros_extras.dir/src/plugins/gps_status.cpp.o] Error 1
make[2]: *** Waiting for unfinished jobs....
make[1]: *** [CMakeFiles/Makefile2:735: CMakeFiles/mavros_extras.dir/all] Error 2
make: *** [Makefile:141: all] Error 2
