[ 60%] Built target vrpn_mocap
[100%] Built target client_node
-- Install configuration: ""
-- Up-to-date: /home/orinnano/SDK_ros2_ws/install/vrpn_mocap/lib/vrpn_mocap/libvrpn_mocap.a
-- Up-to-date: /home/orinnano/SDK_ros2_ws/install/vrpn_mocap/lib/vrpn_mocap/client_node
-- Up-to-date: /home/orinnano/SDK_ros2_ws/install/vrpn_mocap/share/vrpn_mocap/launch
-- Installing: /home/orinnano/SDK_ros2_ws/install/vrpn_mocap/share/vrpn_mocap/launch/client.launch.yaml
-- Up-to-date: /home/orinnano/SDK_ros2_ws/install/vrpn_mocap/share/vrpn_mocap/config
-- Up-to-date: /home/orinnano/SDK_ros2_ws/install/vrpn_mocap/share/vrpn_mocap/config/client.yaml
-- Up-to-date: /home/orinnano/SDK_ros2_ws/install/vrpn_mocap/share/ament_index/resource_index/package_run_dependencies/vrpn_mocap
-- Up-to-date: /home/orinnano/SDK_ros2_ws/install/vrpn_mocap/share/ament_index/resource_index/parent_prefix_path/vrpn_mocap
-- Up-to-date: /home/orinnano/SDK_ros2_ws/install/vrpn_mocap/share/vrpn_mocap/environment/ament_prefix_path.dsv
-- Up-to-date: /home/orinnano/SDK_ros2_ws/install/vrpn_mocap/share/vrpn_mocap/environment/path.dsv
-- Up-to-date: /home/orinnano/SDK_ros2_ws/install/vrpn_mocap/share/vrpn_mocap/local_setup.bash
-- Up-to-date: /home/orinnano/SDK_ros2_ws/install/vrpn_mocap/share/vrpn_mocap/local_setup.sh
-- Up-to-date: /home/orinnano/SDK_ros2_ws/install/vrpn_mocap/share/vrpn_mocap/local_setup.zsh
-- Up-to-date: /home/orinnano/SDK_ros2_ws/install/vrpn_mocap/share/vrpn_mocap/local_setup.dsv
-- Installing: /home/orinnano/SDK_ros2_ws/install/vrpn_mocap/share/vrpn_mocap/package.dsv
-- Up-to-date: /home/orinnano/SDK_ros2_ws/install/vrpn_mocap/share/ament_index/resource_index/packages/vrpn_mocap
-- Up-to-date: /home/orinnano/SDK_ros2_ws/install/vrpn_mocap/share/vrpn_mocap/cmake/vrpn_mocapConfig.cmake
-- Up-to-date: /home/orinnano/SDK_ros2_ws/install/vrpn_mocap/share/vrpn_mocap/cmake/vrpn_mocapConfig-version.cmake
-- Up-to-date: /home/orinnano/SDK_ros2_ws/install/vrpn_mocap/share/vrpn_mocap/package.xml
