-- Found ament_cmake: 1.3.9 (/home/orinnano/ros2_humble/install/ament_cmake/share/ament_cmake/cmake)
-- Found rclcpp: 16.0.9 (/home/orinnano/ros2_humble/install/rclcpp/share/rclcpp/cmake)
-- Found rosidl_generator_c: 3.1.5 (/home/orinnano/ros2_humble/install/rosidl_generator_c/share/rosidl_generator_c/cmake)
-- Found rosidl_adapter: 3.1.5 (/home/orinnano/ros2_humble/install/rosidl_adapter/share/rosidl_adapter/cmake)
-- Found rosidl_generator_cpp: 3.1.5 (/home/orinnano/ros2_humble/install/rosidl_generator_cpp/share/rosidl_generator_cpp/cmake)
-- Using all available rosidl_typesupport_c: rosidl_typesupport_fastrtps_c;rosidl_typesupport_introspection_c
-- Using all available rosidl_typesupport_cpp: rosidl_typesupport_fastrtps_cpp;rosidl_typesupport_introspection_cpp
-- Found rmw_implementation_cmake: 6.1.2 (/home/orinnano/ros2_humble/install/rmw_implementation_cmake/share/rmw_implementation_cmake/cmake)
-- Found rmw_fastrtps_cpp: 6.2.6 (/home/orinnano/ros2_humble/install/rmw_fastrtps_cpp/share/rmw_fastrtps_cpp/cmake)
-- Using RMW implementation 'rmw_fastrtps_cpp' as default
-- Found sensor_msgs: 4.2.4 (/home/orinnano/ros2_humble/install/sensor_msgs/share/sensor_msgs/cmake)
-- Found tf2: 0.25.7 (/home/orinnano/ros2_humble/install/tf2/share/tf2/cmake)
-- Found tf2_ros: 0.25.7 (/home/orinnano/ros2_humble/install/tf2_ros/share/tf2_ros/cmake)
-- Found visualization_msgs: 4.2.4 (/home/orinnano/ros2_humble/install/visualization_msgs/share/visualization_msgs/cmake)
-- Configuring done
-- Generating done
-- Build files have been written to: /home/orinnano/SDK_ros2_ws/build/vicon
/usr/bin/cmake -S/home/orinnano/SDK_ros2_ws/src/vicon -B/home/orinnano/SDK_ros2_ws/build/vicon --check-build-system CMakeFiles/Makefile.cmake 0
/usr/bin/cmake -E cmake_progress_start /home/orinnano/SDK_ros2_ws/build/vicon/CMakeFiles /home/orinnano/SDK_ros2_ws/build/vicon//CMakeFiles/progress.marks
/usr/bin/gmake  -f CMakeFiles/Makefile2 all
gmake[1]: Entering directory '/home/orinnano/SDK_ros2_ws/build/vicon'
/usr/bin/gmake  -f CMakeFiles/vicon_lib.dir/build.make CMakeFiles/vicon_lib.dir/depend
gmake[2]: Entering directory '/home/orinnano/SDK_ros2_ws/build/vicon'
cd /home/orinnano/SDK_ros2_ws/build/vicon && /usr/bin/cmake -E cmake_depends "Unix Makefiles" /home/orinnano/SDK_ros2_ws/src/vicon /home/orinnano/SDK_ros2_ws/src/vicon /home/orinnano/SDK_ros2_ws/build/vicon /home/orinnano/SDK_ros2_ws/build/vicon /home/orinnano/SDK_ros2_ws/build/vicon/CMakeFiles/vicon_lib.dir/DependInfo.cmake --color=
Dependencies file "CMakeFiles/vicon_lib.dir/libvicon/src/ViconBase.cpp.o.d" is newer than depends file "/home/orinnano/SDK_ros2_ws/build/vicon/CMakeFiles/vicon_lib.dir/compiler_depend.internal".
Dependencies file "CMakeFiles/vicon_lib.dir/libvicon/src/ViconBaseStream.cpp.o.d" is newer than depends file "/home/orinnano/SDK_ros2_ws/build/vicon/CMakeFiles/vicon_lib.dir/compiler_depend.internal".
[35m[1mConsolidate compiler generated dependencies of target vicon_lib[0m
gmake[2]: Leaving directory '/home/orinnano/SDK_ros2_ws/build/vicon'
/usr/bin/gmake  -f CMakeFiles/vicon_lib.dir/build.make CMakeFiles/vicon_lib.dir/build
gmake[2]: Entering directory '/home/orinnano/SDK_ros2_ws/build/vicon'
gmake[2]: Nothing to be done for 'CMakeFiles/vicon_lib.dir/build'.
gmake[2]: Leaving directory '/home/orinnano/SDK_ros2_ws/build/vicon'
[ 60%] Built target vicon_lib
/usr/bin/gmake  -f CMakeFiles/tranform_publisher.dir/build.make CMakeFiles/tranform_publisher.dir/depend
gmake[2]: Entering directory '/home/orinnano/SDK_ros2_ws/build/vicon'
cd /home/orinnano/SDK_ros2_ws/build/vicon && /usr/bin/cmake -E cmake_depends "Unix Makefiles" /home/orinnano/SDK_ros2_ws/src/vicon /home/orinnano/SDK_ros2_ws/src/vicon /home/orinnano/SDK_ros2_ws/build/vicon /home/orinnano/SDK_ros2_ws/build/vicon /home/orinnano/SDK_ros2_ws/build/vicon/CMakeFiles/tranform_publisher.dir/DependInfo.cmake --color=
Dependencies file "CMakeFiles/tranform_publisher.dir/vicon_nodes/src/tranform_publisher.cpp.o.d" is newer than depends file "/home/orinnano/SDK_ros2_ws/build/vicon/CMakeFiles/tranform_publisher.dir/compiler_depend.internal".
[35m[1mConsolidate compiler generated dependencies of target tranform_publisher[0m
gmake[2]: Leaving directory '/home/orinnano/SDK_ros2_ws/build/vicon'
/usr/bin/gmake  -f CMakeFiles/tranform_publisher.dir/build.make CMakeFiles/tranform_publisher.dir/build
gmake[2]: Entering directory '/home/orinnano/SDK_ros2_ws/build/vicon'
gmake[2]: Nothing to be done for 'CMakeFiles/tranform_publisher.dir/build'.
gmake[2]: Leaving directory '/home/orinnano/SDK_ros2_ws/build/vicon'
[100%] Built target tranform_publisher
gmake[1]: Leaving directory '/home/orinnano/SDK_ros2_ws/build/vicon'
/usr/bin/cmake -E cmake_progress_start /home/orinnano/SDK_ros2_ws/build/vicon/CMakeFiles 0
-- Install configuration: ""
-- Up-to-date: /home/orinnano/SDK_ros2_ws/install/vicon/lib/vicon/tranform_publisher
-- Up-to-date: /home/orinnano/SDK_ros2_ws/install/vicon/share/ament_index/resource_index/package_run_dependencies/vicon
-- Up-to-date: /home/orinnano/SDK_ros2_ws/install/vicon/share/ament_index/resource_index/parent_prefix_path/vicon
-- Installing: /home/orinnano/SDK_ros2_ws/install/vicon/share/vicon/environment/ament_prefix_path.dsv
-- Installing: /home/orinnano/SDK_ros2_ws/install/vicon/share/vicon/environment/path.dsv
-- Up-to-date: /home/orinnano/SDK_ros2_ws/install/vicon/share/vicon/local_setup.bash
-- Up-to-date: /home/orinnano/SDK_ros2_ws/install/vicon/share/vicon/local_setup.sh
-- Up-to-date: /home/orinnano/SDK_ros2_ws/install/vicon/share/vicon/local_setup.zsh
-- Installing: /home/orinnano/SDK_ros2_ws/install/vicon/share/vicon/local_setup.dsv
-- Installing: /home/orinnano/SDK_ros2_ws/install/vicon/share/vicon/package.dsv
-- Up-to-date: /home/orinnano/SDK_ros2_ws/install/vicon/share/ament_index/resource_index/packages/vicon
-- Up-to-date: /home/orinnano/SDK_ros2_ws/install/vicon/share/vicon/cmake/viconConfig.cmake
-- Up-to-date: /home/orinnano/SDK_ros2_ws/install/vicon/share/vicon/cmake/viconConfig-version.cmake
-- Up-to-date: /home/orinnano/SDK_ros2_ws/install/vicon/share/vicon/package.xml
